<?xml version="1.0" encoding="UTF-8"?>
<!-- Generated by org.testng.reporters.JUnitReportReporter -->
<testsuite hostname="piotrbogdanski" name="tests.webUI.nonFunctional.ProfileTests" tests="13" failures="0" timestamp="15 May 2014 15:34:34 GMT" time="432.763" errors="1">
  <testcase name="settingsPageLoads" time="26.895" classname="tests.webUI.nonFunctional.ProfileTests"/>
  <testcase name="editContactInfoPopupLoads" time="32.861" classname="tests.webUI.nonFunctional.ProfileTests"/>
  <testcase name="editProfilePhotoPopupLoads" time="34.112" classname="tests.webUI.nonFunctional.ProfileTests"/>
  <testcase name="editNamePopupLoads" time="32.727" classname="tests.webUI.nonFunctional.ProfileTests"/>
  <testcase name="changePasswordPopupLoads" time="30.507" classname="tests.webUI.nonFunctional.ProfileTests"/>
  <testcase name="myProfilePageLoads" time="27.421" classname="tests.webUI.nonFunctional.ProfileTests"/>
  <testcase name="editAdditionalInformationPopupLoads" time="32.490" classname="tests.webUI.nonFunctional.ProfileTests"/>
  <testcase name="editProfessionalDetailsPopupLoads" time="39.493" classname="tests.webUI.nonFunctional.ProfileTests"/>
  <testcase name="editProfessionalDetailsPopupLoads" time="40.198" classname="tests.webUI.nonFunctional.ProfileTests"/>
  <testcase name="editInterestsPopupLoads" time="31.756" classname="tests.webUI.nonFunctional.ProfileTests"/>
  <testcase name="editResearchClinicalInterestsPopupLoads" time="34.361" classname="tests.webUI.nonFunctional.ProfileTests"/>
  <testcase name="editCurrentPositionPopupLoads" time="32.227" classname="tests.webUI.nonFunctional.ProfileTests"/>
  <testcase name="editProfessionalDetailsPopupLoads" time="37.715" classname="tests.webUI.nonFunctional.ProfileTests">
    <error type="java.lang.AssertionError" message="Edit professional details link is not visible expected [true] but found [false]">
      <![CDATA[java.lang.AssertionError: Edit professional details link is not visible expected [true] but found [false]
	at org.testng.Assert.fail(Assert.java:94)
	at org.testng.Assert.failNotEquals(Assert.java:494)
	at org.testng.Assert.assertTrue(Assert.java:42)
	at tests.webUI.nonFunctional.ProfileTests.editProfessionalDetailsPopupLoads(ProfileTests.java:285)
	at sun.reflect.NativeMethodAccessorImpl.invoke0(Native Method)
	at sun.reflect.NativeMethodAccessorImpl.invoke(NativeMethodAccessorImpl.java:60)
	at sun.reflect.DelegatingMethodAccessorImpl.invoke(DelegatingMethodAccessorImpl.java:37)
	at java.lang.reflect.Method.invoke(Method.java:611)
	at org.testng.internal.MethodInvocationHelper.invokeMethod(MethodInvocationHelper.java:84)
	at org.testng.internal.Invoker.invokeMethod(Invoker.java:714)
	at org.testng.internal.Invoker.retryFailed(Invoker.java:1049)
	at org.testng.internal.Invoker.invokeTestMethods(Invoker.java:1254)
	at org.testng.internal.TestMethodWorker.invokeTestMethods(TestMethodWorker.java:127)
	at org.testng.internal.TestMethodWorker.run(TestMethodWorker.java:111)
	at org.testng.TestRunner.privateRun(TestRunner.java:767)
	at org.testng.TestRunner.run(TestRunner.java:617)
	at org.testng.SuiteRunner.runTest(SuiteRunner.java:334)
	at org.testng.SuiteRunner.runSequentially(SuiteRunner.java:329)
	at org.testng.SuiteRunner.privateRun(SuiteRunner.java:291)
	at org.testng.SuiteRunner.run(SuiteRunner.java:240)
	at org.testng.SuiteRunnerWorker.runSuite(SuiteRunnerWorker.java:52)
	at org.testng.SuiteRunnerWorker.run(SuiteRunnerWorker.java:86)
	at org.testng.TestNG.runSuitesSequentially(TestNG.java:1224)
	at org.testng.TestNG.runSuitesLocally(TestNG.java:1149)
	at org.testng.TestNG.run(TestNG.java:1057)
	at org.testng.remote.RemoteTestNG.run(RemoteTestNG.java:111)
	at org.testng.remote.RemoteTestNG.initAndRun(RemoteTestNG.java:204)
	at org.testng.remote.RemoteTestNG.main(RemoteTestNG.java:175)
]]>
    </error>
  </testcase> <!-- editProfessionalDetailsPopupLoads -->
</testsuite> <!-- tests.webUI.nonFunctional.ProfileTests -->
