<?xml version="1.0" encoding="UTF-8"?>
<!-- Generated by org.testng.reporters.JUnitReportReporter -->
<testsuite hostname="piotrbogdanski" name="tests.webUI.nonFunctional.LibraryTests2" tests="161" failures="7" timestamp="16 Jun 2014 14:17:33 GMT" time="5506.074" errors="0">
  <testcase name="AllContentsLoads" time="28.765" classname="tests.webUI.nonFunctional.LibraryTests2"/>
  <testcase name="AllContentsLoads" time="30.824" classname="tests.webUI.nonFunctional.LibraryTests2"/>
  <testcase name="AllContentsLoads" time="24.682" classname="tests.webUI.nonFunctional.LibraryTests2"/>
  <testcase name="AllContentsLoads" time="30.279" classname="tests.webUI.nonFunctional.LibraryTests2"/>
  <testcase name="AllContentsLoads" time="29.914" classname="tests.webUI.nonFunctional.LibraryTests2"/>
  <testcase name="AllContentsLoads" time="27.311" classname="tests.webUI.nonFunctional.LibraryTests2"/>
  <testcase name="AllContentsLoads" time="46.881" classname="tests.webUI.nonFunctional.LibraryTests2"/>
  <testcase name="AllContentsLoads" time="26.651" classname="tests.webUI.nonFunctional.LibraryTests2"/>
  <testcase name="AllContentsLoads" time="27.442" classname="tests.webUI.nonFunctional.LibraryTests2"/>
  <testcase name="AllContentsLoads" time="34.927" classname="tests.webUI.nonFunctional.LibraryTests2"/>
  <testcase name="AllContentsLoads" time="29.713" classname="tests.webUI.nonFunctional.LibraryTests2"/>
  <testcase name="AllContentsLoads" time="36.510" classname="tests.webUI.nonFunctional.LibraryTests2"/>
  <testcase name="AllContentsLoads" time="31.713" classname="tests.webUI.nonFunctional.LibraryTests2"/>
  <testcase name="AllContentsLoads" time="37.296" classname="tests.webUI.nonFunctional.LibraryTests2"/>
  <testcase name="AllContentsLoads" time="33.527" classname="tests.webUI.nonFunctional.LibraryTests2"/>
  <testcase name="AllContentsLoads" time="31.187" classname="tests.webUI.nonFunctional.LibraryTests2"/>
  <testcase name="AllContentsLoads" time="29.623" classname="tests.webUI.nonFunctional.LibraryTests2"/>
  <testcase name="AllContentsLoads" time="32.106" classname="tests.webUI.nonFunctional.LibraryTests2"/>
  <testcase name="AllContentsLoads" time="32.390" classname="tests.webUI.nonFunctional.LibraryTests2"/>
  <testcase name="AllContentsLoads" time="33.405" classname="tests.webUI.nonFunctional.LibraryTests2"/>
  <testcase name="AllContentsLoads" time="22.868" classname="tests.webUI.nonFunctional.LibraryTests2"/>
  <testcase name="AllContentsLoads" time="31.045" classname="tests.webUI.nonFunctional.LibraryTests2"/>
  <testcase name="AllContentsLoads" time="28.611" classname="tests.webUI.nonFunctional.LibraryTests2"/>
  <testcase name="AllContentsLoads" time="34.288" classname="tests.webUI.nonFunctional.LibraryTests2"/>
  <testcase name="AllContentsLoads" time="34.917" classname="tests.webUI.nonFunctional.LibraryTests2"/>
  <testcase name="AllContentsLoads" time="30.997" classname="tests.webUI.nonFunctional.LibraryTests2"/>
  <testcase name="AllContentsLoads" time="28.753" classname="tests.webUI.nonFunctional.LibraryTests2"/>
  <testcase name="AllContentsLoads" time="31.306" classname="tests.webUI.nonFunctional.LibraryTests2"/>
  <testcase name="AllContentsLoads" time="34.136" classname="tests.webUI.nonFunctional.LibraryTests2"/>
  <testcase name="AllContentsLoads" time="30.282" classname="tests.webUI.nonFunctional.LibraryTests2"/>
  <testcase name="AllContentsLoads" time="38.509" classname="tests.webUI.nonFunctional.LibraryTests2"/>
  <testcase name="AllContentsLoads" time="34.598" classname="tests.webUI.nonFunctional.LibraryTests2"/>
  <testcase name="AllContentsLoads" time="24.257" classname="tests.webUI.nonFunctional.LibraryTests2"/>
  <testcase name="AllContentsLoads" time="48.370" classname="tests.webUI.nonFunctional.LibraryTests2"/>
  <testcase name="AllContentsLoads" time="32.114" classname="tests.webUI.nonFunctional.LibraryTests2"/>
  <testcase name="AllContentsLoads" time="32.451" classname="tests.webUI.nonFunctional.LibraryTests2"/>
  <testcase name="AllContentsLoads" time="33.440" classname="tests.webUI.nonFunctional.LibraryTests2"/>
  <testcase name="AllContentsLoads" time="35.025" classname="tests.webUI.nonFunctional.LibraryTests2"/>
  <testcase name="AllContentsLoads" time="31.241" classname="tests.webUI.nonFunctional.LibraryTests2"/>
  <testcase name="AllContentsLoads" time="35.243" classname="tests.webUI.nonFunctional.LibraryTests2"/>
  <testcase name="AllContentsLoads" time="32.296" classname="tests.webUI.nonFunctional.LibraryTests2"/>
  <testcase name="AllContentsLoads" time="31.738" classname="tests.webUI.nonFunctional.LibraryTests2"/>
  <testcase name="AllContentsLoads" time="47.531" classname="tests.webUI.nonFunctional.LibraryTests2"/>
  <testcase name="AllContentsLoads" time="35.646" classname="tests.webUI.nonFunctional.LibraryTests2"/>
  <testcase name="AllContentsLoads" time="27.874" classname="tests.webUI.nonFunctional.LibraryTests2"/>
  <testcase name="AllContentsLoads" time="50.530" classname="tests.webUI.nonFunctional.LibraryTests2"/>
  <testcase name="AllContentsLoads" time="30.478" classname="tests.webUI.nonFunctional.LibraryTests2"/>
  <testcase name="AllContentsLoads" time="46.673" classname="tests.webUI.nonFunctional.LibraryTests2"/>
  <testcase name="AllContentsLoads" time="30.247" classname="tests.webUI.nonFunctional.LibraryTests2"/>
  <testcase name="AllContentsLoads" time="33.338" classname="tests.webUI.nonFunctional.LibraryTests2"/>
  <testcase name="AllContentsLoads" time="30.427" classname="tests.webUI.nonFunctional.LibraryTests2"/>
  <testcase name="AllContentsLoads" time="45.736" classname="tests.webUI.nonFunctional.LibraryTests2"/>
  <testcase name="AllContentsLoads" time="55.244" classname="tests.webUI.nonFunctional.LibraryTests2">
    <failure type="org.openqa.selenium.TimeoutException" message="Timed out after 20 seconds waiting for element to no longer be visible: By.selector: .loadStr
Build info: version: &#039;2.42.1&#039;, revision: &#039;68b415a&#039;, time: &#039;2014-05-29 16:16:49&#039;
System info: host: &#039;piotrbogdanski&#039;, ip: &#039;9.161.136.32&#039;, os.name: &#039;Windows 7&#039;, os.arch: &#039;x86&#039;, os.version: &#039;6.1 build 7601 Service Pack 1&#039;, java.version: &#039;1.6.0&#039;
Driver info: driver.version: unknown">
      <![CDATA[org.openqa.selenium.TimeoutException: Timed out after 20 seconds waiting for element to no longer be visible: By.selector: .loadStr
Build info: version: '2.42.1', revision: '68b415a', time: '2014-05-29 16:16:49'
System info: host: 'piotrbogdanski', ip: '9.161.136.32', os.name: 'Windows 7', os.arch: 'x86', os.version: '6.1 build 7601 Service Pack 1', java.version: '1.6.0'
Driver info: driver.version: unknown
	at org.openqa.selenium.support.ui.FluentWait.timeoutException(FluentWait.java:259)
	at org.openqa.selenium.support.ui.FluentWait.until(FluentWait.java:228)
	at webUI.home.library.mediaTypes.Video.waitForPageToLoad(Video.java:67)
	at webUI.home.library.mediaTypes.Video.<init>(Video.java:43)
	at tests.webUI.nonFunctional.LibraryTests2.AllContentsLoads(LibraryTests2.java:93)
	at sun.reflect.GeneratedMethodAccessor22.invoke(Unknown Source)
	at sun.reflect.DelegatingMethodAccessorImpl.invoke(DelegatingMethodAccessorImpl.java:37)
	at java.lang.reflect.Method.invoke(Method.java:611)
	at org.testng.internal.MethodInvocationHelper.invokeMethod(MethodInvocationHelper.java:84)
	at org.testng.internal.Invoker.invokeMethod(Invoker.java:714)
	at org.testng.internal.Invoker.retryFailed(Invoker.java:1049)
	at org.testng.internal.Invoker.invokeTestMethods(Invoker.java:1254)
	at org.testng.internal.TestMethodWorker.invokeTestMethods(TestMethodWorker.java:127)
	at org.testng.internal.TestMethodWorker.run(TestMethodWorker.java:111)
	at org.testng.TestRunner.privateRun(TestRunner.java:767)
	at org.testng.TestRunner.run(TestRunner.java:617)
	at org.testng.SuiteRunner.runTest(SuiteRunner.java:334)
	at org.testng.SuiteRunner.runSequentially(SuiteRunner.java:329)
	at org.testng.SuiteRunner.privateRun(SuiteRunner.java:291)
	at org.testng.SuiteRunner.run(SuiteRunner.java:240)
	at org.testng.SuiteRunnerWorker.runSuite(SuiteRunnerWorker.java:52)
	at org.testng.SuiteRunnerWorker.run(SuiteRunnerWorker.java:86)
	at org.testng.TestNG.runSuitesSequentially(TestNG.java:1224)
	at org.testng.TestNG.runSuitesLocally(TestNG.java:1149)
	at org.testng.TestNG.run(TestNG.java:1057)
	at org.testng.remote.RemoteTestNG.run(RemoteTestNG.java:111)
	at org.testng.remote.RemoteTestNG.initAndRun(RemoteTestNG.java:204)
	at org.testng.remote.RemoteTestNG.main(RemoteTestNG.java:175)
]]>
    </failure>
  </testcase> <!-- AllContentsLoads -->
  <testcase name="AllContentsLoads" time="34.297" classname="tests.webUI.nonFunctional.LibraryTests2"/>
  <testcase name="AllContentsLoads" time="33.739" classname="tests.webUI.nonFunctional.LibraryTests2"/>
  <testcase name="AllContentsLoads" time="33.136" classname="tests.webUI.nonFunctional.LibraryTests2"/>
  <testcase name="AllContentsLoads" time="50.564" classname="tests.webUI.nonFunctional.LibraryTests2">
    <failure type="org.openqa.selenium.TimeoutException" message="Timed out after 20 seconds waiting for element to no longer be visible: By.selector: .loadStr
Build info: version: &#039;2.42.1&#039;, revision: &#039;68b415a&#039;, time: &#039;2014-05-29 16:16:49&#039;
System info: host: &#039;piotrbogdanski&#039;, ip: &#039;9.161.136.32&#039;, os.name: &#039;Windows 7&#039;, os.arch: &#039;x86&#039;, os.version: &#039;6.1 build 7601 Service Pack 1&#039;, java.version: &#039;1.6.0&#039;
Driver info: driver.version: unknown">
      <![CDATA[org.openqa.selenium.TimeoutException: Timed out after 20 seconds waiting for element to no longer be visible: By.selector: .loadStr
Build info: version: '2.42.1', revision: '68b415a', time: '2014-05-29 16:16:49'
System info: host: 'piotrbogdanski', ip: '9.161.136.32', os.name: 'Windows 7', os.arch: 'x86', os.version: '6.1 build 7601 Service Pack 1', java.version: '1.6.0'
Driver info: driver.version: unknown
	at org.openqa.selenium.support.ui.FluentWait.timeoutException(FluentWait.java:259)
	at org.openqa.selenium.support.ui.FluentWait.until(FluentWait.java:228)
	at webUI.home.library.mediaTypes.Video.waitForPageToLoad(Video.java:67)
	at webUI.home.library.mediaTypes.Video.<init>(Video.java:43)
	at tests.webUI.nonFunctional.LibraryTests2.AllContentsLoads(LibraryTests2.java:93)
	at sun.reflect.GeneratedMethodAccessor22.invoke(Unknown Source)
	at sun.reflect.DelegatingMethodAccessorImpl.invoke(DelegatingMethodAccessorImpl.java:37)
	at java.lang.reflect.Method.invoke(Method.java:611)
	at org.testng.internal.MethodInvocationHelper.invokeMethod(MethodInvocationHelper.java:84)
	at org.testng.internal.Invoker.invokeMethod(Invoker.java:714)
	at org.testng.internal.Invoker.retryFailed(Invoker.java:1049)
	at org.testng.internal.Invoker.invokeTestMethods(Invoker.java:1254)
	at org.testng.internal.TestMethodWorker.invokeTestMethods(TestMethodWorker.java:127)
	at org.testng.internal.TestMethodWorker.run(TestMethodWorker.java:111)
	at org.testng.TestRunner.privateRun(TestRunner.java:767)
	at org.testng.TestRunner.run(TestRunner.java:617)
	at org.testng.SuiteRunner.runTest(SuiteRunner.java:334)
	at org.testng.SuiteRunner.runSequentially(SuiteRunner.java:329)
	at org.testng.SuiteRunner.privateRun(SuiteRunner.java:291)
	at org.testng.SuiteRunner.run(SuiteRunner.java:240)
	at org.testng.SuiteRunnerWorker.runSuite(SuiteRunnerWorker.java:52)
	at org.testng.SuiteRunnerWorker.run(SuiteRunnerWorker.java:86)
	at org.testng.TestNG.runSuitesSequentially(TestNG.java:1224)
	at org.testng.TestNG.runSuitesLocally(TestNG.java:1149)
	at org.testng.TestNG.run(TestNG.java:1057)
	at org.testng.remote.RemoteTestNG.run(RemoteTestNG.java:111)
	at org.testng.remote.RemoteTestNG.initAndRun(RemoteTestNG.java:204)
	at org.testng.remote.RemoteTestNG.main(RemoteTestNG.java:175)
]]>
    </failure>
  </testcase> <!-- AllContentsLoads -->
  <testcase name="AllContentsLoads" time="28.077" classname="tests.webUI.nonFunctional.LibraryTests2"/>
  <testcase name="AllContentsLoads" time="29.401" classname="tests.webUI.nonFunctional.LibraryTests2"/>
  <testcase name="AllContentsLoads" time="33.872" classname="tests.webUI.nonFunctional.LibraryTests2"/>
  <testcase name="AllContentsLoads" time="30.813" classname="tests.webUI.nonFunctional.LibraryTests2"/>
  <testcase name="AllContentsLoads" time="31.484" classname="tests.webUI.nonFunctional.LibraryTests2"/>
  <testcase name="AllContentsLoads" time="32.776" classname="tests.webUI.nonFunctional.LibraryTests2"/>
  <testcase name="AllContentsLoads" time="27.846" classname="tests.webUI.nonFunctional.LibraryTests2"/>
  <testcase name="AllContentsLoads" time="33.711" classname="tests.webUI.nonFunctional.LibraryTests2"/>
  <testcase name="AllContentsLoads" time="37.487" classname="tests.webUI.nonFunctional.LibraryTests2"/>
  <testcase name="AllContentsLoads" time="30.832" classname="tests.webUI.nonFunctional.LibraryTests2"/>
  <testcase name="AllContentsLoads" time="30.708" classname="tests.webUI.nonFunctional.LibraryTests2"/>
  <testcase name="AllContentsLoads" time="49.441" classname="tests.webUI.nonFunctional.LibraryTests2"/>
  <testcase name="AllContentsLoads" time="33.113" classname="tests.webUI.nonFunctional.LibraryTests2"/>
  <testcase name="AllContentsLoads" time="47.057" classname="tests.webUI.nonFunctional.LibraryTests2"/>
  <testcase name="AllContentsLoads" time="33.388" classname="tests.webUI.nonFunctional.LibraryTests2"/>
  <testcase name="AllContentsLoads" time="25.058" classname="tests.webUI.nonFunctional.LibraryTests2"/>
  <testcase name="AllContentsLoads" time="33.171" classname="tests.webUI.nonFunctional.LibraryTests2"/>
  <testcase name="AllContentsLoads" time="43.629" classname="tests.webUI.nonFunctional.LibraryTests2"/>
  <testcase name="AllContentsLoads" time="26.584" classname="tests.webUI.nonFunctional.LibraryTests2"/>
  <testcase name="AllContentsLoads" time="29.600" classname="tests.webUI.nonFunctional.LibraryTests2"/>
  <testcase name="AllContentsLoads" time="30.918" classname="tests.webUI.nonFunctional.LibraryTests2"/>
  <testcase name="AllContentsLoads" time="28.074" classname="tests.webUI.nonFunctional.LibraryTests2"/>
  <testcase name="AllContentsLoads" time="55.097" classname="tests.webUI.nonFunctional.LibraryTests2"/>
  <testcase name="AllContentsLoads" time="29.092" classname="tests.webUI.nonFunctional.LibraryTests2"/>
  <testcase name="AllContentsLoads" time="31.478" classname="tests.webUI.nonFunctional.LibraryTests2"/>
  <testcase name="AllContentsLoads" time="28.123" classname="tests.webUI.nonFunctional.LibraryTests2"/>
  <testcase name="GetContents" time="23.436" classname="tests.webUI.nonFunctional.LibraryTests2"/>
  <testcase name="AllContentsLoads" time="46.034" classname="tests.webUI.nonFunctional.LibraryTests2">
    <failure type="org.openqa.selenium.TimeoutException" message="Timed out after 20 seconds waiting for element to no longer be visible: By.selector: .warningTextGroup
Build info: version: &#039;2.42.1&#039;, revision: &#039;68b415a&#039;, time: &#039;2014-05-29 16:16:49&#039;
System info: host: &#039;piotrbogdanski&#039;, ip: &#039;9.161.136.32&#039;, os.name: &#039;Windows 7&#039;, os.arch: &#039;x86&#039;, os.version: &#039;6.1 build 7601 Service Pack 1&#039;, java.version: &#039;1.6.0&#039;
Driver info: driver.version: unknown">
      <![CDATA[org.openqa.selenium.TimeoutException: Timed out after 20 seconds waiting for element to no longer be visible: By.selector: .warningTextGroup
Build info: version: '2.42.1', revision: '68b415a', time: '2014-05-29 16:16:49'
System info: host: 'piotrbogdanski', ip: '9.161.136.32', os.name: 'Windows 7', os.arch: 'x86', os.version: '6.1 build 7601 Service Pack 1', java.version: '1.6.0'
Driver info: driver.version: unknown
	at org.openqa.selenium.support.ui.FluentWait.timeoutException(FluentWait.java:259)
	at org.openqa.selenium.support.ui.FluentWait.until(FluentWait.java:228)
	at webUI.home.library.mediaTypes.Summary.waitForPageToLoad(Summary.java:47)
	at webUI.home.library.mediaTypes.Summary.<init>(Summary.java:28)
	at tests.webUI.nonFunctional.LibraryTests2.AllContentsLoads(LibraryTests2.java:90)
	at sun.reflect.GeneratedMethodAccessor22.invoke(Unknown Source)
	at sun.reflect.DelegatingMethodAccessorImpl.invoke(DelegatingMethodAccessorImpl.java:37)
	at java.lang.reflect.Method.invoke(Method.java:611)
	at org.testng.internal.MethodInvocationHelper.invokeMethod(MethodInvocationHelper.java:84)
	at org.testng.internal.Invoker.invokeMethod(Invoker.java:714)
	at org.testng.internal.Invoker.retryFailed(Invoker.java:1049)
	at org.testng.internal.Invoker.invokeTestMethods(Invoker.java:1254)
	at org.testng.internal.TestMethodWorker.invokeTestMethods(TestMethodWorker.java:127)
	at org.testng.internal.TestMethodWorker.run(TestMethodWorker.java:111)
	at org.testng.TestRunner.privateRun(TestRunner.java:767)
	at org.testng.TestRunner.run(TestRunner.java:617)
	at org.testng.SuiteRunner.runTest(SuiteRunner.java:334)
	at org.testng.SuiteRunner.runSequentially(SuiteRunner.java:329)
	at org.testng.SuiteRunner.privateRun(SuiteRunner.java:291)
	at org.testng.SuiteRunner.run(SuiteRunner.java:240)
	at org.testng.SuiteRunnerWorker.runSuite(SuiteRunnerWorker.java:52)
	at org.testng.SuiteRunnerWorker.run(SuiteRunnerWorker.java:86)
	at org.testng.TestNG.runSuitesSequentially(TestNG.java:1224)
	at org.testng.TestNG.runSuitesLocally(TestNG.java:1149)
	at org.testng.TestNG.run(TestNG.java:1057)
	at org.testng.remote.RemoteTestNG.run(RemoteTestNG.java:111)
	at org.testng.remote.RemoteTestNG.initAndRun(RemoteTestNG.java:204)
	at org.testng.remote.RemoteTestNG.main(RemoteTestNG.java:175)
]]>
    </failure>
  </testcase> <!-- AllContentsLoads -->
  <testcase name="AllContentsLoads" time="34.910" classname="tests.webUI.nonFunctional.LibraryTests2"/>
  <testcase name="AllContentsLoads" time="29.255" classname="tests.webUI.nonFunctional.LibraryTests2"/>
  <testcase name="AllContentsLoads" time="28.869" classname="tests.webUI.nonFunctional.LibraryTests2"/>
  <testcase name="AllContentsLoads" time="29.339" classname="tests.webUI.nonFunctional.LibraryTests2"/>
  <testcase name="AllContentsLoads" time="31.706" classname="tests.webUI.nonFunctional.LibraryTests2"/>
  <testcase name="AllContentsLoads" time="30.007" classname="tests.webUI.nonFunctional.LibraryTests2"/>
  <testcase name="AllContentsLoads" time="29.026" classname="tests.webUI.nonFunctional.LibraryTests2"/>
  <testcase name="AllContentsLoads" time="32.881" classname="tests.webUI.nonFunctional.LibraryTests2"/>
  <testcase name="AllContentsLoads" time="34.454" classname="tests.webUI.nonFunctional.LibraryTests2"/>
  <testcase name="AllContentsLoads" time="29.193" classname="tests.webUI.nonFunctional.LibraryTests2"/>
  <testcase name="AllContentsLoads" time="33.970" classname="tests.webUI.nonFunctional.LibraryTests2"/>
  <testcase name="AllContentsLoads" time="29.530" classname="tests.webUI.nonFunctional.LibraryTests2"/>
  <testcase name="AllContentsLoads" time="32.464" classname="tests.webUI.nonFunctional.LibraryTests2"/>
  <testcase name="AllContentsLoads" time="26.438" classname="tests.webUI.nonFunctional.LibraryTests2"/>
  <testcase name="AllContentsLoads" time="47.132" classname="tests.webUI.nonFunctional.LibraryTests2"/>
  <testcase name="AllContentsLoads" time="44.798" classname="tests.webUI.nonFunctional.LibraryTests2">
    <failure type="org.openqa.selenium.TimeoutException" message="Timed out after 20 seconds waiting for element to no longer be visible: By.selector: .warningTextGroup
Build info: version: &#039;2.42.1&#039;, revision: &#039;68b415a&#039;, time: &#039;2014-05-29 16:16:49&#039;
System info: host: &#039;piotrbogdanski&#039;, ip: &#039;9.161.136.32&#039;, os.name: &#039;Windows 7&#039;, os.arch: &#039;x86&#039;, os.version: &#039;6.1 build 7601 Service Pack 1&#039;, java.version: &#039;1.6.0&#039;
Driver info: driver.version: unknown">
      <![CDATA[org.openqa.selenium.TimeoutException: Timed out after 20 seconds waiting for element to no longer be visible: By.selector: .warningTextGroup
Build info: version: '2.42.1', revision: '68b415a', time: '2014-05-29 16:16:49'
System info: host: 'piotrbogdanski', ip: '9.161.136.32', os.name: 'Windows 7', os.arch: 'x86', os.version: '6.1 build 7601 Service Pack 1', java.version: '1.6.0'
Driver info: driver.version: unknown
	at org.openqa.selenium.support.ui.FluentWait.timeoutException(FluentWait.java:259)
	at org.openqa.selenium.support.ui.FluentWait.until(FluentWait.java:228)
	at webUI.home.library.mediaTypes.Summary.waitForPageToLoad(Summary.java:47)
	at webUI.home.library.mediaTypes.Summary.<init>(Summary.java:28)
	at tests.webUI.nonFunctional.LibraryTests2.AllContentsLoads(LibraryTests2.java:90)
	at sun.reflect.NativeMethodAccessorImpl.invoke0(Native Method)
	at sun.reflect.NativeMethodAccessorImpl.invoke(NativeMethodAccessorImpl.java:60)
	at sun.reflect.DelegatingMethodAccessorImpl.invoke(DelegatingMethodAccessorImpl.java:37)
	at java.lang.reflect.Method.invoke(Method.java:611)
	at org.testng.internal.MethodInvocationHelper.invokeMethod(MethodInvocationHelper.java:84)
	at org.testng.internal.Invoker.invokeMethod(Invoker.java:714)
	at org.testng.internal.Invoker.retryFailed(Invoker.java:1049)
	at org.testng.internal.Invoker.invokeTestMethods(Invoker.java:1254)
	at org.testng.internal.TestMethodWorker.invokeTestMethods(TestMethodWorker.java:127)
	at org.testng.internal.TestMethodWorker.run(TestMethodWorker.java:111)
	at org.testng.TestRunner.privateRun(TestRunner.java:767)
	at org.testng.TestRunner.run(TestRunner.java:617)
	at org.testng.SuiteRunner.runTest(SuiteRunner.java:334)
	at org.testng.SuiteRunner.runSequentially(SuiteRunner.java:329)
	at org.testng.SuiteRunner.privateRun(SuiteRunner.java:291)
	at org.testng.SuiteRunner.run(SuiteRunner.java:240)
	at org.testng.SuiteRunnerWorker.runSuite(SuiteRunnerWorker.java:52)
	at org.testng.SuiteRunnerWorker.run(SuiteRunnerWorker.java:86)
	at org.testng.TestNG.runSuitesSequentially(TestNG.java:1224)
	at org.testng.TestNG.runSuitesLocally(TestNG.java:1149)
	at org.testng.TestNG.run(TestNG.java:1057)
	at org.testng.remote.RemoteTestNG.run(RemoteTestNG.java:111)
	at org.testng.remote.RemoteTestNG.initAndRun(RemoteTestNG.java:204)
	at org.testng.remote.RemoteTestNG.main(RemoteTestNG.java:175)
]]>
    </failure>
  </testcase> <!-- AllContentsLoads -->
  <testcase name="AllContentsLoads" time="55.466" classname="tests.webUI.nonFunctional.LibraryTests2"/>
  <testcase name="AllContentsLoads" time="31.753" classname="tests.webUI.nonFunctional.LibraryTests2"/>
  <testcase name="AllContentsLoads" time="30.907" classname="tests.webUI.nonFunctional.LibraryTests2"/>
  <testcase name="AllContentsLoads" time="29.956" classname="tests.webUI.nonFunctional.LibraryTests2"/>
  <testcase name="AllContentsLoads" time="28.951" classname="tests.webUI.nonFunctional.LibraryTests2"/>
  <testcase name="AllContentsLoads" time="34.579" classname="tests.webUI.nonFunctional.LibraryTests2"/>
  <testcase name="AllContentsLoads" time="28.852" classname="tests.webUI.nonFunctional.LibraryTests2"/>
  <testcase name="AllContentsLoads" time="30.451" classname="tests.webUI.nonFunctional.LibraryTests2"/>
  <testcase name="AllContentsLoads" time="35.940" classname="tests.webUI.nonFunctional.LibraryTests2"/>
  <testcase name="AllContentsLoads" time="27.924" classname="tests.webUI.nonFunctional.LibraryTests2"/>
  <testcase name="AllContentsLoads" time="32.321" classname="tests.webUI.nonFunctional.LibraryTests2"/>
  <testcase name="AllContentsLoads" time="34.705" classname="tests.webUI.nonFunctional.LibraryTests2"/>
  <testcase name="AllContentsLoads" time="32.656" classname="tests.webUI.nonFunctional.LibraryTests2"/>
  <testcase name="AllContentsLoads" time="23.165" classname="tests.webUI.nonFunctional.LibraryTests2"/>
  <testcase name="AllContentsLoads" time="35.839" classname="tests.webUI.nonFunctional.LibraryTests2"/>
  <testcase name="AllContentsLoads" time="48.898" classname="tests.webUI.nonFunctional.LibraryTests2"/>
  <testcase name="AllContentsLoads" time="25.606" classname="tests.webUI.nonFunctional.LibraryTests2"/>
  <testcase name="AllContentsLoads" time="24.263" classname="tests.webUI.nonFunctional.LibraryTests2"/>
  <testcase name="AllContentsLoads" time="31.062" classname="tests.webUI.nonFunctional.LibraryTests2"/>
  <testcase name="AllContentsLoads" time="31.788" classname="tests.webUI.nonFunctional.LibraryTests2"/>
  <testcase name="AllContentsLoads" time="44.424" classname="tests.webUI.nonFunctional.LibraryTests2"/>
  <testcase name="AllContentsLoads" time="42.945" classname="tests.webUI.nonFunctional.LibraryTests2"/>
  <testcase name="AllContentsLoads" time="41.131" classname="tests.webUI.nonFunctional.LibraryTests2"/>
  <testcase name="AllContentsLoads" time="34.560" classname="tests.webUI.nonFunctional.LibraryTests2"/>
  <testcase name="AllContentsLoads" time="26.661" classname="tests.webUI.nonFunctional.LibraryTests2"/>
  <testcase name="AllContentsLoads" time="34.370" classname="tests.webUI.nonFunctional.LibraryTests2"/>
  <testcase name="AllContentsLoads" time="44.294" classname="tests.webUI.nonFunctional.LibraryTests2"/>
  <testcase name="AllContentsLoads" time="49.875" classname="tests.webUI.nonFunctional.LibraryTests2"/>
  <testcase name="AllContentsLoads" time="33.959" classname="tests.webUI.nonFunctional.LibraryTests2"/>
  <testcase name="AllContentsLoads" time="26.202" classname="tests.webUI.nonFunctional.LibraryTests2"/>
  <testcase name="AllContentsLoads" time="35.103" classname="tests.webUI.nonFunctional.LibraryTests2"/>
  <testcase name="AllContentsLoads" time="29.236" classname="tests.webUI.nonFunctional.LibraryTests2"/>
  <testcase name="AllContentsLoads" time="30.557" classname="tests.webUI.nonFunctional.LibraryTests2"/>
  <testcase name="AllContentsLoads" time="56.793" classname="tests.webUI.nonFunctional.LibraryTests2"/>
  <testcase name="AllContentsLoads" time="33.924" classname="tests.webUI.nonFunctional.LibraryTests2"/>
  <testcase name="AllContentsLoads" time="49.954" classname="tests.webUI.nonFunctional.LibraryTests2">
    <failure type="org.openqa.selenium.TimeoutException" message="Timed out after 20 seconds waiting for element to no longer be visible: By.selector: .loadStr
Build info: version: &#039;2.42.1&#039;, revision: &#039;68b415a&#039;, time: &#039;2014-05-29 16:16:49&#039;
System info: host: &#039;piotrbogdanski&#039;, ip: &#039;9.161.136.32&#039;, os.name: &#039;Windows 7&#039;, os.arch: &#039;x86&#039;, os.version: &#039;6.1 build 7601 Service Pack 1&#039;, java.version: &#039;1.6.0&#039;
Driver info: driver.version: unknown">
      <![CDATA[org.openqa.selenium.TimeoutException: Timed out after 20 seconds waiting for element to no longer be visible: By.selector: .loadStr
Build info: version: '2.42.1', revision: '68b415a', time: '2014-05-29 16:16:49'
System info: host: 'piotrbogdanski', ip: '9.161.136.32', os.name: 'Windows 7', os.arch: 'x86', os.version: '6.1 build 7601 Service Pack 1', java.version: '1.6.0'
Driver info: driver.version: unknown
	at org.openqa.selenium.support.ui.FluentWait.timeoutException(FluentWait.java:259)
	at org.openqa.selenium.support.ui.FluentWait.until(FluentWait.java:228)
	at webUI.home.library.mediaTypes.Video.waitForPageToLoad(Video.java:56)
	at webUI.home.library.mediaTypes.Video.<init>(Video.java:43)
	at tests.webUI.nonFunctional.LibraryTests2.AllContentsLoads(LibraryTests2.java:93)
	at sun.reflect.GeneratedMethodAccessor22.invoke(Unknown Source)
	at sun.reflect.DelegatingMethodAccessorImpl.invoke(DelegatingMethodAccessorImpl.java:37)
	at java.lang.reflect.Method.invoke(Method.java:611)
	at org.testng.internal.MethodInvocationHelper.invokeMethod(MethodInvocationHelper.java:84)
	at org.testng.internal.Invoker.invokeMethod(Invoker.java:714)
	at org.testng.internal.Invoker.retryFailed(Invoker.java:1049)
	at org.testng.internal.Invoker.invokeTestMethods(Invoker.java:1254)
	at org.testng.internal.TestMethodWorker.invokeTestMethods(TestMethodWorker.java:127)
	at org.testng.internal.TestMethodWorker.run(TestMethodWorker.java:111)
	at org.testng.TestRunner.privateRun(TestRunner.java:767)
	at org.testng.TestRunner.run(TestRunner.java:617)
	at org.testng.SuiteRunner.runTest(SuiteRunner.java:334)
	at org.testng.SuiteRunner.runSequentially(SuiteRunner.java:329)
	at org.testng.SuiteRunner.privateRun(SuiteRunner.java:291)
	at org.testng.SuiteRunner.run(SuiteRunner.java:240)
	at org.testng.SuiteRunnerWorker.runSuite(SuiteRunnerWorker.java:52)
	at org.testng.SuiteRunnerWorker.run(SuiteRunnerWorker.java:86)
	at org.testng.TestNG.runSuitesSequentially(TestNG.java:1224)
	at org.testng.TestNG.runSuitesLocally(TestNG.java:1149)
	at org.testng.TestNG.run(TestNG.java:1057)
	at org.testng.remote.RemoteTestNG.run(RemoteTestNG.java:111)
	at org.testng.remote.RemoteTestNG.initAndRun(RemoteTestNG.java:204)
	at org.testng.remote.RemoteTestNG.main(RemoteTestNG.java:175)
]]>
    </failure>
  </testcase> <!-- AllContentsLoads -->
  <testcase name="AllContentsLoads" time="32.624" classname="tests.webUI.nonFunctional.LibraryTests2"/>
  <testcase name="AllContentsLoads" time="53.199" classname="tests.webUI.nonFunctional.LibraryTests2"/>
  <testcase name="AllContentsLoads" time="29.619" classname="tests.webUI.nonFunctional.LibraryTests2"/>
  <testcase name="AllContentsLoads" time="25.066" classname="tests.webUI.nonFunctional.LibraryTests2"/>
  <testcase name="AllContentsLoads" time="35.799" classname="tests.webUI.nonFunctional.LibraryTests2"/>
  <testcase name="AllContentsLoads" time="35.322" classname="tests.webUI.nonFunctional.LibraryTests2"/>
  <testcase name="AllContentsLoads" time="29.132" classname="tests.webUI.nonFunctional.LibraryTests2"/>
  <testcase name="AllContentsLoads" time="31.293" classname="tests.webUI.nonFunctional.LibraryTests2"/>
  <testcase name="printFailedContents" time="4.230" classname="tests.webUI.nonFunctional.LibraryTests2"/>
  <testcase name="AllContentsLoads" time="25.850" classname="tests.webUI.nonFunctional.LibraryTests2"/>
  <testcase name="AllContentsLoads" time="30.423" classname="tests.webUI.nonFunctional.LibraryTests2"/>
  <testcase name="AllContentsLoads" time="26.854" classname="tests.webUI.nonFunctional.LibraryTests2"/>
  <testcase name="AllContentsLoads" time="28.726" classname="tests.webUI.nonFunctional.LibraryTests2"/>
  <testcase name="AllContentsLoads" time="47.339" classname="tests.webUI.nonFunctional.LibraryTests2">
    <failure type="org.openqa.selenium.TimeoutException" message="Timed out after 20 seconds waiting for element to no longer be visible: By.selector: .loadStr
Build info: version: &#039;2.42.1&#039;, revision: &#039;68b415a&#039;, time: &#039;2014-05-29 16:16:49&#039;
System info: host: &#039;piotrbogdanski&#039;, ip: &#039;9.161.136.32&#039;, os.name: &#039;Windows 7&#039;, os.arch: &#039;x86&#039;, os.version: &#039;6.1 build 7601 Service Pack 1&#039;, java.version: &#039;1.6.0&#039;
Driver info: driver.version: unknown">
      <![CDATA[org.openqa.selenium.TimeoutException: Timed out after 20 seconds waiting for element to no longer be visible: By.selector: .loadStr
Build info: version: '2.42.1', revision: '68b415a', time: '2014-05-29 16:16:49'
System info: host: 'piotrbogdanski', ip: '9.161.136.32', os.name: 'Windows 7', os.arch: 'x86', os.version: '6.1 build 7601 Service Pack 1', java.version: '1.6.0'
Driver info: driver.version: unknown
	at org.openqa.selenium.support.ui.FluentWait.timeoutException(FluentWait.java:259)
	at org.openqa.selenium.support.ui.FluentWait.until(FluentWait.java:228)
	at webUI.home.library.mediaTypes.Video.waitForPageToLoad(Video.java:56)
	at webUI.home.library.mediaTypes.Video.<init>(Video.java:43)
	at tests.webUI.nonFunctional.LibraryTests2.AllContentsLoads(LibraryTests2.java:93)
	at sun.reflect.GeneratedMethodAccessor22.invoke(Unknown Source)
	at sun.reflect.DelegatingMethodAccessorImpl.invoke(DelegatingMethodAccessorImpl.java:37)
	at java.lang.reflect.Method.invoke(Method.java:611)
	at org.testng.internal.MethodInvocationHelper.invokeMethod(MethodInvocationHelper.java:84)
	at org.testng.internal.Invoker.invokeMethod(Invoker.java:714)
	at org.testng.internal.Invoker.retryFailed(Invoker.java:1049)
	at org.testng.internal.Invoker.invokeTestMethods(Invoker.java:1254)
	at org.testng.internal.TestMethodWorker.invokeTestMethods(TestMethodWorker.java:127)
	at org.testng.internal.TestMethodWorker.run(TestMethodWorker.java:111)
	at org.testng.TestRunner.privateRun(TestRunner.java:767)
	at org.testng.TestRunner.run(TestRunner.java:617)
	at org.testng.SuiteRunner.runTest(SuiteRunner.java:334)
	at org.testng.SuiteRunner.runSequentially(SuiteRunner.java:329)
	at org.testng.SuiteRunner.privateRun(SuiteRunner.java:291)
	at org.testng.SuiteRunner.run(SuiteRunner.java:240)
	at org.testng.SuiteRunnerWorker.runSuite(SuiteRunnerWorker.java:52)
	at org.testng.SuiteRunnerWorker.run(SuiteRunnerWorker.java:86)
	at org.testng.TestNG.runSuitesSequentially(TestNG.java:1224)
	at org.testng.TestNG.runSuitesLocally(TestNG.java:1149)
	at org.testng.TestNG.run(TestNG.java:1057)
	at org.testng.remote.RemoteTestNG.run(RemoteTestNG.java:111)
	at org.testng.remote.RemoteTestNG.initAndRun(RemoteTestNG.java:204)
	at org.testng.remote.RemoteTestNG.main(RemoteTestNG.java:175)
]]>
    </failure>
  </testcase> <!-- AllContentsLoads -->
  <testcase name="AllContentsLoads" time="30.809" classname="tests.webUI.nonFunctional.LibraryTests2"/>
  <testcase name="AllContentsLoads" time="78.419" classname="tests.webUI.nonFunctional.LibraryTests2"/>
  <testcase name="AllContentsLoads" time="36.240" classname="tests.webUI.nonFunctional.LibraryTests2"/>
  <testcase name="AllContentsLoads" time="43.759" classname="tests.webUI.nonFunctional.LibraryTests2"/>
  <testcase name="AllContentsLoads" time="27.416" classname="tests.webUI.nonFunctional.LibraryTests2"/>
  <testcase name="AllContentsLoads" time="46.838" classname="tests.webUI.nonFunctional.LibraryTests2">
    <failure type="org.openqa.selenium.TimeoutException" message="Timed out after 20 seconds waiting for element to no longer be visible: By.selector: .loadStr
Build info: version: &#039;2.42.1&#039;, revision: &#039;68b415a&#039;, time: &#039;2014-05-29 16:16:49&#039;
System info: host: &#039;piotrbogdanski&#039;, ip: &#039;9.161.136.32&#039;, os.name: &#039;Windows 7&#039;, os.arch: &#039;x86&#039;, os.version: &#039;6.1 build 7601 Service Pack 1&#039;, java.version: &#039;1.6.0&#039;
Driver info: driver.version: unknown">
      <![CDATA[org.openqa.selenium.TimeoutException: Timed out after 20 seconds waiting for element to no longer be visible: By.selector: .loadStr
Build info: version: '2.42.1', revision: '68b415a', time: '2014-05-29 16:16:49'
System info: host: 'piotrbogdanski', ip: '9.161.136.32', os.name: 'Windows 7', os.arch: 'x86', os.version: '6.1 build 7601 Service Pack 1', java.version: '1.6.0'
Driver info: driver.version: unknown
	at org.openqa.selenium.support.ui.FluentWait.timeoutException(FluentWait.java:259)
	at org.openqa.selenium.support.ui.FluentWait.until(FluentWait.java:228)
	at webUI.home.library.mediaTypes.Video.waitForPageToLoad(Video.java:67)
	at webUI.home.library.mediaTypes.Video.<init>(Video.java:43)
	at tests.webUI.nonFunctional.LibraryTests2.AllContentsLoads(LibraryTests2.java:93)
	at sun.reflect.NativeMethodAccessorImpl.invoke0(Native Method)
	at sun.reflect.NativeMethodAccessorImpl.invoke(NativeMethodAccessorImpl.java:60)
	at sun.reflect.DelegatingMethodAccessorImpl.invoke(DelegatingMethodAccessorImpl.java:37)
	at java.lang.reflect.Method.invoke(Method.java:611)
	at org.testng.internal.MethodInvocationHelper.invokeMethod(MethodInvocationHelper.java:84)
	at org.testng.internal.Invoker.invokeMethod(Invoker.java:714)
	at org.testng.internal.Invoker.retryFailed(Invoker.java:1049)
	at org.testng.internal.Invoker.invokeTestMethods(Invoker.java:1254)
	at org.testng.internal.TestMethodWorker.invokeTestMethods(TestMethodWorker.java:127)
	at org.testng.internal.TestMethodWorker.run(TestMethodWorker.java:111)
	at org.testng.TestRunner.privateRun(TestRunner.java:767)
	at org.testng.TestRunner.run(TestRunner.java:617)
	at org.testng.SuiteRunner.runTest(SuiteRunner.java:334)
	at org.testng.SuiteRunner.runSequentially(SuiteRunner.java:329)
	at org.testng.SuiteRunner.privateRun(SuiteRunner.java:291)
	at org.testng.SuiteRunner.run(SuiteRunner.java:240)
	at org.testng.SuiteRunnerWorker.runSuite(SuiteRunnerWorker.java:52)
	at org.testng.SuiteRunnerWorker.run(SuiteRunnerWorker.java:86)
	at org.testng.TestNG.runSuitesSequentially(TestNG.java:1224)
	at org.testng.TestNG.runSuitesLocally(TestNG.java:1149)
	at org.testng.TestNG.run(TestNG.java:1057)
	at org.testng.remote.RemoteTestNG.run(RemoteTestNG.java:111)
	at org.testng.remote.RemoteTestNG.initAndRun(RemoteTestNG.java:204)
	at org.testng.remote.RemoteTestNG.main(RemoteTestNG.java:175)
]]>
    </failure>
  </testcase> <!-- AllContentsLoads -->
  <testcase name="AllContentsLoads" time="29.780" classname="tests.webUI.nonFunctional.LibraryTests2"/>
  <testcase name="AllContentsLoads" time="39.501" classname="tests.webUI.nonFunctional.LibraryTests2"/>
  <testcase name="AllContentsLoads" time="31.987" classname="tests.webUI.nonFunctional.LibraryTests2"/>
  <testcase name="AllContentsLoads" time="35.416" classname="tests.webUI.nonFunctional.LibraryTests2"/>
</testsuite> <!-- tests.webUI.nonFunctional.LibraryTests2 -->
