<?xml version="1.0" encoding="UTF-8"?>
<!-- Generated by org.testng.reporters.JUnitReportReporter -->
<testsuite hostname="OWENFLETCHER" name="tests.LibraryTests" tests="9" failures="1" timestamp="24 Oct 2013 10:12:18 GMT" time="461.826" errors="1">
  <testcase name="SelectedSubjectsCanBeRemovedUsingLeftColumn" time="61.071" classname="tests.LibraryTests"/>
  <testcase name="ResultsSwitchToBackButtonFunctions" time="29.184" classname="tests.LibraryTests"/>
  <testcase name="LibraryPageOpens" time="31.690" classname="tests.LibraryTests"/>
  <testcase name="CategoryListCanBeExpandedCollapsed" time="64.468" classname="tests.LibraryTests">
    <error type="java.lang.AssertionError" message="Skill Level Category is not expanded expected [true] but found [false]">
      <![CDATA[java.lang.AssertionError: Skill Level Category is not expanded expected [true] but found [false]
	at org.testng.Assert.fail(Assert.java:94)
	at org.testng.Assert.failNotEquals(Assert.java:494)
	at org.testng.Assert.assertTrue(Assert.java:42)
	at tests.LibraryTests.CategoryListCanBeExpandedCollapsed(LibraryTests.java:182)
	at sun.reflect.NativeMethodAccessorImpl.invoke0(Native Method)
	at sun.reflect.NativeMethodAccessorImpl.invoke(NativeMethodAccessorImpl.java:60)
	at sun.reflect.DelegatingMethodAccessorImpl.invoke(DelegatingMethodAccessorImpl.java:37)
	at java.lang.reflect.Method.invoke(Method.java:611)
	at org.testng.internal.MethodInvocationHelper.invokeMethod(MethodInvocationHelper.java:84)
	at org.testng.internal.Invoker.invokeMethod(Invoker.java:714)
	at org.testng.internal.Invoker.invokeTestMethod(Invoker.java:901)
	at org.testng.internal.Invoker.invokeTestMethods(Invoker.java:1231)
	at org.testng.internal.TestMethodWorker.invokeTestMethods(TestMethodWorker.java:127)
	at org.testng.internal.TestMethodWorker.run(TestMethodWorker.java:111)
	at org.testng.TestRunner.privateRun(TestRunner.java:767)
	at org.testng.TestRunner.run(TestRunner.java:617)
	at org.testng.SuiteRunner.runTest(SuiteRunner.java:334)
	at org.testng.SuiteRunner.access$000(SuiteRunner.java:37)
	at org.testng.SuiteRunner$SuiteWorker.run(SuiteRunner.java:368)
	at org.testng.internal.thread.ThreadUtil$2.call(ThreadUtil.java:64)
	at java.util.concurrent.FutureTask$Sync.innerRun(FutureTask.java:314)
	at java.util.concurrent.FutureTask.run(FutureTask.java:149)
	at java.util.concurrent.ThreadPoolExecutor$Worker.runTask(ThreadPoolExecutor.java:897)
	at java.util.concurrent.ThreadPoolExecutor$Worker.run(ThreadPoolExecutor.java:919)
	at java.lang.Thread.run(Thread.java:736)
]]>
    </error>
  </testcase> <!-- CategoryListCanBeExpandedCollapsed -->
  <testcase name="SelectedSubjectsCanBeRemovedUsingFacetList" time="48.630" classname="tests.LibraryTests">
    <failure type="org.openqa.selenium.NoSuchElementException" message="Unable to locate element: {&quot;method&quot;:&quot;css selector&quot;,&quot;selector&quot;:&quot;div[id^=&#039;sls_widgets_components_global_FilterTiles&#039;] &gt; ul &gt; li:nth-child(24) &gt; a&quot;}
Command duration or timeout: 10.13 seconds
For documentation on this error, please visit: http://seleniumhq.org/exceptions/no_such_element.html
Build info: version: &#039;2.37.0&#039;, revision: &#039;a7c61cb&#039;, time: &#039;2013-10-18 17:14:00&#039;
System info: host: &#039;dubxpcvm044&#039;, ip: &#039;9.161.97.194&#039;, os.name: &#039;Windows 7&#039;, os.arch: &#039;amd64&#039;, os.version: &#039;6.1&#039;, java.version: &#039;1.7.0&#039;
Session ID: 6754e3b1-e983-40f4-a874-2f3238c54dc3
Driver info: org.openqa.selenium.firefox.FirefoxDriver
Capabilities [{platform=XP, databaseEnabled=true, cssSelectorsEnabled=true, javascriptEnabled=true, acceptSslCerts=true, handlesAlerts=true, browserName=firefox, browserConnectionEnabled=true, nativeEvents=true, webStorageEnabled=true, rotatable=false, locationContextEnabled=true, applicationCacheEnabled=true, takesScreenshot=true, version=24.0}]
Command duration or timeout: 10.44 seconds
For documentation on this error, please visit: http://seleniumhq.org/exceptions/no_such_element.html
Build info: version: &#039;2.37.0&#039;, revision: &#039;a7c61cb&#039;, time: &#039;2013-10-18 17:14:00&#039;
System info: host: &#039;OWENFLETCHER&#039;, ip: &#039;9.161.136.131&#039;, os.name: &#039;Windows 7&#039;, os.arch: &#039;x86&#039;, os.version: &#039;6.1 build 7601 Service Pack 1&#039;, java.version: &#039;1.6.0&#039;
Session ID: f824eb6c-b5fc-494f-8e33-49c81e0d1cf6
Capabilities [{handlesAlerts=true, rotatable=false, databaseEnabled=true, locationContextEnabled=true, acceptSslCerts=true, applicationCacheEnabled=true, nativeEvents=true, cssSelectorsEnabled=true, takesScreenshot=true, platform=XP, browserName=firefox, javascriptEnabled=true, version=24.0, webStorageEnabled=true, webdriver.remote.sessionid=f824eb6c-b5fc-494f-8e33-49c81e0d1cf6, browserConnectionEnabled=true}]
Driver info: org.openqa.selenium.remote.RemoteWebDriver">
      <![CDATA[org.openqa.selenium.NoSuchElementException: Unable to locate element: {"method":"css selector","selector":"div[id^='sls_widgets_components_global_FilterTiles'] > ul > li:nth-child(24) > a"}
Command duration or timeout: 10.13 seconds
For documentation on this error, please visit: http://seleniumhq.org/exceptions/no_such_element.html
Build info: version: '2.37.0', revision: 'a7c61cb', time: '2013-10-18 17:14:00'
System info: host: 'dubxpcvm044', ip: '9.161.97.194', os.name: 'Windows 7', os.arch: 'amd64', os.version: '6.1', java.version: '1.7.0'
Session ID: 6754e3b1-e983-40f4-a874-2f3238c54dc3
Driver info: org.openqa.selenium.firefox.FirefoxDriver
Capabilities [{platform=XP, databaseEnabled=true, cssSelectorsEnabled=true, javascriptEnabled=true, acceptSslCerts=true, handlesAlerts=true, browserName=firefox, browserConnectionEnabled=true, nativeEvents=true, webStorageEnabled=true, rotatable=false, locationContextEnabled=true, applicationCacheEnabled=true, takesScreenshot=true, version=24.0}]
Command duration or timeout: 10.44 seconds
For documentation on this error, please visit: http://seleniumhq.org/exceptions/no_such_element.html
Build info: version: '2.37.0', revision: 'a7c61cb', time: '2013-10-18 17:14:00'
System info: host: 'OWENFLETCHER', ip: '9.161.136.131', os.name: 'Windows 7', os.arch: 'x86', os.version: '6.1 build 7601 Service Pack 1', java.version: '1.6.0'
Session ID: f824eb6c-b5fc-494f-8e33-49c81e0d1cf6
Capabilities [{handlesAlerts=true, rotatable=false, databaseEnabled=true, locationContextEnabled=true, acceptSslCerts=true, applicationCacheEnabled=true, nativeEvents=true, cssSelectorsEnabled=true, takesScreenshot=true, platform=XP, browserName=firefox, javascriptEnabled=true, version=24.0, webStorageEnabled=true, webdriver.remote.sessionid=f824eb6c-b5fc-494f-8e33-49c81e0d1cf6, browserConnectionEnabled=true}]
Driver info: org.openqa.selenium.remote.RemoteWebDriver
	at sun.reflect.NativeConstructorAccessorImpl.newInstance0(Native Method)
	at sun.reflect.NativeConstructorAccessorImpl.newInstance(NativeConstructorAccessorImpl.java:56)
	at sun.reflect.DelegatingConstructorAccessorImpl.newInstance(DelegatingConstructorAccessorImpl.java:39)
	at java.lang.reflect.Constructor.newInstance(Constructor.java:527)
	at org.openqa.selenium.remote.ErrorHandler.createThrowable(ErrorHandler.java:193)
	at org.openqa.selenium.remote.ErrorHandler.throwIfResponseFailed(ErrorHandler.java:145)
	at org.openqa.selenium.remote.RemoteWebDriver.execute(RemoteWebDriver.java:554)
	at org.openqa.selenium.remote.RemoteWebDriver.findElement(RemoteWebDriver.java:307)
	at org.openqa.selenium.remote.RemoteWebDriver.findElementByCssSelector(RemoteWebDriver.java:396)
	at org.openqa.selenium.By$ByCssSelector.findElement(By.java:432)
	at org.openqa.selenium.remote.RemoteWebDriver.findElement(RemoteWebDriver.java:299)
	at pageObjects.home.library.Library.clickNthCategoryInFacetList(Library.java:88)
	at tests.LibraryTests.SelectedSubjectsCanBeRemovedUsingFacetList(LibraryTests.java:237)
	at sun.reflect.NativeMethodAccessorImpl.invoke0(Native Method)
	at sun.reflect.NativeMethodAccessorImpl.invoke(NativeMethodAccessorImpl.java:60)
	at sun.reflect.DelegatingMethodAccessorImpl.invoke(DelegatingMethodAccessorImpl.java:37)
	at java.lang.reflect.Method.invoke(Method.java:611)
	at org.testng.internal.MethodInvocationHelper.invokeMethod(MethodInvocationHelper.java:84)
	at org.testng.internal.Invoker.invokeMethod(Invoker.java:714)
	at org.testng.internal.Invoker.invokeTestMethod(Invoker.java:901)
	at org.testng.internal.Invoker.invokeTestMethods(Invoker.java:1231)
	at org.testng.internal.TestMethodWorker.invokeTestMethods(TestMethodWorker.java:127)
	at org.testng.internal.TestMethodWorker.run(TestMethodWorker.java:111)
	at org.testng.TestRunner.privateRun(TestRunner.java:767)
	at org.testng.TestRunner.run(TestRunner.java:617)
	at org.testng.SuiteRunner.runTest(SuiteRunner.java:334)
	at org.testng.SuiteRunner.access$000(SuiteRunner.java:37)
	at org.testng.SuiteRunner$SuiteWorker.run(SuiteRunner.java:368)
	at org.testng.internal.thread.ThreadUtil$2.call(ThreadUtil.java:64)
	at java.util.concurrent.FutureTask$Sync.innerRun(FutureTask.java:314)
	at java.util.concurrent.FutureTask.run(FutureTask.java:149)
	at java.util.concurrent.ThreadPoolExecutor$Worker.runTask(ThreadPoolExecutor.java:897)
	at java.util.concurrent.ThreadPoolExecutor$Worker.run(ThreadPoolExecutor.java:919)
	at java.lang.Thread.run(Thread.java:736)
Caused by: org.openqa.selenium.remote.ScreenshotException: Screen shot has been taken
Build info: version: '2.37.0', revision: 'a7c61cb', time: '2013-10-18 17:14:00'
System info: host: 'OWENFLETCHER', ip: '9.161.136.131', os.name: 'Windows 7', os.arch: 'x86', os.version: '6.1 build 7601 Service Pack 1', java.version: '1.6.0'
Driver info: driver.version: RemoteWebDriver
	at org.openqa.selenium.remote.ErrorHandler.throwIfResponseFailed(ErrorHandler.java:125)
	... 28 more
Caused by: org.openqa.selenium.NoSuchElementException: Unable to locate element: {"method":"css selector","selector":"div[id^='sls_widgets_components_global_FilterTiles'] > ul > li:nth-child(24) > a"}
Command duration or timeout: 10.13 seconds
For documentation on this error, please visit: http://seleniumhq.org/exceptions/no_such_element.html
Build info: version: '2.37.0', revision: 'a7c61cb', time: '2013-10-18 17:14:00'
System info: host: 'dubxpcvm044', ip: '9.161.97.194', os.name: 'Windows 7', os.arch: 'amd64', os.version: '6.1', java.version: '1.7.0'
Session ID: 6754e3b1-e983-40f4-a874-2f3238c54dc3
Driver info: org.openqa.selenium.firefox.FirefoxDriver
Capabilities [{platform=XP, databaseEnabled=true, cssSelectorsEnabled=true, javascriptEnabled=true, acceptSslCerts=true, handlesAlerts=true, browserName=firefox, browserConnectionEnabled=true, nativeEvents=true, webStorageEnabled=true, rotatable=false, locationContextEnabled=true, applicationCacheEnabled=true, takesScreenshot=true, version=24.0}]
For documentation on this error, please visit: http://seleniumhq.org/exceptions/no_such_element.html
Build info: version: '2.37.0', revision: 'a7c61cb', time: '2013-10-18 17:14:00'
System info: host: 'OWENFLETCHER', ip: '9.161.136.131', os.name: 'Windows 7', os.arch: 'x86', os.version: '6.1 build 7601 Service Pack 1', java.version: '1.6.0'
Driver info: driver.version: EventFiringWebDriver
	at sun.reflect.GeneratedConstructorAccessor19.newInstance(Unknown Source)
	at sun.reflect.DelegatingConstructorAccessorImpl.newInstance(DelegatingConstructorAccessorImpl.java:45)
	at java.lang.reflect.Constructor.newInstance(Constructor.java:529)
	at org.openqa.selenium.remote.ErrorHandler.createThrowable(ErrorHandler.java:193)
	at org.openqa.selenium.remote.ErrorHandler.throwIfResponseFailed(ErrorHandler.java:145)
	at org.openqa.selenium.remote.RemoteWebDriver.execute(RemoteWebDriver.java:554)
	at org.openqa.selenium.remote.RemoteWebDriver.findElement(RemoteWebDriver.java:307)
	at org.openqa.selenium.remote.RemoteWebDriver.findElementByCssSelector(RemoteWebDriver.java:396)
	at org.openqa.selenium.By$ByCssSelector.findElement(By.java:432)
	at org.openqa.selenium.remote.RemoteWebDriver.findElement(RemoteWebDriver.java:299)
	at sun.reflect.GeneratedMethodAccessor22.invoke(Unknown Source)
	at sun.reflect.DelegatingMethodAccessorImpl.invoke(DelegatingMethodAccessorImpl.java:43)
	at java.lang.reflect.Method.invoke(Method.java:607)
	at org.openqa.selenium.support.events.EventFiringWebDriver$2.invoke(EventFiringWebDriver.java:101)
	at com.sun.proxy.$Proxy2.findElement(Unknown Source)
	at org.openqa.selenium.support.events.EventFiringWebDriver.findElement(EventFiringWebDriver.java:180)
	at org.openqa.selenium.remote.server.handler.FindElement.call(FindElement.java:47)
	at org.openqa.selenium.remote.server.handler.FindElement.call(FindElement.java:1)
	at java.util.concurrent.FutureTask$Sync.innerRun(FutureTask.java:334)
	at java.util.concurrent.FutureTask.run(FutureTask.java:166)
	at org.openqa.selenium.remote.server.DefaultSession$1.run(DefaultSession.java:169)
	at java.util.concurrent.ThreadPoolExecutor.runWorker(ThreadPoolExecutor.java:1145)
	at java.util.concurrent.ThreadPoolExecutor$Worker.run(ThreadPoolExecutor.java:615)
	at java.lang.Thread.run(Thread.java:781)
]]>
    </failure>
  </testcase> <!-- SelectedSubjectsCanBeRemovedUsingFacetList -->
  <testcase name="ResultsSwitchToFrontButtonFunctions" time="69.322" classname="tests.LibraryTests"/>
  <testcase name="FacetListIsPopulated" time="74.008" classname="tests.LibraryTests"/>
  <testcase name="LibraryListViewDisplays" time="29.861" classname="tests.LibraryTests"/>
  <testcase name="TwistieButtonFunctionsInListView" time="53.592" classname="tests.LibraryTests"/>
</testsuite> <!-- tests.LibraryTests -->
