<?xml version="1.0" encoding="UTF-8"?>
<!-- Generated by org.testng.reporters.JUnitReportReporter -->
<testsuite hostname="piotrbogdanski" name="tests.webUI.nonFunctional.LibraryContentsTests" tests="37" failures="35" timestamp="17 Jun 2014 12:32:00 GMT" time="1480.852" errors="0">
  <testcase name="allContentsLoadsFromLibrary" time="45.343" classname="tests.webUI.nonFunctional.LibraryContentsTests">
    <failure type="org.openqa.selenium.TimeoutException" message="Timed out after 20 seconds waiting for element to no longer be visible: By.selector: .loadStr
Build info: version: &#039;2.42.1&#039;, revision: &#039;68b415a&#039;, time: &#039;2014-05-29 16:16:49&#039;
System info: host: &#039;piotrbogdanski&#039;, ip: &#039;9.161.136.135&#039;, os.name: &#039;Windows 7&#039;, os.arch: &#039;x86&#039;, os.version: &#039;6.1 build 7601 Service Pack 1&#039;, java.version: &#039;1.6.0&#039;
Driver info: driver.version: unknown">
      <![CDATA[org.openqa.selenium.TimeoutException: Timed out after 20 seconds waiting for element to no longer be visible: By.selector: .loadStr
Build info: version: '2.42.1', revision: '68b415a', time: '2014-05-29 16:16:49'
System info: host: 'piotrbogdanski', ip: '9.161.136.135', os.name: 'Windows 7', os.arch: 'x86', os.version: '6.1 build 7601 Service Pack 1', java.version: '1.6.0'
Driver info: driver.version: unknown
	at org.openqa.selenium.support.ui.FluentWait.timeoutException(FluentWait.java:259)
	at org.openqa.selenium.support.ui.FluentWait.until(FluentWait.java:228)
	at webUI.home.library.mediaTypes.Video.waitForPageToLoad(Video.java:56)
	at webUI.home.library.mediaTypes.Video.<init>(Video.java:43)
	at tests.webUI.nonFunctional.LibraryContentsTests.allContentsLoadsFromLibrary(LibraryContentsTests.java:195)
	at sun.reflect.NativeMethodAccessorImpl.invoke0(Native Method)
	at sun.reflect.NativeMethodAccessorImpl.invoke(NativeMethodAccessorImpl.java:60)
	at sun.reflect.DelegatingMethodAccessorImpl.invoke(DelegatingMethodAccessorImpl.java:37)
	at java.lang.reflect.Method.invoke(Method.java:611)
	at org.testng.internal.MethodInvocationHelper.invokeMethod(MethodInvocationHelper.java:84)
	at org.testng.internal.Invoker.invokeMethod(Invoker.java:714)
	at org.testng.internal.Invoker.invokeTestMethod(Invoker.java:901)
	at org.testng.internal.Invoker.invokeTestMethods(Invoker.java:1231)
	at org.testng.internal.TestMethodWorker.invokeTestMethods(TestMethodWorker.java:127)
	at org.testng.internal.TestMethodWorker.run(TestMethodWorker.java:111)
	at org.testng.TestRunner.privateRun(TestRunner.java:767)
	at org.testng.TestRunner.run(TestRunner.java:617)
	at org.testng.SuiteRunner.runTest(SuiteRunner.java:334)
	at org.testng.SuiteRunner.runSequentially(SuiteRunner.java:329)
	at org.testng.SuiteRunner.privateRun(SuiteRunner.java:291)
	at org.testng.SuiteRunner.run(SuiteRunner.java:240)
	at org.testng.SuiteRunnerWorker.runSuite(SuiteRunnerWorker.java:52)
	at org.testng.SuiteRunnerWorker.run(SuiteRunnerWorker.java:86)
	at org.testng.TestNG.runSuitesSequentially(TestNG.java:1224)
	at org.testng.TestNG.runSuitesLocally(TestNG.java:1149)
	at org.testng.TestNG.run(TestNG.java:1057)
	at org.testng.remote.RemoteTestNG.run(RemoteTestNG.java:111)
	at org.testng.remote.RemoteTestNG.initAndRun(RemoteTestNG.java:204)
	at org.testng.remote.RemoteTestNG.main(RemoteTestNG.java:175)
]]>
    </failure>
  </testcase> <!-- allContentsLoadsFromLibrary -->
  <testcase name="printFailedContents" time="5.414" classname="tests.webUI.nonFunctional.LibraryContentsTests"/>
  <testcase name="allContentsLoadsFromLibrary" time="36.663" classname="tests.webUI.nonFunctional.LibraryContentsTests">
    <failure type="org.openqa.selenium.TimeoutException" message="Timed out after 10 seconds waiting for element to no longer be visible: By.selector: .loadStr
Build info: version: &#039;2.42.1&#039;, revision: &#039;68b415a&#039;, time: &#039;2014-05-29 16:16:49&#039;
System info: host: &#039;piotrbogdanski&#039;, ip: &#039;9.161.136.135&#039;, os.name: &#039;Windows 7&#039;, os.arch: &#039;x86&#039;, os.version: &#039;6.1 build 7601 Service Pack 1&#039;, java.version: &#039;1.6.0&#039;
Driver info: driver.version: unknown">
      <![CDATA[org.openqa.selenium.TimeoutException: Timed out after 10 seconds waiting for element to no longer be visible: By.selector: .loadStr
Build info: version: '2.42.1', revision: '68b415a', time: '2014-05-29 16:16:49'
System info: host: 'piotrbogdanski', ip: '9.161.136.135', os.name: 'Windows 7', os.arch: 'x86', os.version: '6.1 build 7601 Service Pack 1', java.version: '1.6.0'
Driver info: driver.version: unknown
	at org.openqa.selenium.support.ui.FluentWait.timeoutException(FluentWait.java:259)
	at org.openqa.selenium.support.ui.FluentWait.until(FluentWait.java:228)
	at webUI.home.library.mediaTypes.Video.waitForPageToLoad(Video.java:67)
	at webUI.home.library.mediaTypes.Video.<init>(Video.java:43)
	at tests.webUI.nonFunctional.LibraryContentsTests.allContentsLoadsFromLibrary(LibraryContentsTests.java:195)
	at sun.reflect.NativeMethodAccessorImpl.invoke0(Native Method)
	at sun.reflect.NativeMethodAccessorImpl.invoke(NativeMethodAccessorImpl.java:60)
	at sun.reflect.DelegatingMethodAccessorImpl.invoke(DelegatingMethodAccessorImpl.java:37)
	at java.lang.reflect.Method.invoke(Method.java:611)
	at org.testng.internal.MethodInvocationHelper.invokeMethod(MethodInvocationHelper.java:84)
	at org.testng.internal.Invoker.invokeMethod(Invoker.java:714)
	at org.testng.internal.Invoker.invokeTestMethod(Invoker.java:901)
	at org.testng.internal.Invoker.invokeTestMethods(Invoker.java:1231)
	at org.testng.internal.TestMethodWorker.invokeTestMethods(TestMethodWorker.java:127)
	at org.testng.internal.TestMethodWorker.run(TestMethodWorker.java:111)
	at org.testng.TestRunner.privateRun(TestRunner.java:767)
	at org.testng.TestRunner.run(TestRunner.java:617)
	at org.testng.SuiteRunner.runTest(SuiteRunner.java:334)
	at org.testng.SuiteRunner.runSequentially(SuiteRunner.java:329)
	at org.testng.SuiteRunner.privateRun(SuiteRunner.java:291)
	at org.testng.SuiteRunner.run(SuiteRunner.java:240)
	at org.testng.SuiteRunnerWorker.runSuite(SuiteRunnerWorker.java:52)
	at org.testng.SuiteRunnerWorker.run(SuiteRunnerWorker.java:86)
	at org.testng.TestNG.runSuitesSequentially(TestNG.java:1224)
	at org.testng.TestNG.runSuitesLocally(TestNG.java:1149)
	at org.testng.TestNG.run(TestNG.java:1057)
	at org.testng.remote.RemoteTestNG.run(RemoteTestNG.java:111)
	at org.testng.remote.RemoteTestNG.initAndRun(RemoteTestNG.java:204)
	at org.testng.remote.RemoteTestNG.main(RemoteTestNG.java:175)
]]>
    </failure>
  </testcase> <!-- allContentsLoadsFromLibrary -->
  <testcase name="allContentsLoadsFromLibrary" time="36.895" classname="tests.webUI.nonFunctional.LibraryContentsTests">
    <failure type="org.openqa.selenium.TimeoutException" message="Timed out after 10 seconds waiting for element to no longer be visible: By.selector: .loadStr
Build info: version: &#039;2.42.1&#039;, revision: &#039;68b415a&#039;, time: &#039;2014-05-29 16:16:49&#039;
System info: host: &#039;piotrbogdanski&#039;, ip: &#039;9.161.136.135&#039;, os.name: &#039;Windows 7&#039;, os.arch: &#039;x86&#039;, os.version: &#039;6.1 build 7601 Service Pack 1&#039;, java.version: &#039;1.6.0&#039;
Driver info: driver.version: unknown">
      <![CDATA[org.openqa.selenium.TimeoutException: Timed out after 10 seconds waiting for element to no longer be visible: By.selector: .loadStr
Build info: version: '2.42.1', revision: '68b415a', time: '2014-05-29 16:16:49'
System info: host: 'piotrbogdanski', ip: '9.161.136.135', os.name: 'Windows 7', os.arch: 'x86', os.version: '6.1 build 7601 Service Pack 1', java.version: '1.6.0'
Driver info: driver.version: unknown
	at org.openqa.selenium.support.ui.FluentWait.timeoutException(FluentWait.java:259)
	at org.openqa.selenium.support.ui.FluentWait.until(FluentWait.java:228)
	at webUI.home.library.mediaTypes.Video.waitForPageToLoad(Video.java:67)
	at webUI.home.library.mediaTypes.Video.<init>(Video.java:43)
	at tests.webUI.nonFunctional.LibraryContentsTests.allContentsLoadsFromLibrary(LibraryContentsTests.java:195)
	at sun.reflect.NativeMethodAccessorImpl.invoke0(Native Method)
	at sun.reflect.NativeMethodAccessorImpl.invoke(NativeMethodAccessorImpl.java:60)
	at sun.reflect.DelegatingMethodAccessorImpl.invoke(DelegatingMethodAccessorImpl.java:37)
	at java.lang.reflect.Method.invoke(Method.java:611)
	at org.testng.internal.MethodInvocationHelper.invokeMethod(MethodInvocationHelper.java:84)
	at org.testng.internal.Invoker.invokeMethod(Invoker.java:714)
	at org.testng.internal.Invoker.invokeTestMethod(Invoker.java:901)
	at org.testng.internal.Invoker.invokeTestMethods(Invoker.java:1231)
	at org.testng.internal.TestMethodWorker.invokeTestMethods(TestMethodWorker.java:127)
	at org.testng.internal.TestMethodWorker.run(TestMethodWorker.java:111)
	at org.testng.TestRunner.privateRun(TestRunner.java:767)
	at org.testng.TestRunner.run(TestRunner.java:617)
	at org.testng.SuiteRunner.runTest(SuiteRunner.java:334)
	at org.testng.SuiteRunner.runSequentially(SuiteRunner.java:329)
	at org.testng.SuiteRunner.privateRun(SuiteRunner.java:291)
	at org.testng.SuiteRunner.run(SuiteRunner.java:240)
	at org.testng.SuiteRunnerWorker.runSuite(SuiteRunnerWorker.java:52)
	at org.testng.SuiteRunnerWorker.run(SuiteRunnerWorker.java:86)
	at org.testng.TestNG.runSuitesSequentially(TestNG.java:1224)
	at org.testng.TestNG.runSuitesLocally(TestNG.java:1149)
	at org.testng.TestNG.run(TestNG.java:1057)
	at org.testng.remote.RemoteTestNG.run(RemoteTestNG.java:111)
	at org.testng.remote.RemoteTestNG.initAndRun(RemoteTestNG.java:204)
	at org.testng.remote.RemoteTestNG.main(RemoteTestNG.java:175)
]]>
    </failure>
  </testcase> <!-- allContentsLoadsFromLibrary -->
  <testcase name="allContentsLoadsFromLibrary" time="40.212" classname="tests.webUI.nonFunctional.LibraryContentsTests">
    <failure type="org.openqa.selenium.TimeoutException" message="Timed out after 10 seconds waiting for element to no longer be visible: By.selector: .loadStr
Build info: version: &#039;2.42.1&#039;, revision: &#039;68b415a&#039;, time: &#039;2014-05-29 16:16:49&#039;
System info: host: &#039;piotrbogdanski&#039;, ip: &#039;9.161.136.135&#039;, os.name: &#039;Windows 7&#039;, os.arch: &#039;x86&#039;, os.version: &#039;6.1 build 7601 Service Pack 1&#039;, java.version: &#039;1.6.0&#039;
Driver info: driver.version: unknown">
      <![CDATA[org.openqa.selenium.TimeoutException: Timed out after 10 seconds waiting for element to no longer be visible: By.selector: .loadStr
Build info: version: '2.42.1', revision: '68b415a', time: '2014-05-29 16:16:49'
System info: host: 'piotrbogdanski', ip: '9.161.136.135', os.name: 'Windows 7', os.arch: 'x86', os.version: '6.1 build 7601 Service Pack 1', java.version: '1.6.0'
Driver info: driver.version: unknown
	at org.openqa.selenium.support.ui.FluentWait.timeoutException(FluentWait.java:259)
	at org.openqa.selenium.support.ui.FluentWait.until(FluentWait.java:228)
	at webUI.home.library.mediaTypes.Video.waitForPageToLoad(Video.java:67)
	at webUI.home.library.mediaTypes.Video.<init>(Video.java:43)
	at tests.webUI.nonFunctional.LibraryContentsTests.allContentsLoadsFromLibrary(LibraryContentsTests.java:195)
	at sun.reflect.GeneratedMethodAccessor22.invoke(Unknown Source)
	at sun.reflect.DelegatingMethodAccessorImpl.invoke(DelegatingMethodAccessorImpl.java:37)
	at java.lang.reflect.Method.invoke(Method.java:611)
	at org.testng.internal.MethodInvocationHelper.invokeMethod(MethodInvocationHelper.java:84)
	at org.testng.internal.Invoker.invokeMethod(Invoker.java:714)
	at org.testng.internal.Invoker.invokeTestMethod(Invoker.java:901)
	at org.testng.internal.Invoker.invokeTestMethods(Invoker.java:1231)
	at org.testng.internal.TestMethodWorker.invokeTestMethods(TestMethodWorker.java:127)
	at org.testng.internal.TestMethodWorker.run(TestMethodWorker.java:111)
	at org.testng.TestRunner.privateRun(TestRunner.java:767)
	at org.testng.TestRunner.run(TestRunner.java:617)
	at org.testng.SuiteRunner.runTest(SuiteRunner.java:334)
	at org.testng.SuiteRunner.runSequentially(SuiteRunner.java:329)
	at org.testng.SuiteRunner.privateRun(SuiteRunner.java:291)
	at org.testng.SuiteRunner.run(SuiteRunner.java:240)
	at org.testng.SuiteRunnerWorker.runSuite(SuiteRunnerWorker.java:52)
	at org.testng.SuiteRunnerWorker.run(SuiteRunnerWorker.java:86)
	at org.testng.TestNG.runSuitesSequentially(TestNG.java:1224)
	at org.testng.TestNG.runSuitesLocally(TestNG.java:1149)
	at org.testng.TestNG.run(TestNG.java:1057)
	at org.testng.remote.RemoteTestNG.run(RemoteTestNG.java:111)
	at org.testng.remote.RemoteTestNG.initAndRun(RemoteTestNG.java:204)
	at org.testng.remote.RemoteTestNG.main(RemoteTestNG.java:175)
]]>
    </failure>
  </testcase> <!-- allContentsLoadsFromLibrary -->
  <testcase name="allContentsLoadsFromLibrary" time="39.767" classname="tests.webUI.nonFunctional.LibraryContentsTests">
    <failure type="org.openqa.selenium.TimeoutException" message="Timed out after 10 seconds waiting for element to no longer be visible: By.selector: .loadStr
Build info: version: &#039;2.42.1&#039;, revision: &#039;68b415a&#039;, time: &#039;2014-05-29 16:16:49&#039;
System info: host: &#039;piotrbogdanski&#039;, ip: &#039;9.161.136.135&#039;, os.name: &#039;Windows 7&#039;, os.arch: &#039;x86&#039;, os.version: &#039;6.1 build 7601 Service Pack 1&#039;, java.version: &#039;1.6.0&#039;
Driver info: driver.version: unknown">
      <![CDATA[org.openqa.selenium.TimeoutException: Timed out after 10 seconds waiting for element to no longer be visible: By.selector: .loadStr
Build info: version: '2.42.1', revision: '68b415a', time: '2014-05-29 16:16:49'
System info: host: 'piotrbogdanski', ip: '9.161.136.135', os.name: 'Windows 7', os.arch: 'x86', os.version: '6.1 build 7601 Service Pack 1', java.version: '1.6.0'
Driver info: driver.version: unknown
	at org.openqa.selenium.support.ui.FluentWait.timeoutException(FluentWait.java:259)
	at org.openqa.selenium.support.ui.FluentWait.until(FluentWait.java:228)
	at webUI.home.library.mediaTypes.Video.waitForPageToLoad(Video.java:67)
	at webUI.home.library.mediaTypes.Video.<init>(Video.java:43)
	at tests.webUI.nonFunctional.LibraryContentsTests.allContentsLoadsFromLibrary(LibraryContentsTests.java:195)
	at sun.reflect.GeneratedMethodAccessor22.invoke(Unknown Source)
	at sun.reflect.DelegatingMethodAccessorImpl.invoke(DelegatingMethodAccessorImpl.java:37)
	at java.lang.reflect.Method.invoke(Method.java:611)
	at org.testng.internal.MethodInvocationHelper.invokeMethod(MethodInvocationHelper.java:84)
	at org.testng.internal.Invoker.invokeMethod(Invoker.java:714)
	at org.testng.internal.Invoker.invokeTestMethod(Invoker.java:901)
	at org.testng.internal.Invoker.invokeTestMethods(Invoker.java:1231)
	at org.testng.internal.TestMethodWorker.invokeTestMethods(TestMethodWorker.java:127)
	at org.testng.internal.TestMethodWorker.run(TestMethodWorker.java:111)
	at org.testng.TestRunner.privateRun(TestRunner.java:767)
	at org.testng.TestRunner.run(TestRunner.java:617)
	at org.testng.SuiteRunner.runTest(SuiteRunner.java:334)
	at org.testng.SuiteRunner.runSequentially(SuiteRunner.java:329)
	at org.testng.SuiteRunner.privateRun(SuiteRunner.java:291)
	at org.testng.SuiteRunner.run(SuiteRunner.java:240)
	at org.testng.SuiteRunnerWorker.runSuite(SuiteRunnerWorker.java:52)
	at org.testng.SuiteRunnerWorker.run(SuiteRunnerWorker.java:86)
	at org.testng.TestNG.runSuitesSequentially(TestNG.java:1224)
	at org.testng.TestNG.runSuitesLocally(TestNG.java:1149)
	at org.testng.TestNG.run(TestNG.java:1057)
	at org.testng.remote.RemoteTestNG.run(RemoteTestNG.java:111)
	at org.testng.remote.RemoteTestNG.initAndRun(RemoteTestNG.java:204)
	at org.testng.remote.RemoteTestNG.main(RemoteTestNG.java:175)
]]>
    </failure>
  </testcase> <!-- allContentsLoadsFromLibrary -->
  <testcase name="allContentsLoadsFromLibrary" time="38.915" classname="tests.webUI.nonFunctional.LibraryContentsTests">
    <failure type="org.openqa.selenium.TimeoutException" message="Timed out after 10 seconds waiting for element to no longer be visible: By.selector: .loadStr
Build info: version: &#039;2.42.1&#039;, revision: &#039;68b415a&#039;, time: &#039;2014-05-29 16:16:49&#039;
System info: host: &#039;piotrbogdanski&#039;, ip: &#039;9.161.136.135&#039;, os.name: &#039;Windows 7&#039;, os.arch: &#039;x86&#039;, os.version: &#039;6.1 build 7601 Service Pack 1&#039;, java.version: &#039;1.6.0&#039;
Driver info: driver.version: unknown">
      <![CDATA[org.openqa.selenium.TimeoutException: Timed out after 10 seconds waiting for element to no longer be visible: By.selector: .loadStr
Build info: version: '2.42.1', revision: '68b415a', time: '2014-05-29 16:16:49'
System info: host: 'piotrbogdanski', ip: '9.161.136.135', os.name: 'Windows 7', os.arch: 'x86', os.version: '6.1 build 7601 Service Pack 1', java.version: '1.6.0'
Driver info: driver.version: unknown
	at org.openqa.selenium.support.ui.FluentWait.timeoutException(FluentWait.java:259)
	at org.openqa.selenium.support.ui.FluentWait.until(FluentWait.java:228)
	at webUI.home.library.mediaTypes.Video.waitForPageToLoad(Video.java:67)
	at webUI.home.library.mediaTypes.Video.<init>(Video.java:43)
	at tests.webUI.nonFunctional.LibraryContentsTests.allContentsLoadsFromLibrary(LibraryContentsTests.java:195)
	at sun.reflect.GeneratedMethodAccessor22.invoke(Unknown Source)
	at sun.reflect.DelegatingMethodAccessorImpl.invoke(DelegatingMethodAccessorImpl.java:37)
	at java.lang.reflect.Method.invoke(Method.java:611)
	at org.testng.internal.MethodInvocationHelper.invokeMethod(MethodInvocationHelper.java:84)
	at org.testng.internal.Invoker.invokeMethod(Invoker.java:714)
	at org.testng.internal.Invoker.invokeTestMethod(Invoker.java:901)
	at org.testng.internal.Invoker.invokeTestMethods(Invoker.java:1231)
	at org.testng.internal.TestMethodWorker.invokeTestMethods(TestMethodWorker.java:127)
	at org.testng.internal.TestMethodWorker.run(TestMethodWorker.java:111)
	at org.testng.TestRunner.privateRun(TestRunner.java:767)
	at org.testng.TestRunner.run(TestRunner.java:617)
	at org.testng.SuiteRunner.runTest(SuiteRunner.java:334)
	at org.testng.SuiteRunner.runSequentially(SuiteRunner.java:329)
	at org.testng.SuiteRunner.privateRun(SuiteRunner.java:291)
	at org.testng.SuiteRunner.run(SuiteRunner.java:240)
	at org.testng.SuiteRunnerWorker.runSuite(SuiteRunnerWorker.java:52)
	at org.testng.SuiteRunnerWorker.run(SuiteRunnerWorker.java:86)
	at org.testng.TestNG.runSuitesSequentially(TestNG.java:1224)
	at org.testng.TestNG.runSuitesLocally(TestNG.java:1149)
	at org.testng.TestNG.run(TestNG.java:1057)
	at org.testng.remote.RemoteTestNG.run(RemoteTestNG.java:111)
	at org.testng.remote.RemoteTestNG.initAndRun(RemoteTestNG.java:204)
	at org.testng.remote.RemoteTestNG.main(RemoteTestNG.java:175)
]]>
    </failure>
  </testcase> <!-- allContentsLoadsFromLibrary -->
  <testcase name="allContentsLoadsFromLibrary" time="48.574" classname="tests.webUI.nonFunctional.LibraryContentsTests">
    <failure type="org.openqa.selenium.TimeoutException" message="Timed out after 10 seconds waiting for element to no longer be visible: By.selector: .loadStr
Build info: version: &#039;2.42.1&#039;, revision: &#039;68b415a&#039;, time: &#039;2014-05-29 16:16:49&#039;
System info: host: &#039;piotrbogdanski&#039;, ip: &#039;9.161.136.135&#039;, os.name: &#039;Windows 7&#039;, os.arch: &#039;x86&#039;, os.version: &#039;6.1 build 7601 Service Pack 1&#039;, java.version: &#039;1.6.0&#039;
Driver info: driver.version: unknown">
      <![CDATA[org.openqa.selenium.TimeoutException: Timed out after 10 seconds waiting for element to no longer be visible: By.selector: .loadStr
Build info: version: '2.42.1', revision: '68b415a', time: '2014-05-29 16:16:49'
System info: host: 'piotrbogdanski', ip: '9.161.136.135', os.name: 'Windows 7', os.arch: 'x86', os.version: '6.1 build 7601 Service Pack 1', java.version: '1.6.0'
Driver info: driver.version: unknown
	at org.openqa.selenium.support.ui.FluentWait.timeoutException(FluentWait.java:259)
	at org.openqa.selenium.support.ui.FluentWait.until(FluentWait.java:228)
	at webUI.home.library.mediaTypes.Video.waitForPageToLoad(Video.java:67)
	at webUI.home.library.mediaTypes.Video.<init>(Video.java:43)
	at tests.webUI.nonFunctional.LibraryContentsTests.allContentsLoadsFromLibrary(LibraryContentsTests.java:195)
	at sun.reflect.GeneratedMethodAccessor22.invoke(Unknown Source)
	at sun.reflect.DelegatingMethodAccessorImpl.invoke(DelegatingMethodAccessorImpl.java:37)
	at java.lang.reflect.Method.invoke(Method.java:611)
	at org.testng.internal.MethodInvocationHelper.invokeMethod(MethodInvocationHelper.java:84)
	at org.testng.internal.Invoker.invokeMethod(Invoker.java:714)
	at org.testng.internal.Invoker.invokeTestMethod(Invoker.java:901)
	at org.testng.internal.Invoker.invokeTestMethods(Invoker.java:1231)
	at org.testng.internal.TestMethodWorker.invokeTestMethods(TestMethodWorker.java:127)
	at org.testng.internal.TestMethodWorker.run(TestMethodWorker.java:111)
	at org.testng.TestRunner.privateRun(TestRunner.java:767)
	at org.testng.TestRunner.run(TestRunner.java:617)
	at org.testng.SuiteRunner.runTest(SuiteRunner.java:334)
	at org.testng.SuiteRunner.runSequentially(SuiteRunner.java:329)
	at org.testng.SuiteRunner.privateRun(SuiteRunner.java:291)
	at org.testng.SuiteRunner.run(SuiteRunner.java:240)
	at org.testng.SuiteRunnerWorker.runSuite(SuiteRunnerWorker.java:52)
	at org.testng.SuiteRunnerWorker.run(SuiteRunnerWorker.java:86)
	at org.testng.TestNG.runSuitesSequentially(TestNG.java:1224)
	at org.testng.TestNG.runSuitesLocally(TestNG.java:1149)
	at org.testng.TestNG.run(TestNG.java:1057)
	at org.testng.remote.RemoteTestNG.run(RemoteTestNG.java:111)
	at org.testng.remote.RemoteTestNG.initAndRun(RemoteTestNG.java:204)
	at org.testng.remote.RemoteTestNG.main(RemoteTestNG.java:175)
]]>
    </failure>
  </testcase> <!-- allContentsLoadsFromLibrary -->
  <testcase name="allContentsLoadsFromLibrary" time="43.502" classname="tests.webUI.nonFunctional.LibraryContentsTests">
    <failure type="org.openqa.selenium.TimeoutException" message="Timed out after 10 seconds waiting for element to no longer be visible: By.selector: .loadStr
Build info: version: &#039;2.42.1&#039;, revision: &#039;68b415a&#039;, time: &#039;2014-05-29 16:16:49&#039;
System info: host: &#039;piotrbogdanski&#039;, ip: &#039;9.161.136.135&#039;, os.name: &#039;Windows 7&#039;, os.arch: &#039;x86&#039;, os.version: &#039;6.1 build 7601 Service Pack 1&#039;, java.version: &#039;1.6.0&#039;
Driver info: driver.version: unknown">
      <![CDATA[org.openqa.selenium.TimeoutException: Timed out after 10 seconds waiting for element to no longer be visible: By.selector: .loadStr
Build info: version: '2.42.1', revision: '68b415a', time: '2014-05-29 16:16:49'
System info: host: 'piotrbogdanski', ip: '9.161.136.135', os.name: 'Windows 7', os.arch: 'x86', os.version: '6.1 build 7601 Service Pack 1', java.version: '1.6.0'
Driver info: driver.version: unknown
	at org.openqa.selenium.support.ui.FluentWait.timeoutException(FluentWait.java:259)
	at org.openqa.selenium.support.ui.FluentWait.until(FluentWait.java:228)
	at webUI.home.library.mediaTypes.Video.waitForPageToLoad(Video.java:67)
	at webUI.home.library.mediaTypes.Video.<init>(Video.java:43)
	at tests.webUI.nonFunctional.LibraryContentsTests.allContentsLoadsFromLibrary(LibraryContentsTests.java:195)
	at sun.reflect.GeneratedMethodAccessor22.invoke(Unknown Source)
	at sun.reflect.DelegatingMethodAccessorImpl.invoke(DelegatingMethodAccessorImpl.java:37)
	at java.lang.reflect.Method.invoke(Method.java:611)
	at org.testng.internal.MethodInvocationHelper.invokeMethod(MethodInvocationHelper.java:84)
	at org.testng.internal.Invoker.invokeMethod(Invoker.java:714)
	at org.testng.internal.Invoker.invokeTestMethod(Invoker.java:901)
	at org.testng.internal.Invoker.invokeTestMethods(Invoker.java:1231)
	at org.testng.internal.TestMethodWorker.invokeTestMethods(TestMethodWorker.java:127)
	at org.testng.internal.TestMethodWorker.run(TestMethodWorker.java:111)
	at org.testng.TestRunner.privateRun(TestRunner.java:767)
	at org.testng.TestRunner.run(TestRunner.java:617)
	at org.testng.SuiteRunner.runTest(SuiteRunner.java:334)
	at org.testng.SuiteRunner.runSequentially(SuiteRunner.java:329)
	at org.testng.SuiteRunner.privateRun(SuiteRunner.java:291)
	at org.testng.SuiteRunner.run(SuiteRunner.java:240)
	at org.testng.SuiteRunnerWorker.runSuite(SuiteRunnerWorker.java:52)
	at org.testng.SuiteRunnerWorker.run(SuiteRunnerWorker.java:86)
	at org.testng.TestNG.runSuitesSequentially(TestNG.java:1224)
	at org.testng.TestNG.runSuitesLocally(TestNG.java:1149)
	at org.testng.TestNG.run(TestNG.java:1057)
	at org.testng.remote.RemoteTestNG.run(RemoteTestNG.java:111)
	at org.testng.remote.RemoteTestNG.initAndRun(RemoteTestNG.java:204)
	at org.testng.remote.RemoteTestNG.main(RemoteTestNG.java:175)
]]>
    </failure>
  </testcase> <!-- allContentsLoadsFromLibrary -->
  <testcase name="allContentsLoadsFromLibrary" time="47.950" classname="tests.webUI.nonFunctional.LibraryContentsTests">
    <failure type="org.openqa.selenium.TimeoutException" message="Timed out after 10 seconds waiting for element to no longer be visible: By.selector: .loadStr
Build info: version: &#039;2.42.1&#039;, revision: &#039;68b415a&#039;, time: &#039;2014-05-29 16:16:49&#039;
System info: host: &#039;piotrbogdanski&#039;, ip: &#039;9.161.136.135&#039;, os.name: &#039;Windows 7&#039;, os.arch: &#039;x86&#039;, os.version: &#039;6.1 build 7601 Service Pack 1&#039;, java.version: &#039;1.6.0&#039;
Driver info: driver.version: unknown">
      <![CDATA[org.openqa.selenium.TimeoutException: Timed out after 10 seconds waiting for element to no longer be visible: By.selector: .loadStr
Build info: version: '2.42.1', revision: '68b415a', time: '2014-05-29 16:16:49'
System info: host: 'piotrbogdanski', ip: '9.161.136.135', os.name: 'Windows 7', os.arch: 'x86', os.version: '6.1 build 7601 Service Pack 1', java.version: '1.6.0'
Driver info: driver.version: unknown
	at org.openqa.selenium.support.ui.FluentWait.timeoutException(FluentWait.java:259)
	at org.openqa.selenium.support.ui.FluentWait.until(FluentWait.java:228)
	at webUI.home.library.mediaTypes.Video.waitForPageToLoad(Video.java:67)
	at webUI.home.library.mediaTypes.Video.<init>(Video.java:43)
	at tests.webUI.nonFunctional.LibraryContentsTests.allContentsLoadsFromLibrary(LibraryContentsTests.java:195)
	at sun.reflect.GeneratedMethodAccessor22.invoke(Unknown Source)
	at sun.reflect.DelegatingMethodAccessorImpl.invoke(DelegatingMethodAccessorImpl.java:37)
	at java.lang.reflect.Method.invoke(Method.java:611)
	at org.testng.internal.MethodInvocationHelper.invokeMethod(MethodInvocationHelper.java:84)
	at org.testng.internal.Invoker.invokeMethod(Invoker.java:714)
	at org.testng.internal.Invoker.invokeTestMethod(Invoker.java:901)
	at org.testng.internal.Invoker.invokeTestMethods(Invoker.java:1231)
	at org.testng.internal.TestMethodWorker.invokeTestMethods(TestMethodWorker.java:127)
	at org.testng.internal.TestMethodWorker.run(TestMethodWorker.java:111)
	at org.testng.TestRunner.privateRun(TestRunner.java:767)
	at org.testng.TestRunner.run(TestRunner.java:617)
	at org.testng.SuiteRunner.runTest(SuiteRunner.java:334)
	at org.testng.SuiteRunner.runSequentially(SuiteRunner.java:329)
	at org.testng.SuiteRunner.privateRun(SuiteRunner.java:291)
	at org.testng.SuiteRunner.run(SuiteRunner.java:240)
	at org.testng.SuiteRunnerWorker.runSuite(SuiteRunnerWorker.java:52)
	at org.testng.SuiteRunnerWorker.run(SuiteRunnerWorker.java:86)
	at org.testng.TestNG.runSuitesSequentially(TestNG.java:1224)
	at org.testng.TestNG.runSuitesLocally(TestNG.java:1149)
	at org.testng.TestNG.run(TestNG.java:1057)
	at org.testng.remote.RemoteTestNG.run(RemoteTestNG.java:111)
	at org.testng.remote.RemoteTestNG.initAndRun(RemoteTestNG.java:204)
	at org.testng.remote.RemoteTestNG.main(RemoteTestNG.java:175)
]]>
    </failure>
  </testcase> <!-- allContentsLoadsFromLibrary -->
  <testcase name="allContentsLoadsFromLibrary" time="39.772" classname="tests.webUI.nonFunctional.LibraryContentsTests">
    <failure type="org.openqa.selenium.TimeoutException" message="Timed out after 10 seconds waiting for element to no longer be visible: By.selector: .loadStr
Build info: version: &#039;2.42.1&#039;, revision: &#039;68b415a&#039;, time: &#039;2014-05-29 16:16:49&#039;
System info: host: &#039;piotrbogdanski&#039;, ip: &#039;9.161.136.135&#039;, os.name: &#039;Windows 7&#039;, os.arch: &#039;x86&#039;, os.version: &#039;6.1 build 7601 Service Pack 1&#039;, java.version: &#039;1.6.0&#039;
Driver info: driver.version: unknown">
      <![CDATA[org.openqa.selenium.TimeoutException: Timed out after 10 seconds waiting for element to no longer be visible: By.selector: .loadStr
Build info: version: '2.42.1', revision: '68b415a', time: '2014-05-29 16:16:49'
System info: host: 'piotrbogdanski', ip: '9.161.136.135', os.name: 'Windows 7', os.arch: 'x86', os.version: '6.1 build 7601 Service Pack 1', java.version: '1.6.0'
Driver info: driver.version: unknown
	at org.openqa.selenium.support.ui.FluentWait.timeoutException(FluentWait.java:259)
	at org.openqa.selenium.support.ui.FluentWait.until(FluentWait.java:228)
	at webUI.home.library.mediaTypes.Video.waitForPageToLoad(Video.java:67)
	at webUI.home.library.mediaTypes.Video.<init>(Video.java:43)
	at tests.webUI.nonFunctional.LibraryContentsTests.allContentsLoadsFromLibrary(LibraryContentsTests.java:195)
	at sun.reflect.GeneratedMethodAccessor22.invoke(Unknown Source)
	at sun.reflect.DelegatingMethodAccessorImpl.invoke(DelegatingMethodAccessorImpl.java:37)
	at java.lang.reflect.Method.invoke(Method.java:611)
	at org.testng.internal.MethodInvocationHelper.invokeMethod(MethodInvocationHelper.java:84)
	at org.testng.internal.Invoker.invokeMethod(Invoker.java:714)
	at org.testng.internal.Invoker.invokeTestMethod(Invoker.java:901)
	at org.testng.internal.Invoker.invokeTestMethods(Invoker.java:1231)
	at org.testng.internal.TestMethodWorker.invokeTestMethods(TestMethodWorker.java:127)
	at org.testng.internal.TestMethodWorker.run(TestMethodWorker.java:111)
	at org.testng.TestRunner.privateRun(TestRunner.java:767)
	at org.testng.TestRunner.run(TestRunner.java:617)
	at org.testng.SuiteRunner.runTest(SuiteRunner.java:334)
	at org.testng.SuiteRunner.runSequentially(SuiteRunner.java:329)
	at org.testng.SuiteRunner.privateRun(SuiteRunner.java:291)
	at org.testng.SuiteRunner.run(SuiteRunner.java:240)
	at org.testng.SuiteRunnerWorker.runSuite(SuiteRunnerWorker.java:52)
	at org.testng.SuiteRunnerWorker.run(SuiteRunnerWorker.java:86)
	at org.testng.TestNG.runSuitesSequentially(TestNG.java:1224)
	at org.testng.TestNG.runSuitesLocally(TestNG.java:1149)
	at org.testng.TestNG.run(TestNG.java:1057)
	at org.testng.remote.RemoteTestNG.run(RemoteTestNG.java:111)
	at org.testng.remote.RemoteTestNG.initAndRun(RemoteTestNG.java:204)
	at org.testng.remote.RemoteTestNG.main(RemoteTestNG.java:175)
]]>
    </failure>
  </testcase> <!-- allContentsLoadsFromLibrary -->
  <testcase name="allContentsLoadsFromLibrary" time="45.398" classname="tests.webUI.nonFunctional.LibraryContentsTests">
    <failure type="org.openqa.selenium.TimeoutException" message="Timed out after 20 seconds waiting for element to no longer be visible: By.selector: .loadStr
Build info: version: &#039;2.42.1&#039;, revision: &#039;68b415a&#039;, time: &#039;2014-05-29 16:16:49&#039;
System info: host: &#039;piotrbogdanski&#039;, ip: &#039;9.161.136.135&#039;, os.name: &#039;Windows 7&#039;, os.arch: &#039;x86&#039;, os.version: &#039;6.1 build 7601 Service Pack 1&#039;, java.version: &#039;1.6.0&#039;
Driver info: driver.version: unknown">
      <![CDATA[org.openqa.selenium.TimeoutException: Timed out after 20 seconds waiting for element to no longer be visible: By.selector: .loadStr
Build info: version: '2.42.1', revision: '68b415a', time: '2014-05-29 16:16:49'
System info: host: 'piotrbogdanski', ip: '9.161.136.135', os.name: 'Windows 7', os.arch: 'x86', os.version: '6.1 build 7601 Service Pack 1', java.version: '1.6.0'
Driver info: driver.version: unknown
	at org.openqa.selenium.support.ui.FluentWait.timeoutException(FluentWait.java:259)
	at org.openqa.selenium.support.ui.FluentWait.until(FluentWait.java:228)
	at webUI.home.library.mediaTypes.Video.waitForPageToLoad(Video.java:67)
	at webUI.home.library.mediaTypes.Video.<init>(Video.java:43)
	at tests.webUI.nonFunctional.LibraryContentsTests.allContentsLoadsFromLibrary(LibraryContentsTests.java:195)
	at sun.reflect.NativeMethodAccessorImpl.invoke0(Native Method)
	at sun.reflect.NativeMethodAccessorImpl.invoke(NativeMethodAccessorImpl.java:60)
	at sun.reflect.DelegatingMethodAccessorImpl.invoke(DelegatingMethodAccessorImpl.java:37)
	at java.lang.reflect.Method.invoke(Method.java:611)
	at org.testng.internal.MethodInvocationHelper.invokeMethod(MethodInvocationHelper.java:84)
	at org.testng.internal.Invoker.invokeMethod(Invoker.java:714)
	at org.testng.internal.Invoker.invokeTestMethod(Invoker.java:901)
	at org.testng.internal.Invoker.invokeTestMethods(Invoker.java:1231)
	at org.testng.internal.TestMethodWorker.invokeTestMethods(TestMethodWorker.java:127)
	at org.testng.internal.TestMethodWorker.run(TestMethodWorker.java:111)
	at org.testng.TestRunner.privateRun(TestRunner.java:767)
	at org.testng.TestRunner.run(TestRunner.java:617)
	at org.testng.SuiteRunner.runTest(SuiteRunner.java:334)
	at org.testng.SuiteRunner.runSequentially(SuiteRunner.java:329)
	at org.testng.SuiteRunner.privateRun(SuiteRunner.java:291)
	at org.testng.SuiteRunner.run(SuiteRunner.java:240)
	at org.testng.SuiteRunnerWorker.runSuite(SuiteRunnerWorker.java:52)
	at org.testng.SuiteRunnerWorker.run(SuiteRunnerWorker.java:86)
	at org.testng.TestNG.runSuitesSequentially(TestNG.java:1224)
	at org.testng.TestNG.runSuitesLocally(TestNG.java:1149)
	at org.testng.TestNG.run(TestNG.java:1057)
	at org.testng.remote.RemoteTestNG.run(RemoteTestNG.java:111)
	at org.testng.remote.RemoteTestNG.initAndRun(RemoteTestNG.java:204)
	at org.testng.remote.RemoteTestNG.main(RemoteTestNG.java:175)
]]>
    </failure>
  </testcase> <!-- allContentsLoadsFromLibrary -->
  <testcase name="allContentsLoadsFromLibrary" time="36.691" classname="tests.webUI.nonFunctional.LibraryContentsTests">
    <failure type="org.openqa.selenium.TimeoutException" message="Timed out after 10 seconds waiting for element to no longer be visible: By.selector: .loadStr
Build info: version: &#039;2.42.1&#039;, revision: &#039;68b415a&#039;, time: &#039;2014-05-29 16:16:49&#039;
System info: host: &#039;piotrbogdanski&#039;, ip: &#039;9.161.136.135&#039;, os.name: &#039;Windows 7&#039;, os.arch: &#039;x86&#039;, os.version: &#039;6.1 build 7601 Service Pack 1&#039;, java.version: &#039;1.6.0&#039;
Driver info: driver.version: unknown">
      <![CDATA[org.openqa.selenium.TimeoutException: Timed out after 10 seconds waiting for element to no longer be visible: By.selector: .loadStr
Build info: version: '2.42.1', revision: '68b415a', time: '2014-05-29 16:16:49'
System info: host: 'piotrbogdanski', ip: '9.161.136.135', os.name: 'Windows 7', os.arch: 'x86', os.version: '6.1 build 7601 Service Pack 1', java.version: '1.6.0'
Driver info: driver.version: unknown
	at org.openqa.selenium.support.ui.FluentWait.timeoutException(FluentWait.java:259)
	at org.openqa.selenium.support.ui.FluentWait.until(FluentWait.java:228)
	at webUI.home.library.mediaTypes.Video.waitForPageToLoad(Video.java:67)
	at webUI.home.library.mediaTypes.Video.<init>(Video.java:43)
	at tests.webUI.nonFunctional.LibraryContentsTests.allContentsLoadsFromLibrary(LibraryContentsTests.java:195)
	at sun.reflect.NativeMethodAccessorImpl.invoke0(Native Method)
	at sun.reflect.NativeMethodAccessorImpl.invoke(NativeMethodAccessorImpl.java:60)
	at sun.reflect.DelegatingMethodAccessorImpl.invoke(DelegatingMethodAccessorImpl.java:37)
	at java.lang.reflect.Method.invoke(Method.java:611)
	at org.testng.internal.MethodInvocationHelper.invokeMethod(MethodInvocationHelper.java:84)
	at org.testng.internal.Invoker.invokeMethod(Invoker.java:714)
	at org.testng.internal.Invoker.invokeTestMethod(Invoker.java:901)
	at org.testng.internal.Invoker.invokeTestMethods(Invoker.java:1231)
	at org.testng.internal.TestMethodWorker.invokeTestMethods(TestMethodWorker.java:127)
	at org.testng.internal.TestMethodWorker.run(TestMethodWorker.java:111)
	at org.testng.TestRunner.privateRun(TestRunner.java:767)
	at org.testng.TestRunner.run(TestRunner.java:617)
	at org.testng.SuiteRunner.runTest(SuiteRunner.java:334)
	at org.testng.SuiteRunner.runSequentially(SuiteRunner.java:329)
	at org.testng.SuiteRunner.privateRun(SuiteRunner.java:291)
	at org.testng.SuiteRunner.run(SuiteRunner.java:240)
	at org.testng.SuiteRunnerWorker.runSuite(SuiteRunnerWorker.java:52)
	at org.testng.SuiteRunnerWorker.run(SuiteRunnerWorker.java:86)
	at org.testng.TestNG.runSuitesSequentially(TestNG.java:1224)
	at org.testng.TestNG.runSuitesLocally(TestNG.java:1149)
	at org.testng.TestNG.run(TestNG.java:1057)
	at org.testng.remote.RemoteTestNG.run(RemoteTestNG.java:111)
	at org.testng.remote.RemoteTestNG.initAndRun(RemoteTestNG.java:204)
	at org.testng.remote.RemoteTestNG.main(RemoteTestNG.java:175)
]]>
    </failure>
  </testcase> <!-- allContentsLoadsFromLibrary -->
  <testcase name="allContentsLoadsFromLibrary" time="38.933" classname="tests.webUI.nonFunctional.LibraryContentsTests">
    <failure type="org.openqa.selenium.TimeoutException" message="Timed out after 10 seconds waiting for element to no longer be visible: By.selector: .loadStr
Build info: version: &#039;2.42.1&#039;, revision: &#039;68b415a&#039;, time: &#039;2014-05-29 16:16:49&#039;
System info: host: &#039;piotrbogdanski&#039;, ip: &#039;9.161.136.135&#039;, os.name: &#039;Windows 7&#039;, os.arch: &#039;x86&#039;, os.version: &#039;6.1 build 7601 Service Pack 1&#039;, java.version: &#039;1.6.0&#039;
Driver info: driver.version: unknown">
      <![CDATA[org.openqa.selenium.TimeoutException: Timed out after 10 seconds waiting for element to no longer be visible: By.selector: .loadStr
Build info: version: '2.42.1', revision: '68b415a', time: '2014-05-29 16:16:49'
System info: host: 'piotrbogdanski', ip: '9.161.136.135', os.name: 'Windows 7', os.arch: 'x86', os.version: '6.1 build 7601 Service Pack 1', java.version: '1.6.0'
Driver info: driver.version: unknown
	at org.openqa.selenium.support.ui.FluentWait.timeoutException(FluentWait.java:259)
	at org.openqa.selenium.support.ui.FluentWait.until(FluentWait.java:228)
	at webUI.home.library.mediaTypes.Video.waitForPageToLoad(Video.java:67)
	at webUI.home.library.mediaTypes.Video.<init>(Video.java:43)
	at tests.webUI.nonFunctional.LibraryContentsTests.allContentsLoadsFromLibrary(LibraryContentsTests.java:195)
	at sun.reflect.GeneratedMethodAccessor22.invoke(Unknown Source)
	at sun.reflect.DelegatingMethodAccessorImpl.invoke(DelegatingMethodAccessorImpl.java:37)
	at java.lang.reflect.Method.invoke(Method.java:611)
	at org.testng.internal.MethodInvocationHelper.invokeMethod(MethodInvocationHelper.java:84)
	at org.testng.internal.Invoker.invokeMethod(Invoker.java:714)
	at org.testng.internal.Invoker.invokeTestMethod(Invoker.java:901)
	at org.testng.internal.Invoker.invokeTestMethods(Invoker.java:1231)
	at org.testng.internal.TestMethodWorker.invokeTestMethods(TestMethodWorker.java:127)
	at org.testng.internal.TestMethodWorker.run(TestMethodWorker.java:111)
	at org.testng.TestRunner.privateRun(TestRunner.java:767)
	at org.testng.TestRunner.run(TestRunner.java:617)
	at org.testng.SuiteRunner.runTest(SuiteRunner.java:334)
	at org.testng.SuiteRunner.runSequentially(SuiteRunner.java:329)
	at org.testng.SuiteRunner.privateRun(SuiteRunner.java:291)
	at org.testng.SuiteRunner.run(SuiteRunner.java:240)
	at org.testng.SuiteRunnerWorker.runSuite(SuiteRunnerWorker.java:52)
	at org.testng.SuiteRunnerWorker.run(SuiteRunnerWorker.java:86)
	at org.testng.TestNG.runSuitesSequentially(TestNG.java:1224)
	at org.testng.TestNG.runSuitesLocally(TestNG.java:1149)
	at org.testng.TestNG.run(TestNG.java:1057)
	at org.testng.remote.RemoteTestNG.run(RemoteTestNG.java:111)
	at org.testng.remote.RemoteTestNG.initAndRun(RemoteTestNG.java:204)
	at org.testng.remote.RemoteTestNG.main(RemoteTestNG.java:175)
]]>
    </failure>
  </testcase> <!-- allContentsLoadsFromLibrary -->
  <testcase name="allContentsLoadsFromLibrary" time="41.509" classname="tests.webUI.nonFunctional.LibraryContentsTests">
    <failure type="org.openqa.selenium.TimeoutException" message="Timed out after 20 seconds waiting for element to no longer be visible: By.selector: .loadStr
Build info: version: &#039;2.42.1&#039;, revision: &#039;68b415a&#039;, time: &#039;2014-05-29 16:16:49&#039;
System info: host: &#039;piotrbogdanski&#039;, ip: &#039;9.161.136.135&#039;, os.name: &#039;Windows 7&#039;, os.arch: &#039;x86&#039;, os.version: &#039;6.1 build 7601 Service Pack 1&#039;, java.version: &#039;1.6.0&#039;
Driver info: driver.version: unknown">
      <![CDATA[org.openqa.selenium.TimeoutException: Timed out after 20 seconds waiting for element to no longer be visible: By.selector: .loadStr
Build info: version: '2.42.1', revision: '68b415a', time: '2014-05-29 16:16:49'
System info: host: 'piotrbogdanski', ip: '9.161.136.135', os.name: 'Windows 7', os.arch: 'x86', os.version: '6.1 build 7601 Service Pack 1', java.version: '1.6.0'
Driver info: driver.version: unknown
	at org.openqa.selenium.support.ui.FluentWait.timeoutException(FluentWait.java:259)
	at org.openqa.selenium.support.ui.FluentWait.until(FluentWait.java:228)
	at webUI.home.library.mediaTypes.Video.waitForPageToLoad(Video.java:67)
	at webUI.home.library.mediaTypes.Video.<init>(Video.java:43)
	at tests.webUI.nonFunctional.LibraryContentsTests.allContentsLoadsFromLibrary(LibraryContentsTests.java:195)
	at sun.reflect.NativeMethodAccessorImpl.invoke0(Native Method)
	at sun.reflect.NativeMethodAccessorImpl.invoke(NativeMethodAccessorImpl.java:60)
	at sun.reflect.DelegatingMethodAccessorImpl.invoke(DelegatingMethodAccessorImpl.java:37)
	at java.lang.reflect.Method.invoke(Method.java:611)
	at org.testng.internal.MethodInvocationHelper.invokeMethod(MethodInvocationHelper.java:84)
	at org.testng.internal.Invoker.invokeMethod(Invoker.java:714)
	at org.testng.internal.Invoker.invokeTestMethod(Invoker.java:901)
	at org.testng.internal.Invoker.invokeTestMethods(Invoker.java:1231)
	at org.testng.internal.TestMethodWorker.invokeTestMethods(TestMethodWorker.java:127)
	at org.testng.internal.TestMethodWorker.run(TestMethodWorker.java:111)
	at org.testng.TestRunner.privateRun(TestRunner.java:767)
	at org.testng.TestRunner.run(TestRunner.java:617)
	at org.testng.SuiteRunner.runTest(SuiteRunner.java:334)
	at org.testng.SuiteRunner.runSequentially(SuiteRunner.java:329)
	at org.testng.SuiteRunner.privateRun(SuiteRunner.java:291)
	at org.testng.SuiteRunner.run(SuiteRunner.java:240)
	at org.testng.SuiteRunnerWorker.runSuite(SuiteRunnerWorker.java:52)
	at org.testng.SuiteRunnerWorker.run(SuiteRunnerWorker.java:86)
	at org.testng.TestNG.runSuitesSequentially(TestNG.java:1224)
	at org.testng.TestNG.runSuitesLocally(TestNG.java:1149)
	at org.testng.TestNG.run(TestNG.java:1057)
	at org.testng.remote.RemoteTestNG.run(RemoteTestNG.java:111)
	at org.testng.remote.RemoteTestNG.initAndRun(RemoteTestNG.java:204)
	at org.testng.remote.RemoteTestNG.main(RemoteTestNG.java:175)
]]>
    </failure>
  </testcase> <!-- allContentsLoadsFromLibrary -->
  <testcase name="allContentsLoadsFromLibrary" time="38.530" classname="tests.webUI.nonFunctional.LibraryContentsTests">
    <failure type="org.openqa.selenium.TimeoutException" message="Timed out after 10 seconds waiting for element to no longer be visible: By.selector: .loadStr
Build info: version: &#039;2.42.1&#039;, revision: &#039;68b415a&#039;, time: &#039;2014-05-29 16:16:49&#039;
System info: host: &#039;piotrbogdanski&#039;, ip: &#039;9.161.136.135&#039;, os.name: &#039;Windows 7&#039;, os.arch: &#039;x86&#039;, os.version: &#039;6.1 build 7601 Service Pack 1&#039;, java.version: &#039;1.6.0&#039;
Driver info: driver.version: unknown">
      <![CDATA[org.openqa.selenium.TimeoutException: Timed out after 10 seconds waiting for element to no longer be visible: By.selector: .loadStr
Build info: version: '2.42.1', revision: '68b415a', time: '2014-05-29 16:16:49'
System info: host: 'piotrbogdanski', ip: '9.161.136.135', os.name: 'Windows 7', os.arch: 'x86', os.version: '6.1 build 7601 Service Pack 1', java.version: '1.6.0'
Driver info: driver.version: unknown
	at org.openqa.selenium.support.ui.FluentWait.timeoutException(FluentWait.java:259)
	at org.openqa.selenium.support.ui.FluentWait.until(FluentWait.java:228)
	at webUI.home.library.mediaTypes.Video.waitForPageToLoad(Video.java:67)
	at webUI.home.library.mediaTypes.Video.<init>(Video.java:43)
	at tests.webUI.nonFunctional.LibraryContentsTests.allContentsLoadsFromLibrary(LibraryContentsTests.java:195)
	at sun.reflect.GeneratedMethodAccessor22.invoke(Unknown Source)
	at sun.reflect.DelegatingMethodAccessorImpl.invoke(DelegatingMethodAccessorImpl.java:37)
	at java.lang.reflect.Method.invoke(Method.java:611)
	at org.testng.internal.MethodInvocationHelper.invokeMethod(MethodInvocationHelper.java:84)
	at org.testng.internal.Invoker.invokeMethod(Invoker.java:714)
	at org.testng.internal.Invoker.invokeTestMethod(Invoker.java:901)
	at org.testng.internal.Invoker.invokeTestMethods(Invoker.java:1231)
	at org.testng.internal.TestMethodWorker.invokeTestMethods(TestMethodWorker.java:127)
	at org.testng.internal.TestMethodWorker.run(TestMethodWorker.java:111)
	at org.testng.TestRunner.privateRun(TestRunner.java:767)
	at org.testng.TestRunner.run(TestRunner.java:617)
	at org.testng.SuiteRunner.runTest(SuiteRunner.java:334)
	at org.testng.SuiteRunner.runSequentially(SuiteRunner.java:329)
	at org.testng.SuiteRunner.privateRun(SuiteRunner.java:291)
	at org.testng.SuiteRunner.run(SuiteRunner.java:240)
	at org.testng.SuiteRunnerWorker.runSuite(SuiteRunnerWorker.java:52)
	at org.testng.SuiteRunnerWorker.run(SuiteRunnerWorker.java:86)
	at org.testng.TestNG.runSuitesSequentially(TestNG.java:1224)
	at org.testng.TestNG.runSuitesLocally(TestNG.java:1149)
	at org.testng.TestNG.run(TestNG.java:1057)
	at org.testng.remote.RemoteTestNG.run(RemoteTestNG.java:111)
	at org.testng.remote.RemoteTestNG.initAndRun(RemoteTestNG.java:204)
	at org.testng.remote.RemoteTestNG.main(RemoteTestNG.java:175)
]]>
    </failure>
  </testcase> <!-- allContentsLoadsFromLibrary -->
  <testcase name="allContentsLoadsFromLibrary" time="38.998" classname="tests.webUI.nonFunctional.LibraryContentsTests">
    <failure type="org.openqa.selenium.TimeoutException" message="Timed out after 10 seconds waiting for element to no longer be visible: By.selector: .loadStr
Build info: version: &#039;2.42.1&#039;, revision: &#039;68b415a&#039;, time: &#039;2014-05-29 16:16:49&#039;
System info: host: &#039;piotrbogdanski&#039;, ip: &#039;9.161.136.135&#039;, os.name: &#039;Windows 7&#039;, os.arch: &#039;x86&#039;, os.version: &#039;6.1 build 7601 Service Pack 1&#039;, java.version: &#039;1.6.0&#039;
Driver info: driver.version: unknown">
      <![CDATA[org.openqa.selenium.TimeoutException: Timed out after 10 seconds waiting for element to no longer be visible: By.selector: .loadStr
Build info: version: '2.42.1', revision: '68b415a', time: '2014-05-29 16:16:49'
System info: host: 'piotrbogdanski', ip: '9.161.136.135', os.name: 'Windows 7', os.arch: 'x86', os.version: '6.1 build 7601 Service Pack 1', java.version: '1.6.0'
Driver info: driver.version: unknown
	at org.openqa.selenium.support.ui.FluentWait.timeoutException(FluentWait.java:259)
	at org.openqa.selenium.support.ui.FluentWait.until(FluentWait.java:228)
	at webUI.home.library.mediaTypes.Video.waitForPageToLoad(Video.java:67)
	at webUI.home.library.mediaTypes.Video.<init>(Video.java:43)
	at tests.webUI.nonFunctional.LibraryContentsTests.allContentsLoadsFromLibrary(LibraryContentsTests.java:195)
	at sun.reflect.NativeMethodAccessorImpl.invoke0(Native Method)
	at sun.reflect.NativeMethodAccessorImpl.invoke(NativeMethodAccessorImpl.java:60)
	at sun.reflect.DelegatingMethodAccessorImpl.invoke(DelegatingMethodAccessorImpl.java:37)
	at java.lang.reflect.Method.invoke(Method.java:611)
	at org.testng.internal.MethodInvocationHelper.invokeMethod(MethodInvocationHelper.java:84)
	at org.testng.internal.Invoker.invokeMethod(Invoker.java:714)
	at org.testng.internal.Invoker.invokeTestMethod(Invoker.java:901)
	at org.testng.internal.Invoker.invokeTestMethods(Invoker.java:1231)
	at org.testng.internal.TestMethodWorker.invokeTestMethods(TestMethodWorker.java:127)
	at org.testng.internal.TestMethodWorker.run(TestMethodWorker.java:111)
	at org.testng.TestRunner.privateRun(TestRunner.java:767)
	at org.testng.TestRunner.run(TestRunner.java:617)
	at org.testng.SuiteRunner.runTest(SuiteRunner.java:334)
	at org.testng.SuiteRunner.runSequentially(SuiteRunner.java:329)
	at org.testng.SuiteRunner.privateRun(SuiteRunner.java:291)
	at org.testng.SuiteRunner.run(SuiteRunner.java:240)
	at org.testng.SuiteRunnerWorker.runSuite(SuiteRunnerWorker.java:52)
	at org.testng.SuiteRunnerWorker.run(SuiteRunnerWorker.java:86)
	at org.testng.TestNG.runSuitesSequentially(TestNG.java:1224)
	at org.testng.TestNG.runSuitesLocally(TestNG.java:1149)
	at org.testng.TestNG.run(TestNG.java:1057)
	at org.testng.remote.RemoteTestNG.run(RemoteTestNG.java:111)
	at org.testng.remote.RemoteTestNG.initAndRun(RemoteTestNG.java:204)
	at org.testng.remote.RemoteTestNG.main(RemoteTestNG.java:175)
]]>
    </failure>
  </testcase> <!-- allContentsLoadsFromLibrary -->
  <testcase name="allContentsLoadsFromLibrary" time="43.424" classname="tests.webUI.nonFunctional.LibraryContentsTests">
    <failure type="org.openqa.selenium.TimeoutException" message="Timed out after 20 seconds waiting for element to no longer be visible: By.selector: .loadStr
Build info: version: &#039;2.42.1&#039;, revision: &#039;68b415a&#039;, time: &#039;2014-05-29 16:16:49&#039;
System info: host: &#039;piotrbogdanski&#039;, ip: &#039;9.161.136.135&#039;, os.name: &#039;Windows 7&#039;, os.arch: &#039;x86&#039;, os.version: &#039;6.1 build 7601 Service Pack 1&#039;, java.version: &#039;1.6.0&#039;
Driver info: driver.version: unknown">
      <![CDATA[org.openqa.selenium.TimeoutException: Timed out after 20 seconds waiting for element to no longer be visible: By.selector: .loadStr
Build info: version: '2.42.1', revision: '68b415a', time: '2014-05-29 16:16:49'
System info: host: 'piotrbogdanski', ip: '9.161.136.135', os.name: 'Windows 7', os.arch: 'x86', os.version: '6.1 build 7601 Service Pack 1', java.version: '1.6.0'
Driver info: driver.version: unknown
	at org.openqa.selenium.support.ui.FluentWait.timeoutException(FluentWait.java:259)
	at org.openqa.selenium.support.ui.FluentWait.until(FluentWait.java:228)
	at webUI.home.library.mediaTypes.Video.waitForPageToLoad(Video.java:67)
	at webUI.home.library.mediaTypes.Video.<init>(Video.java:43)
	at tests.webUI.nonFunctional.LibraryContentsTests.allContentsLoadsFromLibrary(LibraryContentsTests.java:195)
	at sun.reflect.NativeMethodAccessorImpl.invoke0(Native Method)
	at sun.reflect.NativeMethodAccessorImpl.invoke(NativeMethodAccessorImpl.java:60)
	at sun.reflect.DelegatingMethodAccessorImpl.invoke(DelegatingMethodAccessorImpl.java:37)
	at java.lang.reflect.Method.invoke(Method.java:611)
	at org.testng.internal.MethodInvocationHelper.invokeMethod(MethodInvocationHelper.java:84)
	at org.testng.internal.Invoker.invokeMethod(Invoker.java:714)
	at org.testng.internal.Invoker.invokeTestMethod(Invoker.java:901)
	at org.testng.internal.Invoker.invokeTestMethods(Invoker.java:1231)
	at org.testng.internal.TestMethodWorker.invokeTestMethods(TestMethodWorker.java:127)
	at org.testng.internal.TestMethodWorker.run(TestMethodWorker.java:111)
	at org.testng.TestRunner.privateRun(TestRunner.java:767)
	at org.testng.TestRunner.run(TestRunner.java:617)
	at org.testng.SuiteRunner.runTest(SuiteRunner.java:334)
	at org.testng.SuiteRunner.runSequentially(SuiteRunner.java:329)
	at org.testng.SuiteRunner.privateRun(SuiteRunner.java:291)
	at org.testng.SuiteRunner.run(SuiteRunner.java:240)
	at org.testng.SuiteRunnerWorker.runSuite(SuiteRunnerWorker.java:52)
	at org.testng.SuiteRunnerWorker.run(SuiteRunnerWorker.java:86)
	at org.testng.TestNG.runSuitesSequentially(TestNG.java:1224)
	at org.testng.TestNG.runSuitesLocally(TestNG.java:1149)
	at org.testng.TestNG.run(TestNG.java:1057)
	at org.testng.remote.RemoteTestNG.run(RemoteTestNG.java:111)
	at org.testng.remote.RemoteTestNG.initAndRun(RemoteTestNG.java:204)
	at org.testng.remote.RemoteTestNG.main(RemoteTestNG.java:175)
]]>
    </failure>
  </testcase> <!-- allContentsLoadsFromLibrary -->
  <testcase name="allContentsLoadsFromLibrary" time="38.205" classname="tests.webUI.nonFunctional.LibraryContentsTests">
    <failure type="org.openqa.selenium.TimeoutException" message="Timed out after 10 seconds waiting for element to no longer be visible: By.selector: .loadStr
Build info: version: &#039;2.42.1&#039;, revision: &#039;68b415a&#039;, time: &#039;2014-05-29 16:16:49&#039;
System info: host: &#039;piotrbogdanski&#039;, ip: &#039;9.161.136.135&#039;, os.name: &#039;Windows 7&#039;, os.arch: &#039;x86&#039;, os.version: &#039;6.1 build 7601 Service Pack 1&#039;, java.version: &#039;1.6.0&#039;
Driver info: driver.version: unknown">
      <![CDATA[org.openqa.selenium.TimeoutException: Timed out after 10 seconds waiting for element to no longer be visible: By.selector: .loadStr
Build info: version: '2.42.1', revision: '68b415a', time: '2014-05-29 16:16:49'
System info: host: 'piotrbogdanski', ip: '9.161.136.135', os.name: 'Windows 7', os.arch: 'x86', os.version: '6.1 build 7601 Service Pack 1', java.version: '1.6.0'
Driver info: driver.version: unknown
	at org.openqa.selenium.support.ui.FluentWait.timeoutException(FluentWait.java:259)
	at org.openqa.selenium.support.ui.FluentWait.until(FluentWait.java:228)
	at webUI.home.library.mediaTypes.Video.waitForPageToLoad(Video.java:67)
	at webUI.home.library.mediaTypes.Video.<init>(Video.java:43)
	at tests.webUI.nonFunctional.LibraryContentsTests.allContentsLoadsFromLibrary(LibraryContentsTests.java:195)
	at sun.reflect.GeneratedMethodAccessor22.invoke(Unknown Source)
	at sun.reflect.DelegatingMethodAccessorImpl.invoke(DelegatingMethodAccessorImpl.java:37)
	at java.lang.reflect.Method.invoke(Method.java:611)
	at org.testng.internal.MethodInvocationHelper.invokeMethod(MethodInvocationHelper.java:84)
	at org.testng.internal.Invoker.invokeMethod(Invoker.java:714)
	at org.testng.internal.Invoker.invokeTestMethod(Invoker.java:901)
	at org.testng.internal.Invoker.invokeTestMethods(Invoker.java:1231)
	at org.testng.internal.TestMethodWorker.invokeTestMethods(TestMethodWorker.java:127)
	at org.testng.internal.TestMethodWorker.run(TestMethodWorker.java:111)
	at org.testng.TestRunner.privateRun(TestRunner.java:767)
	at org.testng.TestRunner.run(TestRunner.java:617)
	at org.testng.SuiteRunner.runTest(SuiteRunner.java:334)
	at org.testng.SuiteRunner.runSequentially(SuiteRunner.java:329)
	at org.testng.SuiteRunner.privateRun(SuiteRunner.java:291)
	at org.testng.SuiteRunner.run(SuiteRunner.java:240)
	at org.testng.SuiteRunnerWorker.runSuite(SuiteRunnerWorker.java:52)
	at org.testng.SuiteRunnerWorker.run(SuiteRunnerWorker.java:86)
	at org.testng.TestNG.runSuitesSequentially(TestNG.java:1224)
	at org.testng.TestNG.runSuitesLocally(TestNG.java:1149)
	at org.testng.TestNG.run(TestNG.java:1057)
	at org.testng.remote.RemoteTestNG.run(RemoteTestNG.java:111)
	at org.testng.remote.RemoteTestNG.initAndRun(RemoteTestNG.java:204)
	at org.testng.remote.RemoteTestNG.main(RemoteTestNG.java:175)
]]>
    </failure>
  </testcase> <!-- allContentsLoadsFromLibrary -->
  <testcase name="allContentsLoadsFromLibrary" time="36.268" classname="tests.webUI.nonFunctional.LibraryContentsTests">
    <failure type="org.openqa.selenium.TimeoutException" message="Timed out after 10 seconds waiting for element to no longer be visible: By.selector: .loadStr
Build info: version: &#039;2.42.1&#039;, revision: &#039;68b415a&#039;, time: &#039;2014-05-29 16:16:49&#039;
System info: host: &#039;piotrbogdanski&#039;, ip: &#039;9.161.136.135&#039;, os.name: &#039;Windows 7&#039;, os.arch: &#039;x86&#039;, os.version: &#039;6.1 build 7601 Service Pack 1&#039;, java.version: &#039;1.6.0&#039;
Driver info: driver.version: unknown">
      <![CDATA[org.openqa.selenium.TimeoutException: Timed out after 10 seconds waiting for element to no longer be visible: By.selector: .loadStr
Build info: version: '2.42.1', revision: '68b415a', time: '2014-05-29 16:16:49'
System info: host: 'piotrbogdanski', ip: '9.161.136.135', os.name: 'Windows 7', os.arch: 'x86', os.version: '6.1 build 7601 Service Pack 1', java.version: '1.6.0'
Driver info: driver.version: unknown
	at org.openqa.selenium.support.ui.FluentWait.timeoutException(FluentWait.java:259)
	at org.openqa.selenium.support.ui.FluentWait.until(FluentWait.java:228)
	at webUI.home.library.mediaTypes.Video.waitForPageToLoad(Video.java:67)
	at webUI.home.library.mediaTypes.Video.<init>(Video.java:43)
	at tests.webUI.nonFunctional.LibraryContentsTests.allContentsLoadsFromLibrary(LibraryContentsTests.java:195)
	at sun.reflect.NativeMethodAccessorImpl.invoke0(Native Method)
	at sun.reflect.NativeMethodAccessorImpl.invoke(NativeMethodAccessorImpl.java:60)
	at sun.reflect.DelegatingMethodAccessorImpl.invoke(DelegatingMethodAccessorImpl.java:37)
	at java.lang.reflect.Method.invoke(Method.java:611)
	at org.testng.internal.MethodInvocationHelper.invokeMethod(MethodInvocationHelper.java:84)
	at org.testng.internal.Invoker.invokeMethod(Invoker.java:714)
	at org.testng.internal.Invoker.invokeTestMethod(Invoker.java:901)
	at org.testng.internal.Invoker.invokeTestMethods(Invoker.java:1231)
	at org.testng.internal.TestMethodWorker.invokeTestMethods(TestMethodWorker.java:127)
	at org.testng.internal.TestMethodWorker.run(TestMethodWorker.java:111)
	at org.testng.TestRunner.privateRun(TestRunner.java:767)
	at org.testng.TestRunner.run(TestRunner.java:617)
	at org.testng.SuiteRunner.runTest(SuiteRunner.java:334)
	at org.testng.SuiteRunner.runSequentially(SuiteRunner.java:329)
	at org.testng.SuiteRunner.privateRun(SuiteRunner.java:291)
	at org.testng.SuiteRunner.run(SuiteRunner.java:240)
	at org.testng.SuiteRunnerWorker.runSuite(SuiteRunnerWorker.java:52)
	at org.testng.SuiteRunnerWorker.run(SuiteRunnerWorker.java:86)
	at org.testng.TestNG.runSuitesSequentially(TestNG.java:1224)
	at org.testng.TestNG.runSuitesLocally(TestNG.java:1149)
	at org.testng.TestNG.run(TestNG.java:1057)
	at org.testng.remote.RemoteTestNG.run(RemoteTestNG.java:111)
	at org.testng.remote.RemoteTestNG.initAndRun(RemoteTestNG.java:204)
	at org.testng.remote.RemoteTestNG.main(RemoteTestNG.java:175)
]]>
    </failure>
  </testcase> <!-- allContentsLoadsFromLibrary -->
  <testcase name="allContentsLoadsFromLibrary" time="43.215" classname="tests.webUI.nonFunctional.LibraryContentsTests">
    <failure type="org.openqa.selenium.TimeoutException" message="Timed out after 10 seconds waiting for element to no longer be visible: By.selector: .loadStr
Build info: version: &#039;2.42.1&#039;, revision: &#039;68b415a&#039;, time: &#039;2014-05-29 16:16:49&#039;
System info: host: &#039;piotrbogdanski&#039;, ip: &#039;9.161.136.135&#039;, os.name: &#039;Windows 7&#039;, os.arch: &#039;x86&#039;, os.version: &#039;6.1 build 7601 Service Pack 1&#039;, java.version: &#039;1.6.0&#039;
Driver info: driver.version: unknown">
      <![CDATA[org.openqa.selenium.TimeoutException: Timed out after 10 seconds waiting for element to no longer be visible: By.selector: .loadStr
Build info: version: '2.42.1', revision: '68b415a', time: '2014-05-29 16:16:49'
System info: host: 'piotrbogdanski', ip: '9.161.136.135', os.name: 'Windows 7', os.arch: 'x86', os.version: '6.1 build 7601 Service Pack 1', java.version: '1.6.0'
Driver info: driver.version: unknown
	at org.openqa.selenium.support.ui.FluentWait.timeoutException(FluentWait.java:259)
	at org.openqa.selenium.support.ui.FluentWait.until(FluentWait.java:228)
	at webUI.home.library.mediaTypes.Video.waitForPageToLoad(Video.java:67)
	at webUI.home.library.mediaTypes.Video.<init>(Video.java:43)
	at tests.webUI.nonFunctional.LibraryContentsTests.allContentsLoadsFromLibrary(LibraryContentsTests.java:195)
	at sun.reflect.GeneratedMethodAccessor22.invoke(Unknown Source)
	at sun.reflect.DelegatingMethodAccessorImpl.invoke(DelegatingMethodAccessorImpl.java:37)
	at java.lang.reflect.Method.invoke(Method.java:611)
	at org.testng.internal.MethodInvocationHelper.invokeMethod(MethodInvocationHelper.java:84)
	at org.testng.internal.Invoker.invokeMethod(Invoker.java:714)
	at org.testng.internal.Invoker.invokeTestMethod(Invoker.java:901)
	at org.testng.internal.Invoker.invokeTestMethods(Invoker.java:1231)
	at org.testng.internal.TestMethodWorker.invokeTestMethods(TestMethodWorker.java:127)
	at org.testng.internal.TestMethodWorker.run(TestMethodWorker.java:111)
	at org.testng.TestRunner.privateRun(TestRunner.java:767)
	at org.testng.TestRunner.run(TestRunner.java:617)
	at org.testng.SuiteRunner.runTest(SuiteRunner.java:334)
	at org.testng.SuiteRunner.runSequentially(SuiteRunner.java:329)
	at org.testng.SuiteRunner.privateRun(SuiteRunner.java:291)
	at org.testng.SuiteRunner.run(SuiteRunner.java:240)
	at org.testng.SuiteRunnerWorker.runSuite(SuiteRunnerWorker.java:52)
	at org.testng.SuiteRunnerWorker.run(SuiteRunnerWorker.java:86)
	at org.testng.TestNG.runSuitesSequentially(TestNG.java:1224)
	at org.testng.TestNG.runSuitesLocally(TestNG.java:1149)
	at org.testng.TestNG.run(TestNG.java:1057)
	at org.testng.remote.RemoteTestNG.run(RemoteTestNG.java:111)
	at org.testng.remote.RemoteTestNG.initAndRun(RemoteTestNG.java:204)
	at org.testng.remote.RemoteTestNG.main(RemoteTestNG.java:175)
]]>
    </failure>
  </testcase> <!-- allContentsLoadsFromLibrary -->
  <testcase name="allContentsLoadsFromLibrary" time="38.816" classname="tests.webUI.nonFunctional.LibraryContentsTests">
    <failure type="org.openqa.selenium.TimeoutException" message="Timed out after 10 seconds waiting for element to no longer be visible: By.selector: .loadStr
Build info: version: &#039;2.42.1&#039;, revision: &#039;68b415a&#039;, time: &#039;2014-05-29 16:16:49&#039;
System info: host: &#039;piotrbogdanski&#039;, ip: &#039;9.161.136.135&#039;, os.name: &#039;Windows 7&#039;, os.arch: &#039;x86&#039;, os.version: &#039;6.1 build 7601 Service Pack 1&#039;, java.version: &#039;1.6.0&#039;
Driver info: driver.version: unknown">
      <![CDATA[org.openqa.selenium.TimeoutException: Timed out after 10 seconds waiting for element to no longer be visible: By.selector: .loadStr
Build info: version: '2.42.1', revision: '68b415a', time: '2014-05-29 16:16:49'
System info: host: 'piotrbogdanski', ip: '9.161.136.135', os.name: 'Windows 7', os.arch: 'x86', os.version: '6.1 build 7601 Service Pack 1', java.version: '1.6.0'
Driver info: driver.version: unknown
	at org.openqa.selenium.support.ui.FluentWait.timeoutException(FluentWait.java:259)
	at org.openqa.selenium.support.ui.FluentWait.until(FluentWait.java:228)
	at webUI.home.library.mediaTypes.Video.waitForPageToLoad(Video.java:67)
	at webUI.home.library.mediaTypes.Video.<init>(Video.java:43)
	at tests.webUI.nonFunctional.LibraryContentsTests.allContentsLoadsFromLibrary(LibraryContentsTests.java:195)
	at sun.reflect.GeneratedMethodAccessor22.invoke(Unknown Source)
	at sun.reflect.DelegatingMethodAccessorImpl.invoke(DelegatingMethodAccessorImpl.java:37)
	at java.lang.reflect.Method.invoke(Method.java:611)
	at org.testng.internal.MethodInvocationHelper.invokeMethod(MethodInvocationHelper.java:84)
	at org.testng.internal.Invoker.invokeMethod(Invoker.java:714)
	at org.testng.internal.Invoker.invokeTestMethod(Invoker.java:901)
	at org.testng.internal.Invoker.invokeTestMethods(Invoker.java:1231)
	at org.testng.internal.TestMethodWorker.invokeTestMethods(TestMethodWorker.java:127)
	at org.testng.internal.TestMethodWorker.run(TestMethodWorker.java:111)
	at org.testng.TestRunner.privateRun(TestRunner.java:767)
	at org.testng.TestRunner.run(TestRunner.java:617)
	at org.testng.SuiteRunner.runTest(SuiteRunner.java:334)
	at org.testng.SuiteRunner.runSequentially(SuiteRunner.java:329)
	at org.testng.SuiteRunner.privateRun(SuiteRunner.java:291)
	at org.testng.SuiteRunner.run(SuiteRunner.java:240)
	at org.testng.SuiteRunnerWorker.runSuite(SuiteRunnerWorker.java:52)
	at org.testng.SuiteRunnerWorker.run(SuiteRunnerWorker.java:86)
	at org.testng.TestNG.runSuitesSequentially(TestNG.java:1224)
	at org.testng.TestNG.runSuitesLocally(TestNG.java:1149)
	at org.testng.TestNG.run(TestNG.java:1057)
	at org.testng.remote.RemoteTestNG.run(RemoteTestNG.java:111)
	at org.testng.remote.RemoteTestNG.initAndRun(RemoteTestNG.java:204)
	at org.testng.remote.RemoteTestNG.main(RemoteTestNG.java:175)
]]>
    </failure>
  </testcase> <!-- allContentsLoadsFromLibrary -->
  <testcase name="allContentsLoadsFromLibrary" time="41.314" classname="tests.webUI.nonFunctional.LibraryContentsTests">
    <failure type="org.openqa.selenium.TimeoutException" message="Timed out after 10 seconds waiting for element to no longer be visible: By.selector: .loadStr
Build info: version: &#039;2.42.1&#039;, revision: &#039;68b415a&#039;, time: &#039;2014-05-29 16:16:49&#039;
System info: host: &#039;piotrbogdanski&#039;, ip: &#039;9.161.136.135&#039;, os.name: &#039;Windows 7&#039;, os.arch: &#039;x86&#039;, os.version: &#039;6.1 build 7601 Service Pack 1&#039;, java.version: &#039;1.6.0&#039;
Driver info: driver.version: unknown">
      <![CDATA[org.openqa.selenium.TimeoutException: Timed out after 10 seconds waiting for element to no longer be visible: By.selector: .loadStr
Build info: version: '2.42.1', revision: '68b415a', time: '2014-05-29 16:16:49'
System info: host: 'piotrbogdanski', ip: '9.161.136.135', os.name: 'Windows 7', os.arch: 'x86', os.version: '6.1 build 7601 Service Pack 1', java.version: '1.6.0'
Driver info: driver.version: unknown
	at org.openqa.selenium.support.ui.FluentWait.timeoutException(FluentWait.java:259)
	at org.openqa.selenium.support.ui.FluentWait.until(FluentWait.java:228)
	at webUI.home.library.mediaTypes.Video.waitForPageToLoad(Video.java:67)
	at webUI.home.library.mediaTypes.Video.<init>(Video.java:43)
	at tests.webUI.nonFunctional.LibraryContentsTests.allContentsLoadsFromLibrary(LibraryContentsTests.java:195)
	at sun.reflect.GeneratedMethodAccessor22.invoke(Unknown Source)
	at sun.reflect.DelegatingMethodAccessorImpl.invoke(DelegatingMethodAccessorImpl.java:37)
	at java.lang.reflect.Method.invoke(Method.java:611)
	at org.testng.internal.MethodInvocationHelper.invokeMethod(MethodInvocationHelper.java:84)
	at org.testng.internal.Invoker.invokeMethod(Invoker.java:714)
	at org.testng.internal.Invoker.invokeTestMethod(Invoker.java:901)
	at org.testng.internal.Invoker.invokeTestMethods(Invoker.java:1231)
	at org.testng.internal.TestMethodWorker.invokeTestMethods(TestMethodWorker.java:127)
	at org.testng.internal.TestMethodWorker.run(TestMethodWorker.java:111)
	at org.testng.TestRunner.privateRun(TestRunner.java:767)
	at org.testng.TestRunner.run(TestRunner.java:617)
	at org.testng.SuiteRunner.runTest(SuiteRunner.java:334)
	at org.testng.SuiteRunner.runSequentially(SuiteRunner.java:329)
	at org.testng.SuiteRunner.privateRun(SuiteRunner.java:291)
	at org.testng.SuiteRunner.run(SuiteRunner.java:240)
	at org.testng.SuiteRunnerWorker.runSuite(SuiteRunnerWorker.java:52)
	at org.testng.SuiteRunnerWorker.run(SuiteRunnerWorker.java:86)
	at org.testng.TestNG.runSuitesSequentially(TestNG.java:1224)
	at org.testng.TestNG.runSuitesLocally(TestNG.java:1149)
	at org.testng.TestNG.run(TestNG.java:1057)
	at org.testng.remote.RemoteTestNG.run(RemoteTestNG.java:111)
	at org.testng.remote.RemoteTestNG.initAndRun(RemoteTestNG.java:204)
	at org.testng.remote.RemoteTestNG.main(RemoteTestNG.java:175)
]]>
    </failure>
  </testcase> <!-- allContentsLoadsFromLibrary -->
  <testcase name="allContentsLoadsFromLibrary" time="39.673" classname="tests.webUI.nonFunctional.LibraryContentsTests">
    <failure type="org.openqa.selenium.TimeoutException" message="Timed out after 10 seconds waiting for element to no longer be visible: By.selector: .loadStr
Build info: version: &#039;2.42.1&#039;, revision: &#039;68b415a&#039;, time: &#039;2014-05-29 16:16:49&#039;
System info: host: &#039;piotrbogdanski&#039;, ip: &#039;9.161.136.135&#039;, os.name: &#039;Windows 7&#039;, os.arch: &#039;x86&#039;, os.version: &#039;6.1 build 7601 Service Pack 1&#039;, java.version: &#039;1.6.0&#039;
Driver info: driver.version: unknown">
      <![CDATA[org.openqa.selenium.TimeoutException: Timed out after 10 seconds waiting for element to no longer be visible: By.selector: .loadStr
Build info: version: '2.42.1', revision: '68b415a', time: '2014-05-29 16:16:49'
System info: host: 'piotrbogdanski', ip: '9.161.136.135', os.name: 'Windows 7', os.arch: 'x86', os.version: '6.1 build 7601 Service Pack 1', java.version: '1.6.0'
Driver info: driver.version: unknown
	at org.openqa.selenium.support.ui.FluentWait.timeoutException(FluentWait.java:259)
	at org.openqa.selenium.support.ui.FluentWait.until(FluentWait.java:228)
	at webUI.home.library.mediaTypes.Video.waitForPageToLoad(Video.java:67)
	at webUI.home.library.mediaTypes.Video.<init>(Video.java:43)
	at tests.webUI.nonFunctional.LibraryContentsTests.allContentsLoadsFromLibrary(LibraryContentsTests.java:195)
	at sun.reflect.GeneratedMethodAccessor22.invoke(Unknown Source)
	at sun.reflect.DelegatingMethodAccessorImpl.invoke(DelegatingMethodAccessorImpl.java:37)
	at java.lang.reflect.Method.invoke(Method.java:611)
	at org.testng.internal.MethodInvocationHelper.invokeMethod(MethodInvocationHelper.java:84)
	at org.testng.internal.Invoker.invokeMethod(Invoker.java:714)
	at org.testng.internal.Invoker.invokeTestMethod(Invoker.java:901)
	at org.testng.internal.Invoker.invokeTestMethods(Invoker.java:1231)
	at org.testng.internal.TestMethodWorker.invokeTestMethods(TestMethodWorker.java:127)
	at org.testng.internal.TestMethodWorker.run(TestMethodWorker.java:111)
	at org.testng.TestRunner.privateRun(TestRunner.java:767)
	at org.testng.TestRunner.run(TestRunner.java:617)
	at org.testng.SuiteRunner.runTest(SuiteRunner.java:334)
	at org.testng.SuiteRunner.runSequentially(SuiteRunner.java:329)
	at org.testng.SuiteRunner.privateRun(SuiteRunner.java:291)
	at org.testng.SuiteRunner.run(SuiteRunner.java:240)
	at org.testng.SuiteRunnerWorker.runSuite(SuiteRunnerWorker.java:52)
	at org.testng.SuiteRunnerWorker.run(SuiteRunnerWorker.java:86)
	at org.testng.TestNG.runSuitesSequentially(TestNG.java:1224)
	at org.testng.TestNG.runSuitesLocally(TestNG.java:1149)
	at org.testng.TestNG.run(TestNG.java:1057)
	at org.testng.remote.RemoteTestNG.run(RemoteTestNG.java:111)
	at org.testng.remote.RemoteTestNG.initAndRun(RemoteTestNG.java:204)
	at org.testng.remote.RemoteTestNG.main(RemoteTestNG.java:175)
]]>
    </failure>
  </testcase> <!-- allContentsLoadsFromLibrary -->
  <testcase name="allContentsLoadsFromLibrary" time="38.446" classname="tests.webUI.nonFunctional.LibraryContentsTests">
    <failure type="org.openqa.selenium.TimeoutException" message="Timed out after 10 seconds waiting for element to no longer be visible: By.selector: .loadStr
Build info: version: &#039;2.42.1&#039;, revision: &#039;68b415a&#039;, time: &#039;2014-05-29 16:16:49&#039;
System info: host: &#039;piotrbogdanski&#039;, ip: &#039;9.161.136.135&#039;, os.name: &#039;Windows 7&#039;, os.arch: &#039;x86&#039;, os.version: &#039;6.1 build 7601 Service Pack 1&#039;, java.version: &#039;1.6.0&#039;
Driver info: driver.version: unknown">
      <![CDATA[org.openqa.selenium.TimeoutException: Timed out after 10 seconds waiting for element to no longer be visible: By.selector: .loadStr
Build info: version: '2.42.1', revision: '68b415a', time: '2014-05-29 16:16:49'
System info: host: 'piotrbogdanski', ip: '9.161.136.135', os.name: 'Windows 7', os.arch: 'x86', os.version: '6.1 build 7601 Service Pack 1', java.version: '1.6.0'
Driver info: driver.version: unknown
	at org.openqa.selenium.support.ui.FluentWait.timeoutException(FluentWait.java:259)
	at org.openqa.selenium.support.ui.FluentWait.until(FluentWait.java:228)
	at webUI.home.library.mediaTypes.Video.waitForPageToLoad(Video.java:67)
	at webUI.home.library.mediaTypes.Video.<init>(Video.java:43)
	at tests.webUI.nonFunctional.LibraryContentsTests.allContentsLoadsFromLibrary(LibraryContentsTests.java:195)
	at sun.reflect.GeneratedMethodAccessor22.invoke(Unknown Source)
	at sun.reflect.DelegatingMethodAccessorImpl.invoke(DelegatingMethodAccessorImpl.java:37)
	at java.lang.reflect.Method.invoke(Method.java:611)
	at org.testng.internal.MethodInvocationHelper.invokeMethod(MethodInvocationHelper.java:84)
	at org.testng.internal.Invoker.invokeMethod(Invoker.java:714)
	at org.testng.internal.Invoker.invokeTestMethod(Invoker.java:901)
	at org.testng.internal.Invoker.invokeTestMethods(Invoker.java:1231)
	at org.testng.internal.TestMethodWorker.invokeTestMethods(TestMethodWorker.java:127)
	at org.testng.internal.TestMethodWorker.run(TestMethodWorker.java:111)
	at org.testng.TestRunner.privateRun(TestRunner.java:767)
	at org.testng.TestRunner.run(TestRunner.java:617)
	at org.testng.SuiteRunner.runTest(SuiteRunner.java:334)
	at org.testng.SuiteRunner.runSequentially(SuiteRunner.java:329)
	at org.testng.SuiteRunner.privateRun(SuiteRunner.java:291)
	at org.testng.SuiteRunner.run(SuiteRunner.java:240)
	at org.testng.SuiteRunnerWorker.runSuite(SuiteRunnerWorker.java:52)
	at org.testng.SuiteRunnerWorker.run(SuiteRunnerWorker.java:86)
	at org.testng.TestNG.runSuitesSequentially(TestNG.java:1224)
	at org.testng.TestNG.runSuitesLocally(TestNG.java:1149)
	at org.testng.TestNG.run(TestNG.java:1057)
	at org.testng.remote.RemoteTestNG.run(RemoteTestNG.java:111)
	at org.testng.remote.RemoteTestNG.initAndRun(RemoteTestNG.java:204)
	at org.testng.remote.RemoteTestNG.main(RemoteTestNG.java:175)
]]>
    </failure>
  </testcase> <!-- allContentsLoadsFromLibrary -->
  <testcase name="allContentsLoadsFromLibrary" time="44.558" classname="tests.webUI.nonFunctional.LibraryContentsTests">
    <failure type="org.openqa.selenium.TimeoutException" message="Timed out after 10 seconds waiting for element to no longer be visible: By.selector: .loadStr
Build info: version: &#039;2.42.1&#039;, revision: &#039;68b415a&#039;, time: &#039;2014-05-29 16:16:49&#039;
System info: host: &#039;piotrbogdanski&#039;, ip: &#039;9.161.136.135&#039;, os.name: &#039;Windows 7&#039;, os.arch: &#039;x86&#039;, os.version: &#039;6.1 build 7601 Service Pack 1&#039;, java.version: &#039;1.6.0&#039;
Driver info: driver.version: unknown">
      <![CDATA[org.openqa.selenium.TimeoutException: Timed out after 10 seconds waiting for element to no longer be visible: By.selector: .loadStr
Build info: version: '2.42.1', revision: '68b415a', time: '2014-05-29 16:16:49'
System info: host: 'piotrbogdanski', ip: '9.161.136.135', os.name: 'Windows 7', os.arch: 'x86', os.version: '6.1 build 7601 Service Pack 1', java.version: '1.6.0'
Driver info: driver.version: unknown
	at org.openqa.selenium.support.ui.FluentWait.timeoutException(FluentWait.java:259)
	at org.openqa.selenium.support.ui.FluentWait.until(FluentWait.java:228)
	at webUI.home.library.mediaTypes.Video.waitForPageToLoad(Video.java:67)
	at webUI.home.library.mediaTypes.Video.<init>(Video.java:43)
	at tests.webUI.nonFunctional.LibraryContentsTests.allContentsLoadsFromLibrary(LibraryContentsTests.java:195)
	at sun.reflect.GeneratedMethodAccessor22.invoke(Unknown Source)
	at sun.reflect.DelegatingMethodAccessorImpl.invoke(DelegatingMethodAccessorImpl.java:37)
	at java.lang.reflect.Method.invoke(Method.java:611)
	at org.testng.internal.MethodInvocationHelper.invokeMethod(MethodInvocationHelper.java:84)
	at org.testng.internal.Invoker.invokeMethod(Invoker.java:714)
	at org.testng.internal.Invoker.invokeTestMethod(Invoker.java:901)
	at org.testng.internal.Invoker.invokeTestMethods(Invoker.java:1231)
	at org.testng.internal.TestMethodWorker.invokeTestMethods(TestMethodWorker.java:127)
	at org.testng.internal.TestMethodWorker.run(TestMethodWorker.java:111)
	at org.testng.TestRunner.privateRun(TestRunner.java:767)
	at org.testng.TestRunner.run(TestRunner.java:617)
	at org.testng.SuiteRunner.runTest(SuiteRunner.java:334)
	at org.testng.SuiteRunner.runSequentially(SuiteRunner.java:329)
	at org.testng.SuiteRunner.privateRun(SuiteRunner.java:291)
	at org.testng.SuiteRunner.run(SuiteRunner.java:240)
	at org.testng.SuiteRunnerWorker.runSuite(SuiteRunnerWorker.java:52)
	at org.testng.SuiteRunnerWorker.run(SuiteRunnerWorker.java:86)
	at org.testng.TestNG.runSuitesSequentially(TestNG.java:1224)
	at org.testng.TestNG.runSuitesLocally(TestNG.java:1149)
	at org.testng.TestNG.run(TestNG.java:1057)
	at org.testng.remote.RemoteTestNG.run(RemoteTestNG.java:111)
	at org.testng.remote.RemoteTestNG.initAndRun(RemoteTestNG.java:204)
	at org.testng.remote.RemoteTestNG.main(RemoteTestNG.java:175)
]]>
    </failure>
  </testcase> <!-- allContentsLoadsFromLibrary -->
  <testcase name="allContentsLoadsFromLibrary" time="37.862" classname="tests.webUI.nonFunctional.LibraryContentsTests">
    <failure type="org.openqa.selenium.TimeoutException" message="Timed out after 10 seconds waiting for element to no longer be visible: By.selector: .loadStr
Build info: version: &#039;2.42.1&#039;, revision: &#039;68b415a&#039;, time: &#039;2014-05-29 16:16:49&#039;
System info: host: &#039;piotrbogdanski&#039;, ip: &#039;9.161.136.135&#039;, os.name: &#039;Windows 7&#039;, os.arch: &#039;x86&#039;, os.version: &#039;6.1 build 7601 Service Pack 1&#039;, java.version: &#039;1.6.0&#039;
Driver info: driver.version: unknown">
      <![CDATA[org.openqa.selenium.TimeoutException: Timed out after 10 seconds waiting for element to no longer be visible: By.selector: .loadStr
Build info: version: '2.42.1', revision: '68b415a', time: '2014-05-29 16:16:49'
System info: host: 'piotrbogdanski', ip: '9.161.136.135', os.name: 'Windows 7', os.arch: 'x86', os.version: '6.1 build 7601 Service Pack 1', java.version: '1.6.0'
Driver info: driver.version: unknown
	at org.openqa.selenium.support.ui.FluentWait.timeoutException(FluentWait.java:259)
	at org.openqa.selenium.support.ui.FluentWait.until(FluentWait.java:228)
	at webUI.home.library.mediaTypes.Video.waitForPageToLoad(Video.java:67)
	at webUI.home.library.mediaTypes.Video.<init>(Video.java:43)
	at tests.webUI.nonFunctional.LibraryContentsTests.allContentsLoadsFromLibrary(LibraryContentsTests.java:195)
	at sun.reflect.NativeMethodAccessorImpl.invoke0(Native Method)
	at sun.reflect.NativeMethodAccessorImpl.invoke(NativeMethodAccessorImpl.java:60)
	at sun.reflect.DelegatingMethodAccessorImpl.invoke(DelegatingMethodAccessorImpl.java:37)
	at java.lang.reflect.Method.invoke(Method.java:611)
	at org.testng.internal.MethodInvocationHelper.invokeMethod(MethodInvocationHelper.java:84)
	at org.testng.internal.Invoker.invokeMethod(Invoker.java:714)
	at org.testng.internal.Invoker.invokeTestMethod(Invoker.java:901)
	at org.testng.internal.Invoker.invokeTestMethods(Invoker.java:1231)
	at org.testng.internal.TestMethodWorker.invokeTestMethods(TestMethodWorker.java:127)
	at org.testng.internal.TestMethodWorker.run(TestMethodWorker.java:111)
	at org.testng.TestRunner.privateRun(TestRunner.java:767)
	at org.testng.TestRunner.run(TestRunner.java:617)
	at org.testng.SuiteRunner.runTest(SuiteRunner.java:334)
	at org.testng.SuiteRunner.runSequentially(SuiteRunner.java:329)
	at org.testng.SuiteRunner.privateRun(SuiteRunner.java:291)
	at org.testng.SuiteRunner.run(SuiteRunner.java:240)
	at org.testng.SuiteRunnerWorker.runSuite(SuiteRunnerWorker.java:52)
	at org.testng.SuiteRunnerWorker.run(SuiteRunnerWorker.java:86)
	at org.testng.TestNG.runSuitesSequentially(TestNG.java:1224)
	at org.testng.TestNG.runSuitesLocally(TestNG.java:1149)
	at org.testng.TestNG.run(TestNG.java:1057)
	at org.testng.remote.RemoteTestNG.run(RemoteTestNG.java:111)
	at org.testng.remote.RemoteTestNG.initAndRun(RemoteTestNG.java:204)
	at org.testng.remote.RemoteTestNG.main(RemoteTestNG.java:175)
]]>
    </failure>
  </testcase> <!-- allContentsLoadsFromLibrary -->
  <testcase name="allContentsLoadsFromLibrary" time="37.324" classname="tests.webUI.nonFunctional.LibraryContentsTests">
    <failure type="org.openqa.selenium.TimeoutException" message="Timed out after 10 seconds waiting for element to no longer be visible: By.selector: .loadStr
Build info: version: &#039;2.42.1&#039;, revision: &#039;68b415a&#039;, time: &#039;2014-05-29 16:16:49&#039;
System info: host: &#039;piotrbogdanski&#039;, ip: &#039;9.161.136.135&#039;, os.name: &#039;Windows 7&#039;, os.arch: &#039;x86&#039;, os.version: &#039;6.1 build 7601 Service Pack 1&#039;, java.version: &#039;1.6.0&#039;
Driver info: driver.version: unknown">
      <![CDATA[org.openqa.selenium.TimeoutException: Timed out after 10 seconds waiting for element to no longer be visible: By.selector: .loadStr
Build info: version: '2.42.1', revision: '68b415a', time: '2014-05-29 16:16:49'
System info: host: 'piotrbogdanski', ip: '9.161.136.135', os.name: 'Windows 7', os.arch: 'x86', os.version: '6.1 build 7601 Service Pack 1', java.version: '1.6.0'
Driver info: driver.version: unknown
	at org.openqa.selenium.support.ui.FluentWait.timeoutException(FluentWait.java:259)
	at org.openqa.selenium.support.ui.FluentWait.until(FluentWait.java:228)
	at webUI.home.library.mediaTypes.Video.waitForPageToLoad(Video.java:67)
	at webUI.home.library.mediaTypes.Video.<init>(Video.java:43)
	at tests.webUI.nonFunctional.LibraryContentsTests.allContentsLoadsFromLibrary(LibraryContentsTests.java:195)
	at sun.reflect.NativeMethodAccessorImpl.invoke0(Native Method)
	at sun.reflect.NativeMethodAccessorImpl.invoke(NativeMethodAccessorImpl.java:60)
	at sun.reflect.DelegatingMethodAccessorImpl.invoke(DelegatingMethodAccessorImpl.java:37)
	at java.lang.reflect.Method.invoke(Method.java:611)
	at org.testng.internal.MethodInvocationHelper.invokeMethod(MethodInvocationHelper.java:84)
	at org.testng.internal.Invoker.invokeMethod(Invoker.java:714)
	at org.testng.internal.Invoker.invokeTestMethod(Invoker.java:901)
	at org.testng.internal.Invoker.invokeTestMethods(Invoker.java:1231)
	at org.testng.internal.TestMethodWorker.invokeTestMethods(TestMethodWorker.java:127)
	at org.testng.internal.TestMethodWorker.run(TestMethodWorker.java:111)
	at org.testng.TestRunner.privateRun(TestRunner.java:767)
	at org.testng.TestRunner.run(TestRunner.java:617)
	at org.testng.SuiteRunner.runTest(SuiteRunner.java:334)
	at org.testng.SuiteRunner.runSequentially(SuiteRunner.java:329)
	at org.testng.SuiteRunner.privateRun(SuiteRunner.java:291)
	at org.testng.SuiteRunner.run(SuiteRunner.java:240)
	at org.testng.SuiteRunnerWorker.runSuite(SuiteRunnerWorker.java:52)
	at org.testng.SuiteRunnerWorker.run(SuiteRunnerWorker.java:86)
	at org.testng.TestNG.runSuitesSequentially(TestNG.java:1224)
	at org.testng.TestNG.runSuitesLocally(TestNG.java:1149)
	at org.testng.TestNG.run(TestNG.java:1057)
	at org.testng.remote.RemoteTestNG.run(RemoteTestNG.java:111)
	at org.testng.remote.RemoteTestNG.initAndRun(RemoteTestNG.java:204)
	at org.testng.remote.RemoteTestNG.main(RemoteTestNG.java:175)
]]>
    </failure>
  </testcase> <!-- allContentsLoadsFromLibrary -->
  <testcase name="allContentsLoadsFromLibrary" time="40.452" classname="tests.webUI.nonFunctional.LibraryContentsTests">
    <failure type="org.openqa.selenium.TimeoutException" message="Timed out after 10 seconds waiting for element to no longer be visible: By.selector: .loadStr
Build info: version: &#039;2.42.1&#039;, revision: &#039;68b415a&#039;, time: &#039;2014-05-29 16:16:49&#039;
System info: host: &#039;piotrbogdanski&#039;, ip: &#039;9.161.136.135&#039;, os.name: &#039;Windows 7&#039;, os.arch: &#039;x86&#039;, os.version: &#039;6.1 build 7601 Service Pack 1&#039;, java.version: &#039;1.6.0&#039;
Driver info: driver.version: unknown">
      <![CDATA[org.openqa.selenium.TimeoutException: Timed out after 10 seconds waiting for element to no longer be visible: By.selector: .loadStr
Build info: version: '2.42.1', revision: '68b415a', time: '2014-05-29 16:16:49'
System info: host: 'piotrbogdanski', ip: '9.161.136.135', os.name: 'Windows 7', os.arch: 'x86', os.version: '6.1 build 7601 Service Pack 1', java.version: '1.6.0'
Driver info: driver.version: unknown
	at org.openqa.selenium.support.ui.FluentWait.timeoutException(FluentWait.java:259)
	at org.openqa.selenium.support.ui.FluentWait.until(FluentWait.java:228)
	at webUI.home.library.mediaTypes.Video.waitForPageToLoad(Video.java:67)
	at webUI.home.library.mediaTypes.Video.<init>(Video.java:43)
	at tests.webUI.nonFunctional.LibraryContentsTests.allContentsLoadsFromLibrary(LibraryContentsTests.java:195)
	at sun.reflect.GeneratedMethodAccessor22.invoke(Unknown Source)
	at sun.reflect.DelegatingMethodAccessorImpl.invoke(DelegatingMethodAccessorImpl.java:37)
	at java.lang.reflect.Method.invoke(Method.java:611)
	at org.testng.internal.MethodInvocationHelper.invokeMethod(MethodInvocationHelper.java:84)
	at org.testng.internal.Invoker.invokeMethod(Invoker.java:714)
	at org.testng.internal.Invoker.invokeTestMethod(Invoker.java:901)
	at org.testng.internal.Invoker.invokeTestMethods(Invoker.java:1231)
	at org.testng.internal.TestMethodWorker.invokeTestMethods(TestMethodWorker.java:127)
	at org.testng.internal.TestMethodWorker.run(TestMethodWorker.java:111)
	at org.testng.TestRunner.privateRun(TestRunner.java:767)
	at org.testng.TestRunner.run(TestRunner.java:617)
	at org.testng.SuiteRunner.runTest(SuiteRunner.java:334)
	at org.testng.SuiteRunner.runSequentially(SuiteRunner.java:329)
	at org.testng.SuiteRunner.privateRun(SuiteRunner.java:291)
	at org.testng.SuiteRunner.run(SuiteRunner.java:240)
	at org.testng.SuiteRunnerWorker.runSuite(SuiteRunnerWorker.java:52)
	at org.testng.SuiteRunnerWorker.run(SuiteRunnerWorker.java:86)
	at org.testng.TestNG.runSuitesSequentially(TestNG.java:1224)
	at org.testng.TestNG.runSuitesLocally(TestNG.java:1149)
	at org.testng.TestNG.run(TestNG.java:1057)
	at org.testng.remote.RemoteTestNG.run(RemoteTestNG.java:111)
	at org.testng.remote.RemoteTestNG.initAndRun(RemoteTestNG.java:204)
	at org.testng.remote.RemoteTestNG.main(RemoteTestNG.java:175)
]]>
    </failure>
  </testcase> <!-- allContentsLoadsFromLibrary -->
  <testcase name="allContentsLoadsFromLibrary" time="41.755" classname="tests.webUI.nonFunctional.LibraryContentsTests">
    <failure type="org.openqa.selenium.TimeoutException" message="Timed out after 20 seconds waiting for element to no longer be visible: By.selector: .loadStr
Build info: version: &#039;2.42.1&#039;, revision: &#039;68b415a&#039;, time: &#039;2014-05-29 16:16:49&#039;
System info: host: &#039;piotrbogdanski&#039;, ip: &#039;9.161.136.135&#039;, os.name: &#039;Windows 7&#039;, os.arch: &#039;x86&#039;, os.version: &#039;6.1 build 7601 Service Pack 1&#039;, java.version: &#039;1.6.0&#039;
Driver info: driver.version: unknown">
      <![CDATA[org.openqa.selenium.TimeoutException: Timed out after 20 seconds waiting for element to no longer be visible: By.selector: .loadStr
Build info: version: '2.42.1', revision: '68b415a', time: '2014-05-29 16:16:49'
System info: host: 'piotrbogdanski', ip: '9.161.136.135', os.name: 'Windows 7', os.arch: 'x86', os.version: '6.1 build 7601 Service Pack 1', java.version: '1.6.0'
Driver info: driver.version: unknown
	at org.openqa.selenium.support.ui.FluentWait.timeoutException(FluentWait.java:259)
	at org.openqa.selenium.support.ui.FluentWait.until(FluentWait.java:228)
	at webUI.home.library.mediaTypes.Video.waitForPageToLoad(Video.java:56)
	at webUI.home.library.mediaTypes.Video.<init>(Video.java:43)
	at tests.webUI.nonFunctional.LibraryContentsTests.allContentsLoadsFromLibrary(LibraryContentsTests.java:195)
	at sun.reflect.NativeMethodAccessorImpl.invoke0(Native Method)
	at sun.reflect.NativeMethodAccessorImpl.invoke(NativeMethodAccessorImpl.java:60)
	at sun.reflect.DelegatingMethodAccessorImpl.invoke(DelegatingMethodAccessorImpl.java:37)
	at java.lang.reflect.Method.invoke(Method.java:611)
	at org.testng.internal.MethodInvocationHelper.invokeMethod(MethodInvocationHelper.java:84)
	at org.testng.internal.Invoker.invokeMethod(Invoker.java:714)
	at org.testng.internal.Invoker.invokeTestMethod(Invoker.java:901)
	at org.testng.internal.Invoker.invokeTestMethods(Invoker.java:1231)
	at org.testng.internal.TestMethodWorker.invokeTestMethods(TestMethodWorker.java:127)
	at org.testng.internal.TestMethodWorker.run(TestMethodWorker.java:111)
	at org.testng.TestRunner.privateRun(TestRunner.java:767)
	at org.testng.TestRunner.run(TestRunner.java:617)
	at org.testng.SuiteRunner.runTest(SuiteRunner.java:334)
	at org.testng.SuiteRunner.runSequentially(SuiteRunner.java:329)
	at org.testng.SuiteRunner.privateRun(SuiteRunner.java:291)
	at org.testng.SuiteRunner.run(SuiteRunner.java:240)
	at org.testng.SuiteRunnerWorker.runSuite(SuiteRunnerWorker.java:52)
	at org.testng.SuiteRunnerWorker.run(SuiteRunnerWorker.java:86)
	at org.testng.TestNG.runSuitesSequentially(TestNG.java:1224)
	at org.testng.TestNG.runSuitesLocally(TestNG.java:1149)
	at org.testng.TestNG.run(TestNG.java:1057)
	at org.testng.remote.RemoteTestNG.run(RemoteTestNG.java:111)
	at org.testng.remote.RemoteTestNG.initAndRun(RemoteTestNG.java:204)
	at org.testng.remote.RemoteTestNG.main(RemoteTestNG.java:175)
]]>
    </failure>
  </testcase> <!-- allContentsLoadsFromLibrary -->
  <testcase name="allContentsLoadsFromLibrary" time="37.755" classname="tests.webUI.nonFunctional.LibraryContentsTests">
    <failure type="org.openqa.selenium.TimeoutException" message="Timed out after 10 seconds waiting for element to no longer be visible: By.selector: .loadStr
Build info: version: &#039;2.42.1&#039;, revision: &#039;68b415a&#039;, time: &#039;2014-05-29 16:16:49&#039;
System info: host: &#039;piotrbogdanski&#039;, ip: &#039;9.161.136.135&#039;, os.name: &#039;Windows 7&#039;, os.arch: &#039;x86&#039;, os.version: &#039;6.1 build 7601 Service Pack 1&#039;, java.version: &#039;1.6.0&#039;
Driver info: driver.version: unknown">
      <![CDATA[org.openqa.selenium.TimeoutException: Timed out after 10 seconds waiting for element to no longer be visible: By.selector: .loadStr
Build info: version: '2.42.1', revision: '68b415a', time: '2014-05-29 16:16:49'
System info: host: 'piotrbogdanski', ip: '9.161.136.135', os.name: 'Windows 7', os.arch: 'x86', os.version: '6.1 build 7601 Service Pack 1', java.version: '1.6.0'
Driver info: driver.version: unknown
	at org.openqa.selenium.support.ui.FluentWait.timeoutException(FluentWait.java:259)
	at org.openqa.selenium.support.ui.FluentWait.until(FluentWait.java:228)
	at webUI.home.library.mediaTypes.Video.waitForPageToLoad(Video.java:67)
	at webUI.home.library.mediaTypes.Video.<init>(Video.java:43)
	at tests.webUI.nonFunctional.LibraryContentsTests.allContentsLoadsFromLibrary(LibraryContentsTests.java:195)
	at sun.reflect.NativeMethodAccessorImpl.invoke0(Native Method)
	at sun.reflect.NativeMethodAccessorImpl.invoke(NativeMethodAccessorImpl.java:60)
	at sun.reflect.DelegatingMethodAccessorImpl.invoke(DelegatingMethodAccessorImpl.java:37)
	at java.lang.reflect.Method.invoke(Method.java:611)
	at org.testng.internal.MethodInvocationHelper.invokeMethod(MethodInvocationHelper.java:84)
	at org.testng.internal.Invoker.invokeMethod(Invoker.java:714)
	at org.testng.internal.Invoker.invokeTestMethod(Invoker.java:901)
	at org.testng.internal.Invoker.invokeTestMethods(Invoker.java:1231)
	at org.testng.internal.TestMethodWorker.invokeTestMethods(TestMethodWorker.java:127)
	at org.testng.internal.TestMethodWorker.run(TestMethodWorker.java:111)
	at org.testng.TestRunner.privateRun(TestRunner.java:767)
	at org.testng.TestRunner.run(TestRunner.java:617)
	at org.testng.SuiteRunner.runTest(SuiteRunner.java:334)
	at org.testng.SuiteRunner.runSequentially(SuiteRunner.java:329)
	at org.testng.SuiteRunner.privateRun(SuiteRunner.java:291)
	at org.testng.SuiteRunner.run(SuiteRunner.java:240)
	at org.testng.SuiteRunnerWorker.runSuite(SuiteRunnerWorker.java:52)
	at org.testng.SuiteRunnerWorker.run(SuiteRunnerWorker.java:86)
	at org.testng.TestNG.runSuitesSequentially(TestNG.java:1224)
	at org.testng.TestNG.runSuitesLocally(TestNG.java:1149)
	at org.testng.TestNG.run(TestNG.java:1057)
	at org.testng.remote.RemoteTestNG.run(RemoteTestNG.java:111)
	at org.testng.remote.RemoteTestNG.initAndRun(RemoteTestNG.java:204)
	at org.testng.remote.RemoteTestNG.main(RemoteTestNG.java:175)
]]>
    </failure>
  </testcase> <!-- allContentsLoadsFromLibrary -->
  <testcase name="getContentCount" time="60.631" classname="tests.webUI.nonFunctional.LibraryContentsTests"/>
  <testcase name="allContentsLoadsFromLibrary" time="39.971" classname="tests.webUI.nonFunctional.LibraryContentsTests">
    <failure type="org.openqa.selenium.TimeoutException" message="Timed out after 10 seconds waiting for element to no longer be visible: By.selector: .loadStr
Build info: version: &#039;2.42.1&#039;, revision: &#039;68b415a&#039;, time: &#039;2014-05-29 16:16:49&#039;
System info: host: &#039;piotrbogdanski&#039;, ip: &#039;9.161.136.135&#039;, os.name: &#039;Windows 7&#039;, os.arch: &#039;x86&#039;, os.version: &#039;6.1 build 7601 Service Pack 1&#039;, java.version: &#039;1.6.0&#039;
Driver info: driver.version: unknown">
      <![CDATA[org.openqa.selenium.TimeoutException: Timed out after 10 seconds waiting for element to no longer be visible: By.selector: .loadStr
Build info: version: '2.42.1', revision: '68b415a', time: '2014-05-29 16:16:49'
System info: host: 'piotrbogdanski', ip: '9.161.136.135', os.name: 'Windows 7', os.arch: 'x86', os.version: '6.1 build 7601 Service Pack 1', java.version: '1.6.0'
Driver info: driver.version: unknown
	at org.openqa.selenium.support.ui.FluentWait.timeoutException(FluentWait.java:259)
	at org.openqa.selenium.support.ui.FluentWait.until(FluentWait.java:228)
	at webUI.home.library.mediaTypes.Video.waitForPageToLoad(Video.java:67)
	at webUI.home.library.mediaTypes.Video.<init>(Video.java:43)
	at tests.webUI.nonFunctional.LibraryContentsTests.allContentsLoadsFromLibrary(LibraryContentsTests.java:195)
	at sun.reflect.GeneratedMethodAccessor22.invoke(Unknown Source)
	at sun.reflect.DelegatingMethodAccessorImpl.invoke(DelegatingMethodAccessorImpl.java:37)
	at java.lang.reflect.Method.invoke(Method.java:611)
	at org.testng.internal.MethodInvocationHelper.invokeMethod(MethodInvocationHelper.java:84)
	at org.testng.internal.Invoker.invokeMethod(Invoker.java:714)
	at org.testng.internal.Invoker.invokeTestMethod(Invoker.java:901)
	at org.testng.internal.Invoker.invokeTestMethods(Invoker.java:1231)
	at org.testng.internal.TestMethodWorker.invokeTestMethods(TestMethodWorker.java:127)
	at org.testng.internal.TestMethodWorker.run(TestMethodWorker.java:111)
	at org.testng.TestRunner.privateRun(TestRunner.java:767)
	at org.testng.TestRunner.run(TestRunner.java:617)
	at org.testng.SuiteRunner.runTest(SuiteRunner.java:334)
	at org.testng.SuiteRunner.runSequentially(SuiteRunner.java:329)
	at org.testng.SuiteRunner.privateRun(SuiteRunner.java:291)
	at org.testng.SuiteRunner.run(SuiteRunner.java:240)
	at org.testng.SuiteRunnerWorker.runSuite(SuiteRunnerWorker.java:52)
	at org.testng.SuiteRunnerWorker.run(SuiteRunnerWorker.java:86)
	at org.testng.TestNG.runSuitesSequentially(TestNG.java:1224)
	at org.testng.TestNG.runSuitesLocally(TestNG.java:1149)
	at org.testng.TestNG.run(TestNG.java:1057)
	at org.testng.remote.RemoteTestNG.run(RemoteTestNG.java:111)
	at org.testng.remote.RemoteTestNG.initAndRun(RemoteTestNG.java:204)
	at org.testng.remote.RemoteTestNG.main(RemoteTestNG.java:175)
]]>
    </failure>
  </testcase> <!-- allContentsLoadsFromLibrary -->
  <testcase name="allContentsLoadsFromLibrary" time="35.564" classname="tests.webUI.nonFunctional.LibraryContentsTests">
    <failure type="org.openqa.selenium.TimeoutException" message="Timed out after 10 seconds waiting for element to no longer be visible: By.selector: .loadStr
Build info: version: &#039;2.42.1&#039;, revision: &#039;68b415a&#039;, time: &#039;2014-05-29 16:16:49&#039;
System info: host: &#039;piotrbogdanski&#039;, ip: &#039;9.161.136.135&#039;, os.name: &#039;Windows 7&#039;, os.arch: &#039;x86&#039;, os.version: &#039;6.1 build 7601 Service Pack 1&#039;, java.version: &#039;1.6.0&#039;
Driver info: driver.version: unknown">
      <![CDATA[org.openqa.selenium.TimeoutException: Timed out after 10 seconds waiting for element to no longer be visible: By.selector: .loadStr
Build info: version: '2.42.1', revision: '68b415a', time: '2014-05-29 16:16:49'
System info: host: 'piotrbogdanski', ip: '9.161.136.135', os.name: 'Windows 7', os.arch: 'x86', os.version: '6.1 build 7601 Service Pack 1', java.version: '1.6.0'
Driver info: driver.version: unknown
	at org.openqa.selenium.support.ui.FluentWait.timeoutException(FluentWait.java:259)
	at org.openqa.selenium.support.ui.FluentWait.until(FluentWait.java:228)
	at webUI.home.library.mediaTypes.Video.waitForPageToLoad(Video.java:56)
	at webUI.home.library.mediaTypes.Video.<init>(Video.java:43)
	at tests.webUI.nonFunctional.LibraryContentsTests.allContentsLoadsFromLibrary(LibraryContentsTests.java:195)
	at sun.reflect.NativeMethodAccessorImpl.invoke0(Native Method)
	at sun.reflect.NativeMethodAccessorImpl.invoke(NativeMethodAccessorImpl.java:60)
	at sun.reflect.DelegatingMethodAccessorImpl.invoke(DelegatingMethodAccessorImpl.java:37)
	at java.lang.reflect.Method.invoke(Method.java:611)
	at org.testng.internal.MethodInvocationHelper.invokeMethod(MethodInvocationHelper.java:84)
	at org.testng.internal.Invoker.invokeMethod(Invoker.java:714)
	at org.testng.internal.Invoker.invokeTestMethod(Invoker.java:901)
	at org.testng.internal.Invoker.invokeTestMethods(Invoker.java:1231)
	at org.testng.internal.TestMethodWorker.invokeTestMethods(TestMethodWorker.java:127)
	at org.testng.internal.TestMethodWorker.run(TestMethodWorker.java:111)
	at org.testng.TestRunner.privateRun(TestRunner.java:767)
	at org.testng.TestRunner.run(TestRunner.java:617)
	at org.testng.SuiteRunner.runTest(SuiteRunner.java:334)
	at org.testng.SuiteRunner.runSequentially(SuiteRunner.java:329)
	at org.testng.SuiteRunner.privateRun(SuiteRunner.java:291)
	at org.testng.SuiteRunner.run(SuiteRunner.java:240)
	at org.testng.SuiteRunnerWorker.runSuite(SuiteRunnerWorker.java:52)
	at org.testng.SuiteRunnerWorker.run(SuiteRunnerWorker.java:86)
	at org.testng.TestNG.runSuitesSequentially(TestNG.java:1224)
	at org.testng.TestNG.runSuitesLocally(TestNG.java:1149)
	at org.testng.TestNG.run(TestNG.java:1057)
	at org.testng.remote.RemoteTestNG.run(RemoteTestNG.java:111)
	at org.testng.remote.RemoteTestNG.initAndRun(RemoteTestNG.java:204)
	at org.testng.remote.RemoteTestNG.main(RemoteTestNG.java:175)
]]>
    </failure>
  </testcase> <!-- allContentsLoadsFromLibrary -->
  <testcase name="allContentsLoadsFromLibrary" time="41.096" classname="tests.webUI.nonFunctional.LibraryContentsTests">
    <failure type="org.openqa.selenium.TimeoutException" message="Timed out after 10 seconds waiting for element to no longer be visible: By.selector: .loadStr
Build info: version: &#039;2.42.1&#039;, revision: &#039;68b415a&#039;, time: &#039;2014-05-29 16:16:49&#039;
System info: host: &#039;piotrbogdanski&#039;, ip: &#039;9.161.136.135&#039;, os.name: &#039;Windows 7&#039;, os.arch: &#039;x86&#039;, os.version: &#039;6.1 build 7601 Service Pack 1&#039;, java.version: &#039;1.6.0&#039;
Driver info: driver.version: unknown">
      <![CDATA[org.openqa.selenium.TimeoutException: Timed out after 10 seconds waiting for element to no longer be visible: By.selector: .loadStr
Build info: version: '2.42.1', revision: '68b415a', time: '2014-05-29 16:16:49'
System info: host: 'piotrbogdanski', ip: '9.161.136.135', os.name: 'Windows 7', os.arch: 'x86', os.version: '6.1 build 7601 Service Pack 1', java.version: '1.6.0'
Driver info: driver.version: unknown
	at org.openqa.selenium.support.ui.FluentWait.timeoutException(FluentWait.java:259)
	at org.openqa.selenium.support.ui.FluentWait.until(FluentWait.java:228)
	at webUI.home.library.mediaTypes.Video.waitForPageToLoad(Video.java:67)
	at webUI.home.library.mediaTypes.Video.<init>(Video.java:43)
	at tests.webUI.nonFunctional.LibraryContentsTests.allContentsLoadsFromLibrary(LibraryContentsTests.java:195)
	at sun.reflect.GeneratedMethodAccessor22.invoke(Unknown Source)
	at sun.reflect.DelegatingMethodAccessorImpl.invoke(DelegatingMethodAccessorImpl.java:37)
	at java.lang.reflect.Method.invoke(Method.java:611)
	at org.testng.internal.MethodInvocationHelper.invokeMethod(MethodInvocationHelper.java:84)
	at org.testng.internal.Invoker.invokeMethod(Invoker.java:714)
	at org.testng.internal.Invoker.invokeTestMethod(Invoker.java:901)
	at org.testng.internal.Invoker.invokeTestMethods(Invoker.java:1231)
	at org.testng.internal.TestMethodWorker.invokeTestMethods(TestMethodWorker.java:127)
	at org.testng.internal.TestMethodWorker.run(TestMethodWorker.java:111)
	at org.testng.TestRunner.privateRun(TestRunner.java:767)
	at org.testng.TestRunner.run(TestRunner.java:617)
	at org.testng.SuiteRunner.runTest(SuiteRunner.java:334)
	at org.testng.SuiteRunner.runSequentially(SuiteRunner.java:329)
	at org.testng.SuiteRunner.privateRun(SuiteRunner.java:291)
	at org.testng.SuiteRunner.run(SuiteRunner.java:240)
	at org.testng.SuiteRunnerWorker.runSuite(SuiteRunnerWorker.java:52)
	at org.testng.SuiteRunnerWorker.run(SuiteRunnerWorker.java:86)
	at org.testng.TestNG.runSuitesSequentially(TestNG.java:1224)
	at org.testng.TestNG.runSuitesLocally(TestNG.java:1149)
	at org.testng.TestNG.run(TestNG.java:1057)
	at org.testng.remote.RemoteTestNG.run(RemoteTestNG.java:111)
	at org.testng.remote.RemoteTestNG.initAndRun(RemoteTestNG.java:204)
	at org.testng.remote.RemoteTestNG.main(RemoteTestNG.java:175)
]]>
    </failure>
  </testcase> <!-- allContentsLoadsFromLibrary -->
  <testcase name="allContentsLoadsFromLibrary" time="41.779" classname="tests.webUI.nonFunctional.LibraryContentsTests">
    <failure type="org.openqa.selenium.TimeoutException" message="Timed out after 20 seconds waiting for element to no longer be visible: By.selector: .loadStr
Build info: version: &#039;2.42.1&#039;, revision: &#039;68b415a&#039;, time: &#039;2014-05-29 16:16:49&#039;
System info: host: &#039;piotrbogdanski&#039;, ip: &#039;9.161.136.135&#039;, os.name: &#039;Windows 7&#039;, os.arch: &#039;x86&#039;, os.version: &#039;6.1 build 7601 Service Pack 1&#039;, java.version: &#039;1.6.0&#039;
Driver info: driver.version: unknown">
      <![CDATA[org.openqa.selenium.TimeoutException: Timed out after 20 seconds waiting for element to no longer be visible: By.selector: .loadStr
Build info: version: '2.42.1', revision: '68b415a', time: '2014-05-29 16:16:49'
System info: host: 'piotrbogdanski', ip: '9.161.136.135', os.name: 'Windows 7', os.arch: 'x86', os.version: '6.1 build 7601 Service Pack 1', java.version: '1.6.0'
Driver info: driver.version: unknown
	at org.openqa.selenium.support.ui.FluentWait.timeoutException(FluentWait.java:259)
	at org.openqa.selenium.support.ui.FluentWait.until(FluentWait.java:228)
	at webUI.home.library.mediaTypes.Video.waitForPageToLoad(Video.java:56)
	at webUI.home.library.mediaTypes.Video.<init>(Video.java:43)
	at tests.webUI.nonFunctional.LibraryContentsTests.allContentsLoadsFromLibrary(LibraryContentsTests.java:195)
	at sun.reflect.NativeMethodAccessorImpl.invoke0(Native Method)
	at sun.reflect.NativeMethodAccessorImpl.invoke(NativeMethodAccessorImpl.java:60)
	at sun.reflect.DelegatingMethodAccessorImpl.invoke(DelegatingMethodAccessorImpl.java:37)
	at java.lang.reflect.Method.invoke(Method.java:611)
	at org.testng.internal.MethodInvocationHelper.invokeMethod(MethodInvocationHelper.java:84)
	at org.testng.internal.Invoker.invokeMethod(Invoker.java:714)
	at org.testng.internal.Invoker.invokeTestMethod(Invoker.java:901)
	at org.testng.internal.Invoker.invokeTestMethods(Invoker.java:1231)
	at org.testng.internal.TestMethodWorker.invokeTestMethods(TestMethodWorker.java:127)
	at org.testng.internal.TestMethodWorker.run(TestMethodWorker.java:111)
	at org.testng.TestRunner.privateRun(TestRunner.java:767)
	at org.testng.TestRunner.run(TestRunner.java:617)
	at org.testng.SuiteRunner.runTest(SuiteRunner.java:334)
	at org.testng.SuiteRunner.runSequentially(SuiteRunner.java:329)
	at org.testng.SuiteRunner.privateRun(SuiteRunner.java:291)
	at org.testng.SuiteRunner.run(SuiteRunner.java:240)
	at org.testng.SuiteRunnerWorker.runSuite(SuiteRunnerWorker.java:52)
	at org.testng.SuiteRunnerWorker.run(SuiteRunnerWorker.java:86)
	at org.testng.TestNG.runSuitesSequentially(TestNG.java:1224)
	at org.testng.TestNG.runSuitesLocally(TestNG.java:1149)
	at org.testng.TestNG.run(TestNG.java:1057)
	at org.testng.remote.RemoteTestNG.run(RemoteTestNG.java:111)
	at org.testng.remote.RemoteTestNG.initAndRun(RemoteTestNG.java:204)
	at org.testng.remote.RemoteTestNG.main(RemoteTestNG.java:175)
]]>
    </failure>
  </testcase> <!-- allContentsLoadsFromLibrary -->
  <testcase name="allContentsLoadsFromLibrary" time="39.678" classname="tests.webUI.nonFunctional.LibraryContentsTests">
    <failure type="org.openqa.selenium.TimeoutException" message="Timed out after 10 seconds waiting for element to no longer be visible: By.selector: .loadStr
Build info: version: &#039;2.42.1&#039;, revision: &#039;68b415a&#039;, time: &#039;2014-05-29 16:16:49&#039;
System info: host: &#039;piotrbogdanski&#039;, ip: &#039;9.161.136.135&#039;, os.name: &#039;Windows 7&#039;, os.arch: &#039;x86&#039;, os.version: &#039;6.1 build 7601 Service Pack 1&#039;, java.version: &#039;1.6.0&#039;
Driver info: driver.version: unknown">
      <![CDATA[org.openqa.selenium.TimeoutException: Timed out after 10 seconds waiting for element to no longer be visible: By.selector: .loadStr
Build info: version: '2.42.1', revision: '68b415a', time: '2014-05-29 16:16:49'
System info: host: 'piotrbogdanski', ip: '9.161.136.135', os.name: 'Windows 7', os.arch: 'x86', os.version: '6.1 build 7601 Service Pack 1', java.version: '1.6.0'
Driver info: driver.version: unknown
	at org.openqa.selenium.support.ui.FluentWait.timeoutException(FluentWait.java:259)
	at org.openqa.selenium.support.ui.FluentWait.until(FluentWait.java:228)
	at webUI.home.library.mediaTypes.Video.waitForPageToLoad(Video.java:67)
	at webUI.home.library.mediaTypes.Video.<init>(Video.java:43)
	at tests.webUI.nonFunctional.LibraryContentsTests.allContentsLoadsFromLibrary(LibraryContentsTests.java:195)
	at sun.reflect.GeneratedMethodAccessor22.invoke(Unknown Source)
	at sun.reflect.DelegatingMethodAccessorImpl.invoke(DelegatingMethodAccessorImpl.java:37)
	at java.lang.reflect.Method.invoke(Method.java:611)
	at org.testng.internal.MethodInvocationHelper.invokeMethod(MethodInvocationHelper.java:84)
	at org.testng.internal.Invoker.invokeMethod(Invoker.java:714)
	at org.testng.internal.Invoker.invokeTestMethod(Invoker.java:901)
	at org.testng.internal.Invoker.invokeTestMethods(Invoker.java:1231)
	at org.testng.internal.TestMethodWorker.invokeTestMethods(TestMethodWorker.java:127)
	at org.testng.internal.TestMethodWorker.run(TestMethodWorker.java:111)
	at org.testng.TestRunner.privateRun(TestRunner.java:767)
	at org.testng.TestRunner.run(TestRunner.java:617)
	at org.testng.SuiteRunner.runTest(SuiteRunner.java:334)
	at org.testng.SuiteRunner.runSequentially(SuiteRunner.java:329)
	at org.testng.SuiteRunner.privateRun(SuiteRunner.java:291)
	at org.testng.SuiteRunner.run(SuiteRunner.java:240)
	at org.testng.SuiteRunnerWorker.runSuite(SuiteRunnerWorker.java:52)
	at org.testng.SuiteRunnerWorker.run(SuiteRunnerWorker.java:86)
	at org.testng.TestNG.runSuitesSequentially(TestNG.java:1224)
	at org.testng.TestNG.runSuitesLocally(TestNG.java:1149)
	at org.testng.TestNG.run(TestNG.java:1057)
	at org.testng.remote.RemoteTestNG.run(RemoteTestNG.java:111)
	at org.testng.remote.RemoteTestNG.initAndRun(RemoteTestNG.java:204)
	at org.testng.remote.RemoteTestNG.main(RemoteTestNG.java:175)
]]>
    </failure>
  </testcase> <!-- allContentsLoadsFromLibrary -->
</testsuite> <!-- tests.webUI.nonFunctional.LibraryContentsTests -->
