<html>
<head>
<title>TestNG:  WIN8-Chrome</title>
<link href="../testng.css" rel="stylesheet" type="text/css" />
<link href="../my-testng.css" rel="stylesheet" type="text/css" />

<style type="text/css">
.log { display: none;} 
.stack-trace { display: none;} 
</style>
<script type="text/javascript">
<!--
function flip(e) {
  current = e.style.display;
  if (current == 'block') {
    e.style.display = 'none';
    return 0;
  }
  else {
    e.style.display = 'block';
    return 1;
  }
}

function toggleBox(szDivId, elem, msg1, msg2)
{
  var res = -1;  if (document.getElementById) {
    res = flip(document.getElementById(szDivId));
  }
  else if (document.all) {
    // this is the way old msie versions work
    res = flip(document.all[szDivId]);
  }
  if(elem) {
    if(res == 0) elem.innerHTML = msg1; else elem.innerHTML = msg2;
  }

}

function toggleAllBoxes() {
  if (document.getElementsByTagName) {
    d = document.getElementsByTagName('div');
    for (i = 0; i < d.length; i++) {
      if (d[i].className == 'log') {
        flip(d[i]);
      }
    }
  }
}

// -->
</script>

</head>
<body>
<h2 align='center'>WIN8-Chrome</h2><table border='1' align="center">
<tr>
<td>Tests passed/Failed/Skipped:</td><td>0/1/3</td>
</tr><tr>
<td>Started on:</td><td>Mon Jun 16 15:48:17 BST 2014</td>
</tr>
<tr><td>Total time:</td><td>41 seconds (41663 ms)</td>
</tr><tr>
<td>Included groups:</td><td>test </td>
</tr><tr>
<td>Excluded groups:</td><td>IEOnly </td>
</tr>
</table><p/>
<small><i>(Hover the method name to see the test class name)</i></small><p/>
<table width='100%' border='1' class='invocation-failed'>
<tr><td colspan='4' align='center'><b>FAILED CONFIGURATIONS</b></td></tr>
<tr><td><b>Test method</b></td>
<td width="30%"><b>Exception</b></td>
<td width="10%"><b>Time (seconds)</b></td>
<td><b>Instance</b></td>
</tr>
<tr>
<td title='tests.webUI.nonFunctional.LibraryContentsTests.closeBrowser()'><b>closeBrowser</b><br>Test class: tests.webUI.nonFunctional.LibraryContentsTests</td>
<td><div><pre>org.openqa.selenium.WebDriverException: Error communicating with the remote browser. It may have died.
Build info: version: &apos;2.42.0&apos;, revision: &apos;5e82430&apos;, time: &apos;2014-05-22 20:18:07&apos;
System info: host: &apos;dslvm346&apos;, ip: &apos;9.162.138.157&apos;, os.name: &apos;Windows 8&apos;, os.arch: &apos;x86&apos;, os.version: &apos;6.2&apos;, java.version: &apos;1.7.0_55&apos;
Driver info: driver.version: EventFiringWebDriver
Command duration or timeout: 3.41 seconds
Build info: version: &apos;2.42.1&apos;, revision: &apos;68b415a&apos;, time: &apos;2014-05-29 16:16:49&apos;
System info: host: &apos;piotrbogdanski&apos;, ip: &apos;9.161.136.32&apos;, os.name: &apos;Windows 7&apos;, os.arch: &apos;x86&apos;, os.version: &apos;6.1 build 7601 Service Pack 1&apos;, java.version: &apos;1.6.0&apos;
Session ID: baeb35f3-8eca-43a8-b192-08242bee62fe
Capabilities [{handlesAlerts=true, rotatable=false, databaseEnabled=false, locationContextEnabled=true, acceptSslCerts=true, applicationCacheEnabled=false, nativeEvents=true, cssSelectorsEnabled=true, takesScreenshot=true, platform=WIN8, browserName=chrome, javascriptEnabled=true, version=35.0.1916.153, chrome={userDataDir=C:\Users\ADMINI~1\AppData\Local\Temp\scoped_dir1388_26171}, webStorageEnabled=true, webdriver.remote.sessionid=baeb35f3-8eca-43a8-b192-08242bee62fe, browserConnectionEnabled=false, takesHeapSnapshot=true}]
Driver info: org.openqa.selenium.remote.RemoteWebDriver
	at org.openqa.selenium.remote.ErrorHandler.createThrowable(ErrorHandler.java:204)
	at org.openqa.selenium.remote.ErrorHandler.throwIfResponseFailed(ErrorHandler.java:156)
	at org.openqa.selenium.remote.RemoteWebDriver.execute(RemoteWebDriver.java:600)
	at org.openqa.selenium.remote.RemoteWebDriver.execute(RemoteWebDriver.java:615)
	at org.openqa.selenium.remote.RemoteWebDriver.quit(RemoteWebDriver.java:469)
	at webUI.LoadBrowser.closeBrowser(LoadBrowser.java:266)
	at java.util.concurrent.ThreadPoolExecutor$Worker.runTask(ThreadPoolExecutor.java:906)
	at java.util.concurrent.ThreadPoolExecutor$Worker.run(ThreadPoolExecutor.java:929)
	at java.lang.Thread.run(Thread.java:761)
Caused by: org.openqa.selenium.remote.UnreachableBrowserException: Error communicating with the remote browser. It may have died.
Build info: version: &apos;2.42.0&apos;, revision: &apos;5e82430&apos;, time: &apos;2014-05-22 20:18:07&apos;
System info: host: &apos;dslvm346&apos;, ip: &apos;9.162.138.157&apos;, os.name: &apos;Windows 8&apos;, os.arch: &apos;x86&apos;, os.version: &apos;6.2&apos;, java.version: &apos;1.7.0_55&apos;
Driver info: driver.version: EventFiringWebDriver
Build info: version: &apos;2.42.1&apos;, revision: &apos;68b415a&apos;, time: &apos;2014-05-29 16:16:49&apos;
System info: host: &apos;piotrbogdanski&apos;, ip: &apos;9.161.136.32&apos;, os.name: &apos;Windows 7&apos;, os.arch: &apos;x86&apos;, os.version: &apos;6.1 build 7601 Service Pack 1&apos;, java.version: &apos;1.6.0&apos;
Driver info: driver.version: unknown
... Removed 16 stack frames</pre></div><a href='#' onClick='toggleBox("stack-trace1081819259", this, "Click to show all stack frames", "Click to hide stack frames")'>Click to show all stack frames</a>
<div class='stack-trace' id='stack-trace1081819259'><pre>org.openqa.selenium.WebDriverException: Error communicating with the remote browser. It may have died.
Build info: version: &apos;2.42.0&apos;, revision: &apos;5e82430&apos;, time: &apos;2014-05-22 20:18:07&apos;
System info: host: &apos;dslvm346&apos;, ip: &apos;9.162.138.157&apos;, os.name: &apos;Windows 8&apos;, os.arch: &apos;x86&apos;, os.version: &apos;6.2&apos;, java.version: &apos;1.7.0_55&apos;
Driver info: driver.version: EventFiringWebDriver
Command duration or timeout: 3.41 seconds
Build info: version: &apos;2.42.1&apos;, revision: &apos;68b415a&apos;, time: &apos;2014-05-29 16:16:49&apos;
System info: host: &apos;piotrbogdanski&apos;, ip: &apos;9.161.136.32&apos;, os.name: &apos;Windows 7&apos;, os.arch: &apos;x86&apos;, os.version: &apos;6.1 build 7601 Service Pack 1&apos;, java.version: &apos;1.6.0&apos;
Session ID: baeb35f3-8eca-43a8-b192-08242bee62fe
Capabilities [{handlesAlerts=true, rotatable=false, databaseEnabled=false, locationContextEnabled=true, acceptSslCerts=true, applicationCacheEnabled=false, nativeEvents=true, cssSelectorsEnabled=true, takesScreenshot=true, platform=WIN8, browserName=chrome, javascriptEnabled=true, version=35.0.1916.153, chrome={userDataDir=C:\Users\ADMINI~1\AppData\Local\Temp\scoped_dir1388_26171}, webStorageEnabled=true, webdriver.remote.sessionid=baeb35f3-8eca-43a8-b192-08242bee62fe, browserConnectionEnabled=false, takesHeapSnapshot=true}]
Driver info: org.openqa.selenium.remote.RemoteWebDriver
	at sun.reflect.NativeConstructorAccessorImpl.newInstance0(Native Method)
	at sun.reflect.NativeConstructorAccessorImpl.newInstance(NativeConstructorAccessorImpl.java:56)
	at sun.reflect.DelegatingConstructorAccessorImpl.newInstance(DelegatingConstructorAccessorImpl.java:39)
	at java.lang.reflect.Constructor.newInstance(Constructor.java:527)
	at org.openqa.selenium.remote.ErrorHandler.createThrowable(ErrorHandler.java:204)
	at org.openqa.selenium.remote.ErrorHandler.throwIfResponseFailed(ErrorHandler.java:156)
	at org.openqa.selenium.remote.RemoteWebDriver.execute(RemoteWebDriver.java:600)
	at org.openqa.selenium.remote.RemoteWebDriver.execute(RemoteWebDriver.java:615)
	at org.openqa.selenium.remote.RemoteWebDriver.quit(RemoteWebDriver.java:469)
	at webUI.LoadBrowser.closeBrowser(LoadBrowser.java:266)
	at sun.reflect.NativeMethodAccessorImpl.invoke0(Native Method)
	at sun.reflect.NativeMethodAccessorImpl.invoke(NativeMethodAccessorImpl.java:60)
	at sun.reflect.DelegatingMethodAccessorImpl.invoke(DelegatingMethodAccessorImpl.java:37)
	at java.lang.reflect.Method.invoke(Method.java:611)
	at org.testng.internal.MethodInvocationHelper.invokeMethod(MethodInvocationHelper.java:84)
	at org.testng.internal.Invoker.invokeConfigurationMethod(Invoker.java:564)
	at org.testng.internal.Invoker.invokeConfigurations(Invoker.java:213)
	at org.testng.internal.Invoker.invokeMethod(Invoker.java:786)
	at org.testng.internal.Invoker.invokeTestMethod(Invoker.java:901)
	at org.testng.internal.Invoker.invokeTestMethods(Invoker.java:1231)
	at org.testng.internal.TestMethodWorker.invokeTestMethods(TestMethodWorker.java:127)
	at org.testng.internal.TestMethodWorker.run(TestMethodWorker.java:111)
	at java.util.concurrent.ThreadPoolExecutor$Worker.runTask(ThreadPoolExecutor.java:906)
	at java.util.concurrent.ThreadPoolExecutor$Worker.run(ThreadPoolExecutor.java:929)
	at java.lang.Thread.run(Thread.java:761)
Caused by: org.openqa.selenium.remote.UnreachableBrowserException: Error communicating with the remote browser. It may have died.
Build info: version: &apos;2.42.0&apos;, revision: &apos;5e82430&apos;, time: &apos;2014-05-22 20:18:07&apos;
System info: host: &apos;dslvm346&apos;, ip: &apos;9.162.138.157&apos;, os.name: &apos;Windows 8&apos;, os.arch: &apos;x86&apos;, os.version: &apos;6.2&apos;, java.version: &apos;1.7.0_55&apos;
Driver info: driver.version: EventFiringWebDriver
Build info: version: &apos;2.42.1&apos;, revision: &apos;68b415a&apos;, time: &apos;2014-05-29 16:16:49&apos;
System info: host: &apos;piotrbogdanski&apos;, ip: &apos;9.161.136.32&apos;, os.name: &apos;Windows 7&apos;, os.arch: &apos;x86&apos;, os.version: &apos;6.1 build 7601 Service Pack 1&apos;, java.version: &apos;1.6.0&apos;
Driver info: driver.version: unknown
</pre></div></td>
<td>0</td>
<td>tests.webUI.nonFunctional.LibraryContentsTests@ea60ea6</td></tr>
</table><p>
<table width='100%' border='1' class='invocation-skipped'>
<tr><td colspan='4' align='center'><b>SKIPPED CONFIGURATIONS</b></td></tr>
<tr><td><b>Test method</b></td>
<td width="30%"><b>Exception</b></td>
<td width="10%"><b>Time (seconds)</b></td>
<td><b>Instance</b></td>
</tr>
<tr>
<td title='tests.webUI.nonFunctional.LibraryContentsTests.setUp()'><b>setUp</b><br>Test class: tests.webUI.nonFunctional.LibraryContentsTests</td>
<td></td>
<td>0</td>
<td>tests.webUI.nonFunctional.LibraryContentsTests@ea60ea6</td></tr>
<tr>
<td title='tests.webUI.nonFunctional.LibraryContentsTests.setUp()'><b>setUp</b><br>Test class: tests.webUI.nonFunctional.LibraryContentsTests</td>
<td></td>
<td>0</td>
<td>tests.webUI.nonFunctional.LibraryContentsTests@ea60ea6</td></tr>
</table><p>
<table width='100%' border='1' class='invocation-failed'>
<tr><td colspan='4' align='center'><b>FAILED TESTS</b></td></tr>
<tr><td><b>Test method</b></td>
<td width="30%"><b>Exception</b></td>
<td width="10%"><b>Time (seconds)</b></td>
<td><b>Instance</b></td>
</tr>
<tr>
<td title='tests.webUI.nonFunctional.LibraryContentsTests.getContentCount()'><b>getContentCount</b><br>Test class: tests.webUI.nonFunctional.LibraryContentsTests<br>Test method: Verifies the Library page loads successfully</td>
<td><div><pre>org.openqa.selenium.WebDriverException: Error communicating with the remote browser. It may have died.
Build info: version: &apos;2.42.0&apos;, revision: &apos;5e82430&apos;, time: &apos;2014-05-22 20:18:07&apos;
System info: host: &apos;dslvm346&apos;, ip: &apos;9.162.138.157&apos;, os.name: &apos;Windows 8&apos;, os.arch: &apos;x86&apos;, os.version: &apos;6.2&apos;, java.version: &apos;1.7.0_55&apos;
Driver info: driver.version: EventFiringWebDriver
Command duration or timeout: 1.32 seconds
Build info: version: &apos;2.42.1&apos;, revision: &apos;68b415a&apos;, time: &apos;2014-05-29 16:16:49&apos;
System info: host: &apos;piotrbogdanski&apos;, ip: &apos;9.161.136.32&apos;, os.name: &apos;Windows 7&apos;, os.arch: &apos;x86&apos;, os.version: &apos;6.1 build 7601 Service Pack 1&apos;, java.version: &apos;1.6.0&apos;
Session ID: baeb35f3-8eca-43a8-b192-08242bee62fe
Capabilities [{handlesAlerts=true, rotatable=false, databaseEnabled=false, locationContextEnabled=true, acceptSslCerts=true, applicationCacheEnabled=false, nativeEvents=true, cssSelectorsEnabled=true, takesScreenshot=true, platform=WIN8, browserName=chrome, javascriptEnabled=true, version=35.0.1916.153, chrome={userDataDir=C:\Users\ADMINI~1\AppData\Local\Temp\scoped_dir1388_26171}, webStorageEnabled=true, webdriver.remote.sessionid=baeb35f3-8eca-43a8-b192-08242bee62fe, browserConnectionEnabled=false, takesHeapSnapshot=true}]
Driver info: org.openqa.selenium.remote.RemoteWebDriver
	at org.openqa.selenium.remote.ErrorHandler.createThrowable(ErrorHandler.java:204)
	at org.openqa.selenium.remote.ErrorHandler.throwIfResponseFailed(ErrorHandler.java:156)
	at org.openqa.selenium.remote.RemoteWebDriver.execute(RemoteWebDriver.java:600)
	at org.openqa.selenium.remote.RemoteWebDriver.findElement(RemoteWebDriver.java:353)
	at org.openqa.selenium.remote.RemoteWebDriver.findElementByCssSelector(RemoteWebDriver.java:442)
	at org.openqa.selenium.By$ByCssSelector.findElement(By.java:426)
	at org.openqa.selenium.remote.RemoteWebDriver.findElement(RemoteWebDriver.java:345)
	at webUI.CommonMethods.isElementTextDisplayedAndNotEmpty(CommonMethods.java:57)
	at admin.members.people.CreateMember.isResultMessageDisplayed(CreateMember.java:102)
	at admin.members.people.CreateMember.enterMandatoryFieldsAndClickSave(CreateMember.java:1126)
	at tests.webUI.nonFunctional.LibraryContentsTests.createNewMember(LibraryContentsTests.java:73)
	at tests.webUI.nonFunctional.LibraryContentsTests.getContentCount(LibraryContentsTests.java:100)
	at java.util.concurrent.ThreadPoolExecutor$Worker.runTask(ThreadPoolExecutor.java:906)
	at java.util.concurrent.ThreadPoolExecutor$Worker.run(ThreadPoolExecutor.java:929)
	at java.lang.Thread.run(Thread.java:761)
Caused by: org.openqa.selenium.remote.UnreachableBrowserException: Error communicating with the remote browser. It may have died.
Build info: version: &apos;2.42.0&apos;, revision: &apos;5e82430&apos;, time: &apos;2014-05-22 20:18:07&apos;
System info: host: &apos;dslvm346&apos;, ip: &apos;9.162.138.157&apos;, os.name: &apos;Windows 8&apos;, os.arch: &apos;x86&apos;, os.version: &apos;6.2&apos;, java.version: &apos;1.7.0_55&apos;
Driver info: driver.version: EventFiringWebDriver
Build info: version: &apos;2.42.1&apos;, revision: &apos;68b415a&apos;, time: &apos;2014-05-29 16:16:49&apos;
System info: host: &apos;piotrbogdanski&apos;, ip: &apos;9.161.136.32&apos;, os.name: &apos;Windows 7&apos;, os.arch: &apos;x86&apos;, os.version: &apos;6.1 build 7601 Service Pack 1&apos;, java.version: &apos;1.6.0&apos;
Driver info: driver.version: unknown
... Removed 14 stack frames</pre></div><a href='#' onClick='toggleBox("stack-trace1326927639", this, "Click to show all stack frames", "Click to hide stack frames")'>Click to show all stack frames</a>
<div class='stack-trace' id='stack-trace1326927639'><pre>org.openqa.selenium.WebDriverException: Error communicating with the remote browser. It may have died.
Build info: version: &apos;2.42.0&apos;, revision: &apos;5e82430&apos;, time: &apos;2014-05-22 20:18:07&apos;
System info: host: &apos;dslvm346&apos;, ip: &apos;9.162.138.157&apos;, os.name: &apos;Windows 8&apos;, os.arch: &apos;x86&apos;, os.version: &apos;6.2&apos;, java.version: &apos;1.7.0_55&apos;
Driver info: driver.version: EventFiringWebDriver
Command duration or timeout: 1.32 seconds
Build info: version: &apos;2.42.1&apos;, revision: &apos;68b415a&apos;, time: &apos;2014-05-29 16:16:49&apos;
System info: host: &apos;piotrbogdanski&apos;, ip: &apos;9.161.136.32&apos;, os.name: &apos;Windows 7&apos;, os.arch: &apos;x86&apos;, os.version: &apos;6.1 build 7601 Service Pack 1&apos;, java.version: &apos;1.6.0&apos;
Session ID: baeb35f3-8eca-43a8-b192-08242bee62fe
Capabilities [{handlesAlerts=true, rotatable=false, databaseEnabled=false, locationContextEnabled=true, acceptSslCerts=true, applicationCacheEnabled=false, nativeEvents=true, cssSelectorsEnabled=true, takesScreenshot=true, platform=WIN8, browserName=chrome, javascriptEnabled=true, version=35.0.1916.153, chrome={userDataDir=C:\Users\ADMINI~1\AppData\Local\Temp\scoped_dir1388_26171}, webStorageEnabled=true, webdriver.remote.sessionid=baeb35f3-8eca-43a8-b192-08242bee62fe, browserConnectionEnabled=false, takesHeapSnapshot=true}]
Driver info: org.openqa.selenium.remote.RemoteWebDriver
	at sun.reflect.NativeConstructorAccessorImpl.newInstance0(Native Method)
	at sun.reflect.NativeConstructorAccessorImpl.newInstance(NativeConstructorAccessorImpl.java:56)
	at sun.reflect.DelegatingConstructorAccessorImpl.newInstance(DelegatingConstructorAccessorImpl.java:39)
	at java.lang.reflect.Constructor.newInstance(Constructor.java:527)
	at org.openqa.selenium.remote.ErrorHandler.createThrowable(ErrorHandler.java:204)
	at org.openqa.selenium.remote.ErrorHandler.throwIfResponseFailed(ErrorHandler.java:156)
	at org.openqa.selenium.remote.RemoteWebDriver.execute(RemoteWebDriver.java:600)
	at org.openqa.selenium.remote.RemoteWebDriver.findElement(RemoteWebDriver.java:353)
	at org.openqa.selenium.remote.RemoteWebDriver.findElementByCssSelector(RemoteWebDriver.java:442)
	at org.openqa.selenium.By$ByCssSelector.findElement(By.java:426)
	at org.openqa.selenium.remote.RemoteWebDriver.findElement(RemoteWebDriver.java:345)
	at webUI.CommonMethods.isElementTextDisplayedAndNotEmpty(CommonMethods.java:57)
	at admin.members.people.CreateMember.isResultMessageDisplayed(CreateMember.java:102)
	at admin.members.people.CreateMember.enterMandatoryFieldsAndClickSave(CreateMember.java:1126)
	at tests.webUI.nonFunctional.LibraryContentsTests.createNewMember(LibraryContentsTests.java:73)
	at tests.webUI.nonFunctional.LibraryContentsTests.getContentCount(LibraryContentsTests.java:100)
	at sun.reflect.NativeMethodAccessorImpl.invoke0(Native Method)
	at sun.reflect.NativeMethodAccessorImpl.invoke(NativeMethodAccessorImpl.java:60)
	at sun.reflect.DelegatingMethodAccessorImpl.invoke(DelegatingMethodAccessorImpl.java:37)
	at java.lang.reflect.Method.invoke(Method.java:611)
	at org.testng.internal.MethodInvocationHelper.invokeMethod(MethodInvocationHelper.java:84)
	at org.testng.internal.Invoker.invokeMethod(Invoker.java:714)
	at org.testng.internal.Invoker.invokeTestMethod(Invoker.java:901)
	at org.testng.internal.Invoker.invokeTestMethods(Invoker.java:1231)
	at org.testng.internal.TestMethodWorker.invokeTestMethods(TestMethodWorker.java:127)
	at org.testng.internal.TestMethodWorker.run(TestMethodWorker.java:111)
	at java.util.concurrent.ThreadPoolExecutor$Worker.runTask(ThreadPoolExecutor.java:906)
	at java.util.concurrent.ThreadPoolExecutor$Worker.run(ThreadPoolExecutor.java:929)
	at java.lang.Thread.run(Thread.java:761)
Caused by: org.openqa.selenium.remote.UnreachableBrowserException: Error communicating with the remote browser. It may have died.
Build info: version: &apos;2.42.0&apos;, revision: &apos;5e82430&apos;, time: &apos;2014-05-22 20:18:07&apos;
System info: host: &apos;dslvm346&apos;, ip: &apos;9.162.138.157&apos;, os.name: &apos;Windows 8&apos;, os.arch: &apos;x86&apos;, os.version: &apos;6.2&apos;, java.version: &apos;1.7.0_55&apos;
Driver info: driver.version: EventFiringWebDriver
Build info: version: &apos;2.42.1&apos;, revision: &apos;68b415a&apos;, time: &apos;2014-05-29 16:16:49&apos;
System info: host: &apos;piotrbogdanski&apos;, ip: &apos;9.161.136.32&apos;, os.name: &apos;Windows 7&apos;, os.arch: &apos;x86&apos;, os.version: &apos;6.1 build 7601 Service Pack 1&apos;, java.version: &apos;1.6.0&apos;
Driver info: driver.version: unknown
</pre></div></td>
<td>34</td>
<td>tests.webUI.nonFunctional.LibraryContentsTests@ea60ea6</td></tr>
</table><p>
<table width='100%' border='1' class='invocation-skipped'>
<tr><td colspan='4' align='center'><b>SKIPPED TESTS</b></td></tr>
<tr><td><b>Test method</b></td>
<td width="30%"><b>Exception</b></td>
<td width="10%"><b>Time (seconds)</b></td>
<td><b>Instance</b></td>
</tr>
<tr>
<td title='tests.webUI.nonFunctional.LibraryContentsTests.allContentsLoadsFromLibrary()'><b>allContentsLoadsFromLibrary</b><br>Test class: tests.webUI.nonFunctional.LibraryContentsTests</td>
<td></td>
<td>0</td>
<td>null</td></tr>
<tr>
<td title='tests.webUI.nonFunctional.LibraryContentsTests.getContentCount()'><b>getContentCount</b><br>Test class: tests.webUI.nonFunctional.LibraryContentsTests<br>Test method: Verifies the Library page loads successfully</td>
<td></td>
<td>0</td>
<td>tests.webUI.nonFunctional.LibraryContentsTests@ea60ea6</td></tr>
<tr>
<td title='tests.webUI.nonFunctional.LibraryContentsTests.printFailedContents()'><b>printFailedContents</b><br>Test class: tests.webUI.nonFunctional.LibraryContentsTests</td>
<td></td>
<td>0</td>
<td>tests.webUI.nonFunctional.LibraryContentsTests@ea60ea6</td></tr>
</table><p>
</body>
</html>