<?xml version="1.0" encoding="UTF-8"?>
<!-- Generated by org.testng.reporters.JUnitXMLReporter -->
<testsuite hostname="piotrbogdanski" name="chrome" tests="29" failures="4" timestamp="1 Apr 2014 10:39:25 GMT" time="2600.569" errors="0">
  <testcase name="LibraryPageOpens" time="4.366" classname="tests.webUI.nonFunctional.LibraryTests"/>
  <testcase name="TwistieButtonFunctionsInListView" time="10.509" classname="tests.webUI.nonFunctional.LibraryTests"/>
  <testcase name="CalculatorPageLoads" time="12.428" classname="tests.webUI.nonFunctional.LibraryTests"/>
  <testcase name="CategoryListCanBeExpandedCollapsed" time="7.384" classname="tests.webUI.nonFunctional.LibraryTests"/>
  <testcase name="ClearSearchLinkFunctionOnTheLibraryPage" time="9.98" classname="tests.webUI.nonFunctional.LibraryTests"/>
  <testcase name="DefaultSortTileView" time="59.686" classname="tests.webUI.nonFunctional.LibraryTests"/>
  <testcase name="FacetListIsPopulated" time="16.029" classname="tests.webUI.nonFunctional.LibraryTests"/>
  <testcase name="FilterBySubject" time="56.347" classname="tests.webUI.nonFunctional.LibraryTests"/>
  <testcase name="FilterBySubject" time="337.124" classname="tests.webUI.nonFunctional.LibraryTests"/>
  <testcase name="FilterPlusSearchBox" time="11.237" classname="tests.webUI.nonFunctional.LibraryTests"/>
  <testcase name="LibraryListViewDisplays" time="25.946" classname="tests.webUI.nonFunctional.LibraryTests"/>
  <testcase name="MultipleFilter" time="30.488" classname="tests.webUI.nonFunctional.LibraryTests"/>
  <testcase name="ProfilePageLoadsFromTileFrontView" time="5.406" classname="tests.webUI.nonFunctional.LibraryTests"/>
  <testcase name="PushScrollingRowView" time="30.672" classname="tests.webUI.nonFunctional.LibraryTests"/>
  <testcase name="PushScrollingTileView" time="28.519" classname="tests.webUI.nonFunctional.LibraryTests"/>
  <testcase name="ResultsSwitchToBackButtonFunctions" time="4.917" classname="tests.webUI.nonFunctional.LibraryTests"/>
  <testcase name="SearchByType" time="22.173" classname="tests.webUI.nonFunctional.LibraryTests"/>
  <testcase name="SimulatorPageLoads" time="46.616" classname="tests.webUI.nonFunctional.LibraryTests"/>
  <testcase name="SortingRowView" time="941.432" classname="tests.webUI.nonFunctional.LibraryTests"/>
  <testcase name="SortingRowView" time="176.434" classname="tests.webUI.nonFunctional.LibraryTests">
    <failure type="org.openqa.selenium.NoSuchElementException" message="no such element
  (Session info: chrome=33.0.1750.154)
  (Driver info: chromedriver=2.9.248315,platform=Windows NT 6.2 x86_64) (WARNING: The server did not provide any stacktrace information)
Command duration or timeout: 30.05 seconds
For documentation on this error, please visit: http://seleniumhq.org/exceptions/no_such_element.html
Build info: version: &amp;apos;2.39.0&amp;apos;, revision: &amp;apos;ff23eac&amp;apos;, time: &amp;apos;2013-12-16 16:11:15&amp;apos;
System info: host: &amp;apos;dslvm346&amp;apos;, ip: &amp;apos;9.162.138.157&amp;apos;, os.name: &amp;apos;Windows 8&amp;apos;, os.arch: &amp;apos;amd64&amp;apos;, os.version: &amp;apos;6.2&amp;apos;, java.version: &amp;apos;1.7.0_51&amp;apos;
Session ID: a5d697fb564e32bbb82c61d4f267f2b7
Driver info: org.openqa.selenium.chrome.ChromeDriver
Capabilities [{platform=WIN8, acceptSslCerts=true, javascriptEnabled=true, browserName=chrome, chrome={userDataDir=C:\Users\ADMINI~1\AppData\Local\Temp\scoped_dir4312_27641}, rotatable=false, locationContextEnabled=true, version=33.0.1750.154, takesHeapSnapshot=true, cssSelectorsEnabled=true, databaseEnabled=false, handlesAlerts=true, browserConnectionEnabled=false, nativeEvents=true, webStorageEnabled=true, applicationCacheEnabled=false, takesScreenshot=true}]
Command duration or timeout: 30.97 seconds
For documentation on this error, please visit: http://seleniumhq.org/exceptions/no_such_element.html
Build info: version: &amp;apos;2.39.0&amp;apos;, revision: &amp;apos;ff23eac&amp;apos;, time: &amp;apos;2013-12-16 16:11:15&amp;apos;
System info: host: &amp;apos;piotrbogdanski&amp;apos;, ip: &amp;apos;9.161.136.115&amp;apos;, os.name: &amp;apos;Windows 7&amp;apos;, os.arch: &amp;apos;x86&amp;apos;, os.version: &amp;apos;6.1 build 7601 Service Pack 1&amp;apos;, java.version: &amp;apos;1.6.0&amp;apos;
Session ID: 09bef1e8-d063-429d-b91e-287119179166
Capabilities [{handlesAlerts=true, rotatable=false, databaseEnabled=false, locationContextEnabled=true, acceptSslCerts=true, applicationCacheEnabled=false, nativeEvents=true, cssSelectorsEnabled=true, takesScreenshot=true, platform=WIN8, browserName=chrome, javascriptEnabled=true, version=33.0.1750.154, chrome={userDataDir=C:\Users\ADMINI~1\AppData\Local\Temp\scoped_dir4312_27641}, webStorageEnabled=true, webdriver.remote.sessionid=09bef1e8-d063-429d-b91e-287119179166, browserConnectionEnabled=false, takesHeapSnapshot=true}]
Driver info: org.openqa.selenium.remote.RemoteWebDriver">
      <![CDATA[org.openqa.selenium.NoSuchElementException: no such element
  (Session info: chrome=33.0.1750.154)
  (Driver info: chromedriver=2.9.248315,platform=Windows NT 6.2 x86_64) (WARNING: The server did not provide any stacktrace information)
Command duration or timeout: 30.05 seconds
For documentation on this error, please visit: http://seleniumhq.org/exceptions/no_such_element.html
Build info: version: '2.39.0', revision: 'ff23eac', time: '2013-12-16 16:11:15'
System info: host: 'dslvm346', ip: '9.162.138.157', os.name: 'Windows 8', os.arch: 'amd64', os.version: '6.2', java.version: '1.7.0_51'
Session ID: a5d697fb564e32bbb82c61d4f267f2b7
Driver info: org.openqa.selenium.chrome.ChromeDriver
Capabilities [{platform=WIN8, acceptSslCerts=true, javascriptEnabled=true, browserName=chrome, chrome={userDataDir=C:\Users\ADMINI~1\AppData\Local\Temp\scoped_dir4312_27641}, rotatable=false, locationContextEnabled=true, version=33.0.1750.154, takesHeapSnapshot=true, cssSelectorsEnabled=true, databaseEnabled=false, handlesAlerts=true, browserConnectionEnabled=false, nativeEvents=true, webStorageEnabled=true, applicationCacheEnabled=false, takesScreenshot=true}]
Command duration or timeout: 30.97 seconds
For documentation on this error, please visit: http://seleniumhq.org/exceptions/no_such_element.html
Build info: version: '2.39.0', revision: 'ff23eac', time: '2013-12-16 16:11:15'
System info: host: 'piotrbogdanski', ip: '9.161.136.115', os.name: 'Windows 7', os.arch: 'x86', os.version: '6.1 build 7601 Service Pack 1', java.version: '1.6.0'
Session ID: 09bef1e8-d063-429d-b91e-287119179166
Capabilities [{handlesAlerts=true, rotatable=false, databaseEnabled=false, locationContextEnabled=true, acceptSslCerts=true, applicationCacheEnabled=false, nativeEvents=true, cssSelectorsEnabled=true, takesScreenshot=true, platform=WIN8, browserName=chrome, javascriptEnabled=true, version=33.0.1750.154, chrome={userDataDir=C:\Users\ADMINI~1\AppData\Local\Temp\scoped_dir4312_27641}, webStorageEnabled=true, webdriver.remote.sessionid=09bef1e8-d063-429d-b91e-287119179166, browserConnectionEnabled=false, takesHeapSnapshot=true}]
Driver info: org.openqa.selenium.remote.RemoteWebDriver
	at org.openqa.selenium.remote.ErrorHandler.createThrowable(ErrorHandler.java:193)
	at org.openqa.selenium.remote.ErrorHandler.throwIfResponseFailed(ErrorHandler.java:145)
	at org.openqa.selenium.remote.RemoteWebDriver.execute(RemoteWebDriver.java:554)
	at org.openqa.selenium.remote.RemoteWebDriver.findElement(RemoteWebDriver.java:307)
	at org.openqa.selenium.remote.RemoteWebDriver.findElementByXPath(RemoteWebDriver.java:404)
	at org.openqa.selenium.By$ByXPath.findElement(By.java:363)
	at org.openqa.selenium.remote.RemoteWebDriver.findElement(RemoteWebDriver.java:299)
	at webUI.home.library.ListView.getListOfContentTypes(ListView.java:192)
	at tests.webUI.nonFunctional.LibraryTests.SortingRowView(LibraryTests.java:968)
	at java.util.concurrent.FutureTask$Sync.innerRun(FutureTask.java:314)
	at java.util.concurrent.FutureTask.run(FutureTask.java:149)
	at java.util.concurrent.ThreadPoolExecutor$Worker.runTask(ThreadPoolExecutor.java:906)
	at java.util.concurrent.ThreadPoolExecutor$Worker.run(ThreadPoolExecutor.java:929)
	at java.lang.Thread.run(Thread.java:761)
Caused by: org.openqa.selenium.remote.ScreenshotException: Screen shot has been taken
Build info: version: '2.39.0', revision: 'ff23eac', time: '2013-12-16 16:11:15'
System info: host: 'piotrbogdanski', ip: '9.161.136.115', os.name: 'Windows 7', os.arch: 'x86', os.version: '6.1 build 7601 Service Pack 1', java.version: '1.6.0'
Driver info: driver.version: RemoteWebDriver
	at org.openqa.selenium.remote.ErrorHandler.throwIfResponseFailed(ErrorHandler.java:125)
	... 28 more
Caused by: org.openqa.selenium.NoSuchElementException: no such element
  (Session info: chrome=33.0.1750.154)
  (Driver info: chromedriver=2.9.248315,platform=Windows NT 6.2 x86_64) (WARNING: The server did not provide any stacktrace information)
Command duration or timeout: 30.05 seconds
For documentation on this error, please visit: http://seleniumhq.org/exceptions/no_such_element.html
Build info: version: '2.39.0', revision: 'ff23eac', time: '2013-12-16 16:11:15'
System info: host: 'dslvm346', ip: '9.162.138.157', os.name: 'Windows 8', os.arch: 'amd64', os.version: '6.2', java.version: '1.7.0_51'
Session ID: a5d697fb564e32bbb82c61d4f267f2b7
Driver info: org.openqa.selenium.chrome.ChromeDriver
Capabilities [{platform=WIN8, acceptSslCerts=true, javascriptEnabled=true, browserName=chrome, chrome={userDataDir=C:\Users\ADMINI~1\AppData\Local\Temp\scoped_dir4312_27641}, rotatable=false, locationContextEnabled=true, version=33.0.1750.154, takesHeapSnapshot=true, cssSelectorsEnabled=true, databaseEnabled=false, handlesAlerts=true, browserConnectionEnabled=false, nativeEvents=true, webStorageEnabled=true, applicationCacheEnabled=false, takesScreenshot=true}]
For documentation on this error, please visit: http://seleniumhq.org/exceptions/no_such_element.html
Build info: version: '2.39.0', revision: 'ff23eac', time: '2013-12-16 16:11:15'
System info: host: 'piotrbogdanski', ip: '9.161.136.115', os.name: 'Windows 7', os.arch: 'x86', os.version: '6.1 build 7601 Service Pack 1', java.version: '1.6.0'
Driver info: driver.version: EventFiringWebDriver
	at org.openqa.selenium.remote.ErrorHandler.createThrowable(ErrorHandler.java:193)
	at org.openqa.selenium.remote.ErrorHandler.throwIfResponseFailed(ErrorHandler.java:145)
	at org.openqa.selenium.remote.RemoteWebDriver.execute(RemoteWebDriver.java:554)
	at org.openqa.selenium.remote.RemoteWebDriver.findElement(RemoteWebDriver.java:307)
	at org.openqa.selenium.remote.RemoteWebDriver.findElementByXPath(RemoteWebDriver.java:404)
	at org.openqa.selenium.By$ByXPath.findElement(By.java:363)
	at org.openqa.selenium.remote.RemoteWebDriver.findElement(RemoteWebDriver.java:299)
	at org.openqa.selenium.support.events.EventFiringWebDriver$2.invoke(EventFiringWebDriver.java:101)
	at com.sun.proxy.$Proxy2.findElement(Unknown Source)
	at org.openqa.selenium.support.events.EventFiringWebDriver.findElement(EventFiringWebDriver.java:184)
	at org.openqa.selenium.remote.server.handler.FindElement.call(FindElement.java:47)
	at org.openqa.selenium.remote.server.handler.FindElement.call(FindElement.java:1)
	at java.util.concurrent.FutureTask.run(Unknown Source)
	at org.openqa.selenium.remote.server.DefaultSession$1.run(DefaultSession.java:170)
	at java.util.concurrent.ThreadPoolExecutor.runWorker(Unknown Source)
	at java.util.concurrent.ThreadPoolExecutor$Worker.run(Unknown Source)
	at java.lang.Thread.run(Unknown Source)
... Removed 26 stack frames]]>
    </failure>
  </testcase> <!-- SortingRowView -->
  <testcase name="SummaryPageLoads" time="12.235" classname="tests.webUI.nonFunctional.LibraryTests"/>
  <testcase name="VideoPageLoads" time="12.536" classname="tests.webUI.nonFunctional.LibraryTests"/>
  <testcase name="ResultsSwitchToFrontButtonFunctions" time="6.379" classname="tests.webUI.nonFunctional.LibraryTests"/>
  <testcase name="SelectedSubjectsCanBeRemovedUsingFacetList" time="17.499" classname="tests.webUI.nonFunctional.LibraryTests"/>
  <testcase name="SelectedSubjectsCanBeRemovedUsingLeftColumn" time="44.644" classname="tests.webUI.nonFunctional.LibraryTests"/>
  <testcase name="VideoPlays" time="44.992" classname="tests.webUI.nonFunctional.LibraryTests"/>
  <testcase name="VideoPlays" time="46.396" classname="tests.webUI.nonFunctional.LibraryTests"/>
  <testcase name="ProgressIndicatorFunctions" time="0.0" classname="tests.webUI.nonFunctional.LibraryTests">
    <skipped/>
  </testcase> <!-- ProgressIndicatorFunctions -->
  <testcase name="VideoPauses" time="0.0010" classname="tests.webUI.nonFunctional.LibraryTests">
    <skipped/>
  </testcase> <!-- VideoPauses -->
</testsuite> <!-- chrome -->
