<html>
<head>
<title>TestNG:  Chrome-Login</title>
<link href="../testng.css" rel="stylesheet" type="text/css" />
<link href="../my-testng.css" rel="stylesheet" type="text/css" />

<style type="text/css">
.log { display: none;} 
.stack-trace { display: none;} 
</style>
<script type="text/javascript">
<!--
function flip(e) {
  current = e.style.display;
  if (current == 'block') {
    e.style.display = 'none';
    return 0;
  }
  else {
    e.style.display = 'block';
    return 1;
  }
}

function toggleBox(szDivId, elem, msg1, msg2)
{
  var res = -1;  if (document.getElementById) {
    res = flip(document.getElementById(szDivId));
  }
  else if (document.all) {
    // this is the way old msie versions work
    res = flip(document.all[szDivId]);
  }
  if(elem) {
    if(res == 0) elem.innerHTML = msg1; else elem.innerHTML = msg2;
  }

}

function toggleAllBoxes() {
  if (document.getElementsByTagName) {
    d = document.getElementsByTagName('div');
    for (i = 0; i < d.length; i++) {
      if (d[i].className == 'log') {
        flip(d[i]);
      }
    }
  }
}

// -->
</script>

</head>
<body>
<h2 align='center'>Chrome-Login</h2><table border='1' align="center">
<tr>
<td>Tests passed/Failed/Skipped:</td><td>0/7/0</td>
</tr><tr>
<td>Started on:</td><td>Wed Oct 30 14:54:51 GMT 2013</td>
</tr>
<tr><td>Total time:</td><td>164 seconds (164634 ms)</td>
</tr><tr>
<td>Included groups:</td><td>BVT </td>
</tr><tr>
<td>Excluded groups:</td><td></td>
</tr>
</table><p/>
<small><i>(Hover the method name to see the test class name)</i></small><p/>
<table width='100%' border='1' class='invocation-failed'>
<tr><td colspan='4' align='center'><b>FAILED TESTS</b></td></tr>
<tr><td><b>Test method</b></td>
<td width="30%"><b>Exception</b></td>
<td width="10%"><b>Time (seconds)</b></td>
<td><b>Instance</b></td>
</tr>
<tr>
<td title='tests.LoginTests.failedLoginIncorrectPassword()'><b>failedLoginIncorrectPassword</b><br>Test class: tests.LoginTests<br>Test method: Verifies the correct error message appears if a user tries to log in with an incorrect password</td>
<td><div><pre>org.openqa.selenium.NoSuchElementException: no such element
  (Session info: chrome=30.0.1599.101)
  (Driver info: chromedriver=2.3,platform=Windows NT 6.2 x86_64) (WARNING: The server did not provide any stacktrace information)
Command duration or timeout: 10.04 seconds
For documentation on this error, please visit: http://seleniumhq.org/exceptions/no_such_element.html
Build info: version: &apos;2.37.0&apos;, revision: &apos;a7c61cb&apos;, time: &apos;2013-10-18 17:14:00&apos;
System info: host: &apos;dubxpcvm045&apos;, ip: &apos;9.161.97.195&apos;, os.name: &apos;Windows 8&apos;, os.arch: &apos;amd64&apos;, os.version: &apos;6.2&apos;, java.version: &apos;1.7.0_45&apos;
Session ID: 8e53b5600e68f57e8baedd574c5f84b3
Driver info: org.openqa.selenium.chrome.ChromeDriver
Capabilities [{platform=WIN8, acceptSslCerts=true, javascriptEnabled=true, browserName=chrome, chrome={chromedriverVersion=2.3}, rotatable=false, locationContextEnabled=true, version=30.0.1599.101, cssSelectorsEnabled=true, databaseEnabled=true, handlesAlerts=true, browserConnectionEnabled=false, webStorageEnabled=true, nativeEvents=true, applicationCacheEnabled=false, takesScreenshot=true}]
Command duration or timeout: 10.59 seconds
For documentation on this error, please visit: http://seleniumhq.org/exceptions/no_such_element.html
Build info: version: &apos;2.37.0&apos;, revision: &apos;a7c61cb&apos;, time: &apos;2013-10-18 17:14:00&apos;
System info: host: &apos;OWENFLETCHER&apos;, ip: &apos;9.161.136.37&apos;, os.name: &apos;Windows 7&apos;, os.arch: &apos;x86&apos;, os.version: &apos;6.1 build 7601 Service Pack 1&apos;, java.version: &apos;1.6.0&apos;
Session ID: 50cb9885-8642-4c8c-9c60-788be65d3445
Capabilities [{handlesAlerts=true, rotatable=false, databaseEnabled=true, locationContextEnabled=true, acceptSslCerts=true, applicationCacheEnabled=false, nativeEvents=true, cssSelectorsEnabled=true, takesScreenshot=true, platform=WIN8, browserName=chrome, javascriptEnabled=true, version=30.0.1599.101, webStorageEnabled=true, chrome={chromedriverVersion=2.3}, webdriver.remote.sessionid=50cb9885-8642-4c8c-9c60-788be65d3445, browserConnectionEnabled=false}]
Driver info: org.openqa.selenium.remote.RemoteWebDriver
	at org.openqa.selenium.remote.ErrorHandler.createThrowable(ErrorHandler.java:193)
	at org.openqa.selenium.remote.ErrorHandler.throwIfResponseFailed(ErrorHandler.java:145)
	at org.openqa.selenium.remote.RemoteWebDriver.execute(RemoteWebDriver.java:554)
	at org.openqa.selenium.remote.RemoteWebDriver.findElement(RemoteWebDriver.java:307)
	at org.openqa.selenium.remote.RemoteWebDriver.findElementById(RemoteWebDriver.java:348)
	at org.openqa.selenium.By$ById.findElement(By.java:220)
	at org.openqa.selenium.remote.RemoteWebDriver.findElement(RemoteWebDriver.java:299)
	at pageObjects.Login.enterUsername(Login.java:33)
	at tests.LoginTests.failedLoginIncorrectPassword(LoginTests.java:123)
	at java.util.concurrent.FutureTask$Sync.innerRun(FutureTask.java:314)
	at java.util.concurrent.FutureTask.run(FutureTask.java:149)
	at java.util.concurrent.ThreadPoolExecutor$Worker.runTask(ThreadPoolExecutor.java:897)
	at java.util.concurrent.ThreadPoolExecutor$Worker.run(ThreadPoolExecutor.java:919)
	at java.lang.Thread.run(Thread.java:736)
Caused by: org.openqa.selenium.remote.ScreenshotException: Screen shot has been taken
Build info: version: &apos;2.37.0&apos;, revision: &apos;a7c61cb&apos;, time: &apos;2013-10-18 17:14:00&apos;
System info: host: &apos;OWENFLETCHER&apos;, ip: &apos;9.161.136.37&apos;, os.name: &apos;Windows 7&apos;, os.arch: &apos;x86&apos;, os.version: &apos;6.1 build 7601 Service Pack 1&apos;, java.version: &apos;1.6.0&apos;
Driver info: driver.version: RemoteWebDriver
	at org.openqa.selenium.remote.ErrorHandler.throwIfResponseFailed(ErrorHandler.java:125)
	... 28 more
Caused by: org.openqa.selenium.NoSuchElementException: no such element
  (Session info: chrome=30.0.1599.101)
  (Driver info: chromedriver=2.3,platform=Windows NT 6.2 x86_64) (WARNING: The server did not provide any stacktrace information)
Command duration or timeout: 10.04 seconds
For documentation on this error, please visit: http://seleniumhq.org/exceptions/no_such_element.html
Build info: version: &apos;2.37.0&apos;, revision: &apos;a7c61cb&apos;, time: &apos;2013-10-18 17:14:00&apos;
System info: host: &apos;dubxpcvm045&apos;, ip: &apos;9.161.97.195&apos;, os.name: &apos;Windows 8&apos;, os.arch: &apos;amd64&apos;, os.version: &apos;6.2&apos;, java.version: &apos;1.7.0_45&apos;
Session ID: 8e53b5600e68f57e8baedd574c5f84b3
Driver info: org.openqa.selenium.chrome.ChromeDriver
Capabilities [{platform=WIN8, acceptSslCerts=true, javascriptEnabled=true, browserName=chrome, chrome={chromedriverVersion=2.3}, rotatable=false, locationContextEnabled=true, version=30.0.1599.101, cssSelectorsEnabled=true, databaseEnabled=true, handlesAlerts=true, browserConnectionEnabled=false, webStorageEnabled=true, nativeEvents=true, applicationCacheEnabled=false, takesScreenshot=true}]
For documentation on this error, please visit: http://seleniumhq.org/exceptions/no_such_element.html
Build info: version: &apos;2.37.0&apos;, revision: &apos;a7c61cb&apos;, time: &apos;2013-10-18 17:14:00&apos;
System info: host: &apos;OWENFLETCHER&apos;, ip: &apos;9.161.136.37&apos;, os.name: &apos;Windows 7&apos;, os.arch: &apos;x86&apos;, os.version: &apos;6.1 build 7601 Service Pack 1&apos;, java.version: &apos;1.6.0&apos;
Driver info: driver.version: EventFiringWebDriver
	at org.openqa.selenium.remote.ErrorHandler.createThrowable(ErrorHandler.java:193)
	at org.openqa.selenium.remote.ErrorHandler.throwIfResponseFailed(ErrorHandler.java:145)
	at org.openqa.selenium.remote.RemoteWebDriver.execute(RemoteWebDriver.java:554)
	at org.openqa.selenium.remote.RemoteWebDriver.findElement(RemoteWebDriver.java:307)
	at org.openqa.selenium.remote.RemoteWebDriver.findElementById(RemoteWebDriver.java:348)
	at org.openqa.selenium.By$ById.findElement(By.java:220)
	at org.openqa.selenium.remote.RemoteWebDriver.findElement(RemoteWebDriver.java:299)
	at org.openqa.selenium.support.events.EventFiringWebDriver$2.invoke(EventFiringWebDriver.java:101)
	at com.sun.proxy.$Proxy2.findElement(Unknown Source)
	at org.openqa.selenium.support.events.EventFiringWebDriver.findElement(EventFiringWebDriver.java:180)
	at org.openqa.selenium.remote.server.handler.FindElement.call(FindElement.java:47)
	at org.openqa.selenium.remote.server.handler.FindElement.call(FindElement.java:1)
	at java.util.concurrent.FutureTask.run(FutureTask.java:262)
	at org.openqa.selenium.remote.server.DefaultSession$1.run(DefaultSession.java:169)
	at java.util.concurrent.ThreadPoolExecutor.runWorker(ThreadPoolExecutor.java:1145)
	at java.util.concurrent.ThreadPoolExecutor$Worker.run(ThreadPoolExecutor.java:615)
	at java.lang.Thread.run(Thread.java:744)
... Removed 28 stack frames</pre></div><a href='#' onClick='toggleBox("stack-trace2015787046", this, "Click to show all stack frames", "Click to hide stack frames")'>Click to show all stack frames</a>
<div class='stack-trace' id='stack-trace2015787046'><pre>org.openqa.selenium.NoSuchElementException: no such element
  (Session info: chrome=30.0.1599.101)
  (Driver info: chromedriver=2.3,platform=Windows NT 6.2 x86_64) (WARNING: The server did not provide any stacktrace information)
Command duration or timeout: 10.04 seconds
For documentation on this error, please visit: http://seleniumhq.org/exceptions/no_such_element.html
Build info: version: &apos;2.37.0&apos;, revision: &apos;a7c61cb&apos;, time: &apos;2013-10-18 17:14:00&apos;
System info: host: &apos;dubxpcvm045&apos;, ip: &apos;9.161.97.195&apos;, os.name: &apos;Windows 8&apos;, os.arch: &apos;amd64&apos;, os.version: &apos;6.2&apos;, java.version: &apos;1.7.0_45&apos;
Session ID: 8e53b5600e68f57e8baedd574c5f84b3
Driver info: org.openqa.selenium.chrome.ChromeDriver
Capabilities [{platform=WIN8, acceptSslCerts=true, javascriptEnabled=true, browserName=chrome, chrome={chromedriverVersion=2.3}, rotatable=false, locationContextEnabled=true, version=30.0.1599.101, cssSelectorsEnabled=true, databaseEnabled=true, handlesAlerts=true, browserConnectionEnabled=false, webStorageEnabled=true, nativeEvents=true, applicationCacheEnabled=false, takesScreenshot=true}]
Command duration or timeout: 10.59 seconds
For documentation on this error, please visit: http://seleniumhq.org/exceptions/no_such_element.html
Build info: version: &apos;2.37.0&apos;, revision: &apos;a7c61cb&apos;, time: &apos;2013-10-18 17:14:00&apos;
System info: host: &apos;OWENFLETCHER&apos;, ip: &apos;9.161.136.37&apos;, os.name: &apos;Windows 7&apos;, os.arch: &apos;x86&apos;, os.version: &apos;6.1 build 7601 Service Pack 1&apos;, java.version: &apos;1.6.0&apos;
Session ID: 50cb9885-8642-4c8c-9c60-788be65d3445
Capabilities [{handlesAlerts=true, rotatable=false, databaseEnabled=true, locationContextEnabled=true, acceptSslCerts=true, applicationCacheEnabled=false, nativeEvents=true, cssSelectorsEnabled=true, takesScreenshot=true, platform=WIN8, browserName=chrome, javascriptEnabled=true, version=30.0.1599.101, webStorageEnabled=true, chrome={chromedriverVersion=2.3}, webdriver.remote.sessionid=50cb9885-8642-4c8c-9c60-788be65d3445, browserConnectionEnabled=false}]
Driver info: org.openqa.selenium.remote.RemoteWebDriver
	at sun.reflect.NativeConstructorAccessorImpl.newInstance0(Native Method)
	at sun.reflect.NativeConstructorAccessorImpl.newInstance(NativeConstructorAccessorImpl.java:56)
	at sun.reflect.DelegatingConstructorAccessorImpl.newInstance(DelegatingConstructorAccessorImpl.java:39)
	at java.lang.reflect.Constructor.newInstance(Constructor.java:527)
	at org.openqa.selenium.remote.ErrorHandler.createThrowable(ErrorHandler.java:193)
	at org.openqa.selenium.remote.ErrorHandler.throwIfResponseFailed(ErrorHandler.java:145)
	at org.openqa.selenium.remote.RemoteWebDriver.execute(RemoteWebDriver.java:554)
	at org.openqa.selenium.remote.RemoteWebDriver.findElement(RemoteWebDriver.java:307)
	at org.openqa.selenium.remote.RemoteWebDriver.findElementById(RemoteWebDriver.java:348)
	at org.openqa.selenium.By$ById.findElement(By.java:220)
	at org.openqa.selenium.remote.RemoteWebDriver.findElement(RemoteWebDriver.java:299)
	at pageObjects.Login.enterUsername(Login.java:33)
	at tests.LoginTests.failedLoginIncorrectPassword(LoginTests.java:123)
	at sun.reflect.NativeMethodAccessorImpl.invoke0(Native Method)
	at sun.reflect.NativeMethodAccessorImpl.invoke(NativeMethodAccessorImpl.java:60)
	at sun.reflect.DelegatingMethodAccessorImpl.invoke(DelegatingMethodAccessorImpl.java:37)
	at java.lang.reflect.Method.invoke(Method.java:611)
	at org.testng.internal.MethodInvocationHelper.invokeMethod(MethodInvocationHelper.java:84)
	at org.testng.internal.Invoker.invokeMethod(Invoker.java:714)
	at org.testng.internal.Invoker.invokeTestMethod(Invoker.java:901)
	at org.testng.internal.Invoker.invokeTestMethods(Invoker.java:1231)
	at org.testng.internal.TestMethodWorker.invokeTestMethods(TestMethodWorker.java:127)
	at org.testng.internal.TestMethodWorker.run(TestMethodWorker.java:111)
	at org.testng.TestRunner.privateRun(TestRunner.java:767)
	at org.testng.TestRunner.run(TestRunner.java:617)
	at org.testng.SuiteRunner.runTest(SuiteRunner.java:334)
	at org.testng.SuiteRunner.access$000(SuiteRunner.java:37)
	at org.testng.SuiteRunner$SuiteWorker.run(SuiteRunner.java:368)
	at org.testng.internal.thread.ThreadUtil$2.call(ThreadUtil.java:64)
	at java.util.concurrent.FutureTask$Sync.innerRun(FutureTask.java:314)
	at java.util.concurrent.FutureTask.run(FutureTask.java:149)
	at java.util.concurrent.ThreadPoolExecutor$Worker.runTask(ThreadPoolExecutor.java:897)
	at java.util.concurrent.ThreadPoolExecutor$Worker.run(ThreadPoolExecutor.java:919)
	at java.lang.Thread.run(Thread.java:736)
Caused by: org.openqa.selenium.remote.ScreenshotException: Screen shot has been taken
Build info: version: &apos;2.37.0&apos;, revision: &apos;a7c61cb&apos;, time: &apos;2013-10-18 17:14:00&apos;
System info: host: &apos;OWENFLETCHER&apos;, ip: &apos;9.161.136.37&apos;, os.name: &apos;Windows 7&apos;, os.arch: &apos;x86&apos;, os.version: &apos;6.1 build 7601 Service Pack 1&apos;, java.version: &apos;1.6.0&apos;
Driver info: driver.version: RemoteWebDriver
	at org.openqa.selenium.remote.ErrorHandler.throwIfResponseFailed(ErrorHandler.java:125)
	... 28 more
Caused by: org.openqa.selenium.NoSuchElementException: no such element
  (Session info: chrome=30.0.1599.101)
  (Driver info: chromedriver=2.3,platform=Windows NT 6.2 x86_64) (WARNING: The server did not provide any stacktrace information)
Command duration or timeout: 10.04 seconds
For documentation on this error, please visit: http://seleniumhq.org/exceptions/no_such_element.html
Build info: version: &apos;2.37.0&apos;, revision: &apos;a7c61cb&apos;, time: &apos;2013-10-18 17:14:00&apos;
System info: host: &apos;dubxpcvm045&apos;, ip: &apos;9.161.97.195&apos;, os.name: &apos;Windows 8&apos;, os.arch: &apos;amd64&apos;, os.version: &apos;6.2&apos;, java.version: &apos;1.7.0_45&apos;
Session ID: 8e53b5600e68f57e8baedd574c5f84b3
Driver info: org.openqa.selenium.chrome.ChromeDriver
Capabilities [{platform=WIN8, acceptSslCerts=true, javascriptEnabled=true, browserName=chrome, chrome={chromedriverVersion=2.3}, rotatable=false, locationContextEnabled=true, version=30.0.1599.101, cssSelectorsEnabled=true, databaseEnabled=true, handlesAlerts=true, browserConnectionEnabled=false, webStorageEnabled=true, nativeEvents=true, applicationCacheEnabled=false, takesScreenshot=true}]
For documentation on this error, please visit: http://seleniumhq.org/exceptions/no_such_element.html
Build info: version: &apos;2.37.0&apos;, revision: &apos;a7c61cb&apos;, time: &apos;2013-10-18 17:14:00&apos;
System info: host: &apos;OWENFLETCHER&apos;, ip: &apos;9.161.136.37&apos;, os.name: &apos;Windows 7&apos;, os.arch: &apos;x86&apos;, os.version: &apos;6.1 build 7601 Service Pack 1&apos;, java.version: &apos;1.6.0&apos;
Driver info: driver.version: EventFiringWebDriver
	at sun.reflect.NativeConstructorAccessorImpl.newInstance0(Native Method)
	at sun.reflect.NativeConstructorAccessorImpl.newInstance(NativeConstructorAccessorImpl.java:57)
	at sun.reflect.DelegatingConstructorAccessorImpl.newInstance(DelegatingConstructorAccessorImpl.java:45)
	at java.lang.reflect.Constructor.newInstance(Constructor.java:526)
	at org.openqa.selenium.remote.ErrorHandler.createThrowable(ErrorHandler.java:193)
	at org.openqa.selenium.remote.ErrorHandler.throwIfResponseFailed(ErrorHandler.java:145)
	at org.openqa.selenium.remote.RemoteWebDriver.execute(RemoteWebDriver.java:554)
	at org.openqa.selenium.remote.RemoteWebDriver.findElement(RemoteWebDriver.java:307)
	at org.openqa.selenium.remote.RemoteWebDriver.findElementById(RemoteWebDriver.java:348)
	at org.openqa.selenium.By$ById.findElement(By.java:220)
	at org.openqa.selenium.remote.RemoteWebDriver.findElement(RemoteWebDriver.java:299)
	at sun.reflect.NativeMethodAccessorImpl.invoke0(Native Method)
	at sun.reflect.NativeMethodAccessorImpl.invoke(NativeMethodAccessorImpl.java:57)
	at sun.reflect.DelegatingMethodAccessorImpl.invoke(DelegatingMethodAccessorImpl.java:43)
	at java.lang.reflect.Method.invoke(Method.java:606)
	at org.openqa.selenium.support.events.EventFiringWebDriver$2.invoke(EventFiringWebDriver.java:101)
	at com.sun.proxy.$Proxy2.findElement(Unknown Source)
	at org.openqa.selenium.support.events.EventFiringWebDriver.findElement(EventFiringWebDriver.java:180)
	at org.openqa.selenium.remote.server.handler.FindElement.call(FindElement.java:47)
	at org.openqa.selenium.remote.server.handler.FindElement.call(FindElement.java:1)
	at java.util.concurrent.FutureTask.run(FutureTask.java:262)
	at org.openqa.selenium.remote.server.DefaultSession$1.run(DefaultSession.java:169)
	at java.util.concurrent.ThreadPoolExecutor.runWorker(ThreadPoolExecutor.java:1145)
	at java.util.concurrent.ThreadPoolExecutor$Worker.run(ThreadPoolExecutor.java:615)
	at java.lang.Thread.run(Thread.java:744)
</pre></div></td>
<td>25</td>
<td>tests.LoginTests@42544254</td></tr>
<tr>
<td title='tests.LoginTests.failedLoginNoPassword()'><b>failedLoginNoPassword</b><br>Test class: tests.LoginTests<br>Test method: Verifies the correct error message appears if a user tries to log in entering a valid username but no password</td>
<td><div><pre>org.openqa.selenium.NoSuchElementException: no such element
  (Session info: chrome=30.0.1599.101)
  (Driver info: chromedriver=2.3,platform=Windows NT 6.2 x86_64) (WARNING: The server did not provide any stacktrace information)
Command duration or timeout: 10.01 seconds
For documentation on this error, please visit: http://seleniumhq.org/exceptions/no_such_element.html
Build info: version: &apos;2.37.0&apos;, revision: &apos;a7c61cb&apos;, time: &apos;2013-10-18 17:14:00&apos;
System info: host: &apos;dubxpcvm045&apos;, ip: &apos;9.161.97.195&apos;, os.name: &apos;Windows 8&apos;, os.arch: &apos;amd64&apos;, os.version: &apos;6.2&apos;, java.version: &apos;1.7.0_45&apos;
Session ID: ecff762cd0bc17bb9b97b2e6c333ea13
Driver info: org.openqa.selenium.chrome.ChromeDriver
Capabilities [{platform=WIN8, acceptSslCerts=true, javascriptEnabled=true, browserName=chrome, chrome={chromedriverVersion=2.3}, rotatable=false, locationContextEnabled=true, version=30.0.1599.101, cssSelectorsEnabled=true, databaseEnabled=true, handlesAlerts=true, browserConnectionEnabled=false, webStorageEnabled=true, nativeEvents=true, applicationCacheEnabled=false, takesScreenshot=true}]
Command duration or timeout: 10.43 seconds
For documentation on this error, please visit: http://seleniumhq.org/exceptions/no_such_element.html
Build info: version: &apos;2.37.0&apos;, revision: &apos;a7c61cb&apos;, time: &apos;2013-10-18 17:14:00&apos;
System info: host: &apos;OWENFLETCHER&apos;, ip: &apos;9.161.136.37&apos;, os.name: &apos;Windows 7&apos;, os.arch: &apos;x86&apos;, os.version: &apos;6.1 build 7601 Service Pack 1&apos;, java.version: &apos;1.6.0&apos;
Session ID: 55da0246-26ae-4969-a54b-bfdeef2f05fc
Capabilities [{handlesAlerts=true, rotatable=false, databaseEnabled=true, locationContextEnabled=true, acceptSslCerts=true, applicationCacheEnabled=false, nativeEvents=true, cssSelectorsEnabled=true, takesScreenshot=true, platform=WIN8, browserName=chrome, javascriptEnabled=true, version=30.0.1599.101, webStorageEnabled=true, chrome={chromedriverVersion=2.3}, webdriver.remote.sessionid=55da0246-26ae-4969-a54b-bfdeef2f05fc, browserConnectionEnabled=false}]
Driver info: org.openqa.selenium.remote.RemoteWebDriver
	at org.openqa.selenium.remote.ErrorHandler.createThrowable(ErrorHandler.java:193)
	at org.openqa.selenium.remote.ErrorHandler.throwIfResponseFailed(ErrorHandler.java:145)
	at org.openqa.selenium.remote.RemoteWebDriver.execute(RemoteWebDriver.java:554)
	at org.openqa.selenium.remote.RemoteWebDriver.findElement(RemoteWebDriver.java:307)
	at org.openqa.selenium.remote.RemoteWebDriver.findElementById(RemoteWebDriver.java:348)
	at org.openqa.selenium.By$ById.findElement(By.java:220)
	at org.openqa.selenium.remote.RemoteWebDriver.findElement(RemoteWebDriver.java:299)
	at pageObjects.Login.enterUsername(Login.java:33)
	at tests.LoginTests.failedLoginNoPassword(LoginTests.java:140)
	at java.util.concurrent.FutureTask$Sync.innerRun(FutureTask.java:314)
	at java.util.concurrent.FutureTask.run(FutureTask.java:149)
	at java.util.concurrent.ThreadPoolExecutor$Worker.runTask(ThreadPoolExecutor.java:897)
	at java.util.concurrent.ThreadPoolExecutor$Worker.run(ThreadPoolExecutor.java:919)
	at java.lang.Thread.run(Thread.java:736)
Caused by: org.openqa.selenium.remote.ScreenshotException: Screen shot has been taken
Build info: version: &apos;2.37.0&apos;, revision: &apos;a7c61cb&apos;, time: &apos;2013-10-18 17:14:00&apos;
System info: host: &apos;OWENFLETCHER&apos;, ip: &apos;9.161.136.37&apos;, os.name: &apos;Windows 7&apos;, os.arch: &apos;x86&apos;, os.version: &apos;6.1 build 7601 Service Pack 1&apos;, java.version: &apos;1.6.0&apos;
Driver info: driver.version: RemoteWebDriver
	at org.openqa.selenium.remote.ErrorHandler.throwIfResponseFailed(ErrorHandler.java:125)
	... 28 more
Caused by: org.openqa.selenium.NoSuchElementException: no such element
  (Session info: chrome=30.0.1599.101)
  (Driver info: chromedriver=2.3,platform=Windows NT 6.2 x86_64) (WARNING: The server did not provide any stacktrace information)
Command duration or timeout: 10.01 seconds
For documentation on this error, please visit: http://seleniumhq.org/exceptions/no_such_element.html
Build info: version: &apos;2.37.0&apos;, revision: &apos;a7c61cb&apos;, time: &apos;2013-10-18 17:14:00&apos;
System info: host: &apos;dubxpcvm045&apos;, ip: &apos;9.161.97.195&apos;, os.name: &apos;Windows 8&apos;, os.arch: &apos;amd64&apos;, os.version: &apos;6.2&apos;, java.version: &apos;1.7.0_45&apos;
Session ID: ecff762cd0bc17bb9b97b2e6c333ea13
Driver info: org.openqa.selenium.chrome.ChromeDriver
Capabilities [{platform=WIN8, acceptSslCerts=true, javascriptEnabled=true, browserName=chrome, chrome={chromedriverVersion=2.3}, rotatable=false, locationContextEnabled=true, version=30.0.1599.101, cssSelectorsEnabled=true, databaseEnabled=true, handlesAlerts=true, browserConnectionEnabled=false, webStorageEnabled=true, nativeEvents=true, applicationCacheEnabled=false, takesScreenshot=true}]
For documentation on this error, please visit: http://seleniumhq.org/exceptions/no_such_element.html
Build info: version: &apos;2.37.0&apos;, revision: &apos;a7c61cb&apos;, time: &apos;2013-10-18 17:14:00&apos;
System info: host: &apos;OWENFLETCHER&apos;, ip: &apos;9.161.136.37&apos;, os.name: &apos;Windows 7&apos;, os.arch: &apos;x86&apos;, os.version: &apos;6.1 build 7601 Service Pack 1&apos;, java.version: &apos;1.6.0&apos;
Driver info: driver.version: EventFiringWebDriver
	at org.openqa.selenium.remote.ErrorHandler.createThrowable(ErrorHandler.java:193)
	at org.openqa.selenium.remote.ErrorHandler.throwIfResponseFailed(ErrorHandler.java:145)
	at org.openqa.selenium.remote.RemoteWebDriver.execute(RemoteWebDriver.java:554)
	at org.openqa.selenium.remote.RemoteWebDriver.findElement(RemoteWebDriver.java:307)
	at org.openqa.selenium.remote.RemoteWebDriver.findElementById(RemoteWebDriver.java:348)
	at org.openqa.selenium.By$ById.findElement(By.java:220)
	at org.openqa.selenium.remote.RemoteWebDriver.findElement(RemoteWebDriver.java:299)
	at org.openqa.selenium.support.events.EventFiringWebDriver$2.invoke(EventFiringWebDriver.java:101)
	at com.sun.proxy.$Proxy2.findElement(Unknown Source)
	at org.openqa.selenium.support.events.EventFiringWebDriver.findElement(EventFiringWebDriver.java:180)
	at org.openqa.selenium.remote.server.handler.FindElement.call(FindElement.java:47)
	at org.openqa.selenium.remote.server.handler.FindElement.call(FindElement.java:1)
	at java.util.concurrent.FutureTask.run(FutureTask.java:262)
	at org.openqa.selenium.remote.server.DefaultSession$1.run(DefaultSession.java:169)
	at java.util.concurrent.ThreadPoolExecutor.runWorker(ThreadPoolExecutor.java:1145)
	at java.util.concurrent.ThreadPoolExecutor$Worker.run(ThreadPoolExecutor.java:615)
	at java.lang.Thread.run(Thread.java:744)
... Removed 28 stack frames</pre></div><a href='#' onClick='toggleBox("stack-trace2003531627", this, "Click to show all stack frames", "Click to hide stack frames")'>Click to show all stack frames</a>
<div class='stack-trace' id='stack-trace2003531627'><pre>org.openqa.selenium.NoSuchElementException: no such element
  (Session info: chrome=30.0.1599.101)
  (Driver info: chromedriver=2.3,platform=Windows NT 6.2 x86_64) (WARNING: The server did not provide any stacktrace information)
Command duration or timeout: 10.01 seconds
For documentation on this error, please visit: http://seleniumhq.org/exceptions/no_such_element.html
Build info: version: &apos;2.37.0&apos;, revision: &apos;a7c61cb&apos;, time: &apos;2013-10-18 17:14:00&apos;
System info: host: &apos;dubxpcvm045&apos;, ip: &apos;9.161.97.195&apos;, os.name: &apos;Windows 8&apos;, os.arch: &apos;amd64&apos;, os.version: &apos;6.2&apos;, java.version: &apos;1.7.0_45&apos;
Session ID: ecff762cd0bc17bb9b97b2e6c333ea13
Driver info: org.openqa.selenium.chrome.ChromeDriver
Capabilities [{platform=WIN8, acceptSslCerts=true, javascriptEnabled=true, browserName=chrome, chrome={chromedriverVersion=2.3}, rotatable=false, locationContextEnabled=true, version=30.0.1599.101, cssSelectorsEnabled=true, databaseEnabled=true, handlesAlerts=true, browserConnectionEnabled=false, webStorageEnabled=true, nativeEvents=true, applicationCacheEnabled=false, takesScreenshot=true}]
Command duration or timeout: 10.43 seconds
For documentation on this error, please visit: http://seleniumhq.org/exceptions/no_such_element.html
Build info: version: &apos;2.37.0&apos;, revision: &apos;a7c61cb&apos;, time: &apos;2013-10-18 17:14:00&apos;
System info: host: &apos;OWENFLETCHER&apos;, ip: &apos;9.161.136.37&apos;, os.name: &apos;Windows 7&apos;, os.arch: &apos;x86&apos;, os.version: &apos;6.1 build 7601 Service Pack 1&apos;, java.version: &apos;1.6.0&apos;
Session ID: 55da0246-26ae-4969-a54b-bfdeef2f05fc
Capabilities [{handlesAlerts=true, rotatable=false, databaseEnabled=true, locationContextEnabled=true, acceptSslCerts=true, applicationCacheEnabled=false, nativeEvents=true, cssSelectorsEnabled=true, takesScreenshot=true, platform=WIN8, browserName=chrome, javascriptEnabled=true, version=30.0.1599.101, webStorageEnabled=true, chrome={chromedriverVersion=2.3}, webdriver.remote.sessionid=55da0246-26ae-4969-a54b-bfdeef2f05fc, browserConnectionEnabled=false}]
Driver info: org.openqa.selenium.remote.RemoteWebDriver
	at sun.reflect.NativeConstructorAccessorImpl.newInstance0(Native Method)
	at sun.reflect.NativeConstructorAccessorImpl.newInstance(NativeConstructorAccessorImpl.java:56)
	at sun.reflect.DelegatingConstructorAccessorImpl.newInstance(DelegatingConstructorAccessorImpl.java:39)
	at java.lang.reflect.Constructor.newInstance(Constructor.java:527)
	at org.openqa.selenium.remote.ErrorHandler.createThrowable(ErrorHandler.java:193)
	at org.openqa.selenium.remote.ErrorHandler.throwIfResponseFailed(ErrorHandler.java:145)
	at org.openqa.selenium.remote.RemoteWebDriver.execute(RemoteWebDriver.java:554)
	at org.openqa.selenium.remote.RemoteWebDriver.findElement(RemoteWebDriver.java:307)
	at org.openqa.selenium.remote.RemoteWebDriver.findElementById(RemoteWebDriver.java:348)
	at org.openqa.selenium.By$ById.findElement(By.java:220)
	at org.openqa.selenium.remote.RemoteWebDriver.findElement(RemoteWebDriver.java:299)
	at pageObjects.Login.enterUsername(Login.java:33)
	at tests.LoginTests.failedLoginNoPassword(LoginTests.java:140)
	at sun.reflect.NativeMethodAccessorImpl.invoke0(Native Method)
	at sun.reflect.NativeMethodAccessorImpl.invoke(NativeMethodAccessorImpl.java:60)
	at sun.reflect.DelegatingMethodAccessorImpl.invoke(DelegatingMethodAccessorImpl.java:37)
	at java.lang.reflect.Method.invoke(Method.java:611)
	at org.testng.internal.MethodInvocationHelper.invokeMethod(MethodInvocationHelper.java:84)
	at org.testng.internal.Invoker.invokeMethod(Invoker.java:714)
	at org.testng.internal.Invoker.invokeTestMethod(Invoker.java:901)
	at org.testng.internal.Invoker.invokeTestMethods(Invoker.java:1231)
	at org.testng.internal.TestMethodWorker.invokeTestMethods(TestMethodWorker.java:127)
	at org.testng.internal.TestMethodWorker.run(TestMethodWorker.java:111)
	at org.testng.TestRunner.privateRun(TestRunner.java:767)
	at org.testng.TestRunner.run(TestRunner.java:617)
	at org.testng.SuiteRunner.runTest(SuiteRunner.java:334)
	at org.testng.SuiteRunner.access$000(SuiteRunner.java:37)
	at org.testng.SuiteRunner$SuiteWorker.run(SuiteRunner.java:368)
	at org.testng.internal.thread.ThreadUtil$2.call(ThreadUtil.java:64)
	at java.util.concurrent.FutureTask$Sync.innerRun(FutureTask.java:314)
	at java.util.concurrent.FutureTask.run(FutureTask.java:149)
	at java.util.concurrent.ThreadPoolExecutor$Worker.runTask(ThreadPoolExecutor.java:897)
	at java.util.concurrent.ThreadPoolExecutor$Worker.run(ThreadPoolExecutor.java:919)
	at java.lang.Thread.run(Thread.java:736)
Caused by: org.openqa.selenium.remote.ScreenshotException: Screen shot has been taken
Build info: version: &apos;2.37.0&apos;, revision: &apos;a7c61cb&apos;, time: &apos;2013-10-18 17:14:00&apos;
System info: host: &apos;OWENFLETCHER&apos;, ip: &apos;9.161.136.37&apos;, os.name: &apos;Windows 7&apos;, os.arch: &apos;x86&apos;, os.version: &apos;6.1 build 7601 Service Pack 1&apos;, java.version: &apos;1.6.0&apos;
Driver info: driver.version: RemoteWebDriver
	at org.openqa.selenium.remote.ErrorHandler.throwIfResponseFailed(ErrorHandler.java:125)
	... 28 more
Caused by: org.openqa.selenium.NoSuchElementException: no such element
  (Session info: chrome=30.0.1599.101)
  (Driver info: chromedriver=2.3,platform=Windows NT 6.2 x86_64) (WARNING: The server did not provide any stacktrace information)
Command duration or timeout: 10.01 seconds
For documentation on this error, please visit: http://seleniumhq.org/exceptions/no_such_element.html
Build info: version: &apos;2.37.0&apos;, revision: &apos;a7c61cb&apos;, time: &apos;2013-10-18 17:14:00&apos;
System info: host: &apos;dubxpcvm045&apos;, ip: &apos;9.161.97.195&apos;, os.name: &apos;Windows 8&apos;, os.arch: &apos;amd64&apos;, os.version: &apos;6.2&apos;, java.version: &apos;1.7.0_45&apos;
Session ID: ecff762cd0bc17bb9b97b2e6c333ea13
Driver info: org.openqa.selenium.chrome.ChromeDriver
Capabilities [{platform=WIN8, acceptSslCerts=true, javascriptEnabled=true, browserName=chrome, chrome={chromedriverVersion=2.3}, rotatable=false, locationContextEnabled=true, version=30.0.1599.101, cssSelectorsEnabled=true, databaseEnabled=true, handlesAlerts=true, browserConnectionEnabled=false, webStorageEnabled=true, nativeEvents=true, applicationCacheEnabled=false, takesScreenshot=true}]
For documentation on this error, please visit: http://seleniumhq.org/exceptions/no_such_element.html
Build info: version: &apos;2.37.0&apos;, revision: &apos;a7c61cb&apos;, time: &apos;2013-10-18 17:14:00&apos;
System info: host: &apos;OWENFLETCHER&apos;, ip: &apos;9.161.136.37&apos;, os.name: &apos;Windows 7&apos;, os.arch: &apos;x86&apos;, os.version: &apos;6.1 build 7601 Service Pack 1&apos;, java.version: &apos;1.6.0&apos;
Driver info: driver.version: EventFiringWebDriver
	at sun.reflect.NativeConstructorAccessorImpl.newInstance0(Native Method)
	at sun.reflect.NativeConstructorAccessorImpl.newInstance(NativeConstructorAccessorImpl.java:57)
	at sun.reflect.DelegatingConstructorAccessorImpl.newInstance(DelegatingConstructorAccessorImpl.java:45)
	at java.lang.reflect.Constructor.newInstance(Constructor.java:526)
	at org.openqa.selenium.remote.ErrorHandler.createThrowable(ErrorHandler.java:193)
	at org.openqa.selenium.remote.ErrorHandler.throwIfResponseFailed(ErrorHandler.java:145)
	at org.openqa.selenium.remote.RemoteWebDriver.execute(RemoteWebDriver.java:554)
	at org.openqa.selenium.remote.RemoteWebDriver.findElement(RemoteWebDriver.java:307)
	at org.openqa.selenium.remote.RemoteWebDriver.findElementById(RemoteWebDriver.java:348)
	at org.openqa.selenium.By$ById.findElement(By.java:220)
	at org.openqa.selenium.remote.RemoteWebDriver.findElement(RemoteWebDriver.java:299)
	at sun.reflect.NativeMethodAccessorImpl.invoke0(Native Method)
	at sun.reflect.NativeMethodAccessorImpl.invoke(NativeMethodAccessorImpl.java:57)
	at sun.reflect.DelegatingMethodAccessorImpl.invoke(DelegatingMethodAccessorImpl.java:43)
	at java.lang.reflect.Method.invoke(Method.java:606)
	at org.openqa.selenium.support.events.EventFiringWebDriver$2.invoke(EventFiringWebDriver.java:101)
	at com.sun.proxy.$Proxy2.findElement(Unknown Source)
	at org.openqa.selenium.support.events.EventFiringWebDriver.findElement(EventFiringWebDriver.java:180)
	at org.openqa.selenium.remote.server.handler.FindElement.call(FindElement.java:47)
	at org.openqa.selenium.remote.server.handler.FindElement.call(FindElement.java:1)
	at java.util.concurrent.FutureTask.run(FutureTask.java:262)
	at org.openqa.selenium.remote.server.DefaultSession$1.run(DefaultSession.java:169)
	at java.util.concurrent.ThreadPoolExecutor.runWorker(ThreadPoolExecutor.java:1145)
	at java.util.concurrent.ThreadPoolExecutor$Worker.run(ThreadPoolExecutor.java:615)
	at java.lang.Thread.run(Thread.java:744)
</pre></div></td>
<td>20</td>
<td>tests.LoginTests@42544254</td></tr>
<tr>
<td title='tests.LoginTests.failedLoginNoUsernameOrPassword()'><b>failedLoginNoUsernameOrPassword</b><br>Test class: tests.LoginTests<br>Test method: Verifies the correct error message appears if a user does not enter a username or password and clicks Login</td>
<td><div><pre>org.openqa.selenium.NoSuchElementException: no such element
  (Session info: chrome=30.0.1599.101)
  (Driver info: chromedriver=2.3,platform=Windows NT 6.2 x86_64) (WARNING: The server did not provide any stacktrace information)
Command duration or timeout: 10.02 seconds
For documentation on this error, please visit: http://seleniumhq.org/exceptions/no_such_element.html
Build info: version: &apos;2.37.0&apos;, revision: &apos;a7c61cb&apos;, time: &apos;2013-10-18 17:14:00&apos;
System info: host: &apos;dubxpcvm045&apos;, ip: &apos;9.161.97.195&apos;, os.name: &apos;Windows 8&apos;, os.arch: &apos;amd64&apos;, os.version: &apos;6.2&apos;, java.version: &apos;1.7.0_45&apos;
Session ID: b21eddc038e6e7242b8d53fbff6a11b5
Driver info: org.openqa.selenium.chrome.ChromeDriver
Capabilities [{platform=WIN8, acceptSslCerts=true, javascriptEnabled=true, browserName=chrome, chrome={chromedriverVersion=2.3}, rotatable=false, locationContextEnabled=true, version=30.0.1599.101, cssSelectorsEnabled=true, databaseEnabled=true, handlesAlerts=true, browserConnectionEnabled=false, webStorageEnabled=true, nativeEvents=true, applicationCacheEnabled=false, takesScreenshot=true}]
Command duration or timeout: 10.29 seconds
For documentation on this error, please visit: http://seleniumhq.org/exceptions/no_such_element.html
Build info: version: &apos;2.37.0&apos;, revision: &apos;a7c61cb&apos;, time: &apos;2013-10-18 17:14:00&apos;
System info: host: &apos;OWENFLETCHER&apos;, ip: &apos;9.161.136.37&apos;, os.name: &apos;Windows 7&apos;, os.arch: &apos;x86&apos;, os.version: &apos;6.1 build 7601 Service Pack 1&apos;, java.version: &apos;1.6.0&apos;
Session ID: 530a5746-e976-49e3-9df3-437b92682563
Capabilities [{handlesAlerts=true, rotatable=false, databaseEnabled=true, locationContextEnabled=true, acceptSslCerts=true, applicationCacheEnabled=false, nativeEvents=true, cssSelectorsEnabled=true, takesScreenshot=true, platform=WIN8, browserName=chrome, javascriptEnabled=true, version=30.0.1599.101, webStorageEnabled=true, chrome={chromedriverVersion=2.3}, webdriver.remote.sessionid=530a5746-e976-49e3-9df3-437b92682563, browserConnectionEnabled=false}]
Driver info: org.openqa.selenium.remote.RemoteWebDriver
	at org.openqa.selenium.remote.ErrorHandler.createThrowable(ErrorHandler.java:193)
	at org.openqa.selenium.remote.ErrorHandler.throwIfResponseFailed(ErrorHandler.java:145)
	at org.openqa.selenium.remote.RemoteWebDriver.execute(RemoteWebDriver.java:554)
	at org.openqa.selenium.remote.RemoteWebDriver.findElement(RemoteWebDriver.java:307)
	at org.openqa.selenium.remote.RemoteWebDriver.findElementById(RemoteWebDriver.java:348)
	at org.openqa.selenium.By$ById.findElement(By.java:220)
	at org.openqa.selenium.remote.RemoteWebDriver.findElement(RemoteWebDriver.java:299)
	at pageObjects.Login.clickLogin(Login.java:59)
	at tests.LoginTests.failedLoginNoUsernameOrPassword(LoginTests.java:156)
	at java.util.concurrent.FutureTask$Sync.innerRun(FutureTask.java:314)
	at java.util.concurrent.FutureTask.run(FutureTask.java:149)
	at java.util.concurrent.ThreadPoolExecutor$Worker.runTask(ThreadPoolExecutor.java:897)
	at java.util.concurrent.ThreadPoolExecutor$Worker.run(ThreadPoolExecutor.java:919)
	at java.lang.Thread.run(Thread.java:736)
Caused by: org.openqa.selenium.remote.ScreenshotException: Screen shot has been taken
Build info: version: &apos;2.37.0&apos;, revision: &apos;a7c61cb&apos;, time: &apos;2013-10-18 17:14:00&apos;
System info: host: &apos;OWENFLETCHER&apos;, ip: &apos;9.161.136.37&apos;, os.name: &apos;Windows 7&apos;, os.arch: &apos;x86&apos;, os.version: &apos;6.1 build 7601 Service Pack 1&apos;, java.version: &apos;1.6.0&apos;
Driver info: driver.version: RemoteWebDriver
	at org.openqa.selenium.remote.ErrorHandler.throwIfResponseFailed(ErrorHandler.java:125)
	... 28 more
Caused by: org.openqa.selenium.NoSuchElementException: no such element
  (Session info: chrome=30.0.1599.101)
  (Driver info: chromedriver=2.3,platform=Windows NT 6.2 x86_64) (WARNING: The server did not provide any stacktrace information)
Command duration or timeout: 10.02 seconds
For documentation on this error, please visit: http://seleniumhq.org/exceptions/no_such_element.html
Build info: version: &apos;2.37.0&apos;, revision: &apos;a7c61cb&apos;, time: &apos;2013-10-18 17:14:00&apos;
System info: host: &apos;dubxpcvm045&apos;, ip: &apos;9.161.97.195&apos;, os.name: &apos;Windows 8&apos;, os.arch: &apos;amd64&apos;, os.version: &apos;6.2&apos;, java.version: &apos;1.7.0_45&apos;
Session ID: b21eddc038e6e7242b8d53fbff6a11b5
Driver info: org.openqa.selenium.chrome.ChromeDriver
Capabilities [{platform=WIN8, acceptSslCerts=true, javascriptEnabled=true, browserName=chrome, chrome={chromedriverVersion=2.3}, rotatable=false, locationContextEnabled=true, version=30.0.1599.101, cssSelectorsEnabled=true, databaseEnabled=true, handlesAlerts=true, browserConnectionEnabled=false, webStorageEnabled=true, nativeEvents=true, applicationCacheEnabled=false, takesScreenshot=true}]
For documentation on this error, please visit: http://seleniumhq.org/exceptions/no_such_element.html
Build info: version: &apos;2.37.0&apos;, revision: &apos;a7c61cb&apos;, time: &apos;2013-10-18 17:14:00&apos;
System info: host: &apos;OWENFLETCHER&apos;, ip: &apos;9.161.136.37&apos;, os.name: &apos;Windows 7&apos;, os.arch: &apos;x86&apos;, os.version: &apos;6.1 build 7601 Service Pack 1&apos;, java.version: &apos;1.6.0&apos;
Driver info: driver.version: EventFiringWebDriver
	at org.openqa.selenium.remote.ErrorHandler.createThrowable(ErrorHandler.java:193)
	at org.openqa.selenium.remote.ErrorHandler.throwIfResponseFailed(ErrorHandler.java:145)
	at org.openqa.selenium.remote.RemoteWebDriver.execute(RemoteWebDriver.java:554)
	at org.openqa.selenium.remote.RemoteWebDriver.findElement(RemoteWebDriver.java:307)
	at org.openqa.selenium.remote.RemoteWebDriver.findElementById(RemoteWebDriver.java:348)
	at org.openqa.selenium.By$ById.findElement(By.java:220)
	at org.openqa.selenium.remote.RemoteWebDriver.findElement(RemoteWebDriver.java:299)
	at org.openqa.selenium.support.events.EventFiringWebDriver$2.invoke(EventFiringWebDriver.java:101)
	at com.sun.proxy.$Proxy2.findElement(Unknown Source)
	at org.openqa.selenium.support.events.EventFiringWebDriver.findElement(EventFiringWebDriver.java:180)
	at org.openqa.selenium.remote.server.handler.FindElement.call(FindElement.java:47)
	at org.openqa.selenium.remote.server.handler.FindElement.call(FindElement.java:1)
	at java.util.concurrent.FutureTask.run(FutureTask.java:262)
	at org.openqa.selenium.remote.server.DefaultSession$1.run(DefaultSession.java:169)
	at java.util.concurrent.ThreadPoolExecutor.runWorker(ThreadPoolExecutor.java:1145)
	at java.util.concurrent.ThreadPoolExecutor$Worker.run(ThreadPoolExecutor.java:615)
	at java.lang.Thread.run(Thread.java:744)
... Removed 28 stack frames</pre></div><a href='#' onClick='toggleBox("stack-trace651831002", this, "Click to show all stack frames", "Click to hide stack frames")'>Click to show all stack frames</a>
<div class='stack-trace' id='stack-trace651831002'><pre>org.openqa.selenium.NoSuchElementException: no such element
  (Session info: chrome=30.0.1599.101)
  (Driver info: chromedriver=2.3,platform=Windows NT 6.2 x86_64) (WARNING: The server did not provide any stacktrace information)
Command duration or timeout: 10.02 seconds
For documentation on this error, please visit: http://seleniumhq.org/exceptions/no_such_element.html
Build info: version: &apos;2.37.0&apos;, revision: &apos;a7c61cb&apos;, time: &apos;2013-10-18 17:14:00&apos;
System info: host: &apos;dubxpcvm045&apos;, ip: &apos;9.161.97.195&apos;, os.name: &apos;Windows 8&apos;, os.arch: &apos;amd64&apos;, os.version: &apos;6.2&apos;, java.version: &apos;1.7.0_45&apos;
Session ID: b21eddc038e6e7242b8d53fbff6a11b5
Driver info: org.openqa.selenium.chrome.ChromeDriver
Capabilities [{platform=WIN8, acceptSslCerts=true, javascriptEnabled=true, browserName=chrome, chrome={chromedriverVersion=2.3}, rotatable=false, locationContextEnabled=true, version=30.0.1599.101, cssSelectorsEnabled=true, databaseEnabled=true, handlesAlerts=true, browserConnectionEnabled=false, webStorageEnabled=true, nativeEvents=true, applicationCacheEnabled=false, takesScreenshot=true}]
Command duration or timeout: 10.29 seconds
For documentation on this error, please visit: http://seleniumhq.org/exceptions/no_such_element.html
Build info: version: &apos;2.37.0&apos;, revision: &apos;a7c61cb&apos;, time: &apos;2013-10-18 17:14:00&apos;
System info: host: &apos;OWENFLETCHER&apos;, ip: &apos;9.161.136.37&apos;, os.name: &apos;Windows 7&apos;, os.arch: &apos;x86&apos;, os.version: &apos;6.1 build 7601 Service Pack 1&apos;, java.version: &apos;1.6.0&apos;
Session ID: 530a5746-e976-49e3-9df3-437b92682563
Capabilities [{handlesAlerts=true, rotatable=false, databaseEnabled=true, locationContextEnabled=true, acceptSslCerts=true, applicationCacheEnabled=false, nativeEvents=true, cssSelectorsEnabled=true, takesScreenshot=true, platform=WIN8, browserName=chrome, javascriptEnabled=true, version=30.0.1599.101, webStorageEnabled=true, chrome={chromedriverVersion=2.3}, webdriver.remote.sessionid=530a5746-e976-49e3-9df3-437b92682563, browserConnectionEnabled=false}]
Driver info: org.openqa.selenium.remote.RemoteWebDriver
	at sun.reflect.NativeConstructorAccessorImpl.newInstance0(Native Method)
	at sun.reflect.NativeConstructorAccessorImpl.newInstance(NativeConstructorAccessorImpl.java:56)
	at sun.reflect.DelegatingConstructorAccessorImpl.newInstance(DelegatingConstructorAccessorImpl.java:39)
	at java.lang.reflect.Constructor.newInstance(Constructor.java:527)
	at org.openqa.selenium.remote.ErrorHandler.createThrowable(ErrorHandler.java:193)
	at org.openqa.selenium.remote.ErrorHandler.throwIfResponseFailed(ErrorHandler.java:145)
	at org.openqa.selenium.remote.RemoteWebDriver.execute(RemoteWebDriver.java:554)
	at org.openqa.selenium.remote.RemoteWebDriver.findElement(RemoteWebDriver.java:307)
	at org.openqa.selenium.remote.RemoteWebDriver.findElementById(RemoteWebDriver.java:348)
	at org.openqa.selenium.By$ById.findElement(By.java:220)
	at org.openqa.selenium.remote.RemoteWebDriver.findElement(RemoteWebDriver.java:299)
	at pageObjects.Login.clickLogin(Login.java:59)
	at tests.LoginTests.failedLoginNoUsernameOrPassword(LoginTests.java:156)
	at sun.reflect.NativeMethodAccessorImpl.invoke0(Native Method)
	at sun.reflect.NativeMethodAccessorImpl.invoke(NativeMethodAccessorImpl.java:60)
	at sun.reflect.DelegatingMethodAccessorImpl.invoke(DelegatingMethodAccessorImpl.java:37)
	at java.lang.reflect.Method.invoke(Method.java:611)
	at org.testng.internal.MethodInvocationHelper.invokeMethod(MethodInvocationHelper.java:84)
	at org.testng.internal.Invoker.invokeMethod(Invoker.java:714)
	at org.testng.internal.Invoker.invokeTestMethod(Invoker.java:901)
	at org.testng.internal.Invoker.invokeTestMethods(Invoker.java:1231)
	at org.testng.internal.TestMethodWorker.invokeTestMethods(TestMethodWorker.java:127)
	at org.testng.internal.TestMethodWorker.run(TestMethodWorker.java:111)
	at org.testng.TestRunner.privateRun(TestRunner.java:767)
	at org.testng.TestRunner.run(TestRunner.java:617)
	at org.testng.SuiteRunner.runTest(SuiteRunner.java:334)
	at org.testng.SuiteRunner.access$000(SuiteRunner.java:37)
	at org.testng.SuiteRunner$SuiteWorker.run(SuiteRunner.java:368)
	at org.testng.internal.thread.ThreadUtil$2.call(ThreadUtil.java:64)
	at java.util.concurrent.FutureTask$Sync.innerRun(FutureTask.java:314)
	at java.util.concurrent.FutureTask.run(FutureTask.java:149)
	at java.util.concurrent.ThreadPoolExecutor$Worker.runTask(ThreadPoolExecutor.java:897)
	at java.util.concurrent.ThreadPoolExecutor$Worker.run(ThreadPoolExecutor.java:919)
	at java.lang.Thread.run(Thread.java:736)
Caused by: org.openqa.selenium.remote.ScreenshotException: Screen shot has been taken
Build info: version: &apos;2.37.0&apos;, revision: &apos;a7c61cb&apos;, time: &apos;2013-10-18 17:14:00&apos;
System info: host: &apos;OWENFLETCHER&apos;, ip: &apos;9.161.136.37&apos;, os.name: &apos;Windows 7&apos;, os.arch: &apos;x86&apos;, os.version: &apos;6.1 build 7601 Service Pack 1&apos;, java.version: &apos;1.6.0&apos;
Driver info: driver.version: RemoteWebDriver
	at org.openqa.selenium.remote.ErrorHandler.throwIfResponseFailed(ErrorHandler.java:125)
	... 28 more
Caused by: org.openqa.selenium.NoSuchElementException: no such element
  (Session info: chrome=30.0.1599.101)
  (Driver info: chromedriver=2.3,platform=Windows NT 6.2 x86_64) (WARNING: The server did not provide any stacktrace information)
Command duration or timeout: 10.02 seconds
For documentation on this error, please visit: http://seleniumhq.org/exceptions/no_such_element.html
Build info: version: &apos;2.37.0&apos;, revision: &apos;a7c61cb&apos;, time: &apos;2013-10-18 17:14:00&apos;
System info: host: &apos;dubxpcvm045&apos;, ip: &apos;9.161.97.195&apos;, os.name: &apos;Windows 8&apos;, os.arch: &apos;amd64&apos;, os.version: &apos;6.2&apos;, java.version: &apos;1.7.0_45&apos;
Session ID: b21eddc038e6e7242b8d53fbff6a11b5
Driver info: org.openqa.selenium.chrome.ChromeDriver
Capabilities [{platform=WIN8, acceptSslCerts=true, javascriptEnabled=true, browserName=chrome, chrome={chromedriverVersion=2.3}, rotatable=false, locationContextEnabled=true, version=30.0.1599.101, cssSelectorsEnabled=true, databaseEnabled=true, handlesAlerts=true, browserConnectionEnabled=false, webStorageEnabled=true, nativeEvents=true, applicationCacheEnabled=false, takesScreenshot=true}]
For documentation on this error, please visit: http://seleniumhq.org/exceptions/no_such_element.html
Build info: version: &apos;2.37.0&apos;, revision: &apos;a7c61cb&apos;, time: &apos;2013-10-18 17:14:00&apos;
System info: host: &apos;OWENFLETCHER&apos;, ip: &apos;9.161.136.37&apos;, os.name: &apos;Windows 7&apos;, os.arch: &apos;x86&apos;, os.version: &apos;6.1 build 7601 Service Pack 1&apos;, java.version: &apos;1.6.0&apos;
Driver info: driver.version: EventFiringWebDriver
	at sun.reflect.NativeConstructorAccessorImpl.newInstance0(Native Method)
	at sun.reflect.NativeConstructorAccessorImpl.newInstance(NativeConstructorAccessorImpl.java:57)
	at sun.reflect.DelegatingConstructorAccessorImpl.newInstance(DelegatingConstructorAccessorImpl.java:45)
	at java.lang.reflect.Constructor.newInstance(Constructor.java:526)
	at org.openqa.selenium.remote.ErrorHandler.createThrowable(ErrorHandler.java:193)
	at org.openqa.selenium.remote.ErrorHandler.throwIfResponseFailed(ErrorHandler.java:145)
	at org.openqa.selenium.remote.RemoteWebDriver.execute(RemoteWebDriver.java:554)
	at org.openqa.selenium.remote.RemoteWebDriver.findElement(RemoteWebDriver.java:307)
	at org.openqa.selenium.remote.RemoteWebDriver.findElementById(RemoteWebDriver.java:348)
	at org.openqa.selenium.By$ById.findElement(By.java:220)
	at org.openqa.selenium.remote.RemoteWebDriver.findElement(RemoteWebDriver.java:299)
	at sun.reflect.NativeMethodAccessorImpl.invoke0(Native Method)
	at sun.reflect.NativeMethodAccessorImpl.invoke(NativeMethodAccessorImpl.java:57)
	at sun.reflect.DelegatingMethodAccessorImpl.invoke(DelegatingMethodAccessorImpl.java:43)
	at java.lang.reflect.Method.invoke(Method.java:606)
	at org.openqa.selenium.support.events.EventFiringWebDriver$2.invoke(EventFiringWebDriver.java:101)
	at com.sun.proxy.$Proxy2.findElement(Unknown Source)
	at org.openqa.selenium.support.events.EventFiringWebDriver.findElement(EventFiringWebDriver.java:180)
	at org.openqa.selenium.remote.server.handler.FindElement.call(FindElement.java:47)
	at org.openqa.selenium.remote.server.handler.FindElement.call(FindElement.java:1)
	at java.util.concurrent.FutureTask.run(FutureTask.java:262)
	at org.openqa.selenium.remote.server.DefaultSession$1.run(DefaultSession.java:169)
	at java.util.concurrent.ThreadPoolExecutor.runWorker(ThreadPoolExecutor.java:1145)
	at java.util.concurrent.ThreadPoolExecutor$Worker.run(ThreadPoolExecutor.java:615)
	at java.lang.Thread.run(Thread.java:744)
</pre></div></td>
<td>18</td>
<td>tests.LoginTests@42544254</td></tr>
<tr>
<td title='tests.LoginTests.forgotPassword()'><b>forgotPassword</b><br>Test class: tests.LoginTests<br>Test method: Verifies the correct message appears if a user enters a valid username and clicks Forgot Password</td>
<td><div><pre>org.openqa.selenium.NoSuchElementException: no such element
  (Session info: chrome=30.0.1599.101)
  (Driver info: chromedriver=2.3,platform=Windows NT 6.2 x86_64) (WARNING: The server did not provide any stacktrace information)
Command duration or timeout: 10.07 seconds
For documentation on this error, please visit: http://seleniumhq.org/exceptions/no_such_element.html
Build info: version: &apos;2.37.0&apos;, revision: &apos;a7c61cb&apos;, time: &apos;2013-10-18 17:14:00&apos;
System info: host: &apos;dubxpcvm045&apos;, ip: &apos;9.161.97.195&apos;, os.name: &apos;Windows 8&apos;, os.arch: &apos;amd64&apos;, os.version: &apos;6.2&apos;, java.version: &apos;1.7.0_45&apos;
Session ID: f036ec8ff5afcf7f943b7d50f05679dc
Driver info: org.openqa.selenium.chrome.ChromeDriver
Capabilities [{platform=WIN8, acceptSslCerts=true, javascriptEnabled=true, browserName=chrome, chrome={chromedriverVersion=2.3}, rotatable=false, locationContextEnabled=true, version=30.0.1599.101, cssSelectorsEnabled=true, databaseEnabled=true, handlesAlerts=true, browserConnectionEnabled=false, webStorageEnabled=true, nativeEvents=true, applicationCacheEnabled=false, takesScreenshot=true}]
Command duration or timeout: 10.34 seconds
For documentation on this error, please visit: http://seleniumhq.org/exceptions/no_such_element.html
Build info: version: &apos;2.37.0&apos;, revision: &apos;a7c61cb&apos;, time: &apos;2013-10-18 17:14:00&apos;
System info: host: &apos;OWENFLETCHER&apos;, ip: &apos;9.161.136.37&apos;, os.name: &apos;Windows 7&apos;, os.arch: &apos;x86&apos;, os.version: &apos;6.1 build 7601 Service Pack 1&apos;, java.version: &apos;1.6.0&apos;
Session ID: f9207d26-4311-4002-bbe5-191d069a1301
Capabilities [{handlesAlerts=true, rotatable=false, databaseEnabled=true, locationContextEnabled=true, acceptSslCerts=true, applicationCacheEnabled=false, nativeEvents=true, cssSelectorsEnabled=true, takesScreenshot=true, platform=WIN8, browserName=chrome, javascriptEnabled=true, version=30.0.1599.101, webStorageEnabled=true, chrome={chromedriverVersion=2.3}, webdriver.remote.sessionid=f9207d26-4311-4002-bbe5-191d069a1301, browserConnectionEnabled=false}]
Driver info: org.openqa.selenium.remote.RemoteWebDriver
	at org.openqa.selenium.remote.ErrorHandler.createThrowable(ErrorHandler.java:193)
	at org.openqa.selenium.remote.ErrorHandler.throwIfResponseFailed(ErrorHandler.java:145)
	at org.openqa.selenium.remote.RemoteWebDriver.execute(RemoteWebDriver.java:554)
	at org.openqa.selenium.remote.RemoteWebDriver.findElement(RemoteWebDriver.java:307)
	at org.openqa.selenium.remote.RemoteWebDriver.findElementById(RemoteWebDriver.java:348)
	at org.openqa.selenium.By$ById.findElement(By.java:220)
	at org.openqa.selenium.remote.RemoteWebDriver.findElement(RemoteWebDriver.java:299)
	at pageObjects.Login.enterUsername(Login.java:33)
	at tests.LoginTests.forgotPassword(LoginTests.java:187)
	at java.util.concurrent.FutureTask$Sync.innerRun(FutureTask.java:314)
	at java.util.concurrent.FutureTask.run(FutureTask.java:149)
	at java.util.concurrent.ThreadPoolExecutor$Worker.runTask(ThreadPoolExecutor.java:897)
	at java.util.concurrent.ThreadPoolExecutor$Worker.run(ThreadPoolExecutor.java:919)
	at java.lang.Thread.run(Thread.java:736)
Caused by: org.openqa.selenium.remote.ScreenshotException: Screen shot has been taken
Build info: version: &apos;2.37.0&apos;, revision: &apos;a7c61cb&apos;, time: &apos;2013-10-18 17:14:00&apos;
System info: host: &apos;OWENFLETCHER&apos;, ip: &apos;9.161.136.37&apos;, os.name: &apos;Windows 7&apos;, os.arch: &apos;x86&apos;, os.version: &apos;6.1 build 7601 Service Pack 1&apos;, java.version: &apos;1.6.0&apos;
Driver info: driver.version: RemoteWebDriver
	at org.openqa.selenium.remote.ErrorHandler.throwIfResponseFailed(ErrorHandler.java:125)
	... 28 more
Caused by: org.openqa.selenium.NoSuchElementException: no such element
  (Session info: chrome=30.0.1599.101)
  (Driver info: chromedriver=2.3,platform=Windows NT 6.2 x86_64) (WARNING: The server did not provide any stacktrace information)
Command duration or timeout: 10.07 seconds
For documentation on this error, please visit: http://seleniumhq.org/exceptions/no_such_element.html
Build info: version: &apos;2.37.0&apos;, revision: &apos;a7c61cb&apos;, time: &apos;2013-10-18 17:14:00&apos;
System info: host: &apos;dubxpcvm045&apos;, ip: &apos;9.161.97.195&apos;, os.name: &apos;Windows 8&apos;, os.arch: &apos;amd64&apos;, os.version: &apos;6.2&apos;, java.version: &apos;1.7.0_45&apos;
Session ID: f036ec8ff5afcf7f943b7d50f05679dc
Driver info: org.openqa.selenium.chrome.ChromeDriver
Capabilities [{platform=WIN8, acceptSslCerts=true, javascriptEnabled=true, browserName=chrome, chrome={chromedriverVersion=2.3}, rotatable=false, locationContextEnabled=true, version=30.0.1599.101, cssSelectorsEnabled=true, databaseEnabled=true, handlesAlerts=true, browserConnectionEnabled=false, webStorageEnabled=true, nativeEvents=true, applicationCacheEnabled=false, takesScreenshot=true}]
For documentation on this error, please visit: http://seleniumhq.org/exceptions/no_such_element.html
Build info: version: &apos;2.37.0&apos;, revision: &apos;a7c61cb&apos;, time: &apos;2013-10-18 17:14:00&apos;
System info: host: &apos;OWENFLETCHER&apos;, ip: &apos;9.161.136.37&apos;, os.name: &apos;Windows 7&apos;, os.arch: &apos;x86&apos;, os.version: &apos;6.1 build 7601 Service Pack 1&apos;, java.version: &apos;1.6.0&apos;
Driver info: driver.version: EventFiringWebDriver
	at org.openqa.selenium.remote.ErrorHandler.createThrowable(ErrorHandler.java:193)
	at org.openqa.selenium.remote.ErrorHandler.throwIfResponseFailed(ErrorHandler.java:145)
	at org.openqa.selenium.remote.RemoteWebDriver.execute(RemoteWebDriver.java:554)
	at org.openqa.selenium.remote.RemoteWebDriver.findElement(RemoteWebDriver.java:307)
	at org.openqa.selenium.remote.RemoteWebDriver.findElementById(RemoteWebDriver.java:348)
	at org.openqa.selenium.By$ById.findElement(By.java:220)
	at org.openqa.selenium.remote.RemoteWebDriver.findElement(RemoteWebDriver.java:299)
	at org.openqa.selenium.support.events.EventFiringWebDriver$2.invoke(EventFiringWebDriver.java:101)
	at com.sun.proxy.$Proxy2.findElement(Unknown Source)
	at org.openqa.selenium.support.events.EventFiringWebDriver.findElement(EventFiringWebDriver.java:180)
	at org.openqa.selenium.remote.server.handler.FindElement.call(FindElement.java:47)
	at org.openqa.selenium.remote.server.handler.FindElement.call(FindElement.java:1)
	at java.util.concurrent.FutureTask.run(FutureTask.java:262)
	at org.openqa.selenium.remote.server.DefaultSession$1.run(DefaultSession.java:169)
	at java.util.concurrent.ThreadPoolExecutor.runWorker(ThreadPoolExecutor.java:1145)
	at java.util.concurrent.ThreadPoolExecutor$Worker.run(ThreadPoolExecutor.java:615)
	at java.lang.Thread.run(Thread.java:744)
... Removed 28 stack frames</pre></div><a href='#' onClick='toggleBox("stack-trace2071559033", this, "Click to show all stack frames", "Click to hide stack frames")'>Click to show all stack frames</a>
<div class='stack-trace' id='stack-trace2071559033'><pre>org.openqa.selenium.NoSuchElementException: no such element
  (Session info: chrome=30.0.1599.101)
  (Driver info: chromedriver=2.3,platform=Windows NT 6.2 x86_64) (WARNING: The server did not provide any stacktrace information)
Command duration or timeout: 10.07 seconds
For documentation on this error, please visit: http://seleniumhq.org/exceptions/no_such_element.html
Build info: version: &apos;2.37.0&apos;, revision: &apos;a7c61cb&apos;, time: &apos;2013-10-18 17:14:00&apos;
System info: host: &apos;dubxpcvm045&apos;, ip: &apos;9.161.97.195&apos;, os.name: &apos;Windows 8&apos;, os.arch: &apos;amd64&apos;, os.version: &apos;6.2&apos;, java.version: &apos;1.7.0_45&apos;
Session ID: f036ec8ff5afcf7f943b7d50f05679dc
Driver info: org.openqa.selenium.chrome.ChromeDriver
Capabilities [{platform=WIN8, acceptSslCerts=true, javascriptEnabled=true, browserName=chrome, chrome={chromedriverVersion=2.3}, rotatable=false, locationContextEnabled=true, version=30.0.1599.101, cssSelectorsEnabled=true, databaseEnabled=true, handlesAlerts=true, browserConnectionEnabled=false, webStorageEnabled=true, nativeEvents=true, applicationCacheEnabled=false, takesScreenshot=true}]
Command duration or timeout: 10.34 seconds
For documentation on this error, please visit: http://seleniumhq.org/exceptions/no_such_element.html
Build info: version: &apos;2.37.0&apos;, revision: &apos;a7c61cb&apos;, time: &apos;2013-10-18 17:14:00&apos;
System info: host: &apos;OWENFLETCHER&apos;, ip: &apos;9.161.136.37&apos;, os.name: &apos;Windows 7&apos;, os.arch: &apos;x86&apos;, os.version: &apos;6.1 build 7601 Service Pack 1&apos;, java.version: &apos;1.6.0&apos;
Session ID: f9207d26-4311-4002-bbe5-191d069a1301
Capabilities [{handlesAlerts=true, rotatable=false, databaseEnabled=true, locationContextEnabled=true, acceptSslCerts=true, applicationCacheEnabled=false, nativeEvents=true, cssSelectorsEnabled=true, takesScreenshot=true, platform=WIN8, browserName=chrome, javascriptEnabled=true, version=30.0.1599.101, webStorageEnabled=true, chrome={chromedriverVersion=2.3}, webdriver.remote.sessionid=f9207d26-4311-4002-bbe5-191d069a1301, browserConnectionEnabled=false}]
Driver info: org.openqa.selenium.remote.RemoteWebDriver
	at sun.reflect.NativeConstructorAccessorImpl.newInstance0(Native Method)
	at sun.reflect.NativeConstructorAccessorImpl.newInstance(NativeConstructorAccessorImpl.java:56)
	at sun.reflect.DelegatingConstructorAccessorImpl.newInstance(DelegatingConstructorAccessorImpl.java:39)
	at java.lang.reflect.Constructor.newInstance(Constructor.java:527)
	at org.openqa.selenium.remote.ErrorHandler.createThrowable(ErrorHandler.java:193)
	at org.openqa.selenium.remote.ErrorHandler.throwIfResponseFailed(ErrorHandler.java:145)
	at org.openqa.selenium.remote.RemoteWebDriver.execute(RemoteWebDriver.java:554)
	at org.openqa.selenium.remote.RemoteWebDriver.findElement(RemoteWebDriver.java:307)
	at org.openqa.selenium.remote.RemoteWebDriver.findElementById(RemoteWebDriver.java:348)
	at org.openqa.selenium.By$ById.findElement(By.java:220)
	at org.openqa.selenium.remote.RemoteWebDriver.findElement(RemoteWebDriver.java:299)
	at pageObjects.Login.enterUsername(Login.java:33)
	at tests.LoginTests.forgotPassword(LoginTests.java:187)
	at sun.reflect.NativeMethodAccessorImpl.invoke0(Native Method)
	at sun.reflect.NativeMethodAccessorImpl.invoke(NativeMethodAccessorImpl.java:60)
	at sun.reflect.DelegatingMethodAccessorImpl.invoke(DelegatingMethodAccessorImpl.java:37)
	at java.lang.reflect.Method.invoke(Method.java:611)
	at org.testng.internal.MethodInvocationHelper.invokeMethod(MethodInvocationHelper.java:84)
	at org.testng.internal.Invoker.invokeMethod(Invoker.java:714)
	at org.testng.internal.Invoker.invokeTestMethod(Invoker.java:901)
	at org.testng.internal.Invoker.invokeTestMethods(Invoker.java:1231)
	at org.testng.internal.TestMethodWorker.invokeTestMethods(TestMethodWorker.java:127)
	at org.testng.internal.TestMethodWorker.run(TestMethodWorker.java:111)
	at org.testng.TestRunner.privateRun(TestRunner.java:767)
	at org.testng.TestRunner.run(TestRunner.java:617)
	at org.testng.SuiteRunner.runTest(SuiteRunner.java:334)
	at org.testng.SuiteRunner.access$000(SuiteRunner.java:37)
	at org.testng.SuiteRunner$SuiteWorker.run(SuiteRunner.java:368)
	at org.testng.internal.thread.ThreadUtil$2.call(ThreadUtil.java:64)
	at java.util.concurrent.FutureTask$Sync.innerRun(FutureTask.java:314)
	at java.util.concurrent.FutureTask.run(FutureTask.java:149)
	at java.util.concurrent.ThreadPoolExecutor$Worker.runTask(ThreadPoolExecutor.java:897)
	at java.util.concurrent.ThreadPoolExecutor$Worker.run(ThreadPoolExecutor.java:919)
	at java.lang.Thread.run(Thread.java:736)
Caused by: org.openqa.selenium.remote.ScreenshotException: Screen shot has been taken
Build info: version: &apos;2.37.0&apos;, revision: &apos;a7c61cb&apos;, time: &apos;2013-10-18 17:14:00&apos;
System info: host: &apos;OWENFLETCHER&apos;, ip: &apos;9.161.136.37&apos;, os.name: &apos;Windows 7&apos;, os.arch: &apos;x86&apos;, os.version: &apos;6.1 build 7601 Service Pack 1&apos;, java.version: &apos;1.6.0&apos;
Driver info: driver.version: RemoteWebDriver
	at org.openqa.selenium.remote.ErrorHandler.throwIfResponseFailed(ErrorHandler.java:125)
	... 28 more
Caused by: org.openqa.selenium.NoSuchElementException: no such element
  (Session info: chrome=30.0.1599.101)
  (Driver info: chromedriver=2.3,platform=Windows NT 6.2 x86_64) (WARNING: The server did not provide any stacktrace information)
Command duration or timeout: 10.07 seconds
For documentation on this error, please visit: http://seleniumhq.org/exceptions/no_such_element.html
Build info: version: &apos;2.37.0&apos;, revision: &apos;a7c61cb&apos;, time: &apos;2013-10-18 17:14:00&apos;
System info: host: &apos;dubxpcvm045&apos;, ip: &apos;9.161.97.195&apos;, os.name: &apos;Windows 8&apos;, os.arch: &apos;amd64&apos;, os.version: &apos;6.2&apos;, java.version: &apos;1.7.0_45&apos;
Session ID: f036ec8ff5afcf7f943b7d50f05679dc
Driver info: org.openqa.selenium.chrome.ChromeDriver
Capabilities [{platform=WIN8, acceptSslCerts=true, javascriptEnabled=true, browserName=chrome, chrome={chromedriverVersion=2.3}, rotatable=false, locationContextEnabled=true, version=30.0.1599.101, cssSelectorsEnabled=true, databaseEnabled=true, handlesAlerts=true, browserConnectionEnabled=false, webStorageEnabled=true, nativeEvents=true, applicationCacheEnabled=false, takesScreenshot=true}]
For documentation on this error, please visit: http://seleniumhq.org/exceptions/no_such_element.html
Build info: version: &apos;2.37.0&apos;, revision: &apos;a7c61cb&apos;, time: &apos;2013-10-18 17:14:00&apos;
System info: host: &apos;OWENFLETCHER&apos;, ip: &apos;9.161.136.37&apos;, os.name: &apos;Windows 7&apos;, os.arch: &apos;x86&apos;, os.version: &apos;6.1 build 7601 Service Pack 1&apos;, java.version: &apos;1.6.0&apos;
Driver info: driver.version: EventFiringWebDriver
	at sun.reflect.NativeConstructorAccessorImpl.newInstance0(Native Method)
	at sun.reflect.NativeConstructorAccessorImpl.newInstance(NativeConstructorAccessorImpl.java:57)
	at sun.reflect.DelegatingConstructorAccessorImpl.newInstance(DelegatingConstructorAccessorImpl.java:45)
	at java.lang.reflect.Constructor.newInstance(Constructor.java:526)
	at org.openqa.selenium.remote.ErrorHandler.createThrowable(ErrorHandler.java:193)
	at org.openqa.selenium.remote.ErrorHandler.throwIfResponseFailed(ErrorHandler.java:145)
	at org.openqa.selenium.remote.RemoteWebDriver.execute(RemoteWebDriver.java:554)
	at org.openqa.selenium.remote.RemoteWebDriver.findElement(RemoteWebDriver.java:307)
	at org.openqa.selenium.remote.RemoteWebDriver.findElementById(RemoteWebDriver.java:348)
	at org.openqa.selenium.By$ById.findElement(By.java:220)
	at org.openqa.selenium.remote.RemoteWebDriver.findElement(RemoteWebDriver.java:299)
	at sun.reflect.NativeMethodAccessorImpl.invoke0(Native Method)
	at sun.reflect.NativeMethodAccessorImpl.invoke(NativeMethodAccessorImpl.java:57)
	at sun.reflect.DelegatingMethodAccessorImpl.invoke(DelegatingMethodAccessorImpl.java:43)
	at java.lang.reflect.Method.invoke(Method.java:606)
	at org.openqa.selenium.support.events.EventFiringWebDriver$2.invoke(EventFiringWebDriver.java:101)
	at com.sun.proxy.$Proxy2.findElement(Unknown Source)
	at org.openqa.selenium.support.events.EventFiringWebDriver.findElement(EventFiringWebDriver.java:180)
	at org.openqa.selenium.remote.server.handler.FindElement.call(FindElement.java:47)
	at org.openqa.selenium.remote.server.handler.FindElement.call(FindElement.java:1)
	at java.util.concurrent.FutureTask.run(FutureTask.java:262)
	at org.openqa.selenium.remote.server.DefaultSession$1.run(DefaultSession.java:169)
	at java.util.concurrent.ThreadPoolExecutor.runWorker(ThreadPoolExecutor.java:1145)
	at java.util.concurrent.ThreadPoolExecutor$Worker.run(ThreadPoolExecutor.java:615)
	at java.lang.Thread.run(Thread.java:744)
</pre></div></td>
<td>18</td>
<td>tests.LoginTests@42544254</td></tr>
<tr>
<td title='tests.LoginTests.forgotPasswordNoEmailEntered()'><b>forgotPasswordNoEmailEntered</b><br>Test class: tests.LoginTests<br>Test method: Verifies the correct error message appears if a user does not enter a valid username and clicks Forgot Password</td>
<td><div><pre>org.openqa.selenium.NoSuchElementException: no such element
  (Session info: chrome=30.0.1599.101)
  (Driver info: chromedriver=2.3,platform=Windows NT 6.2 x86_64) (WARNING: The server did not provide any stacktrace information)
Command duration or timeout: 10.02 seconds
For documentation on this error, please visit: http://seleniumhq.org/exceptions/no_such_element.html
Build info: version: &apos;2.37.0&apos;, revision: &apos;a7c61cb&apos;, time: &apos;2013-10-18 17:14:00&apos;
System info: host: &apos;dubxpcvm045&apos;, ip: &apos;9.161.97.195&apos;, os.name: &apos;Windows 8&apos;, os.arch: &apos;amd64&apos;, os.version: &apos;6.2&apos;, java.version: &apos;1.7.0_45&apos;
Session ID: 681466898dcd589ec519b32ba972a23b
Driver info: org.openqa.selenium.chrome.ChromeDriver
Capabilities [{platform=WIN8, acceptSslCerts=true, javascriptEnabled=true, browserName=chrome, chrome={chromedriverVersion=2.3}, rotatable=false, locationContextEnabled=true, version=30.0.1599.101, cssSelectorsEnabled=true, databaseEnabled=true, handlesAlerts=true, browserConnectionEnabled=false, webStorageEnabled=true, nativeEvents=true, applicationCacheEnabled=false, takesScreenshot=true}]
Command duration or timeout: 10.28 seconds
For documentation on this error, please visit: http://seleniumhq.org/exceptions/no_such_element.html
Build info: version: &apos;2.37.0&apos;, revision: &apos;a7c61cb&apos;, time: &apos;2013-10-18 17:14:00&apos;
System info: host: &apos;OWENFLETCHER&apos;, ip: &apos;9.161.136.37&apos;, os.name: &apos;Windows 7&apos;, os.arch: &apos;x86&apos;, os.version: &apos;6.1 build 7601 Service Pack 1&apos;, java.version: &apos;1.6.0&apos;
Session ID: 477572b0-ca4d-4a8f-a40a-09ae9c7ce355
Capabilities [{handlesAlerts=true, rotatable=false, databaseEnabled=true, locationContextEnabled=true, acceptSslCerts=true, applicationCacheEnabled=false, nativeEvents=true, cssSelectorsEnabled=true, takesScreenshot=true, platform=WIN8, browserName=chrome, javascriptEnabled=true, version=30.0.1599.101, webStorageEnabled=true, chrome={chromedriverVersion=2.3}, webdriver.remote.sessionid=477572b0-ca4d-4a8f-a40a-09ae9c7ce355, browserConnectionEnabled=false}]
Driver info: org.openqa.selenium.remote.RemoteWebDriver
	at org.openqa.selenium.remote.ErrorHandler.createThrowable(ErrorHandler.java:193)
	at org.openqa.selenium.remote.ErrorHandler.throwIfResponseFailed(ErrorHandler.java:145)
	at org.openqa.selenium.remote.RemoteWebDriver.execute(RemoteWebDriver.java:554)
	at org.openqa.selenium.remote.RemoteWebDriver.findElement(RemoteWebDriver.java:307)
	at org.openqa.selenium.remote.RemoteWebDriver.findElementById(RemoteWebDriver.java:348)
	at org.openqa.selenium.By$ById.findElement(By.java:220)
	at org.openqa.selenium.remote.RemoteWebDriver.findElement(RemoteWebDriver.java:299)
	at pageObjects.Login.enterPassword(Login.java:39)
	at tests.LoginTests.forgotPasswordNoEmailEntered(LoginTests.java:171)
	at java.util.concurrent.FutureTask$Sync.innerRun(FutureTask.java:314)
	at java.util.concurrent.FutureTask.run(FutureTask.java:149)
	at java.util.concurrent.ThreadPoolExecutor$Worker.runTask(ThreadPoolExecutor.java:897)
	at java.util.concurrent.ThreadPoolExecutor$Worker.run(ThreadPoolExecutor.java:919)
	at java.lang.Thread.run(Thread.java:736)
Caused by: org.openqa.selenium.remote.ScreenshotException: Screen shot has been taken
Build info: version: &apos;2.37.0&apos;, revision: &apos;a7c61cb&apos;, time: &apos;2013-10-18 17:14:00&apos;
System info: host: &apos;OWENFLETCHER&apos;, ip: &apos;9.161.136.37&apos;, os.name: &apos;Windows 7&apos;, os.arch: &apos;x86&apos;, os.version: &apos;6.1 build 7601 Service Pack 1&apos;, java.version: &apos;1.6.0&apos;
Driver info: driver.version: RemoteWebDriver
	at org.openqa.selenium.remote.ErrorHandler.throwIfResponseFailed(ErrorHandler.java:125)
	... 28 more
Caused by: org.openqa.selenium.NoSuchElementException: no such element
  (Session info: chrome=30.0.1599.101)
  (Driver info: chromedriver=2.3,platform=Windows NT 6.2 x86_64) (WARNING: The server did not provide any stacktrace information)
Command duration or timeout: 10.02 seconds
For documentation on this error, please visit: http://seleniumhq.org/exceptions/no_such_element.html
Build info: version: &apos;2.37.0&apos;, revision: &apos;a7c61cb&apos;, time: &apos;2013-10-18 17:14:00&apos;
System info: host: &apos;dubxpcvm045&apos;, ip: &apos;9.161.97.195&apos;, os.name: &apos;Windows 8&apos;, os.arch: &apos;amd64&apos;, os.version: &apos;6.2&apos;, java.version: &apos;1.7.0_45&apos;
Session ID: 681466898dcd589ec519b32ba972a23b
Driver info: org.openqa.selenium.chrome.ChromeDriver
Capabilities [{platform=WIN8, acceptSslCerts=true, javascriptEnabled=true, browserName=chrome, chrome={chromedriverVersion=2.3}, rotatable=false, locationContextEnabled=true, version=30.0.1599.101, cssSelectorsEnabled=true, databaseEnabled=true, handlesAlerts=true, browserConnectionEnabled=false, webStorageEnabled=true, nativeEvents=true, applicationCacheEnabled=false, takesScreenshot=true}]
For documentation on this error, please visit: http://seleniumhq.org/exceptions/no_such_element.html
Build info: version: &apos;2.37.0&apos;, revision: &apos;a7c61cb&apos;, time: &apos;2013-10-18 17:14:00&apos;
System info: host: &apos;OWENFLETCHER&apos;, ip: &apos;9.161.136.37&apos;, os.name: &apos;Windows 7&apos;, os.arch: &apos;x86&apos;, os.version: &apos;6.1 build 7601 Service Pack 1&apos;, java.version: &apos;1.6.0&apos;
Driver info: driver.version: EventFiringWebDriver
	at org.openqa.selenium.remote.ErrorHandler.createThrowable(ErrorHandler.java:193)
	at org.openqa.selenium.remote.ErrorHandler.throwIfResponseFailed(ErrorHandler.java:145)
	at org.openqa.selenium.remote.RemoteWebDriver.execute(RemoteWebDriver.java:554)
	at org.openqa.selenium.remote.RemoteWebDriver.findElement(RemoteWebDriver.java:307)
	at org.openqa.selenium.remote.RemoteWebDriver.findElementById(RemoteWebDriver.java:348)
	at org.openqa.selenium.By$ById.findElement(By.java:220)
	at org.openqa.selenium.remote.RemoteWebDriver.findElement(RemoteWebDriver.java:299)
	at org.openqa.selenium.support.events.EventFiringWebDriver$2.invoke(EventFiringWebDriver.java:101)
	at com.sun.proxy.$Proxy2.findElement(Unknown Source)
	at org.openqa.selenium.support.events.EventFiringWebDriver.findElement(EventFiringWebDriver.java:180)
	at org.openqa.selenium.remote.server.handler.FindElement.call(FindElement.java:47)
	at org.openqa.selenium.remote.server.handler.FindElement.call(FindElement.java:1)
	at java.util.concurrent.FutureTask.run(FutureTask.java:262)
	at org.openqa.selenium.remote.server.DefaultSession$1.run(DefaultSession.java:169)
	at java.util.concurrent.ThreadPoolExecutor.runWorker(ThreadPoolExecutor.java:1145)
	at java.util.concurrent.ThreadPoolExecutor$Worker.run(ThreadPoolExecutor.java:615)
	at java.lang.Thread.run(Thread.java:744)
... Removed 28 stack frames</pre></div><a href='#' onClick='toggleBox("stack-trace1675650016", this, "Click to show all stack frames", "Click to hide stack frames")'>Click to show all stack frames</a>
<div class='stack-trace' id='stack-trace1675650016'><pre>org.openqa.selenium.NoSuchElementException: no such element
  (Session info: chrome=30.0.1599.101)
  (Driver info: chromedriver=2.3,platform=Windows NT 6.2 x86_64) (WARNING: The server did not provide any stacktrace information)
Command duration or timeout: 10.02 seconds
For documentation on this error, please visit: http://seleniumhq.org/exceptions/no_such_element.html
Build info: version: &apos;2.37.0&apos;, revision: &apos;a7c61cb&apos;, time: &apos;2013-10-18 17:14:00&apos;
System info: host: &apos;dubxpcvm045&apos;, ip: &apos;9.161.97.195&apos;, os.name: &apos;Windows 8&apos;, os.arch: &apos;amd64&apos;, os.version: &apos;6.2&apos;, java.version: &apos;1.7.0_45&apos;
Session ID: 681466898dcd589ec519b32ba972a23b
Driver info: org.openqa.selenium.chrome.ChromeDriver
Capabilities [{platform=WIN8, acceptSslCerts=true, javascriptEnabled=true, browserName=chrome, chrome={chromedriverVersion=2.3}, rotatable=false, locationContextEnabled=true, version=30.0.1599.101, cssSelectorsEnabled=true, databaseEnabled=true, handlesAlerts=true, browserConnectionEnabled=false, webStorageEnabled=true, nativeEvents=true, applicationCacheEnabled=false, takesScreenshot=true}]
Command duration or timeout: 10.28 seconds
For documentation on this error, please visit: http://seleniumhq.org/exceptions/no_such_element.html
Build info: version: &apos;2.37.0&apos;, revision: &apos;a7c61cb&apos;, time: &apos;2013-10-18 17:14:00&apos;
System info: host: &apos;OWENFLETCHER&apos;, ip: &apos;9.161.136.37&apos;, os.name: &apos;Windows 7&apos;, os.arch: &apos;x86&apos;, os.version: &apos;6.1 build 7601 Service Pack 1&apos;, java.version: &apos;1.6.0&apos;
Session ID: 477572b0-ca4d-4a8f-a40a-09ae9c7ce355
Capabilities [{handlesAlerts=true, rotatable=false, databaseEnabled=true, locationContextEnabled=true, acceptSslCerts=true, applicationCacheEnabled=false, nativeEvents=true, cssSelectorsEnabled=true, takesScreenshot=true, platform=WIN8, browserName=chrome, javascriptEnabled=true, version=30.0.1599.101, webStorageEnabled=true, chrome={chromedriverVersion=2.3}, webdriver.remote.sessionid=477572b0-ca4d-4a8f-a40a-09ae9c7ce355, browserConnectionEnabled=false}]
Driver info: org.openqa.selenium.remote.RemoteWebDriver
	at sun.reflect.NativeConstructorAccessorImpl.newInstance0(Native Method)
	at sun.reflect.NativeConstructorAccessorImpl.newInstance(NativeConstructorAccessorImpl.java:56)
	at sun.reflect.DelegatingConstructorAccessorImpl.newInstance(DelegatingConstructorAccessorImpl.java:39)
	at java.lang.reflect.Constructor.newInstance(Constructor.java:527)
	at org.openqa.selenium.remote.ErrorHandler.createThrowable(ErrorHandler.java:193)
	at org.openqa.selenium.remote.ErrorHandler.throwIfResponseFailed(ErrorHandler.java:145)
	at org.openqa.selenium.remote.RemoteWebDriver.execute(RemoteWebDriver.java:554)
	at org.openqa.selenium.remote.RemoteWebDriver.findElement(RemoteWebDriver.java:307)
	at org.openqa.selenium.remote.RemoteWebDriver.findElementById(RemoteWebDriver.java:348)
	at org.openqa.selenium.By$ById.findElement(By.java:220)
	at org.openqa.selenium.remote.RemoteWebDriver.findElement(RemoteWebDriver.java:299)
	at pageObjects.Login.enterPassword(Login.java:39)
	at tests.LoginTests.forgotPasswordNoEmailEntered(LoginTests.java:171)
	at sun.reflect.NativeMethodAccessorImpl.invoke0(Native Method)
	at sun.reflect.NativeMethodAccessorImpl.invoke(NativeMethodAccessorImpl.java:60)
	at sun.reflect.DelegatingMethodAccessorImpl.invoke(DelegatingMethodAccessorImpl.java:37)
	at java.lang.reflect.Method.invoke(Method.java:611)
	at org.testng.internal.MethodInvocationHelper.invokeMethod(MethodInvocationHelper.java:84)
	at org.testng.internal.Invoker.invokeMethod(Invoker.java:714)
	at org.testng.internal.Invoker.invokeTestMethod(Invoker.java:901)
	at org.testng.internal.Invoker.invokeTestMethods(Invoker.java:1231)
	at org.testng.internal.TestMethodWorker.invokeTestMethods(TestMethodWorker.java:127)
	at org.testng.internal.TestMethodWorker.run(TestMethodWorker.java:111)
	at org.testng.TestRunner.privateRun(TestRunner.java:767)
	at org.testng.TestRunner.run(TestRunner.java:617)
	at org.testng.SuiteRunner.runTest(SuiteRunner.java:334)
	at org.testng.SuiteRunner.access$000(SuiteRunner.java:37)
	at org.testng.SuiteRunner$SuiteWorker.run(SuiteRunner.java:368)
	at org.testng.internal.thread.ThreadUtil$2.call(ThreadUtil.java:64)
	at java.util.concurrent.FutureTask$Sync.innerRun(FutureTask.java:314)
	at java.util.concurrent.FutureTask.run(FutureTask.java:149)
	at java.util.concurrent.ThreadPoolExecutor$Worker.runTask(ThreadPoolExecutor.java:897)
	at java.util.concurrent.ThreadPoolExecutor$Worker.run(ThreadPoolExecutor.java:919)
	at java.lang.Thread.run(Thread.java:736)
Caused by: org.openqa.selenium.remote.ScreenshotException: Screen shot has been taken
Build info: version: &apos;2.37.0&apos;, revision: &apos;a7c61cb&apos;, time: &apos;2013-10-18 17:14:00&apos;
System info: host: &apos;OWENFLETCHER&apos;, ip: &apos;9.161.136.37&apos;, os.name: &apos;Windows 7&apos;, os.arch: &apos;x86&apos;, os.version: &apos;6.1 build 7601 Service Pack 1&apos;, java.version: &apos;1.6.0&apos;
Driver info: driver.version: RemoteWebDriver
	at org.openqa.selenium.remote.ErrorHandler.throwIfResponseFailed(ErrorHandler.java:125)
	... 28 more
Caused by: org.openqa.selenium.NoSuchElementException: no such element
  (Session info: chrome=30.0.1599.101)
  (Driver info: chromedriver=2.3,platform=Windows NT 6.2 x86_64) (WARNING: The server did not provide any stacktrace information)
Command duration or timeout: 10.02 seconds
For documentation on this error, please visit: http://seleniumhq.org/exceptions/no_such_element.html
Build info: version: &apos;2.37.0&apos;, revision: &apos;a7c61cb&apos;, time: &apos;2013-10-18 17:14:00&apos;
System info: host: &apos;dubxpcvm045&apos;, ip: &apos;9.161.97.195&apos;, os.name: &apos;Windows 8&apos;, os.arch: &apos;amd64&apos;, os.version: &apos;6.2&apos;, java.version: &apos;1.7.0_45&apos;
Session ID: 681466898dcd589ec519b32ba972a23b
Driver info: org.openqa.selenium.chrome.ChromeDriver
Capabilities [{platform=WIN8, acceptSslCerts=true, javascriptEnabled=true, browserName=chrome, chrome={chromedriverVersion=2.3}, rotatable=false, locationContextEnabled=true, version=30.0.1599.101, cssSelectorsEnabled=true, databaseEnabled=true, handlesAlerts=true, browserConnectionEnabled=false, webStorageEnabled=true, nativeEvents=true, applicationCacheEnabled=false, takesScreenshot=true}]
For documentation on this error, please visit: http://seleniumhq.org/exceptions/no_such_element.html
Build info: version: &apos;2.37.0&apos;, revision: &apos;a7c61cb&apos;, time: &apos;2013-10-18 17:14:00&apos;
System info: host: &apos;OWENFLETCHER&apos;, ip: &apos;9.161.136.37&apos;, os.name: &apos;Windows 7&apos;, os.arch: &apos;x86&apos;, os.version: &apos;6.1 build 7601 Service Pack 1&apos;, java.version: &apos;1.6.0&apos;
Driver info: driver.version: EventFiringWebDriver
	at sun.reflect.NativeConstructorAccessorImpl.newInstance0(Native Method)
	at sun.reflect.NativeConstructorAccessorImpl.newInstance(NativeConstructorAccessorImpl.java:57)
	at sun.reflect.DelegatingConstructorAccessorImpl.newInstance(DelegatingConstructorAccessorImpl.java:45)
	at java.lang.reflect.Constructor.newInstance(Constructor.java:526)
	at org.openqa.selenium.remote.ErrorHandler.createThrowable(ErrorHandler.java:193)
	at org.openqa.selenium.remote.ErrorHandler.throwIfResponseFailed(ErrorHandler.java:145)
	at org.openqa.selenium.remote.RemoteWebDriver.execute(RemoteWebDriver.java:554)
	at org.openqa.selenium.remote.RemoteWebDriver.findElement(RemoteWebDriver.java:307)
	at org.openqa.selenium.remote.RemoteWebDriver.findElementById(RemoteWebDriver.java:348)
	at org.openqa.selenium.By$ById.findElement(By.java:220)
	at org.openqa.selenium.remote.RemoteWebDriver.findElement(RemoteWebDriver.java:299)
	at sun.reflect.NativeMethodAccessorImpl.invoke0(Native Method)
	at sun.reflect.NativeMethodAccessorImpl.invoke(NativeMethodAccessorImpl.java:57)
	at sun.reflect.DelegatingMethodAccessorImpl.invoke(DelegatingMethodAccessorImpl.java:43)
	at java.lang.reflect.Method.invoke(Method.java:606)
	at org.openqa.selenium.support.events.EventFiringWebDriver$2.invoke(EventFiringWebDriver.java:101)
	at com.sun.proxy.$Proxy2.findElement(Unknown Source)
	at org.openqa.selenium.support.events.EventFiringWebDriver.findElement(EventFiringWebDriver.java:180)
	at org.openqa.selenium.remote.server.handler.FindElement.call(FindElement.java:47)
	at org.openqa.selenium.remote.server.handler.FindElement.call(FindElement.java:1)
	at java.util.concurrent.FutureTask.run(FutureTask.java:262)
	at org.openqa.selenium.remote.server.DefaultSession$1.run(DefaultSession.java:169)
	at java.util.concurrent.ThreadPoolExecutor.runWorker(ThreadPoolExecutor.java:1145)
	at java.util.concurrent.ThreadPoolExecutor$Worker.run(ThreadPoolExecutor.java:615)
	at java.lang.Thread.run(Thread.java:744)
</pre></div></td>
<td>18</td>
<td>tests.LoginTests@42544254</td></tr>
<tr>
<td title='tests.LoginTests.successfulLoginDoctor()'><b>successfulLoginDoctor</b><br>Test class: tests.LoginTests<br>Test method: Verifies a doctor can login successfully</td>
<td><div><pre>org.openqa.selenium.NoSuchElementException: no such element
  (Session info: chrome=30.0.1599.101)
  (Driver info: chromedriver=2.3,platform=Windows NT 6.2 x86_64) (WARNING: The server did not provide any stacktrace information)
Command duration or timeout: 10.04 seconds
For documentation on this error, please visit: http://seleniumhq.org/exceptions/no_such_element.html
Build info: version: &apos;2.37.0&apos;, revision: &apos;a7c61cb&apos;, time: &apos;2013-10-18 17:14:00&apos;
System info: host: &apos;dubxpcvm045&apos;, ip: &apos;9.161.97.195&apos;, os.name: &apos;Windows 8&apos;, os.arch: &apos;amd64&apos;, os.version: &apos;6.2&apos;, java.version: &apos;1.7.0_45&apos;
Session ID: 08722f1de7d175c5fc094b34158d4d95
Driver info: org.openqa.selenium.chrome.ChromeDriver
Capabilities [{platform=WIN8, acceptSslCerts=true, javascriptEnabled=true, browserName=chrome, chrome={chromedriverVersion=2.3}, rotatable=false, locationContextEnabled=true, version=30.0.1599.101, cssSelectorsEnabled=true, databaseEnabled=true, handlesAlerts=true, browserConnectionEnabled=false, webStorageEnabled=true, nativeEvents=true, applicationCacheEnabled=false, takesScreenshot=true}]
Command duration or timeout: 10.32 seconds
For documentation on this error, please visit: http://seleniumhq.org/exceptions/no_such_element.html
Build info: version: &apos;2.37.0&apos;, revision: &apos;a7c61cb&apos;, time: &apos;2013-10-18 17:14:00&apos;
System info: host: &apos;OWENFLETCHER&apos;, ip: &apos;9.161.136.37&apos;, os.name: &apos;Windows 7&apos;, os.arch: &apos;x86&apos;, os.version: &apos;6.1 build 7601 Service Pack 1&apos;, java.version: &apos;1.6.0&apos;
Session ID: e6b61e76-b592-4fdd-8856-3824199fbd4f
Capabilities [{handlesAlerts=true, rotatable=false, databaseEnabled=true, locationContextEnabled=true, acceptSslCerts=true, applicationCacheEnabled=false, nativeEvents=true, cssSelectorsEnabled=true, takesScreenshot=true, platform=WIN8, browserName=chrome, javascriptEnabled=true, version=30.0.1599.101, webStorageEnabled=true, chrome={chromedriverVersion=2.3}, webdriver.remote.sessionid=e6b61e76-b592-4fdd-8856-3824199fbd4f, browserConnectionEnabled=false}]
Driver info: org.openqa.selenium.remote.RemoteWebDriver
	at org.openqa.selenium.remote.ErrorHandler.createThrowable(ErrorHandler.java:193)
	at org.openqa.selenium.remote.ErrorHandler.throwIfResponseFailed(ErrorHandler.java:145)
	at org.openqa.selenium.remote.RemoteWebDriver.execute(RemoteWebDriver.java:554)
	at org.openqa.selenium.remote.RemoteWebDriver.findElement(RemoteWebDriver.java:307)
	at org.openqa.selenium.remote.RemoteWebDriver.findElementById(RemoteWebDriver.java:348)
	at org.openqa.selenium.By$ById.findElement(By.java:220)
	at org.openqa.selenium.remote.RemoteWebDriver.findElement(RemoteWebDriver.java:299)
	at pageObjects.Login.isUsernameFieldDisplayed(Login.java:64)
	at tests.LoginTests.successfulLoginDoctor(LoginTests.java:88)
	at java.util.concurrent.FutureTask$Sync.innerRun(FutureTask.java:314)
	at java.util.concurrent.FutureTask.run(FutureTask.java:149)
	at java.util.concurrent.ThreadPoolExecutor$Worker.runTask(ThreadPoolExecutor.java:897)
	at java.util.concurrent.ThreadPoolExecutor$Worker.run(ThreadPoolExecutor.java:919)
	at java.lang.Thread.run(Thread.java:736)
Caused by: org.openqa.selenium.remote.ScreenshotException: Screen shot has been taken
Build info: version: &apos;2.37.0&apos;, revision: &apos;a7c61cb&apos;, time: &apos;2013-10-18 17:14:00&apos;
System info: host: &apos;OWENFLETCHER&apos;, ip: &apos;9.161.136.37&apos;, os.name: &apos;Windows 7&apos;, os.arch: &apos;x86&apos;, os.version: &apos;6.1 build 7601 Service Pack 1&apos;, java.version: &apos;1.6.0&apos;
Driver info: driver.version: RemoteWebDriver
	at org.openqa.selenium.remote.ErrorHandler.throwIfResponseFailed(ErrorHandler.java:125)
	... 28 more
Caused by: org.openqa.selenium.NoSuchElementException: no such element
  (Session info: chrome=30.0.1599.101)
  (Driver info: chromedriver=2.3,platform=Windows NT 6.2 x86_64) (WARNING: The server did not provide any stacktrace information)
Command duration or timeout: 10.04 seconds
For documentation on this error, please visit: http://seleniumhq.org/exceptions/no_such_element.html
Build info: version: &apos;2.37.0&apos;, revision: &apos;a7c61cb&apos;, time: &apos;2013-10-18 17:14:00&apos;
System info: host: &apos;dubxpcvm045&apos;, ip: &apos;9.161.97.195&apos;, os.name: &apos;Windows 8&apos;, os.arch: &apos;amd64&apos;, os.version: &apos;6.2&apos;, java.version: &apos;1.7.0_45&apos;
Session ID: 08722f1de7d175c5fc094b34158d4d95
Driver info: org.openqa.selenium.chrome.ChromeDriver
Capabilities [{platform=WIN8, acceptSslCerts=true, javascriptEnabled=true, browserName=chrome, chrome={chromedriverVersion=2.3}, rotatable=false, locationContextEnabled=true, version=30.0.1599.101, cssSelectorsEnabled=true, databaseEnabled=true, handlesAlerts=true, browserConnectionEnabled=false, webStorageEnabled=true, nativeEvents=true, applicationCacheEnabled=false, takesScreenshot=true}]
For documentation on this error, please visit: http://seleniumhq.org/exceptions/no_such_element.html
Build info: version: &apos;2.37.0&apos;, revision: &apos;a7c61cb&apos;, time: &apos;2013-10-18 17:14:00&apos;
System info: host: &apos;OWENFLETCHER&apos;, ip: &apos;9.161.136.37&apos;, os.name: &apos;Windows 7&apos;, os.arch: &apos;x86&apos;, os.version: &apos;6.1 build 7601 Service Pack 1&apos;, java.version: &apos;1.6.0&apos;
Driver info: driver.version: EventFiringWebDriver
	at org.openqa.selenium.remote.ErrorHandler.createThrowable(ErrorHandler.java:193)
	at org.openqa.selenium.remote.ErrorHandler.throwIfResponseFailed(ErrorHandler.java:145)
	at org.openqa.selenium.remote.RemoteWebDriver.execute(RemoteWebDriver.java:554)
	at org.openqa.selenium.remote.RemoteWebDriver.findElement(RemoteWebDriver.java:307)
	at org.openqa.selenium.remote.RemoteWebDriver.findElementById(RemoteWebDriver.java:348)
	at org.openqa.selenium.By$ById.findElement(By.java:220)
	at org.openqa.selenium.remote.RemoteWebDriver.findElement(RemoteWebDriver.java:299)
	at org.openqa.selenium.support.events.EventFiringWebDriver$2.invoke(EventFiringWebDriver.java:101)
	at com.sun.proxy.$Proxy2.findElement(Unknown Source)
	at org.openqa.selenium.support.events.EventFiringWebDriver.findElement(EventFiringWebDriver.java:180)
	at org.openqa.selenium.remote.server.handler.FindElement.call(FindElement.java:47)
	at org.openqa.selenium.remote.server.handler.FindElement.call(FindElement.java:1)
	at java.util.concurrent.FutureTask.run(FutureTask.java:262)
	at org.openqa.selenium.remote.server.DefaultSession$1.run(DefaultSession.java:169)
	at java.util.concurrent.ThreadPoolExecutor.runWorker(ThreadPoolExecutor.java:1145)
	at java.util.concurrent.ThreadPoolExecutor$Worker.run(ThreadPoolExecutor.java:615)
	at java.lang.Thread.run(Thread.java:744)
... Removed 28 stack frames</pre></div><a href='#' onClick='toggleBox("stack-trace261951389", this, "Click to show all stack frames", "Click to hide stack frames")'>Click to show all stack frames</a>
<div class='stack-trace' id='stack-trace261951389'><pre>org.openqa.selenium.NoSuchElementException: no such element
  (Session info: chrome=30.0.1599.101)
  (Driver info: chromedriver=2.3,platform=Windows NT 6.2 x86_64) (WARNING: The server did not provide any stacktrace information)
Command duration or timeout: 10.04 seconds
For documentation on this error, please visit: http://seleniumhq.org/exceptions/no_such_element.html
Build info: version: &apos;2.37.0&apos;, revision: &apos;a7c61cb&apos;, time: &apos;2013-10-18 17:14:00&apos;
System info: host: &apos;dubxpcvm045&apos;, ip: &apos;9.161.97.195&apos;, os.name: &apos;Windows 8&apos;, os.arch: &apos;amd64&apos;, os.version: &apos;6.2&apos;, java.version: &apos;1.7.0_45&apos;
Session ID: 08722f1de7d175c5fc094b34158d4d95
Driver info: org.openqa.selenium.chrome.ChromeDriver
Capabilities [{platform=WIN8, acceptSslCerts=true, javascriptEnabled=true, browserName=chrome, chrome={chromedriverVersion=2.3}, rotatable=false, locationContextEnabled=true, version=30.0.1599.101, cssSelectorsEnabled=true, databaseEnabled=true, handlesAlerts=true, browserConnectionEnabled=false, webStorageEnabled=true, nativeEvents=true, applicationCacheEnabled=false, takesScreenshot=true}]
Command duration or timeout: 10.32 seconds
For documentation on this error, please visit: http://seleniumhq.org/exceptions/no_such_element.html
Build info: version: &apos;2.37.0&apos;, revision: &apos;a7c61cb&apos;, time: &apos;2013-10-18 17:14:00&apos;
System info: host: &apos;OWENFLETCHER&apos;, ip: &apos;9.161.136.37&apos;, os.name: &apos;Windows 7&apos;, os.arch: &apos;x86&apos;, os.version: &apos;6.1 build 7601 Service Pack 1&apos;, java.version: &apos;1.6.0&apos;
Session ID: e6b61e76-b592-4fdd-8856-3824199fbd4f
Capabilities [{handlesAlerts=true, rotatable=false, databaseEnabled=true, locationContextEnabled=true, acceptSslCerts=true, applicationCacheEnabled=false, nativeEvents=true, cssSelectorsEnabled=true, takesScreenshot=true, platform=WIN8, browserName=chrome, javascriptEnabled=true, version=30.0.1599.101, webStorageEnabled=true, chrome={chromedriverVersion=2.3}, webdriver.remote.sessionid=e6b61e76-b592-4fdd-8856-3824199fbd4f, browserConnectionEnabled=false}]
Driver info: org.openqa.selenium.remote.RemoteWebDriver
	at sun.reflect.NativeConstructorAccessorImpl.newInstance0(Native Method)
	at sun.reflect.NativeConstructorAccessorImpl.newInstance(NativeConstructorAccessorImpl.java:56)
	at sun.reflect.DelegatingConstructorAccessorImpl.newInstance(DelegatingConstructorAccessorImpl.java:39)
	at java.lang.reflect.Constructor.newInstance(Constructor.java:527)
	at org.openqa.selenium.remote.ErrorHandler.createThrowable(ErrorHandler.java:193)
	at org.openqa.selenium.remote.ErrorHandler.throwIfResponseFailed(ErrorHandler.java:145)
	at org.openqa.selenium.remote.RemoteWebDriver.execute(RemoteWebDriver.java:554)
	at org.openqa.selenium.remote.RemoteWebDriver.findElement(RemoteWebDriver.java:307)
	at org.openqa.selenium.remote.RemoteWebDriver.findElementById(RemoteWebDriver.java:348)
	at org.openqa.selenium.By$ById.findElement(By.java:220)
	at org.openqa.selenium.remote.RemoteWebDriver.findElement(RemoteWebDriver.java:299)
	at pageObjects.Login.isUsernameFieldDisplayed(Login.java:64)
	at tests.LoginTests.successfulLoginDoctor(LoginTests.java:88)
	at sun.reflect.NativeMethodAccessorImpl.invoke0(Native Method)
	at sun.reflect.NativeMethodAccessorImpl.invoke(NativeMethodAccessorImpl.java:60)
	at sun.reflect.DelegatingMethodAccessorImpl.invoke(DelegatingMethodAccessorImpl.java:37)
	at java.lang.reflect.Method.invoke(Method.java:611)
	at org.testng.internal.MethodInvocationHelper.invokeMethod(MethodInvocationHelper.java:84)
	at org.testng.internal.Invoker.invokeMethod(Invoker.java:714)
	at org.testng.internal.Invoker.invokeTestMethod(Invoker.java:901)
	at org.testng.internal.Invoker.invokeTestMethods(Invoker.java:1231)
	at org.testng.internal.TestMethodWorker.invokeTestMethods(TestMethodWorker.java:127)
	at org.testng.internal.TestMethodWorker.run(TestMethodWorker.java:111)
	at org.testng.TestRunner.privateRun(TestRunner.java:767)
	at org.testng.TestRunner.run(TestRunner.java:617)
	at org.testng.SuiteRunner.runTest(SuiteRunner.java:334)
	at org.testng.SuiteRunner.access$000(SuiteRunner.java:37)
	at org.testng.SuiteRunner$SuiteWorker.run(SuiteRunner.java:368)
	at org.testng.internal.thread.ThreadUtil$2.call(ThreadUtil.java:64)
	at java.util.concurrent.FutureTask$Sync.innerRun(FutureTask.java:314)
	at java.util.concurrent.FutureTask.run(FutureTask.java:149)
	at java.util.concurrent.ThreadPoolExecutor$Worker.runTask(ThreadPoolExecutor.java:897)
	at java.util.concurrent.ThreadPoolExecutor$Worker.run(ThreadPoolExecutor.java:919)
	at java.lang.Thread.run(Thread.java:736)
Caused by: org.openqa.selenium.remote.ScreenshotException: Screen shot has been taken
Build info: version: &apos;2.37.0&apos;, revision: &apos;a7c61cb&apos;, time: &apos;2013-10-18 17:14:00&apos;
System info: host: &apos;OWENFLETCHER&apos;, ip: &apos;9.161.136.37&apos;, os.name: &apos;Windows 7&apos;, os.arch: &apos;x86&apos;, os.version: &apos;6.1 build 7601 Service Pack 1&apos;, java.version: &apos;1.6.0&apos;
Driver info: driver.version: RemoteWebDriver
	at org.openqa.selenium.remote.ErrorHandler.throwIfResponseFailed(ErrorHandler.java:125)
	... 28 more
Caused by: org.openqa.selenium.NoSuchElementException: no such element
  (Session info: chrome=30.0.1599.101)
  (Driver info: chromedriver=2.3,platform=Windows NT 6.2 x86_64) (WARNING: The server did not provide any stacktrace information)
Command duration or timeout: 10.04 seconds
For documentation on this error, please visit: http://seleniumhq.org/exceptions/no_such_element.html
Build info: version: &apos;2.37.0&apos;, revision: &apos;a7c61cb&apos;, time: &apos;2013-10-18 17:14:00&apos;
System info: host: &apos;dubxpcvm045&apos;, ip: &apos;9.161.97.195&apos;, os.name: &apos;Windows 8&apos;, os.arch: &apos;amd64&apos;, os.version: &apos;6.2&apos;, java.version: &apos;1.7.0_45&apos;
Session ID: 08722f1de7d175c5fc094b34158d4d95
Driver info: org.openqa.selenium.chrome.ChromeDriver
Capabilities [{platform=WIN8, acceptSslCerts=true, javascriptEnabled=true, browserName=chrome, chrome={chromedriverVersion=2.3}, rotatable=false, locationContextEnabled=true, version=30.0.1599.101, cssSelectorsEnabled=true, databaseEnabled=true, handlesAlerts=true, browserConnectionEnabled=false, webStorageEnabled=true, nativeEvents=true, applicationCacheEnabled=false, takesScreenshot=true}]
For documentation on this error, please visit: http://seleniumhq.org/exceptions/no_such_element.html
Build info: version: &apos;2.37.0&apos;, revision: &apos;a7c61cb&apos;, time: &apos;2013-10-18 17:14:00&apos;
System info: host: &apos;OWENFLETCHER&apos;, ip: &apos;9.161.136.37&apos;, os.name: &apos;Windows 7&apos;, os.arch: &apos;x86&apos;, os.version: &apos;6.1 build 7601 Service Pack 1&apos;, java.version: &apos;1.6.0&apos;
Driver info: driver.version: EventFiringWebDriver
	at sun.reflect.NativeConstructorAccessorImpl.newInstance0(Native Method)
	at sun.reflect.NativeConstructorAccessorImpl.newInstance(NativeConstructorAccessorImpl.java:57)
	at sun.reflect.DelegatingConstructorAccessorImpl.newInstance(DelegatingConstructorAccessorImpl.java:45)
	at java.lang.reflect.Constructor.newInstance(Constructor.java:526)
	at org.openqa.selenium.remote.ErrorHandler.createThrowable(ErrorHandler.java:193)
	at org.openqa.selenium.remote.ErrorHandler.throwIfResponseFailed(ErrorHandler.java:145)
	at org.openqa.selenium.remote.RemoteWebDriver.execute(RemoteWebDriver.java:554)
	at org.openqa.selenium.remote.RemoteWebDriver.findElement(RemoteWebDriver.java:307)
	at org.openqa.selenium.remote.RemoteWebDriver.findElementById(RemoteWebDriver.java:348)
	at org.openqa.selenium.By$ById.findElement(By.java:220)
	at org.openqa.selenium.remote.RemoteWebDriver.findElement(RemoteWebDriver.java:299)
	at sun.reflect.NativeMethodAccessorImpl.invoke0(Native Method)
	at sun.reflect.NativeMethodAccessorImpl.invoke(NativeMethodAccessorImpl.java:57)
	at sun.reflect.DelegatingMethodAccessorImpl.invoke(DelegatingMethodAccessorImpl.java:43)
	at java.lang.reflect.Method.invoke(Method.java:606)
	at org.openqa.selenium.support.events.EventFiringWebDriver$2.invoke(EventFiringWebDriver.java:101)
	at com.sun.proxy.$Proxy2.findElement(Unknown Source)
	at org.openqa.selenium.support.events.EventFiringWebDriver.findElement(EventFiringWebDriver.java:180)
	at org.openqa.selenium.remote.server.handler.FindElement.call(FindElement.java:47)
	at org.openqa.selenium.remote.server.handler.FindElement.call(FindElement.java:1)
	at java.util.concurrent.FutureTask.run(FutureTask.java:262)
	at org.openqa.selenium.remote.server.DefaultSession$1.run(DefaultSession.java:169)
	at java.util.concurrent.ThreadPoolExecutor.runWorker(ThreadPoolExecutor.java:1145)
	at java.util.concurrent.ThreadPoolExecutor$Worker.run(ThreadPoolExecutor.java:615)
	at java.lang.Thread.run(Thread.java:744)
</pre></div></td>
<td>18</td>
<td>tests.LoginTests@42544254</td></tr>
<tr>
<td title='tests.LoginTests.successfulLoginNurse()'><b>successfulLoginNurse</b><br>Test class: tests.LoginTests<br>Test method: Verifies a nurse can login successfully</td>
<td><div><pre>org.openqa.selenium.NoSuchElementException: no such element
  (Session info: chrome=30.0.1599.101)
  (Driver info: chromedriver=2.3,platform=Windows NT 6.2 x86_64) (WARNING: The server did not provide any stacktrace information)
Command duration or timeout: 10.12 seconds
For documentation on this error, please visit: http://seleniumhq.org/exceptions/no_such_element.html
Build info: version: &apos;2.37.0&apos;, revision: &apos;a7c61cb&apos;, time: &apos;2013-10-18 17:14:00&apos;
System info: host: &apos;dubxpcvm045&apos;, ip: &apos;9.161.97.195&apos;, os.name: &apos;Windows 8&apos;, os.arch: &apos;amd64&apos;, os.version: &apos;6.2&apos;, java.version: &apos;1.7.0_45&apos;
Session ID: a855b1d3d35ab61cecea168a558612ff
Driver info: org.openqa.selenium.chrome.ChromeDriver
Capabilities [{platform=WIN8, acceptSslCerts=true, javascriptEnabled=true, browserName=chrome, chrome={chromedriverVersion=2.3}, rotatable=false, locationContextEnabled=true, version=30.0.1599.101, cssSelectorsEnabled=true, databaseEnabled=true, handlesAlerts=true, browserConnectionEnabled=false, webStorageEnabled=true, nativeEvents=true, applicationCacheEnabled=false, takesScreenshot=true}]
Command duration or timeout: 10.49 seconds
For documentation on this error, please visit: http://seleniumhq.org/exceptions/no_such_element.html
Build info: version: &apos;2.37.0&apos;, revision: &apos;a7c61cb&apos;, time: &apos;2013-10-18 17:14:00&apos;
System info: host: &apos;OWENFLETCHER&apos;, ip: &apos;9.161.136.37&apos;, os.name: &apos;Windows 7&apos;, os.arch: &apos;x86&apos;, os.version: &apos;6.1 build 7601 Service Pack 1&apos;, java.version: &apos;1.6.0&apos;
Session ID: 69f3e7ad-4cdc-4ef0-be35-0062bff01f9a
Capabilities [{handlesAlerts=true, rotatable=false, databaseEnabled=true, locationContextEnabled=true, acceptSslCerts=true, applicationCacheEnabled=false, nativeEvents=true, cssSelectorsEnabled=true, takesScreenshot=true, platform=WIN8, browserName=chrome, javascriptEnabled=true, version=30.0.1599.101, webStorageEnabled=true, chrome={chromedriverVersion=2.3}, webdriver.remote.sessionid=69f3e7ad-4cdc-4ef0-be35-0062bff01f9a, browserConnectionEnabled=false}]
Driver info: org.openqa.selenium.remote.RemoteWebDriver
	at org.openqa.selenium.remote.ErrorHandler.createThrowable(ErrorHandler.java:193)
	at org.openqa.selenium.remote.ErrorHandler.throwIfResponseFailed(ErrorHandler.java:145)
	at org.openqa.selenium.remote.RemoteWebDriver.execute(RemoteWebDriver.java:554)
	at org.openqa.selenium.remote.RemoteWebDriver.findElement(RemoteWebDriver.java:307)
	at org.openqa.selenium.remote.RemoteWebDriver.findElementById(RemoteWebDriver.java:348)
	at org.openqa.selenium.By$ById.findElement(By.java:220)
	at org.openqa.selenium.remote.RemoteWebDriver.findElement(RemoteWebDriver.java:299)
	at pageObjects.Login.isUsernameFieldDisplayed(Login.java:64)
	at tests.LoginTests.successfulLoginNurse(LoginTests.java:47)
	at java.util.concurrent.FutureTask$Sync.innerRun(FutureTask.java:314)
	at java.util.concurrent.FutureTask.run(FutureTask.java:149)
	at java.util.concurrent.ThreadPoolExecutor$Worker.runTask(ThreadPoolExecutor.java:897)
	at java.util.concurrent.ThreadPoolExecutor$Worker.run(ThreadPoolExecutor.java:919)
	at java.lang.Thread.run(Thread.java:736)
Caused by: org.openqa.selenium.remote.ScreenshotException: Screen shot has been taken
Build info: version: &apos;2.37.0&apos;, revision: &apos;a7c61cb&apos;, time: &apos;2013-10-18 17:14:00&apos;
System info: host: &apos;OWENFLETCHER&apos;, ip: &apos;9.161.136.37&apos;, os.name: &apos;Windows 7&apos;, os.arch: &apos;x86&apos;, os.version: &apos;6.1 build 7601 Service Pack 1&apos;, java.version: &apos;1.6.0&apos;
Driver info: driver.version: RemoteWebDriver
	at org.openqa.selenium.remote.ErrorHandler.throwIfResponseFailed(ErrorHandler.java:125)
	... 28 more
Caused by: org.openqa.selenium.NoSuchElementException: no such element
  (Session info: chrome=30.0.1599.101)
  (Driver info: chromedriver=2.3,platform=Windows NT 6.2 x86_64) (WARNING: The server did not provide any stacktrace information)
Command duration or timeout: 10.12 seconds
For documentation on this error, please visit: http://seleniumhq.org/exceptions/no_such_element.html
Build info: version: &apos;2.37.0&apos;, revision: &apos;a7c61cb&apos;, time: &apos;2013-10-18 17:14:00&apos;
System info: host: &apos;dubxpcvm045&apos;, ip: &apos;9.161.97.195&apos;, os.name: &apos;Windows 8&apos;, os.arch: &apos;amd64&apos;, os.version: &apos;6.2&apos;, java.version: &apos;1.7.0_45&apos;
Session ID: a855b1d3d35ab61cecea168a558612ff
Driver info: org.openqa.selenium.chrome.ChromeDriver
Capabilities [{platform=WIN8, acceptSslCerts=true, javascriptEnabled=true, browserName=chrome, chrome={chromedriverVersion=2.3}, rotatable=false, locationContextEnabled=true, version=30.0.1599.101, cssSelectorsEnabled=true, databaseEnabled=true, handlesAlerts=true, browserConnectionEnabled=false, webStorageEnabled=true, nativeEvents=true, applicationCacheEnabled=false, takesScreenshot=true}]
For documentation on this error, please visit: http://seleniumhq.org/exceptions/no_such_element.html
Build info: version: &apos;2.37.0&apos;, revision: &apos;a7c61cb&apos;, time: &apos;2013-10-18 17:14:00&apos;
System info: host: &apos;OWENFLETCHER&apos;, ip: &apos;9.161.136.37&apos;, os.name: &apos;Windows 7&apos;, os.arch: &apos;x86&apos;, os.version: &apos;6.1 build 7601 Service Pack 1&apos;, java.version: &apos;1.6.0&apos;
Driver info: driver.version: EventFiringWebDriver
	at org.openqa.selenium.remote.ErrorHandler.createThrowable(ErrorHandler.java:193)
	at org.openqa.selenium.remote.ErrorHandler.throwIfResponseFailed(ErrorHandler.java:145)
	at org.openqa.selenium.remote.RemoteWebDriver.execute(RemoteWebDriver.java:554)
	at org.openqa.selenium.remote.RemoteWebDriver.findElement(RemoteWebDriver.java:307)
	at org.openqa.selenium.remote.RemoteWebDriver.findElementById(RemoteWebDriver.java:348)
	at org.openqa.selenium.By$ById.findElement(By.java:220)
	at org.openqa.selenium.remote.RemoteWebDriver.findElement(RemoteWebDriver.java:299)
	at org.openqa.selenium.support.events.EventFiringWebDriver$2.invoke(EventFiringWebDriver.java:101)
	at com.sun.proxy.$Proxy2.findElement(Unknown Source)
	at org.openqa.selenium.support.events.EventFiringWebDriver.findElement(EventFiringWebDriver.java:180)
	at org.openqa.selenium.remote.server.handler.FindElement.call(FindElement.java:47)
	at org.openqa.selenium.remote.server.handler.FindElement.call(FindElement.java:1)
	at java.util.concurrent.FutureTask.run(FutureTask.java:262)
	at org.openqa.selenium.remote.server.DefaultSession$1.run(DefaultSession.java:169)
	at java.util.concurrent.ThreadPoolExecutor.runWorker(ThreadPoolExecutor.java:1145)
	at java.util.concurrent.ThreadPoolExecutor$Worker.run(ThreadPoolExecutor.java:615)
	at java.lang.Thread.run(Thread.java:744)
... Removed 28 stack frames</pre></div><a href='#' onClick='toggleBox("stack-trace1916236343", this, "Click to show all stack frames", "Click to hide stack frames")'>Click to show all stack frames</a>
<div class='stack-trace' id='stack-trace1916236343'><pre>org.openqa.selenium.NoSuchElementException: no such element
  (Session info: chrome=30.0.1599.101)
  (Driver info: chromedriver=2.3,platform=Windows NT 6.2 x86_64) (WARNING: The server did not provide any stacktrace information)
Command duration or timeout: 10.12 seconds
For documentation on this error, please visit: http://seleniumhq.org/exceptions/no_such_element.html
Build info: version: &apos;2.37.0&apos;, revision: &apos;a7c61cb&apos;, time: &apos;2013-10-18 17:14:00&apos;
System info: host: &apos;dubxpcvm045&apos;, ip: &apos;9.161.97.195&apos;, os.name: &apos;Windows 8&apos;, os.arch: &apos;amd64&apos;, os.version: &apos;6.2&apos;, java.version: &apos;1.7.0_45&apos;
Session ID: a855b1d3d35ab61cecea168a558612ff
Driver info: org.openqa.selenium.chrome.ChromeDriver
Capabilities [{platform=WIN8, acceptSslCerts=true, javascriptEnabled=true, browserName=chrome, chrome={chromedriverVersion=2.3}, rotatable=false, locationContextEnabled=true, version=30.0.1599.101, cssSelectorsEnabled=true, databaseEnabled=true, handlesAlerts=true, browserConnectionEnabled=false, webStorageEnabled=true, nativeEvents=true, applicationCacheEnabled=false, takesScreenshot=true}]
Command duration or timeout: 10.49 seconds
For documentation on this error, please visit: http://seleniumhq.org/exceptions/no_such_element.html
Build info: version: &apos;2.37.0&apos;, revision: &apos;a7c61cb&apos;, time: &apos;2013-10-18 17:14:00&apos;
System info: host: &apos;OWENFLETCHER&apos;, ip: &apos;9.161.136.37&apos;, os.name: &apos;Windows 7&apos;, os.arch: &apos;x86&apos;, os.version: &apos;6.1 build 7601 Service Pack 1&apos;, java.version: &apos;1.6.0&apos;
Session ID: 69f3e7ad-4cdc-4ef0-be35-0062bff01f9a
Capabilities [{handlesAlerts=true, rotatable=false, databaseEnabled=true, locationContextEnabled=true, acceptSslCerts=true, applicationCacheEnabled=false, nativeEvents=true, cssSelectorsEnabled=true, takesScreenshot=true, platform=WIN8, browserName=chrome, javascriptEnabled=true, version=30.0.1599.101, webStorageEnabled=true, chrome={chromedriverVersion=2.3}, webdriver.remote.sessionid=69f3e7ad-4cdc-4ef0-be35-0062bff01f9a, browserConnectionEnabled=false}]
Driver info: org.openqa.selenium.remote.RemoteWebDriver
	at sun.reflect.NativeConstructorAccessorImpl.newInstance0(Native Method)
	at sun.reflect.NativeConstructorAccessorImpl.newInstance(NativeConstructorAccessorImpl.java:56)
	at sun.reflect.DelegatingConstructorAccessorImpl.newInstance(DelegatingConstructorAccessorImpl.java:39)
	at java.lang.reflect.Constructor.newInstance(Constructor.java:527)
	at org.openqa.selenium.remote.ErrorHandler.createThrowable(ErrorHandler.java:193)
	at org.openqa.selenium.remote.ErrorHandler.throwIfResponseFailed(ErrorHandler.java:145)
	at org.openqa.selenium.remote.RemoteWebDriver.execute(RemoteWebDriver.java:554)
	at org.openqa.selenium.remote.RemoteWebDriver.findElement(RemoteWebDriver.java:307)
	at org.openqa.selenium.remote.RemoteWebDriver.findElementById(RemoteWebDriver.java:348)
	at org.openqa.selenium.By$ById.findElement(By.java:220)
	at org.openqa.selenium.remote.RemoteWebDriver.findElement(RemoteWebDriver.java:299)
	at pageObjects.Login.isUsernameFieldDisplayed(Login.java:64)
	at tests.LoginTests.successfulLoginNurse(LoginTests.java:47)
	at sun.reflect.NativeMethodAccessorImpl.invoke0(Native Method)
	at sun.reflect.NativeMethodAccessorImpl.invoke(NativeMethodAccessorImpl.java:60)
	at sun.reflect.DelegatingMethodAccessorImpl.invoke(DelegatingMethodAccessorImpl.java:37)
	at java.lang.reflect.Method.invoke(Method.java:611)
	at org.testng.internal.MethodInvocationHelper.invokeMethod(MethodInvocationHelper.java:84)
	at org.testng.internal.Invoker.invokeMethod(Invoker.java:714)
	at org.testng.internal.Invoker.invokeTestMethod(Invoker.java:901)
	at org.testng.internal.Invoker.invokeTestMethods(Invoker.java:1231)
	at org.testng.internal.TestMethodWorker.invokeTestMethods(TestMethodWorker.java:127)
	at org.testng.internal.TestMethodWorker.run(TestMethodWorker.java:111)
	at org.testng.TestRunner.privateRun(TestRunner.java:767)
	at org.testng.TestRunner.run(TestRunner.java:617)
	at org.testng.SuiteRunner.runTest(SuiteRunner.java:334)
	at org.testng.SuiteRunner.access$000(SuiteRunner.java:37)
	at org.testng.SuiteRunner$SuiteWorker.run(SuiteRunner.java:368)
	at org.testng.internal.thread.ThreadUtil$2.call(ThreadUtil.java:64)
	at java.util.concurrent.FutureTask$Sync.innerRun(FutureTask.java:314)
	at java.util.concurrent.FutureTask.run(FutureTask.java:149)
	at java.util.concurrent.ThreadPoolExecutor$Worker.runTask(ThreadPoolExecutor.java:897)
	at java.util.concurrent.ThreadPoolExecutor$Worker.run(ThreadPoolExecutor.java:919)
	at java.lang.Thread.run(Thread.java:736)
Caused by: org.openqa.selenium.remote.ScreenshotException: Screen shot has been taken
Build info: version: &apos;2.37.0&apos;, revision: &apos;a7c61cb&apos;, time: &apos;2013-10-18 17:14:00&apos;
System info: host: &apos;OWENFLETCHER&apos;, ip: &apos;9.161.136.37&apos;, os.name: &apos;Windows 7&apos;, os.arch: &apos;x86&apos;, os.version: &apos;6.1 build 7601 Service Pack 1&apos;, java.version: &apos;1.6.0&apos;
Driver info: driver.version: RemoteWebDriver
	at org.openqa.selenium.remote.ErrorHandler.throwIfResponseFailed(ErrorHandler.java:125)
	... 28 more
Caused by: org.openqa.selenium.NoSuchElementException: no such element
  (Session info: chrome=30.0.1599.101)
  (Driver info: chromedriver=2.3,platform=Windows NT 6.2 x86_64) (WARNING: The server did not provide any stacktrace information)
Command duration or timeout: 10.12 seconds
For documentation on this error, please visit: http://seleniumhq.org/exceptions/no_such_element.html
Build info: version: &apos;2.37.0&apos;, revision: &apos;a7c61cb&apos;, time: &apos;2013-10-18 17:14:00&apos;
System info: host: &apos;dubxpcvm045&apos;, ip: &apos;9.161.97.195&apos;, os.name: &apos;Windows 8&apos;, os.arch: &apos;amd64&apos;, os.version: &apos;6.2&apos;, java.version: &apos;1.7.0_45&apos;
Session ID: a855b1d3d35ab61cecea168a558612ff
Driver info: org.openqa.selenium.chrome.ChromeDriver
Capabilities [{platform=WIN8, acceptSslCerts=true, javascriptEnabled=true, browserName=chrome, chrome={chromedriverVersion=2.3}, rotatable=false, locationContextEnabled=true, version=30.0.1599.101, cssSelectorsEnabled=true, databaseEnabled=true, handlesAlerts=true, browserConnectionEnabled=false, webStorageEnabled=true, nativeEvents=true, applicationCacheEnabled=false, takesScreenshot=true}]
For documentation on this error, please visit: http://seleniumhq.org/exceptions/no_such_element.html
Build info: version: &apos;2.37.0&apos;, revision: &apos;a7c61cb&apos;, time: &apos;2013-10-18 17:14:00&apos;
System info: host: &apos;OWENFLETCHER&apos;, ip: &apos;9.161.136.37&apos;, os.name: &apos;Windows 7&apos;, os.arch: &apos;x86&apos;, os.version: &apos;6.1 build 7601 Service Pack 1&apos;, java.version: &apos;1.6.0&apos;
Driver info: driver.version: EventFiringWebDriver
	at sun.reflect.NativeConstructorAccessorImpl.newInstance0(Native Method)
	at sun.reflect.NativeConstructorAccessorImpl.newInstance(NativeConstructorAccessorImpl.java:57)
	at sun.reflect.DelegatingConstructorAccessorImpl.newInstance(DelegatingConstructorAccessorImpl.java:45)
	at java.lang.reflect.Constructor.newInstance(Constructor.java:526)
	at org.openqa.selenium.remote.ErrorHandler.createThrowable(ErrorHandler.java:193)
	at org.openqa.selenium.remote.ErrorHandler.throwIfResponseFailed(ErrorHandler.java:145)
	at org.openqa.selenium.remote.RemoteWebDriver.execute(RemoteWebDriver.java:554)
	at org.openqa.selenium.remote.RemoteWebDriver.findElement(RemoteWebDriver.java:307)
	at org.openqa.selenium.remote.RemoteWebDriver.findElementById(RemoteWebDriver.java:348)
	at org.openqa.selenium.By$ById.findElement(By.java:220)
	at org.openqa.selenium.remote.RemoteWebDriver.findElement(RemoteWebDriver.java:299)
	at sun.reflect.NativeMethodAccessorImpl.invoke0(Native Method)
	at sun.reflect.NativeMethodAccessorImpl.invoke(NativeMethodAccessorImpl.java:57)
	at sun.reflect.DelegatingMethodAccessorImpl.invoke(DelegatingMethodAccessorImpl.java:43)
	at java.lang.reflect.Method.invoke(Method.java:606)
	at org.openqa.selenium.support.events.EventFiringWebDriver$2.invoke(EventFiringWebDriver.java:101)
	at com.sun.proxy.$Proxy2.findElement(Unknown Source)
	at org.openqa.selenium.support.events.EventFiringWebDriver.findElement(EventFiringWebDriver.java:180)
	at org.openqa.selenium.remote.server.handler.FindElement.call(FindElement.java:47)
	at org.openqa.selenium.remote.server.handler.FindElement.call(FindElement.java:1)
	at java.util.concurrent.FutureTask.run(FutureTask.java:262)
	at org.openqa.selenium.remote.server.DefaultSession$1.run(DefaultSession.java:169)
	at java.util.concurrent.ThreadPoolExecutor.runWorker(ThreadPoolExecutor.java:1145)
	at java.util.concurrent.ThreadPoolExecutor$Worker.run(ThreadPoolExecutor.java:615)
	at java.lang.Thread.run(Thread.java:744)
</pre></div></td>
<td>18</td>
<td>tests.LoginTests@42544254</td></tr>
</table><p>
</body>
</html>