<html>
<head>
<title>TestNG:  IE</title>
<link href="../testng.css" rel="stylesheet" type="text/css" />
<link href="../my-testng.css" rel="stylesheet" type="text/css" />

<style type="text/css">
.log { display: none;} 
.stack-trace { display: none;} 
</style>
<script type="text/javascript">
<!--
function flip(e) {
  current = e.style.display;
  if (current == 'block') {
    e.style.display = 'none';
    return 0;
  }
  else {
    e.style.display = 'block';
    return 1;
  }
}

function toggleBox(szDivId, elem, msg1, msg2)
{
  var res = -1;  if (document.getElementById) {
    res = flip(document.getElementById(szDivId));
  }
  else if (document.all) {
    // this is the way old msie versions work
    res = flip(document.all[szDivId]);
  }
  if(elem) {
    if(res == 0) elem.innerHTML = msg1; else elem.innerHTML = msg2;
  }

}

function toggleAllBoxes() {
  if (document.getElementsByTagName) {
    d = document.getElementsByTagName('div');
    for (i = 0; i < d.length; i++) {
      if (d[i].className == 'log') {
        flip(d[i]);
      }
    }
  }
}

// -->
</script>

</head>
<body>
<h2 align='center'>IE</h2><table border='1' align="center">
<tr>
<td>Tests passed/Failed/Skipped:</td><td>25/4/0</td>
</tr><tr>
<td>Started on:</td><td>Tue Apr 01 09:12:13 BST 2014</td>
</tr>
<tr><td>Total time:</td><td>2443 seconds (2443263 ms)</td>
</tr><tr>
<td>Included groups:</td><td>FullRegression </td>
</tr><tr>
<td>Excluded groups:</td><td></td>
</tr>
</table><p/>
<small><i>(Hover the method name to see the test class name)</i></small><p/>
<table width='100%' border='1' class='invocation-failed'>
<tr><td colspan='4' align='center'><b>FAILED TESTS</b></td></tr>
<tr><td><b>Test method</b></td>
<td width="30%"><b>Exception</b></td>
<td width="10%"><b>Time (seconds)</b></td>
<td><b>Instance</b></td>
</tr>
<tr>
<td title='tests.webUI.nonFunctional.LibraryTests.PushScrollingRowView()'><b>PushScrollingRowView</b><br>Test class: tests.webUI.nonFunctional.LibraryTests<br>Test method: Verifies push scrolling works in Row View</td>
<td><div><pre>java.lang.AssertionError: After scrolling to the end of library total numebr of items does not equal total items displayed at the top of the page expected [129] but found [84]
	at tests.webUI.nonFunctional.LibraryTests.PushScrollingRowView(LibraryTests.java:715)
	at java.util.concurrent.FutureTask$Sync.innerRun(FutureTask.java:314)
	at java.util.concurrent.FutureTask.run(FutureTask.java:149)
	at java.util.concurrent.ThreadPoolExecutor$Worker.runTask(ThreadPoolExecutor.java:906)
	at java.util.concurrent.ThreadPoolExecutor$Worker.run(ThreadPoolExecutor.java:929)
	at java.lang.Thread.run(Thread.java:761)
... Removed 20 stack frames</pre></div><a href='#' onClick='toggleBox("stack-trace1329221434", this, "Click to show all stack frames", "Click to hide stack frames")'>Click to show all stack frames</a>
<div class='stack-trace' id='stack-trace1329221434'><pre>java.lang.AssertionError: After scrolling to the end of library total numebr of items does not equal total items displayed at the top of the page expected [129] but found [84]
	at org.testng.Assert.fail(Assert.java:94)
	at org.testng.Assert.failNotEquals(Assert.java:494)
	at org.testng.Assert.assertEquals(Assert.java:123)
	at org.testng.Assert.assertEquals(Assert.java:370)
	at tests.webUI.nonFunctional.LibraryTests.PushScrollingRowView(LibraryTests.java:715)
	at sun.reflect.NativeMethodAccessorImpl.invoke0(Native Method)
	at sun.reflect.NativeMethodAccessorImpl.invoke(NativeMethodAccessorImpl.java:60)
	at sun.reflect.DelegatingMethodAccessorImpl.invoke(DelegatingMethodAccessorImpl.java:37)
	at java.lang.reflect.Method.invoke(Method.java:611)
	at org.testng.internal.MethodInvocationHelper.invokeMethod(MethodInvocationHelper.java:84)
	at org.testng.internal.Invoker.invokeMethod(Invoker.java:714)
	at org.testng.internal.Invoker.invokeTestMethod(Invoker.java:901)
	at org.testng.internal.Invoker.invokeTestMethods(Invoker.java:1231)
	at org.testng.internal.TestMethodWorker.invokeTestMethods(TestMethodWorker.java:127)
	at org.testng.internal.TestMethodWorker.run(TestMethodWorker.java:111)
	at org.testng.TestRunner.privateRun(TestRunner.java:767)
	at org.testng.TestRunner.run(TestRunner.java:617)
	at org.testng.SuiteRunner.runTest(SuiteRunner.java:334)
	at org.testng.SuiteRunner.access$000(SuiteRunner.java:37)
	at org.testng.SuiteRunner$SuiteWorker.run(SuiteRunner.java:368)
	at org.testng.internal.thread.ThreadUtil$2.call(ThreadUtil.java:64)
	at java.util.concurrent.FutureTask$Sync.innerRun(FutureTask.java:314)
	at java.util.concurrent.FutureTask.run(FutureTask.java:149)
	at java.util.concurrent.ThreadPoolExecutor$Worker.runTask(ThreadPoolExecutor.java:906)
	at java.util.concurrent.ThreadPoolExecutor$Worker.run(ThreadPoolExecutor.java:929)
	at java.lang.Thread.run(Thread.java:761)
</pre></div></td>
<td>45</td>
<td>tests.webUI.nonFunctional.LibraryTests@37c037c0</td></tr>
<tr>
<td title='tests.webUI.nonFunctional.LibraryTests.PushScrollingRowView()'><b>PushScrollingRowView</b><br>Test class: tests.webUI.nonFunctional.LibraryTests<br>Test method: Verifies push scrolling works in Row View</td>
<td><div><pre>java.lang.AssertionError: After scrolling to the end of library total numebr of items does not equal total items displayed at the top of the page expected [129] but found [24]
	at tests.webUI.nonFunctional.LibraryTests.PushScrollingRowView(LibraryTests.java:715)
	at java.util.concurrent.FutureTask$Sync.innerRun(FutureTask.java:314)
	at java.util.concurrent.FutureTask.run(FutureTask.java:149)
	at java.util.concurrent.ThreadPoolExecutor$Worker.runTask(ThreadPoolExecutor.java:906)
	at java.util.concurrent.ThreadPoolExecutor$Worker.run(ThreadPoolExecutor.java:929)
	at java.lang.Thread.run(Thread.java:761)
... Removed 20 stack frames</pre></div><a href='#' onClick='toggleBox("stack-trace493821295", this, "Click to show all stack frames", "Click to hide stack frames")'>Click to show all stack frames</a>
<div class='stack-trace' id='stack-trace493821295'><pre>java.lang.AssertionError: After scrolling to the end of library total numebr of items does not equal total items displayed at the top of the page expected [129] but found [24]
	at org.testng.Assert.fail(Assert.java:94)
	at org.testng.Assert.failNotEquals(Assert.java:494)
	at org.testng.Assert.assertEquals(Assert.java:123)
	at org.testng.Assert.assertEquals(Assert.java:370)
	at tests.webUI.nonFunctional.LibraryTests.PushScrollingRowView(LibraryTests.java:715)
	at sun.reflect.NativeMethodAccessorImpl.invoke0(Native Method)
	at sun.reflect.NativeMethodAccessorImpl.invoke(NativeMethodAccessorImpl.java:60)
	at sun.reflect.DelegatingMethodAccessorImpl.invoke(DelegatingMethodAccessorImpl.java:37)
	at java.lang.reflect.Method.invoke(Method.java:611)
	at org.testng.internal.MethodInvocationHelper.invokeMethod(MethodInvocationHelper.java:84)
	at org.testng.internal.Invoker.invokeMethod(Invoker.java:714)
	at org.testng.internal.Invoker.retryFailed(Invoker.java:1049)
	at org.testng.internal.Invoker.invokeTestMethods(Invoker.java:1254)
	at org.testng.internal.TestMethodWorker.invokeTestMethods(TestMethodWorker.java:127)
	at org.testng.internal.TestMethodWorker.run(TestMethodWorker.java:111)
	at org.testng.TestRunner.privateRun(TestRunner.java:767)
	at org.testng.TestRunner.run(TestRunner.java:617)
	at org.testng.SuiteRunner.runTest(SuiteRunner.java:334)
	at org.testng.SuiteRunner.access$000(SuiteRunner.java:37)
	at org.testng.SuiteRunner$SuiteWorker.run(SuiteRunner.java:368)
	at org.testng.internal.thread.ThreadUtil$2.call(ThreadUtil.java:64)
	at java.util.concurrent.FutureTask$Sync.innerRun(FutureTask.java:314)
	at java.util.concurrent.FutureTask.run(FutureTask.java:149)
	at java.util.concurrent.ThreadPoolExecutor$Worker.runTask(ThreadPoolExecutor.java:906)
	at java.util.concurrent.ThreadPoolExecutor$Worker.run(ThreadPoolExecutor.java:929)
	at java.lang.Thread.run(Thread.java:761)
</pre></div></td>
<td>141</td>
<td>tests.webUI.nonFunctional.LibraryTests@37c037c0</td></tr>
<tr>
<td title='tests.webUI.nonFunctional.LibraryTests.SearchByType()'><b>SearchByType</b><br>Test class: tests.webUI.nonFunctional.LibraryTests<br>Test method: Verifies that user is able to filter by type</td>
<td><div><pre>org.openqa.selenium.TimeoutException: Timed out after 30 seconds waiting for condition (visibility of all elements located by By.selector: .browseResultRow) to be refreshed
Build info: version: &apos;2.39.0&apos;, revision: &apos;ff23eac&apos;, time: &apos;2013-12-16 16:11:15&apos;
System info: host: &apos;piotrbogdanski&apos;, ip: &apos;9.161.136.115&apos;, os.name: &apos;Windows 7&apos;, os.arch: &apos;x86&apos;, os.version: &apos;6.1 build 7601 Service Pack 1&apos;, java.version: &apos;1.6.0&apos;
Driver info: driver.version: unknown
	at org.openqa.selenium.support.ui.FluentWait.timeoutException(FluentWait.java:259)
	at org.openqa.selenium.support.ui.FluentWait.until(FluentWait.java:228)
	at webUI.CommonMethods.waitForElementToBeRefreshed(CommonMethods.java:93)
	at webUI.home.library.Library.clickListView(Library.java:103)
	at tests.webUI.nonFunctional.LibraryTests.SearchByType(LibraryTests.java:763)
	at java.util.concurrent.FutureTask$Sync.innerRun(FutureTask.java:314)
	at java.util.concurrent.FutureTask.run(FutureTask.java:149)
	at java.util.concurrent.ThreadPoolExecutor$Worker.runTask(ThreadPoolExecutor.java:906)
	at java.util.concurrent.ThreadPoolExecutor$Worker.run(ThreadPoolExecutor.java:929)
	at java.lang.Thread.run(Thread.java:761)
... Removed 16 stack frames</pre></div><a href='#' onClick='toggleBox("stack-trace589833000", this, "Click to show all stack frames", "Click to hide stack frames")'>Click to show all stack frames</a>
<div class='stack-trace' id='stack-trace589833000'><pre>org.openqa.selenium.TimeoutException: Timed out after 30 seconds waiting for condition (visibility of all elements located by By.selector: .browseResultRow) to be refreshed
Build info: version: &apos;2.39.0&apos;, revision: &apos;ff23eac&apos;, time: &apos;2013-12-16 16:11:15&apos;
System info: host: &apos;piotrbogdanski&apos;, ip: &apos;9.161.136.115&apos;, os.name: &apos;Windows 7&apos;, os.arch: &apos;x86&apos;, os.version: &apos;6.1 build 7601 Service Pack 1&apos;, java.version: &apos;1.6.0&apos;
Driver info: driver.version: unknown
	at org.openqa.selenium.support.ui.FluentWait.timeoutException(FluentWait.java:259)
	at org.openqa.selenium.support.ui.FluentWait.until(FluentWait.java:228)
	at webUI.CommonMethods.waitForElementToBeRefreshed(CommonMethods.java:93)
	at webUI.home.library.Library.clickListView(Library.java:103)
	at tests.webUI.nonFunctional.LibraryTests.SearchByType(LibraryTests.java:763)
	at sun.reflect.NativeMethodAccessorImpl.invoke0(Native Method)
	at sun.reflect.NativeMethodAccessorImpl.invoke(NativeMethodAccessorImpl.java:60)
	at sun.reflect.DelegatingMethodAccessorImpl.invoke(DelegatingMethodAccessorImpl.java:37)
	at java.lang.reflect.Method.invoke(Method.java:611)
	at org.testng.internal.MethodInvocationHelper.invokeMethod(MethodInvocationHelper.java:84)
	at org.testng.internal.Invoker.invokeMethod(Invoker.java:714)
	at org.testng.internal.Invoker.invokeTestMethod(Invoker.java:901)
	at org.testng.internal.Invoker.invokeTestMethods(Invoker.java:1231)
	at org.testng.internal.TestMethodWorker.invokeTestMethods(TestMethodWorker.java:127)
	at org.testng.internal.TestMethodWorker.run(TestMethodWorker.java:111)
	at org.testng.TestRunner.privateRun(TestRunner.java:767)
	at org.testng.TestRunner.run(TestRunner.java:617)
	at org.testng.SuiteRunner.runTest(SuiteRunner.java:334)
	at org.testng.SuiteRunner.access$000(SuiteRunner.java:37)
	at org.testng.SuiteRunner$SuiteWorker.run(SuiteRunner.java:368)
	at org.testng.internal.thread.ThreadUtil$2.call(ThreadUtil.java:64)
	at java.util.concurrent.FutureTask$Sync.innerRun(FutureTask.java:314)
	at java.util.concurrent.FutureTask.run(FutureTask.java:149)
	at java.util.concurrent.ThreadPoolExecutor$Worker.runTask(ThreadPoolExecutor.java:906)
	at java.util.concurrent.ThreadPoolExecutor$Worker.run(ThreadPoolExecutor.java:929)
	at java.lang.Thread.run(Thread.java:761)
</pre></div></td>
<td>708</td>
<td>tests.webUI.nonFunctional.LibraryTests@37c037c0</td></tr>
<tr>
<td title='tests.webUI.nonFunctional.LibraryTests.SortingRowView()'><b>SortingRowView</b><br>Test class: tests.webUI.nonFunctional.LibraryTests<br>Test method: Verifies sorting in row view</td>
<td><div><pre>org.openqa.selenium.NoSuchElementException: Unable to find element with xpath == //div[contains(@id,&apos;sls_widgets_widgets_views_library_Library&apos;)]/div/div/div[4]/div[2]/div/div[2]/div[169]/span[2]/a (WARNING: The server did not provide any stacktrace information)
Command duration or timeout: 30.02 seconds
For documentation on this error, please visit: http://seleniumhq.org/exceptions/no_such_element.html
Build info: version: &apos;2.39.0&apos;, revision: &apos;ff23eac&apos;, time: &apos;2013-12-16 16:11:15&apos;
System info: host: &apos;dslvm346&apos;, ip: &apos;9.162.138.157&apos;, os.name: &apos;Windows 8&apos;, os.arch: &apos;amd64&apos;, os.version: &apos;6.2&apos;, java.version: &apos;1.7.0_51&apos;
Session ID: 757a72c5-22a1-494d-a85b-06912da7d705
Driver info: org.openqa.selenium.ie.InternetExplorerDriver
Capabilities [{platform=WINDOWS, javascriptEnabled=true, elementScrollBehavior=0, ignoreZoomSetting=false, enablePersistentHover=true, ie.ensureCleanSession=false, browserName=internet explorer, enableElementCacheCleanup=true, unexpectedAlertBehaviour=dismiss, version=10, ie.usePerProcessProxy=false, cssSelectorsEnabled=true, ignoreProtectedModeSettings=true, requireWindowFocus=false, handlesAlerts=true, initialBrowserUrl=http://localhost:24564/, ie.forceCreateProcessApi=false, nativeEvents=true, browserAttachTimeout=0, ie.browserCommandLineSwitches=, takesScreenshot=true}]
Command duration or timeout: 30.27 seconds
For documentation on this error, please visit: http://seleniumhq.org/exceptions/no_such_element.html
Build info: version: &apos;2.39.0&apos;, revision: &apos;ff23eac&apos;, time: &apos;2013-12-16 16:11:15&apos;
System info: host: &apos;piotrbogdanski&apos;, ip: &apos;9.161.136.115&apos;, os.name: &apos;Windows 7&apos;, os.arch: &apos;x86&apos;, os.version: &apos;6.1 build 7601 Service Pack 1&apos;, java.version: &apos;1.6.0&apos;
Session ID: b01c0293-2b54-4278-b4e5-67dfff6a0efc
Capabilities [{ie.forceCreateProcessApi=false, handlesAlerts=true, ignoreProtectedModeSettings=true, enablePersistentHover=true, requireWindowFocus=false, ie.usePerProcessProxy=false, ie.browserCommandLineSwitches=, initialBrowserUrl=http://localhost:24564/, ignoreZoomSetting=false, nativeEvents=true, cssSelectorsEnabled=true, takesScreenshot=true, unexpectedAlertBehaviour=dismiss, browserName=internet explorer, platform=WINDOWS, javascriptEnabled=true, browserAttachTimeout=0, version=10, webdriver.remote.sessionid=b01c0293-2b54-4278-b4e5-67dfff6a0efc, enableElementCacheCleanup=true, elementScrollBehavior=0, ie.ensureCleanSession=false}]
Driver info: org.openqa.selenium.remote.RemoteWebDriver
	at org.openqa.selenium.remote.ErrorHandler.createThrowable(ErrorHandler.java:193)
	at org.openqa.selenium.remote.ErrorHandler.throwIfResponseFailed(ErrorHandler.java:145)
	at org.openqa.selenium.remote.RemoteWebDriver.execute(RemoteWebDriver.java:554)
	at org.openqa.selenium.remote.RemoteWebDriver.findElement(RemoteWebDriver.java:307)
	at org.openqa.selenium.remote.RemoteWebDriver.findElementByXPath(RemoteWebDriver.java:404)
	at org.openqa.selenium.By$ByXPath.findElement(By.java:363)
	at org.openqa.selenium.remote.RemoteWebDriver.findElement(RemoteWebDriver.java:299)
	at webUI.home.library.ListView.getListOfContentTitles(ListView.java:176)
	at tests.webUI.nonFunctional.LibraryTests.SortingRowView(LibraryTests.java:932)
	at java.util.concurrent.FutureTask$Sync.innerRun(FutureTask.java:314)
	at java.util.concurrent.FutureTask.run(FutureTask.java:149)
	at java.util.concurrent.ThreadPoolExecutor$Worker.runTask(ThreadPoolExecutor.java:906)
	at java.util.concurrent.ThreadPoolExecutor$Worker.run(ThreadPoolExecutor.java:929)
	at java.lang.Thread.run(Thread.java:761)
Caused by: org.openqa.selenium.remote.ScreenshotException: Screen shot has been taken
Build info: version: &apos;2.39.0&apos;, revision: &apos;ff23eac&apos;, time: &apos;2013-12-16 16:11:15&apos;
System info: host: &apos;piotrbogdanski&apos;, ip: &apos;9.161.136.115&apos;, os.name: &apos;Windows 7&apos;, os.arch: &apos;x86&apos;, os.version: &apos;6.1 build 7601 Service Pack 1&apos;, java.version: &apos;1.6.0&apos;
Driver info: driver.version: RemoteWebDriver
	at org.openqa.selenium.remote.ErrorHandler.throwIfResponseFailed(ErrorHandler.java:125)
	... 28 more
Caused by: org.openqa.selenium.NoSuchElementException: Unable to find element with xpath == //div[contains(@id,&apos;sls_widgets_widgets_views_library_Library&apos;)]/div/div/div[4]/div[2]/div/div[2]/div[169]/span[2]/a (WARNING: The server did not provide any stacktrace information)
Command duration or timeout: 30.02 seconds
For documentation on this error, please visit: http://seleniumhq.org/exceptions/no_such_element.html
Build info: version: &apos;2.39.0&apos;, revision: &apos;ff23eac&apos;, time: &apos;2013-12-16 16:11:15&apos;
System info: host: &apos;dslvm346&apos;, ip: &apos;9.162.138.157&apos;, os.name: &apos;Windows 8&apos;, os.arch: &apos;amd64&apos;, os.version: &apos;6.2&apos;, java.version: &apos;1.7.0_51&apos;
Session ID: 757a72c5-22a1-494d-a85b-06912da7d705
Driver info: org.openqa.selenium.ie.InternetExplorerDriver
Capabilities [{platform=WINDOWS, javascriptEnabled=true, elementScrollBehavior=0, ignoreZoomSetting=false, enablePersistentHover=true, ie.ensureCleanSession=false, browserName=internet explorer, enableElementCacheCleanup=true, unexpectedAlertBehaviour=dismiss, version=10, ie.usePerProcessProxy=false, cssSelectorsEnabled=true, ignoreProtectedModeSettings=true, requireWindowFocus=false, handlesAlerts=true, initialBrowserUrl=http://localhost:24564/, ie.forceCreateProcessApi=false, nativeEvents=true, browserAttachTimeout=0, ie.browserCommandLineSwitches=, takesScreenshot=true}]
For documentation on this error, please visit: http://seleniumhq.org/exceptions/no_such_element.html
Build info: version: &apos;2.39.0&apos;, revision: &apos;ff23eac&apos;, time: &apos;2013-12-16 16:11:15&apos;
System info: host: &apos;piotrbogdanski&apos;, ip: &apos;9.161.136.115&apos;, os.name: &apos;Windows 7&apos;, os.arch: &apos;x86&apos;, os.version: &apos;6.1 build 7601 Service Pack 1&apos;, java.version: &apos;1.6.0&apos;
Driver info: driver.version: EventFiringWebDriver
	at org.openqa.selenium.remote.ErrorHandler.createThrowable(ErrorHandler.java:193)
	at org.openqa.selenium.remote.ErrorHandler.throwIfResponseFailed(ErrorHandler.java:145)
	at org.openqa.selenium.remote.RemoteWebDriver.execute(RemoteWebDriver.java:554)
	at org.openqa.selenium.remote.RemoteWebDriver.findElement(RemoteWebDriver.java:307)
	at org.openqa.selenium.remote.RemoteWebDriver.findElementByXPath(RemoteWebDriver.java:404)
	at org.openqa.selenium.By$ByXPath.findElement(By.java:363)
	at org.openqa.selenium.remote.RemoteWebDriver.findElement(RemoteWebDriver.java:299)
	at org.openqa.selenium.support.events.EventFiringWebDriver$2.invoke(EventFiringWebDriver.java:101)
	at com.sun.proxy.$Proxy2.findElement(Unknown Source)
	at org.openqa.selenium.support.events.EventFiringWebDriver.findElement(EventFiringWebDriver.java:184)
	at org.openqa.selenium.remote.server.handler.FindElement.call(FindElement.java:47)
	at org.openqa.selenium.remote.server.handler.FindElement.call(FindElement.java:1)
	at java.util.concurrent.FutureTask.run(Unknown Source)
	at org.openqa.selenium.remote.server.DefaultSession$1.run(DefaultSession.java:170)
	at java.util.concurrent.ThreadPoolExecutor.runWorker(Unknown Source)
	at java.util.concurrent.ThreadPoolExecutor$Worker.run(Unknown Source)
	at java.lang.Thread.run(Unknown Source)
... Removed 25 stack frames</pre></div><a href='#' onClick='toggleBox("stack-trace176818826", this, "Click to show all stack frames", "Click to hide stack frames")'>Click to show all stack frames</a>
<div class='stack-trace' id='stack-trace176818826'><pre>org.openqa.selenium.NoSuchElementException: Unable to find element with xpath == //div[contains(@id,&apos;sls_widgets_widgets_views_library_Library&apos;)]/div/div/div[4]/div[2]/div/div[2]/div[169]/span[2]/a (WARNING: The server did not provide any stacktrace information)
Command duration or timeout: 30.02 seconds
For documentation on this error, please visit: http://seleniumhq.org/exceptions/no_such_element.html
Build info: version: &apos;2.39.0&apos;, revision: &apos;ff23eac&apos;, time: &apos;2013-12-16 16:11:15&apos;
System info: host: &apos;dslvm346&apos;, ip: &apos;9.162.138.157&apos;, os.name: &apos;Windows 8&apos;, os.arch: &apos;amd64&apos;, os.version: &apos;6.2&apos;, java.version: &apos;1.7.0_51&apos;
Session ID: 757a72c5-22a1-494d-a85b-06912da7d705
Driver info: org.openqa.selenium.ie.InternetExplorerDriver
Capabilities [{platform=WINDOWS, javascriptEnabled=true, elementScrollBehavior=0, ignoreZoomSetting=false, enablePersistentHover=true, ie.ensureCleanSession=false, browserName=internet explorer, enableElementCacheCleanup=true, unexpectedAlertBehaviour=dismiss, version=10, ie.usePerProcessProxy=false, cssSelectorsEnabled=true, ignoreProtectedModeSettings=true, requireWindowFocus=false, handlesAlerts=true, initialBrowserUrl=http://localhost:24564/, ie.forceCreateProcessApi=false, nativeEvents=true, browserAttachTimeout=0, ie.browserCommandLineSwitches=, takesScreenshot=true}]
Command duration or timeout: 30.27 seconds
For documentation on this error, please visit: http://seleniumhq.org/exceptions/no_such_element.html
Build info: version: &apos;2.39.0&apos;, revision: &apos;ff23eac&apos;, time: &apos;2013-12-16 16:11:15&apos;
System info: host: &apos;piotrbogdanski&apos;, ip: &apos;9.161.136.115&apos;, os.name: &apos;Windows 7&apos;, os.arch: &apos;x86&apos;, os.version: &apos;6.1 build 7601 Service Pack 1&apos;, java.version: &apos;1.6.0&apos;
Session ID: b01c0293-2b54-4278-b4e5-67dfff6a0efc
Capabilities [{ie.forceCreateProcessApi=false, handlesAlerts=true, ignoreProtectedModeSettings=true, enablePersistentHover=true, requireWindowFocus=false, ie.usePerProcessProxy=false, ie.browserCommandLineSwitches=, initialBrowserUrl=http://localhost:24564/, ignoreZoomSetting=false, nativeEvents=true, cssSelectorsEnabled=true, takesScreenshot=true, unexpectedAlertBehaviour=dismiss, browserName=internet explorer, platform=WINDOWS, javascriptEnabled=true, browserAttachTimeout=0, version=10, webdriver.remote.sessionid=b01c0293-2b54-4278-b4e5-67dfff6a0efc, enableElementCacheCleanup=true, elementScrollBehavior=0, ie.ensureCleanSession=false}]
Driver info: org.openqa.selenium.remote.RemoteWebDriver
	at sun.reflect.GeneratedConstructorAccessor8.newInstance(Unknown Source)
	at sun.reflect.DelegatingConstructorAccessorImpl.newInstance(DelegatingConstructorAccessorImpl.java:39)
	at java.lang.reflect.Constructor.newInstance(Constructor.java:527)
	at org.openqa.selenium.remote.ErrorHandler.createThrowable(ErrorHandler.java:193)
	at org.openqa.selenium.remote.ErrorHandler.throwIfResponseFailed(ErrorHandler.java:145)
	at org.openqa.selenium.remote.RemoteWebDriver.execute(RemoteWebDriver.java:554)
	at org.openqa.selenium.remote.RemoteWebDriver.findElement(RemoteWebDriver.java:307)
	at org.openqa.selenium.remote.RemoteWebDriver.findElementByXPath(RemoteWebDriver.java:404)
	at org.openqa.selenium.By$ByXPath.findElement(By.java:363)
	at org.openqa.selenium.remote.RemoteWebDriver.findElement(RemoteWebDriver.java:299)
	at webUI.home.library.ListView.getListOfContentTitles(ListView.java:176)
	at tests.webUI.nonFunctional.LibraryTests.SortingRowView(LibraryTests.java:932)
	at sun.reflect.NativeMethodAccessorImpl.invoke0(Native Method)
	at sun.reflect.NativeMethodAccessorImpl.invoke(NativeMethodAccessorImpl.java:60)
	at sun.reflect.DelegatingMethodAccessorImpl.invoke(DelegatingMethodAccessorImpl.java:37)
	at java.lang.reflect.Method.invoke(Method.java:611)
	at org.testng.internal.MethodInvocationHelper.invokeMethod(MethodInvocationHelper.java:84)
	at org.testng.internal.Invoker.invokeMethod(Invoker.java:714)
	at org.testng.internal.Invoker.invokeTestMethod(Invoker.java:901)
	at org.testng.internal.Invoker.invokeTestMethods(Invoker.java:1231)
	at org.testng.internal.TestMethodWorker.invokeTestMethods(TestMethodWorker.java:127)
	at org.testng.internal.TestMethodWorker.run(TestMethodWorker.java:111)
	at org.testng.TestRunner.privateRun(TestRunner.java:767)
	at org.testng.TestRunner.run(TestRunner.java:617)
	at org.testng.SuiteRunner.runTest(SuiteRunner.java:334)
	at org.testng.SuiteRunner.access$000(SuiteRunner.java:37)
	at org.testng.SuiteRunner$SuiteWorker.run(SuiteRunner.java:368)
	at org.testng.internal.thread.ThreadUtil$2.call(ThreadUtil.java:64)
	at java.util.concurrent.FutureTask$Sync.innerRun(FutureTask.java:314)
	at java.util.concurrent.FutureTask.run(FutureTask.java:149)
	at java.util.concurrent.ThreadPoolExecutor$Worker.runTask(ThreadPoolExecutor.java:906)
	at java.util.concurrent.ThreadPoolExecutor$Worker.run(ThreadPoolExecutor.java:929)
	at java.lang.Thread.run(Thread.java:761)
Caused by: org.openqa.selenium.remote.ScreenshotException: Screen shot has been taken
Build info: version: &apos;2.39.0&apos;, revision: &apos;ff23eac&apos;, time: &apos;2013-12-16 16:11:15&apos;
System info: host: &apos;piotrbogdanski&apos;, ip: &apos;9.161.136.115&apos;, os.name: &apos;Windows 7&apos;, os.arch: &apos;x86&apos;, os.version: &apos;6.1 build 7601 Service Pack 1&apos;, java.version: &apos;1.6.0&apos;
Driver info: driver.version: RemoteWebDriver
	at org.openqa.selenium.remote.ErrorHandler.throwIfResponseFailed(ErrorHandler.java:125)
	... 28 more
Caused by: org.openqa.selenium.NoSuchElementException: Unable to find element with xpath == //div[contains(@id,&apos;sls_widgets_widgets_views_library_Library&apos;)]/div/div/div[4]/div[2]/div/div[2]/div[169]/span[2]/a (WARNING: The server did not provide any stacktrace information)
Command duration or timeout: 30.02 seconds
For documentation on this error, please visit: http://seleniumhq.org/exceptions/no_such_element.html
Build info: version: &apos;2.39.0&apos;, revision: &apos;ff23eac&apos;, time: &apos;2013-12-16 16:11:15&apos;
System info: host: &apos;dslvm346&apos;, ip: &apos;9.162.138.157&apos;, os.name: &apos;Windows 8&apos;, os.arch: &apos;amd64&apos;, os.version: &apos;6.2&apos;, java.version: &apos;1.7.0_51&apos;
Session ID: 757a72c5-22a1-494d-a85b-06912da7d705
Driver info: org.openqa.selenium.ie.InternetExplorerDriver
Capabilities [{platform=WINDOWS, javascriptEnabled=true, elementScrollBehavior=0, ignoreZoomSetting=false, enablePersistentHover=true, ie.ensureCleanSession=false, browserName=internet explorer, enableElementCacheCleanup=true, unexpectedAlertBehaviour=dismiss, version=10, ie.usePerProcessProxy=false, cssSelectorsEnabled=true, ignoreProtectedModeSettings=true, requireWindowFocus=false, handlesAlerts=true, initialBrowserUrl=http://localhost:24564/, ie.forceCreateProcessApi=false, nativeEvents=true, browserAttachTimeout=0, ie.browserCommandLineSwitches=, takesScreenshot=true}]
For documentation on this error, please visit: http://seleniumhq.org/exceptions/no_such_element.html
Build info: version: &apos;2.39.0&apos;, revision: &apos;ff23eac&apos;, time: &apos;2013-12-16 16:11:15&apos;
System info: host: &apos;piotrbogdanski&apos;, ip: &apos;9.161.136.115&apos;, os.name: &apos;Windows 7&apos;, os.arch: &apos;x86&apos;, os.version: &apos;6.1 build 7601 Service Pack 1&apos;, java.version: &apos;1.6.0&apos;
Driver info: driver.version: EventFiringWebDriver
	at sun.reflect.GeneratedConstructorAccessor33.newInstance(Unknown Source)
	at sun.reflect.DelegatingConstructorAccessorImpl.newInstance(Unknown Source)
	at java.lang.reflect.Constructor.newInstance(Unknown Source)
	at org.openqa.selenium.remote.ErrorHandler.createThrowable(ErrorHandler.java:193)
	at org.openqa.selenium.remote.ErrorHandler.throwIfResponseFailed(ErrorHandler.java:145)
	at org.openqa.selenium.remote.RemoteWebDriver.execute(RemoteWebDriver.java:554)
	at org.openqa.selenium.remote.RemoteWebDriver.findElement(RemoteWebDriver.java:307)
	at org.openqa.selenium.remote.RemoteWebDriver.findElementByXPath(RemoteWebDriver.java:404)
	at org.openqa.selenium.By$ByXPath.findElement(By.java:363)
	at org.openqa.selenium.remote.RemoteWebDriver.findElement(RemoteWebDriver.java:299)
	at sun.reflect.GeneratedMethodAccessor24.invoke(Unknown Source)
	at sun.reflect.DelegatingMethodAccessorImpl.invoke(Unknown Source)
	at java.lang.reflect.Method.invoke(Unknown Source)
	at org.openqa.selenium.support.events.EventFiringWebDriver$2.invoke(EventFiringWebDriver.java:101)
	at com.sun.proxy.$Proxy2.findElement(Unknown Source)
	at org.openqa.selenium.support.events.EventFiringWebDriver.findElement(EventFiringWebDriver.java:184)
	at org.openqa.selenium.remote.server.handler.FindElement.call(FindElement.java:47)
	at org.openqa.selenium.remote.server.handler.FindElement.call(FindElement.java:1)
	at java.util.concurrent.FutureTask.run(Unknown Source)
	at org.openqa.selenium.remote.server.DefaultSession$1.run(DefaultSession.java:170)
	at java.util.concurrent.ThreadPoolExecutor.runWorker(Unknown Source)
	at java.util.concurrent.ThreadPoolExecutor$Worker.run(Unknown Source)
	at java.lang.Thread.run(Unknown Source)
</pre></div></td>
<td>87</td>
<td>tests.webUI.nonFunctional.LibraryTests@37c037c0</td></tr>
</table><p>
<table width='100%' border='1' class='invocation-passed'>
<tr><td colspan='4' align='center'><b>PASSED TESTS</b></td></tr>
<tr><td><b>Test method</b></td>
<td width="30%"><b>Exception</b></td>
<td width="10%"><b>Time (seconds)</b></td>
<td><b>Instance</b></td>
</tr>
<tr>
<td title='tests.webUI.nonFunctional.LibraryTests.CalculatorPageLoads()'><b>CalculatorPageLoads</b><br>Test class: tests.webUI.nonFunctional.LibraryTests<br>Test method: Verifies a calculator page loads from the Library</td>
<td></td>
<td>9</td>
<td>tests.webUI.nonFunctional.LibraryTests@37c037c0</td></tr>
<tr>
<td title='tests.webUI.nonFunctional.LibraryTests.CategoryListCanBeExpandedCollapsed()'><b>CategoryListCanBeExpandedCollapsed</b><br>Test class: tests.webUI.nonFunctional.LibraryTests<br>Test method: Verifies the categories in subject list in the left hand column can be expanded/collapsed</td>
<td></td>
<td>10</td>
<td>tests.webUI.nonFunctional.LibraryTests@37c037c0</td></tr>
<tr>
<td title='tests.webUI.nonFunctional.LibraryTests.ClearSearchLinkFunctionOnTheLibraryPage()'><b>ClearSearchLinkFunctionOnTheLibraryPage</b><br>Test class: tests.webUI.nonFunctional.LibraryTests<br>Test method: Verifies the Clear Search clears the search field on the Library page</td>
<td></td>
<td>8</td>
<td>tests.webUI.nonFunctional.LibraryTests@37c037c0</td></tr>
<tr>
<td title='tests.webUI.nonFunctional.LibraryTests.DefaultSortTileView()'><b>DefaultSortTileView</b><br>Test class: tests.webUI.nonFunctional.LibraryTests<br>Test method: Verifies default sorting in tile view</td>
<td></td>
<td>66</td>
<td>tests.webUI.nonFunctional.LibraryTests@37c037c0</td></tr>
<tr>
<td title='tests.webUI.nonFunctional.LibraryTests.FacetListIsPopulated()'><b>FacetListIsPopulated</b><br>Test class: tests.webUI.nonFunctional.LibraryTests<br>Test method: Verifies the facet list at the top of the page is populated when a subject is chosen in the left column</td>
<td></td>
<td>22</td>
<td>tests.webUI.nonFunctional.LibraryTests@37c037c0</td></tr>
<tr>
<td title='tests.webUI.nonFunctional.LibraryTests.FilterBySubject()'><b>FilterBySubject</b><br>Test class: tests.webUI.nonFunctional.LibraryTests<br>Test method: Verifies filter for Subjects</td>
<td></td>
<td>209</td>
<td>tests.webUI.nonFunctional.LibraryTests@37c037c0</td></tr>
<tr>
<td title='tests.webUI.nonFunctional.LibraryTests.FilterPlusSearchBox()'><b>FilterPlusSearchBox</b><br>Test class: tests.webUI.nonFunctional.LibraryTests<br>Test method: Verifies that user is able search using search box mixed with filters</td>
<td></td>
<td>11</td>
<td>tests.webUI.nonFunctional.LibraryTests@37c037c0</td></tr>
<tr>
<td title='tests.webUI.nonFunctional.LibraryTests.LibraryListViewDisplays()'><b>LibraryListViewDisplays</b><br>Test class: tests.webUI.nonFunctional.LibraryTests<br>Test method: Verifies the Library results can be displayed in List View</td>
<td></td>
<td>6</td>
<td>tests.webUI.nonFunctional.LibraryTests@37c037c0</td></tr>
<tr>
<td title='tests.webUI.nonFunctional.LibraryTests.LibraryPageOpens()'><b>LibraryPageOpens</b><br>Test class: tests.webUI.nonFunctional.LibraryTests<br>Test method: Verifies the Library page loads successfully</td>
<td></td>
<td>4</td>
<td>tests.webUI.nonFunctional.LibraryTests@37c037c0</td></tr>
<tr>
<td title='tests.webUI.nonFunctional.LibraryTests.MultipleFilter()'><b>MultipleFilter</b><br>Test class: tests.webUI.nonFunctional.LibraryTests<br>Test method: Verifies multiple filter</td>
<td></td>
<td>34</td>
<td>tests.webUI.nonFunctional.LibraryTests@37c037c0</td></tr>
<tr>
<td title='tests.webUI.nonFunctional.LibraryTests.ProfilePageLoadsFromTileFrontView()'><b>ProfilePageLoadsFromTileFrontView</b><br>Test class: tests.webUI.nonFunctional.LibraryTests<br>Test method: Verifies a profile page loads from the Library Tile Front View</td>
<td></td>
<td>5</td>
<td>tests.webUI.nonFunctional.LibraryTests@37c037c0</td></tr>
<tr>
<td title='tests.webUI.nonFunctional.LibraryTests.ProgressIndicatorFunctions()'><b>ProgressIndicatorFunctions</b><br>Test class: tests.webUI.nonFunctional.LibraryTests<br>Test method: Verifies the progress indicator functions when a video is playing</td>
<td></td>
<td>22</td>
<td>tests.webUI.nonFunctional.LibraryTests@37c037c0</td></tr>
<tr>
<td title='tests.webUI.nonFunctional.LibraryTests.PushScrollingRowView()'><b>PushScrollingRowView</b><br>Test class: tests.webUI.nonFunctional.LibraryTests<br>Test method: Verifies push scrolling works in Row View</td>
<td></td>
<td>49</td>
<td>tests.webUI.nonFunctional.LibraryTests@37c037c0</td></tr>
<tr>
<td title='tests.webUI.nonFunctional.LibraryTests.PushScrollingTileView()'><b>PushScrollingTileView</b><br>Test class: tests.webUI.nonFunctional.LibraryTests<br>Test method: Verifies push scrolling works in Tile View</td>
<td></td>
<td>310</td>
<td>tests.webUI.nonFunctional.LibraryTests@37c037c0</td></tr>
<tr>
<td title='tests.webUI.nonFunctional.LibraryTests.ResultsSwitchToBackButtonFunctions()'><b>ResultsSwitchToBackButtonFunctions</b><br>Test class: tests.webUI.nonFunctional.LibraryTests<br>Test method: Verifies the switch to back button functions on the Tile View</td>
<td></td>
<td>32</td>
<td>tests.webUI.nonFunctional.LibraryTests@37c037c0</td></tr>
<tr>
<td title='tests.webUI.nonFunctional.LibraryTests.ResultsSwitchToFrontButtonFunctions()'><b>ResultsSwitchToFrontButtonFunctions</b><br>Test class: tests.webUI.nonFunctional.LibraryTests<br>Test method: Verifies the switch to front button functions on the Tile View</td>
<td></td>
<td>23</td>
<td>tests.webUI.nonFunctional.LibraryTests@37c037c0</td></tr>
<tr>
<td title='tests.webUI.nonFunctional.LibraryTests.SearchByType()'><b>SearchByType</b><br>Test class: tests.webUI.nonFunctional.LibraryTests<br>Test method: Verifies that user is able to filter by type</td>
<td></td>
<td>36</td>
<td>tests.webUI.nonFunctional.LibraryTests@37c037c0</td></tr>
<tr>
<td title='tests.webUI.nonFunctional.LibraryTests.SelectedSubjectsCanBeRemovedUsingFacetList()'><b>SelectedSubjectsCanBeRemovedUsingFacetList</b><br>Test class: tests.webUI.nonFunctional.LibraryTests<br>Test method: Verifies the facet list at the top of the page is populated when a subject is chosen in the left column</td>
<td></td>
<td>20</td>
<td>tests.webUI.nonFunctional.LibraryTests@37c037c0</td></tr>
<tr>
<td title='tests.webUI.nonFunctional.LibraryTests.SelectedSubjectsCanBeRemovedUsingLeftColumn()'><b>SelectedSubjectsCanBeRemovedUsingLeftColumn</b><br>Test class: tests.webUI.nonFunctional.LibraryTests<br>Test method: Verifies subjects deselected from the left hand column are also removed from the facet list</td>
<td></td>
<td>27</td>
<td>tests.webUI.nonFunctional.LibraryTests@37c037c0</td></tr>
<tr>
<td title='tests.webUI.nonFunctional.LibraryTests.SimulatorPageLoads()'><b>SimulatorPageLoads</b><br>Test class: tests.webUI.nonFunctional.LibraryTests<br>Test method: Verifies a simulator page loads from the Library</td>
<td></td>
<td>10</td>
<td>tests.webUI.nonFunctional.LibraryTests@37c037c0</td></tr>
<tr>
<td title='tests.webUI.nonFunctional.LibraryTests.SummaryPageLoads()'><b>SummaryPageLoads</b><br>Test class: tests.webUI.nonFunctional.LibraryTests<br>Test method: Verifies a summary page loads from the Library</td>
<td></td>
<td>10</td>
<td>tests.webUI.nonFunctional.LibraryTests@37c037c0</td></tr>
<tr>
<td title='tests.webUI.nonFunctional.LibraryTests.TwistieButtonFunctionsInListView()'><b>TwistieButtonFunctionsInListView</b><br>Test class: tests.webUI.nonFunctional.LibraryTests<br>Test method: Twistie button functions in List View</td>
<td></td>
<td>9</td>
<td>tests.webUI.nonFunctional.LibraryTests@37c037c0</td></tr>
<tr>
<td title='tests.webUI.nonFunctional.LibraryTests.VideoPageLoads()'><b>VideoPageLoads</b><br>Test class: tests.webUI.nonFunctional.LibraryTests<br>Test method: Verifies a video page loads from the Library</td>
<td></td>
<td>12</td>
<td>tests.webUI.nonFunctional.LibraryTests@37c037c0</td></tr>
<tr>
<td title='tests.webUI.nonFunctional.LibraryTests.VideoPauses()'><b>VideoPauses</b><br>Test class: tests.webUI.nonFunctional.LibraryTests<br>Test method: Verifies a video can be paused</td>
<td></td>
<td>23</td>
<td>tests.webUI.nonFunctional.LibraryTests@37c037c0</td></tr>
<tr>
<td title='tests.webUI.nonFunctional.LibraryTests.VideoPlays()'><b>VideoPlays</b><br>Test class: tests.webUI.nonFunctional.LibraryTests<br>Test method: Verifies a video plays (that the elapsed times changes from 00:00)</td>
<td></td>
<td>50</td>
<td>tests.webUI.nonFunctional.LibraryTests@37c037c0</td></tr>
</table><p>
</body>
</html>