<?xml version="1.0" encoding="UTF-8"?>
<!-- Generated by org.testng.reporters.JUnitXMLReporter -->
<testsuite hostname="piotrbogdanski" name="IE" tests="29" failures="4" timestamp="1 Apr 2014 08:52:57 GMT" time="2443.263" errors="0">
  <testcase name="LibraryPageOpens" time="4.271" classname="tests.webUI.nonFunctional.LibraryTests"/>
  <testcase name="TwistieButtonFunctionsInListView" time="9.315" classname="tests.webUI.nonFunctional.LibraryTests"/>
  <testcase name="CalculatorPageLoads" time="9.611" classname="tests.webUI.nonFunctional.LibraryTests"/>
  <testcase name="CategoryListCanBeExpandedCollapsed" time="10.423" classname="tests.webUI.nonFunctional.LibraryTests"/>
  <testcase name="ClearSearchLinkFunctionOnTheLibraryPage" time="8.613" classname="tests.webUI.nonFunctional.LibraryTests"/>
  <testcase name="DefaultSortTileView" time="66.875" classname="tests.webUI.nonFunctional.LibraryTests"/>
  <testcase name="FacetListIsPopulated" time="22.602" classname="tests.webUI.nonFunctional.LibraryTests"/>
  <testcase name="FilterBySubject" time="209.88" classname="tests.webUI.nonFunctional.LibraryTests"/>
  <testcase name="FilterPlusSearchBox" time="11.95" classname="tests.webUI.nonFunctional.LibraryTests"/>
  <testcase name="LibraryListViewDisplays" time="6.967" classname="tests.webUI.nonFunctional.LibraryTests"/>
  <testcase name="MultipleFilter" time="34.489" classname="tests.webUI.nonFunctional.LibraryTests"/>
  <testcase name="ProfilePageLoadsFromTileFrontView" time="5.166" classname="tests.webUI.nonFunctional.LibraryTests"/>
  <testcase name="PushScrollingRowView" time="45.974" classname="tests.webUI.nonFunctional.LibraryTests"/>
  <testcase name="PushScrollingRowView" time="141.54" classname="tests.webUI.nonFunctional.LibraryTests"/>
  <testcase name="PushScrollingRowView" time="49.774" classname="tests.webUI.nonFunctional.LibraryTests"/>
  <testcase name="PushScrollingTileView" time="310.243" classname="tests.webUI.nonFunctional.LibraryTests"/>
  <testcase name="ResultsSwitchToBackButtonFunctions" time="32.206" classname="tests.webUI.nonFunctional.LibraryTests"/>
  <testcase name="SearchByType" time="708.495" classname="tests.webUI.nonFunctional.LibraryTests"/>
  <testcase name="SearchByType" time="36.045" classname="tests.webUI.nonFunctional.LibraryTests"/>
  <testcase name="SimulatorPageLoads" time="10.909" classname="tests.webUI.nonFunctional.LibraryTests"/>
  <testcase name="SortingRowView" time="87.233" classname="tests.webUI.nonFunctional.LibraryTests">
    <failure type="org.openqa.selenium.NoSuchElementException" message="Unable to find element with xpath == //div[contains(@id,&amp;apos;sls_widgets_widgets_views_library_Library&amp;apos;)]/div/div/div[4]/div[2]/div/div[2]/div[169]/span[2]/a (WARNING: The server did not provide any stacktrace information)
Command duration or timeout: 30.02 seconds
For documentation on this error, please visit: http://seleniumhq.org/exceptions/no_such_element.html
Build info: version: &amp;apos;2.39.0&amp;apos;, revision: &amp;apos;ff23eac&amp;apos;, time: &amp;apos;2013-12-16 16:11:15&amp;apos;
System info: host: &amp;apos;dslvm346&amp;apos;, ip: &amp;apos;9.162.138.157&amp;apos;, os.name: &amp;apos;Windows 8&amp;apos;, os.arch: &amp;apos;amd64&amp;apos;, os.version: &amp;apos;6.2&amp;apos;, java.version: &amp;apos;1.7.0_51&amp;apos;
Session ID: 757a72c5-22a1-494d-a85b-06912da7d705
Driver info: org.openqa.selenium.ie.InternetExplorerDriver
Capabilities [{platform=WINDOWS, javascriptEnabled=true, elementScrollBehavior=0, ignoreZoomSetting=false, enablePersistentHover=true, ie.ensureCleanSession=false, browserName=internet explorer, enableElementCacheCleanup=true, unexpectedAlertBehaviour=dismiss, version=10, ie.usePerProcessProxy=false, cssSelectorsEnabled=true, ignoreProtectedModeSettings=true, requireWindowFocus=false, handlesAlerts=true, initialBrowserUrl=http://localhost:24564/, ie.forceCreateProcessApi=false, nativeEvents=true, browserAttachTimeout=0, ie.browserCommandLineSwitches=, takesScreenshot=true}]
Command duration or timeout: 30.27 seconds
For documentation on this error, please visit: http://seleniumhq.org/exceptions/no_such_element.html
Build info: version: &amp;apos;2.39.0&amp;apos;, revision: &amp;apos;ff23eac&amp;apos;, time: &amp;apos;2013-12-16 16:11:15&amp;apos;
System info: host: &amp;apos;piotrbogdanski&amp;apos;, ip: &amp;apos;9.161.136.115&amp;apos;, os.name: &amp;apos;Windows 7&amp;apos;, os.arch: &amp;apos;x86&amp;apos;, os.version: &amp;apos;6.1 build 7601 Service Pack 1&amp;apos;, java.version: &amp;apos;1.6.0&amp;apos;
Session ID: b01c0293-2b54-4278-b4e5-67dfff6a0efc
Capabilities [{ie.forceCreateProcessApi=false, handlesAlerts=true, ignoreProtectedModeSettings=true, enablePersistentHover=true, requireWindowFocus=false, ie.usePerProcessProxy=false, ie.browserCommandLineSwitches=, initialBrowserUrl=http://localhost:24564/, ignoreZoomSetting=false, nativeEvents=true, cssSelectorsEnabled=true, takesScreenshot=true, unexpectedAlertBehaviour=dismiss, browserName=internet explorer, platform=WINDOWS, javascriptEnabled=true, browserAttachTimeout=0, version=10, webdriver.remote.sessionid=b01c0293-2b54-4278-b4e5-67dfff6a0efc, enableElementCacheCleanup=true, elementScrollBehavior=0, ie.ensureCleanSession=false}]
Driver info: org.openqa.selenium.remote.RemoteWebDriver">
      <![CDATA[org.openqa.selenium.NoSuchElementException: Unable to find element with xpath == //div[contains(@id,'sls_widgets_widgets_views_library_Library')]/div/div/div[4]/div[2]/div/div[2]/div[169]/span[2]/a (WARNING: The server did not provide any stacktrace information)
Command duration or timeout: 30.02 seconds
For documentation on this error, please visit: http://seleniumhq.org/exceptions/no_such_element.html
Build info: version: '2.39.0', revision: 'ff23eac', time: '2013-12-16 16:11:15'
System info: host: 'dslvm346', ip: '9.162.138.157', os.name: 'Windows 8', os.arch: 'amd64', os.version: '6.2', java.version: '1.7.0_51'
Session ID: 757a72c5-22a1-494d-a85b-06912da7d705
Driver info: org.openqa.selenium.ie.InternetExplorerDriver
Capabilities [{platform=WINDOWS, javascriptEnabled=true, elementScrollBehavior=0, ignoreZoomSetting=false, enablePersistentHover=true, ie.ensureCleanSession=false, browserName=internet explorer, enableElementCacheCleanup=true, unexpectedAlertBehaviour=dismiss, version=10, ie.usePerProcessProxy=false, cssSelectorsEnabled=true, ignoreProtectedModeSettings=true, requireWindowFocus=false, handlesAlerts=true, initialBrowserUrl=http://localhost:24564/, ie.forceCreateProcessApi=false, nativeEvents=true, browserAttachTimeout=0, ie.browserCommandLineSwitches=, takesScreenshot=true}]
Command duration or timeout: 30.27 seconds
For documentation on this error, please visit: http://seleniumhq.org/exceptions/no_such_element.html
Build info: version: '2.39.0', revision: 'ff23eac', time: '2013-12-16 16:11:15'
System info: host: 'piotrbogdanski', ip: '9.161.136.115', os.name: 'Windows 7', os.arch: 'x86', os.version: '6.1 build 7601 Service Pack 1', java.version: '1.6.0'
Session ID: b01c0293-2b54-4278-b4e5-67dfff6a0efc
Capabilities [{ie.forceCreateProcessApi=false, handlesAlerts=true, ignoreProtectedModeSettings=true, enablePersistentHover=true, requireWindowFocus=false, ie.usePerProcessProxy=false, ie.browserCommandLineSwitches=, initialBrowserUrl=http://localhost:24564/, ignoreZoomSetting=false, nativeEvents=true, cssSelectorsEnabled=true, takesScreenshot=true, unexpectedAlertBehaviour=dismiss, browserName=internet explorer, platform=WINDOWS, javascriptEnabled=true, browserAttachTimeout=0, version=10, webdriver.remote.sessionid=b01c0293-2b54-4278-b4e5-67dfff6a0efc, enableElementCacheCleanup=true, elementScrollBehavior=0, ie.ensureCleanSession=false}]
Driver info: org.openqa.selenium.remote.RemoteWebDriver
	at org.openqa.selenium.remote.ErrorHandler.createThrowable(ErrorHandler.java:193)
	at org.openqa.selenium.remote.ErrorHandler.throwIfResponseFailed(ErrorHandler.java:145)
	at org.openqa.selenium.remote.RemoteWebDriver.execute(RemoteWebDriver.java:554)
	at org.openqa.selenium.remote.RemoteWebDriver.findElement(RemoteWebDriver.java:307)
	at org.openqa.selenium.remote.RemoteWebDriver.findElementByXPath(RemoteWebDriver.java:404)
	at org.openqa.selenium.By$ByXPath.findElement(By.java:363)
	at org.openqa.selenium.remote.RemoteWebDriver.findElement(RemoteWebDriver.java:299)
	at webUI.home.library.ListView.getListOfContentTitles(ListView.java:176)
	at tests.webUI.nonFunctional.LibraryTests.SortingRowView(LibraryTests.java:932)
	at java.util.concurrent.FutureTask$Sync.innerRun(FutureTask.java:314)
	at java.util.concurrent.FutureTask.run(FutureTask.java:149)
	at java.util.concurrent.ThreadPoolExecutor$Worker.runTask(ThreadPoolExecutor.java:906)
	at java.util.concurrent.ThreadPoolExecutor$Worker.run(ThreadPoolExecutor.java:929)
	at java.lang.Thread.run(Thread.java:761)
Caused by: org.openqa.selenium.remote.ScreenshotException: Screen shot has been taken
Build info: version: '2.39.0', revision: 'ff23eac', time: '2013-12-16 16:11:15'
System info: host: 'piotrbogdanski', ip: '9.161.136.115', os.name: 'Windows 7', os.arch: 'x86', os.version: '6.1 build 7601 Service Pack 1', java.version: '1.6.0'
Driver info: driver.version: RemoteWebDriver
	at org.openqa.selenium.remote.ErrorHandler.throwIfResponseFailed(ErrorHandler.java:125)
	... 28 more
Caused by: org.openqa.selenium.NoSuchElementException: Unable to find element with xpath == //div[contains(@id,'sls_widgets_widgets_views_library_Library')]/div/div/div[4]/div[2]/div/div[2]/div[169]/span[2]/a (WARNING: The server did not provide any stacktrace information)
Command duration or timeout: 30.02 seconds
For documentation on this error, please visit: http://seleniumhq.org/exceptions/no_such_element.html
Build info: version: '2.39.0', revision: 'ff23eac', time: '2013-12-16 16:11:15'
System info: host: 'dslvm346', ip: '9.162.138.157', os.name: 'Windows 8', os.arch: 'amd64', os.version: '6.2', java.version: '1.7.0_51'
Session ID: 757a72c5-22a1-494d-a85b-06912da7d705
Driver info: org.openqa.selenium.ie.InternetExplorerDriver
Capabilities [{platform=WINDOWS, javascriptEnabled=true, elementScrollBehavior=0, ignoreZoomSetting=false, enablePersistentHover=true, ie.ensureCleanSession=false, browserName=internet explorer, enableElementCacheCleanup=true, unexpectedAlertBehaviour=dismiss, version=10, ie.usePerProcessProxy=false, cssSelectorsEnabled=true, ignoreProtectedModeSettings=true, requireWindowFocus=false, handlesAlerts=true, initialBrowserUrl=http://localhost:24564/, ie.forceCreateProcessApi=false, nativeEvents=true, browserAttachTimeout=0, ie.browserCommandLineSwitches=, takesScreenshot=true}]
For documentation on this error, please visit: http://seleniumhq.org/exceptions/no_such_element.html
Build info: version: '2.39.0', revision: 'ff23eac', time: '2013-12-16 16:11:15'
System info: host: 'piotrbogdanski', ip: '9.161.136.115', os.name: 'Windows 7', os.arch: 'x86', os.version: '6.1 build 7601 Service Pack 1', java.version: '1.6.0'
Driver info: driver.version: EventFiringWebDriver
	at org.openqa.selenium.remote.ErrorHandler.createThrowable(ErrorHandler.java:193)
	at org.openqa.selenium.remote.ErrorHandler.throwIfResponseFailed(ErrorHandler.java:145)
	at org.openqa.selenium.remote.RemoteWebDriver.execute(RemoteWebDriver.java:554)
	at org.openqa.selenium.remote.RemoteWebDriver.findElement(RemoteWebDriver.java:307)
	at org.openqa.selenium.remote.RemoteWebDriver.findElementByXPath(RemoteWebDriver.java:404)
	at org.openqa.selenium.By$ByXPath.findElement(By.java:363)
	at org.openqa.selenium.remote.RemoteWebDriver.findElement(RemoteWebDriver.java:299)
	at org.openqa.selenium.support.events.EventFiringWebDriver$2.invoke(EventFiringWebDriver.java:101)
	at com.sun.proxy.$Proxy2.findElement(Unknown Source)
	at org.openqa.selenium.support.events.EventFiringWebDriver.findElement(EventFiringWebDriver.java:184)
	at org.openqa.selenium.remote.server.handler.FindElement.call(FindElement.java:47)
	at org.openqa.selenium.remote.server.handler.FindElement.call(FindElement.java:1)
	at java.util.concurrent.FutureTask.run(Unknown Source)
	at org.openqa.selenium.remote.server.DefaultSession$1.run(DefaultSession.java:170)
	at java.util.concurrent.ThreadPoolExecutor.runWorker(Unknown Source)
	at java.util.concurrent.ThreadPoolExecutor$Worker.run(Unknown Source)
	at java.lang.Thread.run(Unknown Source)
... Removed 25 stack frames]]>
    </failure>
  </testcase> <!-- SortingRowView -->
  <testcase name="SummaryPageLoads" time="10.176" classname="tests.webUI.nonFunctional.LibraryTests"/>
  <testcase name="VideoPageLoads" time="12.209" classname="tests.webUI.nonFunctional.LibraryTests"/>
  <testcase name="ResultsSwitchToFrontButtonFunctions" time="23.303" classname="tests.webUI.nonFunctional.LibraryTests"/>
  <testcase name="SelectedSubjectsCanBeRemovedUsingFacetList" time="20.619" classname="tests.webUI.nonFunctional.LibraryTests"/>
  <testcase name="SelectedSubjectsCanBeRemovedUsingLeftColumn" time="27.88" classname="tests.webUI.nonFunctional.LibraryTests"/>
  <testcase name="VideoPlays" time="50.859" classname="tests.webUI.nonFunctional.LibraryTests"/>
  <testcase name="ProgressIndicatorFunctions" time="22.779" classname="tests.webUI.nonFunctional.LibraryTests"/>
  <testcase name="VideoPauses" time="23.558" classname="tests.webUI.nonFunctional.LibraryTests"/>
</testsuite> <!-- IE -->
