<?xml version="1.0" encoding="UTF-8"?>
<!-- Generated by org.testng.reporters.JUnitXMLReporter -->
<testsuite hostname="OWENFLETCHER" name="IE10-Admin" tests="7" failures="0" timestamp="30 Oct 2013 14:59:25 GMT" time="0.596" errors="0">
  <testcase name="@BeforeMethod setUp" time="0.0" classname="tests.AdminTests">
    <failure type="org.openqa.selenium.WebDriverException" message="Unexpected error launching Internet Explorer. IELaunchURL() returned 800700C1 for URL &amp;apos;http://localhost:29752/&amp;apos; (WARNING: The server did not provide any stacktrace information)
Command duration or timeout: 520 milliseconds
Build info: version: &amp;apos;2.37.0&amp;apos;, revision: &amp;apos;a7c61cb&amp;apos;, time: &amp;apos;2013-10-18 17:14:00&amp;apos;
System info: host: &amp;apos;dubxpcvm045&amp;apos;, ip: &amp;apos;9.161.97.195&amp;apos;, os.name: &amp;apos;Windows 8&amp;apos;, os.arch: &amp;apos;amd64&amp;apos;, os.version: &amp;apos;6.2&amp;apos;, java.version: &amp;apos;1.7.0_45&amp;apos;
Driver info: org.openqa.selenium.ie.InternetExplorerDriver
Command duration or timeout: 574 milliseconds
Build info: version: &amp;apos;2.37.0&amp;apos;, revision: &amp;apos;a7c61cb&amp;apos;, time: &amp;apos;2013-10-18 17:14:00&amp;apos;
System info: host: &amp;apos;OWENFLETCHER&amp;apos;, ip: &amp;apos;9.161.136.37&amp;apos;, os.name: &amp;apos;Windows 7&amp;apos;, os.arch: &amp;apos;x86&amp;apos;, os.version: &amp;apos;6.1 build 7601 Service Pack 1&amp;apos;, java.version: &amp;apos;1.6.0&amp;apos;
Driver info: org.openqa.selenium.remote.RemoteWebDriver">
      <![CDATA[org.openqa.selenium.WebDriverException: Unexpected error launching Internet Explorer. IELaunchURL() returned 800700C1 for URL 'http://localhost:29752/' (WARNING: The server did not provide any stacktrace information)
Command duration or timeout: 520 milliseconds
Build info: version: '2.37.0', revision: 'a7c61cb', time: '2013-10-18 17:14:00'
System info: host: 'dubxpcvm045', ip: '9.161.97.195', os.name: 'Windows 8', os.arch: 'amd64', os.version: '6.2', java.version: '1.7.0_45'
Driver info: org.openqa.selenium.ie.InternetExplorerDriver
Command duration or timeout: 574 milliseconds
Build info: version: '2.37.0', revision: 'a7c61cb', time: '2013-10-18 17:14:00'
System info: host: 'OWENFLETCHER', ip: '9.161.136.37', os.name: 'Windows 7', os.arch: 'x86', os.version: '6.1 build 7601 Service Pack 1', java.version: '1.6.0'
Driver info: org.openqa.selenium.remote.RemoteWebDriver
	at org.openqa.selenium.remote.ErrorHandler.createThrowable(ErrorHandler.java:193)
	at org.openqa.selenium.remote.ErrorHandler.throwIfResponseFailed(ErrorHandler.java:145)
	at org.openqa.selenium.remote.RemoteWebDriver.execute(RemoteWebDriver.java:554)
	at org.openqa.selenium.remote.RemoteWebDriver.startSession(RemoteWebDriver.java:216)
	at org.openqa.selenium.remote.RemoteWebDriver.<init>(RemoteWebDriver.java:111)
	at org.openqa.selenium.remote.RemoteWebDriver.<init>(RemoteWebDriver.java:129)
	at pageObjects.LoadBrowser.setUp(LoadBrowser.java:62)
	at java.util.concurrent.FutureTask$Sync.innerRun(FutureTask.java:314)
	at java.util.concurrent.FutureTask.run(FutureTask.java:149)
	at java.util.concurrent.ThreadPoolExecutor$Worker.runTask(ThreadPoolExecutor.java:897)
	at java.util.concurrent.ThreadPoolExecutor$Worker.run(ThreadPoolExecutor.java:919)
	at java.lang.Thread.run(Thread.java:736)
Caused by: org.openqa.selenium.remote.SessionNotFoundException: Unexpected error launching Internet Explorer. IELaunchURL() returned 800700C1 for URL 'http://localhost:29752/' (WARNING: The server did not provide any stacktrace information)
Command duration or timeout: 520 milliseconds
Build info: version: '2.37.0', revision: 'a7c61cb', time: '2013-10-18 17:14:00'
System info: host: 'dubxpcvm045', ip: '9.161.97.195', os.name: 'Windows 8', os.arch: 'amd64', os.version: '6.2', java.version: '1.7.0_45'
Driver info: org.openqa.selenium.ie.InternetExplorerDriver
Build info: version: '2.37.0', revision: 'a7c61cb', time: '2013-10-18 17:14:00'
System info: host: 'OWENFLETCHER', ip: '9.161.136.37', os.name: 'Windows 7', os.arch: 'x86', os.version: '6.1 build 7601 Service Pack 1', java.version: '1.6.0'
Driver info: driver.version: InternetExplorerDriver
	at org.openqa.selenium.remote.ErrorHandler.createThrowable(ErrorHandler.java:193)
	at org.openqa.selenium.remote.ErrorHandler.throwIfResponseFailed(ErrorHandler.java:151)
	at org.openqa.selenium.remote.RemoteWebDriver.execute(RemoteWebDriver.java:554)
	at org.openqa.selenium.remote.RemoteWebDriver.startSession(RemoteWebDriver.java:216)
	at org.openqa.selenium.remote.RemoteWebDriver.startSession(RemoteWebDriver.java:201)
	at org.openqa.selenium.ie.InternetExplorerDriver.run(InternetExplorerDriver.java:224)
	at org.openqa.selenium.ie.InternetExplorerDriver.<init>(InternetExplorerDriver.java:214)
	at org.openqa.selenium.ie.InternetExplorerDriver.<init>(InternetExplorerDriver.java:184)
	at org.openqa.selenium.remote.server.DefaultDriverFactory.callConstructor(DefaultDriverFactory.java:62)
	at org.openqa.selenium.remote.server.DefaultDriverFactory.newInstance(DefaultDriverFactory.java:56)
	at org.openqa.selenium.remote.server.DefaultSession$BrowserCreator.call(DefaultSession.java:215)
	at org.openqa.selenium.remote.server.DefaultSession$BrowserCreator.call(DefaultSession.java:1)
	at java.util.concurrent.FutureTask.run(FutureTask.java:262)
	at org.openqa.selenium.remote.server.DefaultSession$1.run(DefaultSession.java:169)
	at java.util.concurrent.ThreadPoolExecutor.runWorker(ThreadPoolExecutor.java:1145)
	at java.util.concurrent.ThreadPoolExecutor$Worker.run(ThreadPoolExecutor.java:615)
	at java.lang.Thread.run(Thread.java:744)
... Removed 29 stack frames]]>
    </failure>
  </testcase> <!-- @BeforeMethod setUp -->
  <testcase name="@BeforeMethod beforeMethod" time="0.0" classname="tests.AdminTests">
    <skipped/>
  </testcase> <!-- @BeforeMethod beforeMethod -->
  <testcase name="@AfterMethod closeBrowser" time="0.0" classname="tests.AdminTests">
    <skipped/>
  </testcase> <!-- @AfterMethod closeBrowser -->
  <testcase name="myProfilePageLoads" time="0.0010" classname="tests.AdminTests">
    <skipped/>
  </testcase> <!-- myProfilePageLoads -->
  <testcase name="editBackgroundPopupLoads" time="0.0" classname="tests.AdminTests">
    <skipped/>
  </testcase> <!-- editBackgroundPopupLoads -->
  <testcase name="editContactInfoPopupLoads" time="0.0010" classname="tests.AdminTests">
    <skipped/>
  </testcase> <!-- editContactInfoPopupLoads -->
  <testcase name="editCurrentPositionPopupLoads" time="0.0010" classname="tests.AdminTests">
    <skipped/>
  </testcase> <!-- editCurrentPositionPopupLoads -->
  <testcase name="editInterestsPopupLoads" time="0.0010" classname="tests.AdminTests">
    <skipped/>
  </testcase> <!-- editInterestsPopupLoads -->
  <testcase name="editNamePopupLoads" time="0.0" classname="tests.AdminTests">
    <skipped/>
  </testcase> <!-- editNamePopupLoads -->
  <testcase name="editProfilePhotoPopupLoads" time="0.0" classname="tests.AdminTests">
    <skipped/>
  </testcase> <!-- editProfilePhotoPopupLoads -->
</testsuite> <!-- IE10-Admin -->
