<?xml version="1.0" encoding="UTF-8"?>
<!-- Generated by org.testng.reporters.JUnitXMLReporter -->
<testsuite hostname="OWENFLETCHER" name="IE9-Ask" tests="3" failures="0" timestamp="30 Oct 2013 15:17:24 GMT" time="1118.818" errors="0">
  <testcase name="@BeforeMethod beforeMethod" time="0.0" classname="tests.AskTests">
    <failure type="org.openqa.selenium.NoSuchElementException" message="Unable to find element with id == username (WARNING: The server did not provide any stacktrace information)
Command duration or timeout: 10.16 seconds
For documentation on this error, please visit: http://seleniumhq.org/exceptions/no_such_element.html
Build info: version: &amp;apos;2.37.0&amp;apos;, revision: &amp;apos;a7c61cb&amp;apos;, time: &amp;apos;2013-10-18 17:14:00&amp;apos;
System info: host: &amp;apos;dubxpcvm3337&amp;apos;, ip: &amp;apos;9.162.173.37&amp;apos;, os.name: &amp;apos;Windows 7&amp;apos;, os.arch: &amp;apos;amd64&amp;apos;, os.version: &amp;apos;6.1&amp;apos;, java.version: &amp;apos;1.7.0&amp;apos;
Session ID: f06c564f-8295-4da8-9ffb-b829f5303536
Driver info: org.openqa.selenium.ie.InternetExplorerDriver
Capabilities [{platform=WINDOWS, javascriptEnabled=true, elementScrollBehavior=0, ignoreZoomSetting=false, enablePersistentHover=true, ie.ensureCleanSession=false, browserName=internet explorer, enableElementCacheCleanup=true, unexpectedAlertBehaviour=dismiss, version=9, ie.usePerProcessProxy=false, ignoreProtectedModeSettings=false, cssSelectorsEnabled=true, requireWindowFocus=false, initialBrowserUrl=http://localhost:33450/, handlesAlerts=true, ie.forceCreateProcessApi=false, nativeEvents=true, browserAttachTimeout=0, ie.browserCommandLineSwitches=, takesScreenshot=true}]
Command duration or timeout: 10.50 seconds
For documentation on this error, please visit: http://seleniumhq.org/exceptions/no_such_element.html
Build info: version: &amp;apos;2.37.0&amp;apos;, revision: &amp;apos;a7c61cb&amp;apos;, time: &amp;apos;2013-10-18 17:14:00&amp;apos;
System info: host: &amp;apos;OWENFLETCHER&amp;apos;, ip: &amp;apos;9.161.136.37&amp;apos;, os.name: &amp;apos;Windows 7&amp;apos;, os.arch: &amp;apos;x86&amp;apos;, os.version: &amp;apos;6.1 build 7601 Service Pack 1&amp;apos;, java.version: &amp;apos;1.6.0&amp;apos;
Session ID: f910ac51-4937-4d77-9ffa-1c54fba37676
Capabilities [{ie.forceCreateProcessApi=false, handlesAlerts=true, ignoreProtectedModeSettings=false, enablePersistentHover=true, requireWindowFocus=false, ie.usePerProcessProxy=false, ie.browserCommandLineSwitches=, initialBrowserUrl=http://localhost:33450/, ignoreZoomSetting=false, nativeEvents=true, cssSelectorsEnabled=true, takesScreenshot=true, unexpectedAlertBehaviour=dismiss, platform=WINDOWS, browserName=internet explorer, browserAttachTimeout=0, javascriptEnabled=true, version=9, elementScrollBehavior=0, enableElementCacheCleanup=true, webdriver.remote.sessionid=f910ac51-4937-4d77-9ffa-1c54fba37676, ie.ensureCleanSession=false}]
Driver info: org.openqa.selenium.remote.RemoteWebDriver">
      <![CDATA[org.openqa.selenium.NoSuchElementException: Unable to find element with id == username (WARNING: The server did not provide any stacktrace information)
Command duration or timeout: 10.16 seconds
For documentation on this error, please visit: http://seleniumhq.org/exceptions/no_such_element.html
Build info: version: '2.37.0', revision: 'a7c61cb', time: '2013-10-18 17:14:00'
System info: host: 'dubxpcvm3337', ip: '9.162.173.37', os.name: 'Windows 7', os.arch: 'amd64', os.version: '6.1', java.version: '1.7.0'
Session ID: f06c564f-8295-4da8-9ffb-b829f5303536
Driver info: org.openqa.selenium.ie.InternetExplorerDriver
Capabilities [{platform=WINDOWS, javascriptEnabled=true, elementScrollBehavior=0, ignoreZoomSetting=false, enablePersistentHover=true, ie.ensureCleanSession=false, browserName=internet explorer, enableElementCacheCleanup=true, unexpectedAlertBehaviour=dismiss, version=9, ie.usePerProcessProxy=false, ignoreProtectedModeSettings=false, cssSelectorsEnabled=true, requireWindowFocus=false, initialBrowserUrl=http://localhost:33450/, handlesAlerts=true, ie.forceCreateProcessApi=false, nativeEvents=true, browserAttachTimeout=0, ie.browserCommandLineSwitches=, takesScreenshot=true}]
Command duration or timeout: 10.50 seconds
For documentation on this error, please visit: http://seleniumhq.org/exceptions/no_such_element.html
Build info: version: '2.37.0', revision: 'a7c61cb', time: '2013-10-18 17:14:00'
System info: host: 'OWENFLETCHER', ip: '9.161.136.37', os.name: 'Windows 7', os.arch: 'x86', os.version: '6.1 build 7601 Service Pack 1', java.version: '1.6.0'
Session ID: f910ac51-4937-4d77-9ffa-1c54fba37676
Capabilities [{ie.forceCreateProcessApi=false, handlesAlerts=true, ignoreProtectedModeSettings=false, enablePersistentHover=true, requireWindowFocus=false, ie.usePerProcessProxy=false, ie.browserCommandLineSwitches=, initialBrowserUrl=http://localhost:33450/, ignoreZoomSetting=false, nativeEvents=true, cssSelectorsEnabled=true, takesScreenshot=true, unexpectedAlertBehaviour=dismiss, platform=WINDOWS, browserName=internet explorer, browserAttachTimeout=0, javascriptEnabled=true, version=9, elementScrollBehavior=0, enableElementCacheCleanup=true, webdriver.remote.sessionid=f910ac51-4937-4d77-9ffa-1c54fba37676, ie.ensureCleanSession=false}]
Driver info: org.openqa.selenium.remote.RemoteWebDriver
	at org.openqa.selenium.remote.ErrorHandler.createThrowable(ErrorHandler.java:193)
	at org.openqa.selenium.remote.ErrorHandler.throwIfResponseFailed(ErrorHandler.java:145)
	at org.openqa.selenium.remote.RemoteWebDriver.execute(RemoteWebDriver.java:554)
	at org.openqa.selenium.remote.RemoteWebDriver.findElement(RemoteWebDriver.java:307)
	at org.openqa.selenium.remote.RemoteWebDriver.findElementById(RemoteWebDriver.java:348)
	at org.openqa.selenium.By$ById.findElement(By.java:220)
	at org.openqa.selenium.remote.RemoteWebDriver.findElement(RemoteWebDriver.java:299)
	at pageObjects.Login.enterUsername(Login.java:33)
	at pageObjects.LoadBrowser.getDriverAndLogin(LoadBrowser.java:90)
	at tests.AskTests.beforeMethod(AskTests.java:24)
	at java.util.concurrent.FutureTask$Sync.innerRun(FutureTask.java:314)
	at java.util.concurrent.FutureTask.run(FutureTask.java:149)
	at java.util.concurrent.ThreadPoolExecutor$Worker.runTask(ThreadPoolExecutor.java:897)
	at java.util.concurrent.ThreadPoolExecutor$Worker.run(ThreadPoolExecutor.java:919)
	at java.lang.Thread.run(Thread.java:736)
Caused by: org.openqa.selenium.remote.ScreenshotException: Screen shot has been taken
Build info: version: '2.37.0', revision: 'a7c61cb', time: '2013-10-18 17:14:00'
System info: host: 'OWENFLETCHER', ip: '9.161.136.37', os.name: 'Windows 7', os.arch: 'x86', os.version: '6.1 build 7601 Service Pack 1', java.version: '1.6.0'
Driver info: driver.version: RemoteWebDriver
	at org.openqa.selenium.remote.ErrorHandler.throwIfResponseFailed(ErrorHandler.java:125)
	... 31 more
Caused by: org.openqa.selenium.NoSuchElementException: Unable to find element with id == username (WARNING: The server did not provide any stacktrace information)
Command duration or timeout: 10.16 seconds
For documentation on this error, please visit: http://seleniumhq.org/exceptions/no_such_element.html
Build info: version: '2.37.0', revision: 'a7c61cb', time: '2013-10-18 17:14:00'
System info: host: 'dubxpcvm3337', ip: '9.162.173.37', os.name: 'Windows 7', os.arch: 'amd64', os.version: '6.1', java.version: '1.7.0'
Session ID: f06c564f-8295-4da8-9ffb-b829f5303536
Driver info: org.openqa.selenium.ie.InternetExplorerDriver
Capabilities [{platform=WINDOWS, javascriptEnabled=true, elementScrollBehavior=0, ignoreZoomSetting=false, enablePersistentHover=true, ie.ensureCleanSession=false, browserName=internet explorer, enableElementCacheCleanup=true, unexpectedAlertBehaviour=dismiss, version=9, ie.usePerProcessProxy=false, ignoreProtectedModeSettings=false, cssSelectorsEnabled=true, requireWindowFocus=false, initialBrowserUrl=http://localhost:33450/, handlesAlerts=true, ie.forceCreateProcessApi=false, nativeEvents=true, browserAttachTimeout=0, ie.browserCommandLineSwitches=, takesScreenshot=true}]
For documentation on this error, please visit: http://seleniumhq.org/exceptions/no_such_element.html
Build info: version: '2.37.0', revision: 'a7c61cb', time: '2013-10-18 17:14:00'
System info: host: 'OWENFLETCHER', ip: '9.161.136.37', os.name: 'Windows 7', os.arch: 'x86', os.version: '6.1 build 7601 Service Pack 1', java.version: '1.6.0'
Driver info: driver.version: EventFiringWebDriver
	at org.openqa.selenium.remote.ErrorHandler.createThrowable(ErrorHandler.java:193)
	at org.openqa.selenium.remote.ErrorHandler.throwIfResponseFailed(ErrorHandler.java:145)
	at org.openqa.selenium.remote.RemoteWebDriver.execute(RemoteWebDriver.java:554)
	at org.openqa.selenium.remote.RemoteWebDriver.findElement(RemoteWebDriver.java:307)
	at org.openqa.selenium.remote.RemoteWebDriver.findElementById(RemoteWebDriver.java:348)
	at org.openqa.selenium.By$ById.findElement(By.java:220)
	at org.openqa.selenium.remote.RemoteWebDriver.findElement(RemoteWebDriver.java:299)
	at org.openqa.selenium.support.events.EventFiringWebDriver$2.invoke(EventFiringWebDriver.java:101)
	at com.sun.proxy.$Proxy2.findElement(Unknown Source)
	at org.openqa.selenium.support.events.EventFiringWebDriver.findElement(EventFiringWebDriver.java:180)
	at org.openqa.selenium.remote.server.handler.FindElement.call(FindElement.java:47)
	at org.openqa.selenium.remote.server.handler.FindElement.call(FindElement.java:1)
	at java.util.concurrent.FutureTask$Sync.innerRun(FutureTask.java:334)
	at java.util.concurrent.FutureTask.run(FutureTask.java:166)
	at org.openqa.selenium.remote.server.DefaultSession$1.run(DefaultSession.java:169)
	at java.util.concurrent.ThreadPoolExecutor.runWorker(ThreadPoolExecutor.java:1145)
	at java.util.concurrent.ThreadPoolExecutor$Worker.run(ThreadPoolExecutor.java:615)
	at java.lang.Thread.run(Thread.java:781)
... Removed 28 stack frames]]>
    </failure>
  </testcase> <!-- @BeforeMethod beforeMethod -->
  <testcase name="@AfterMethod after" time="0.0" classname="tests.AskTests">
    <skipped/>
  </testcase> <!-- @AfterMethod after -->
  <testcase name="@AfterMethod closeBrowser" time="0.0" classname="tests.AskTests">
    <skipped/>
  </testcase> <!-- @AfterMethod closeBrowser -->
  <testcase name="@BeforeMethod setUp" time="0.0" classname="tests.AskTests">
    <skipped/>
  </testcase> <!-- @BeforeMethod setUp -->
  <testcase name="@BeforeMethod beforeMethod" time="0.0" classname="tests.AskTests">
    <skipped/>
  </testcase> <!-- @BeforeMethod beforeMethod -->
  <testcase name="@AfterMethod after" time="0.0" classname="tests.AskTests">
    <skipped/>
  </testcase> <!-- @AfterMethod after -->
  <testcase name="@AfterMethod closeBrowser" time="0.0" classname="tests.AskTests">
    <skipped/>
  </testcase> <!-- @AfterMethod closeBrowser -->
  <testcase name="@BeforeMethod setUp" time="0.0" classname="tests.AskTests">
    <skipped/>
  </testcase> <!-- @BeforeMethod setUp -->
  <testcase name="@BeforeMethod beforeMethod" time="0.0" classname="tests.AskTests">
    <skipped/>
  </testcase> <!-- @BeforeMethod beforeMethod -->
  <testcase name="@AfterMethod after" time="0.0" classname="tests.AskTests">
    <skipped/>
  </testcase> <!-- @AfterMethod after -->
  <testcase name="@AfterMethod closeBrowser" time="0.0" classname="tests.AskTests">
    <skipped/>
  </testcase> <!-- @AfterMethod closeBrowser -->
  <testcase name="AskAQuestionPageOpens" time="0.0010" classname="tests.AskTests">
    <skipped/>
  </testcase> <!-- AskAQuestionPageOpens -->
  <testcase name="AskPageOpens" time="0.0010" classname="tests.AskTests">
    <skipped/>
  </testcase> <!-- AskPageOpens -->
  <testcase name="BrowseQandAPageOpens" time="0.0010" classname="tests.AskTests">
    <skipped/>
  </testcase> <!-- BrowseQandAPageOpens -->
</testsuite> <!-- IE9-Ask -->
